[ 2015-05-09T00:06:57+08:00 ] 127.0.0.1 /DE/index.php/Home/Order/callback?data=7p4Vld0%2BL7EF6I3qwDvQIDjIIDCakICIXwhM2yrZmVlZKF4wIokDr2w%2BDI3hKsY%2BBT3O5pxeFOhaNaz7dQnyus0y8YaGv3Km3AimVWCPZZIz%2FBnnnVtTvJNxPzX8nTTjgEehbT%2BHFkfibTnehxDXF1SOXOdksIO5uFaup5RsqSp39MjOowP7ubHqTvlK%2F5%2BlzYrYEl4b4w9ec6BPdkd8Lpo6Bz089KsBZJuCvQi7jbg295Ln8fIbvsZnSjJoqEdVRqItWdxG3dK9MVhSqVWEWyIm6fmRqIqEYbbysdYQsvW1iCbUcW%2BifDqaapa1dz1PQAJha8ulJay5D8WPucHg9cJpnXGFHi3pDdQQtJ1db4nY0BE25VK4EE3h1XkbR%2Fp8H2muwt42rGuNokEvjSsksMG%2FDQbYKGCfiGSPVd6d5q3CMoZzsEtkxGTW2dkK20D7c9M%2B4x%2Bk%2Bd5WQe8RQdWC9uvzhjKR97KLSJ4JPaS2570YXq0uE7KmZp9sZMHYJfeD&encryptkey=MohcWbM1UO9xMIkh6jDFOKhFdGXWP0tNY%2BT91LTqSYTjCR2zmMFh7tL%2FmpbSSsINiSr3I3WJn3UaC%2BIVbiz5pN2CY0u1heRpPQ7NhuhVW38aqFyV3wxHur%2FsBrErO0iOdg7F2x7zEQEnFBwWDGa%2FHOjywDgFjNLjt3qt8RM3GkI%3D
INFO: [ app_init ] --START--
INFO: Run Behavior\BuildLiteBehavior [ RunTime:0.000000s ]
INFO: [ app_init ] --END-- [ RunTime:0.001000s ]
INFO: [ app_begin ] --START--
INFO: Run Behavior\ReadHtmlCacheBehavior [ RunTime:0.001000s ]
INFO: [ app_begin ] --END-- [ RunTime:0.001000s ]
SQL: SHOW COLUMNS FROM `sw_cart` [ RunTime:0.0040s ]
SQL: SELECT * FROM `sw_cart` WHERE ( user_id='3' ) LIMIT 1   [ RunTime:0.0000s ]
SQL: SELECT * FROM `sw_cart` WHERE ( user_id='3' ) LIMIT 1   [ RunTime:0.0000s ]
INFO: [ view_parse ] --START--
INFO: Run Behavior\ParseTemplateBehavior [ RunTime:0.013001s ]
INFO: [ view_parse ] --END-- [ RunTime:0.013001s ]
INFO: [ view_filter ] --START--
INFO: Run Behavior\WriteHtmlCacheBehavior [ RunTime:0.000000s ]
INFO: [ view_filter ] --END-- [ RunTime:0.001000s ]
INFO: [ view_parse ] --START--
NOTIC: [8] Undefined index: orderid D:\PHP\wamp\www\DE\Runtime\Cache\517101457a8b40b8ac7371d2a69a612fc058c446.file.callback.html.php 第 41 行.
NOTIC: [8] Trying to get property of non-object D:\PHP\wamp\www\DE\Runtime\Cache\517101457a8b40b8ac7371d2a69a612fc058c446.file.callback.html.php 第 41 行.
INFO: Run Behavior\ParseTemplateBehavior [ RunTime:0.002000s ]
INFO: [ view_parse ] --END-- [ RunTime:-0.001000s ]
INFO: [ view_filter ] --START--
INFO: Run Behavior\WriteHtmlCacheBehavior [ RunTime:0.000000s ]
INFO: [ view_filter ] --END-- [ RunTime:-0.002000s ]
INFO: [ view_parse ] --START--
INFO: Run Behavior\ParseTemplateBehavior [ RunTime:0.001000s ]
INFO: [ view_parse ] --END-- [ RunTime:-0.003000s ]
INFO: [ view_filter ] --START--
INFO: Run Behavior\WriteHtmlCacheBehavior [ RunTime:0.000000s ]
INFO: [ view_filter ] --END-- [ RunTime:-0.004000s ]
INFO: [ app_end ] --START--
INFO: Run Behavior\ShowPageTraceBehavior [ RunTime:0.000000s ]
INFO: [ app_end ] --END-- [ RunTime:0.001000s ]

[ 2015-05-09T00:07:07+08:00 ] 127.0.0.1 /DE/index.php/Home/Order/callback?data=%2FuNBo9RE5teiiK1BPwjZhz8o9P9m%2FNBXXnHZUom5zdWroKiRUxSywGl1lzPOcrZTxidh7rKV9P1ffi%2BfbYl2B5sGfgJ%2BAJLE8h3XLhz2ZKK9uGtQ8pO4ib%2FVbm8nXAnmIgl7dCIjaF9VJ7MGW5rq%2F831cLSfVg33wMvmg1N24dyJg%2BbSCKPCiauzxFKYkVdD8a68ecur3ebpGxF7G6KDAh8%2Bz9HPcgi%2BbDvwl8aYL4r6b3RyS%2BFbgkHvlw0f3H%2FpXLXLWNF6cUO8%2FysW%2FSNZLlsDByA8s%2F1cHkRlnD%2FWEJLnw69hv7thpxgcC7zzC7qWYJto3pHiiwfoBxuKdC2L0p2Tg8K3ko6Q8cS4qjeSvlZ0QNj%2F7QTS0cVZdSxkpYyag4HVEvSScbu1hPwHYNPkEtw2mVhiVxi79L4N5vuMbHa1JDBquwaWXcmlGTjxvZi7PYZutW0t5C6tpkC0Ck%2F%2FVA%2Fh%2BL7S4nqeZp1eDKSyp6fT%2BEgJMM07IXgAflvgsnX6&encryptkey=fWdw0iAxafsjeRRP0DPY58N1C3kvLIeti4KtP5%2FL5Mya%2F4oPqqGjmDvjqaskUSdT1pZ%2Fd0PvHFq6KTuwrMwUbOiP%2Bq6jPoHKJv2RzbBN1Xt5iL6Q4Kka0FgHFft1gJDdpzt%2F75EsyXnsta1avxcPyEURgQLCupaQgwVl7UZB7bM%3D
INFO: [ app_init ] --START--
INFO: Run Behavior\BuildLiteBehavior [ RunTime:0.000000s ]
INFO: [ app_init ] --END-- [ RunTime:0.001000s ]
INFO: [ app_begin ] --START--
INFO: Run Behavior\ReadHtmlCacheBehavior [ RunTime:0.001000s ]
INFO: [ app_begin ] --END-- [ RunTime:0.001000s ]
SQL: SHOW COLUMNS FROM `sw_cart` [ RunTime:0.0030s ]
SQL: SELECT * FROM `sw_cart` WHERE ( user_id='3' ) LIMIT 1   [ RunTime:0.0000s ]
SQL: SELECT * FROM `sw_cart` WHERE ( user_id='3' ) LIMIT 1   [ RunTime:0.0000s ]
INFO: [ view_parse ] --START--
INFO: Run Behavior\ParseTemplateBehavior [ RunTime:0.013001s ]
INFO: [ view_parse ] --END-- [ RunTime:0.013001s ]
INFO: [ view_filter ] --START--
INFO: Run Behavior\WriteHtmlCacheBehavior [ RunTime:0.001000s ]
INFO: [ view_filter ] --END-- [ RunTime:0.001000s ]
INFO: [ view_parse ] --START--
NOTIC: [8] Undefined index: orderid D:\PHP\wamp\www\DE\Runtime\Cache\517101457a8b40b8ac7371d2a69a612fc058c446.file.callback.html.php 第 41 行.
NOTIC: [8] Trying to get property of non-object D:\PHP\wamp\www\DE\Runtime\Cache\517101457a8b40b8ac7371d2a69a612fc058c446.file.callback.html.php 第 41 行.
INFO: Run Behavior\ParseTemplateBehavior [ RunTime:0.002000s ]
INFO: [ view_parse ] --END-- [ RunTime:-0.001000s ]
INFO: [ view_filter ] --START--
INFO: Run Behavior\WriteHtmlCacheBehavior [ RunTime:0.000000s ]
INFO: [ view_filter ] --END-- [ RunTime:-0.002000s ]
INFO: [ view_parse ] --START--
INFO: Run Behavior\ParseTemplateBehavior [ RunTime:0.001000s ]
INFO: [ view_parse ] --END-- [ RunTime:-0.004000s ]
INFO: [ view_filter ] --START--
INFO: Run Behavior\WriteHtmlCacheBehavior [ RunTime:0.000000s ]
INFO: [ view_filter ] --END-- [ RunTime:-0.005000s ]
INFO: [ app_end ] --START--
INFO: Run Behavior\ShowPageTraceBehavior [ RunTime:0.001000s ]
INFO: [ app_end ] --END-- [ RunTime:0.001000s ]

[ 2015-05-09T00:08:01+08:00 ] 127.0.0.1 /DE/index.php/Home/Order/callback?data=%2FoUbSBM9UISpXKVnKvP4sFfy2MpR16fj3B1xitcB9YbTZ3LV0n0cFrBbkYscCGcGBcutq52g1uhNRODnh%2FOV96BC6dqRlG5fkfDb3FMVE0rrvK1yZCTru1FAmavcZYqvYze0JcHDa3UC0X0MXW%2BKvjZDOk4Uz1py%2Fw%2FbU8ppf6e13mB6CLNBsaoWXPEjZIfkqBgPBINgUJcsdVtELZBx74MeobD4xPJ8J1Nxj2NdAPUjCCqMzANHg0%2BWVygDF3gVN%2FFB0lmTq4%2BQeeaiEjUAQwTe8jHudzcwg8DG%2FMQF7TusSERYZBW6JUL1EJx0rjP3VM8rtVggYuV6Av%2FUHQZnXYSi5sT5Sm1MesY%2B6hvHluShaqKGt5IO5oWaynuyZk4rwqcPfEWLM0w68OXXPj1Vi%2F84D0slOIY4kM5jMLV6C3HqcRM9iuLs7g7fsQUU28rqr3h96EYiTq24v%2F3bKkVQT0PQGnU8eKnOYq3ou4cDL%2FtkSGSwXC1E3DT%2FNaeKfXdU&encryptkey=j%2BrNsYR38NZKZYeGJUaxnn79rYUbqFGY438Y22EF%2BrpWAS%2F4X9bUhh9DCh8gANDABS8M%2BXUKjz3RuiGU3ozE%2B8C3oJ0FxK6JY8eZzI5jj4ogtGS92hvUAtUg8fQv4fAl91LxLpHA30aY%2BDCzTKaTWw39LDZnAkS%2B2Z%2FdJJ0kWr4%3D
INFO: [ app_init ] --START--
INFO: Run Behavior\BuildLiteBehavior [ RunTime:0.000000s ]
INFO: [ app_init ] --END-- [ RunTime:0.001000s ]
INFO: [ app_begin ] --START--
INFO: Run Behavior\ReadHtmlCacheBehavior [ RunTime:0.000000s ]
INFO: [ app_begin ] --END-- [ RunTime:0.001000s ]
SQL: SHOW COLUMNS FROM `sw_cart` [ RunTime:0.0040s ]
SQL: SELECT * FROM `sw_cart` WHERE ( user_id='3' ) LIMIT 1   [ RunTime:0.0010s ]
SQL: SELECT * FROM `sw_cart` WHERE ( user_id='3' ) LIMIT 1   [ RunTime:0.0010s ]
INFO: [ view_parse ] --START--
INFO: Run Behavior\ParseTemplateBehavior [ RunTime:0.013001s ]
INFO: [ view_parse ] --END-- [ RunTime:0.014001s ]
INFO: [ view_filter ] --START--
INFO: Run Behavior\WriteHtmlCacheBehavior [ RunTime:0.000000s ]
INFO: [ view_filter ] --END-- [ RunTime:0.000000s ]
INFO: [ view_parse ] --START--
NOTIC: [8] Undefined index: orderid D:\PHP\wamp\www\DE\Runtime\Cache\517101457a8b40b8ac7371d2a69a612fc058c446.file.callback.html.php 第 41 行.
NOTIC: [8] Trying to get property of non-object D:\PHP\wamp\www\DE\Runtime\Cache\517101457a8b40b8ac7371d2a69a612fc058c446.file.callback.html.php 第 41 行.
INFO: Run Behavior\ParseTemplateBehavior [ RunTime:0.001000s ]
INFO: [ view_parse ] --END-- [ RunTime:-0.001000s ]
INFO: [ view_filter ] --START--
INFO: Run Behavior\WriteHtmlCacheBehavior [ RunTime:0.000000s ]
INFO: [ view_filter ] --END-- [ RunTime:-0.003000s ]
INFO: [ view_parse ] --START--
INFO: Run Behavior\ParseTemplateBehavior [ RunTime:0.002000s ]
INFO: [ view_parse ] --END-- [ RunTime:-0.003000s ]
INFO: [ view_filter ] --START--
INFO: Run Behavior\WriteHtmlCacheBehavior [ RunTime:0.000000s ]
INFO: [ view_filter ] --END-- [ RunTime:-0.005000s ]
INFO: [ app_end ] --START--
INFO: Run Behavior\ShowPageTraceBehavior [ RunTime:0.001000s ]
INFO: [ app_end ] --END-- [ RunTime:0.001000s ]

[ 2015-05-09T00:08:04+08:00 ] 127.0.0.1 /DE/index.php/Home/User/index
INFO: [ app_init ] --START--
INFO: Run Behavior\BuildLiteBehavior [ RunTime:0.000000s ]
INFO: [ app_init ] --END-- [ RunTime:0.000000s ]
INFO: [ app_begin ] --START--
INFO: Run Behavior\ReadHtmlCacheBehavior [ RunTime:0.001000s ]
INFO: [ app_begin ] --END-- [ RunTime:0.001000s ]
SQL: SHOW COLUMNS FROM `sw_cart` [ RunTime:0.0030s ]
SQL: SELECT * FROM `sw_cart` WHERE ( user_id='3' ) LIMIT 1   [ RunTime:0.0000s ]
SQL: SELECT * FROM `sw_cart` WHERE ( user_id='3' ) LIMIT 1   [ RunTime:0.0010s ]
INFO: [ view_parse ] --START--
INFO: Run Behavior\ParseTemplateBehavior [ RunTime:0.013001s ]
INFO: [ view_parse ] --END-- [ RunTime:0.013001s ]
INFO: [ view_filter ] --START--
INFO: Run Behavior\WriteHtmlCacheBehavior [ RunTime:0.000000s ]
INFO: [ view_filter ] --END-- [ RunTime:0.001000s ]
INFO: [ view_parse ] --START--
INFO: Run Behavior\ParseTemplateBehavior [ RunTime:0.002000s ]
INFO: [ view_parse ] --END-- [ RunTime:-0.001000s ]
INFO: [ view_filter ] --START--
INFO: Run Behavior\WriteHtmlCacheBehavior [ RunTime:0.000000s ]
INFO: [ view_filter ] --END-- [ RunTime:-0.002000s ]
INFO: [ view_parse ] --START--
INFO: Run Behavior\ParseTemplateBehavior [ RunTime:0.001000s ]
INFO: [ view_parse ] --END-- [ RunTime:-0.003000s ]
INFO: [ view_filter ] --START--
INFO: Run Behavior\WriteHtmlCacheBehavior [ RunTime:0.000000s ]
INFO: [ view_filter ] --END-- [ RunTime:-0.004000s ]
NOTIC: [2] Cannot modify header information - headers already sent by (output started at D:\PHP\wamp\www\ThinkPHP\ThinkPHP\Library\Think\View.class.php:95) D:\PHP\wamp\www\ThinkPHP\ThinkPHP\Library\Think\View.class.php 第 91 行.
NOTIC: [2] Cannot modify header information - headers already sent by (output started at D:\PHP\wamp\www\ThinkPHP\ThinkPHP\Library\Think\View.class.php:95) D:\PHP\wamp\www\ThinkPHP\ThinkPHP\Library\Think\View.class.php 第 92 行.
NOTIC: [2] Cannot modify header information - headers already sent by (output started at D:\PHP\wamp\www\ThinkPHP\ThinkPHP\Library\Think\View.class.php:95) D:\PHP\wamp\www\ThinkPHP\ThinkPHP\Library\Think\View.class.php 第 93 行.
INFO: [ app_end ] --START--
INFO: Run Behavior\ShowPageTraceBehavior [ RunTime:0.001000s ]
INFO: [ app_end ] --END-- [ RunTime:0.001000s ]

[ 2015-05-09T00:08:06+08:00 ] 127.0.0.1 /DE/index.php/Home/User/myorder
INFO: [ app_init ] --START--
INFO: Run Behavior\BuildLiteBehavior [ RunTime:0.000000s ]
INFO: [ app_init ] --END-- [ RunTime:0.002000s ]
INFO: [ app_begin ] --START--
INFO: Run Behavior\ReadHtmlCacheBehavior [ RunTime:0.005000s ]
INFO: [ app_begin ] --END-- [ RunTime:0.006000s ]
SQL: SHOW COLUMNS FROM `sw_cart` [ RunTime:0.0030s ]
SQL: SELECT * FROM `sw_cart` WHERE ( user_id='3' ) LIMIT 1   [ RunTime:0.0010s ]
SQL: SELECT * FROM `sw_cart` WHERE ( user_id='3' ) LIMIT 1   [ RunTime:0.0000s ]
SQL: SHOW COLUMNS FROM `sw_user` [ RunTime:0.0030s ]
SQL: SELECT `user_id` FROM `sw_user` WHERE ( username='jack' ) LIMIT 1   [ RunTime:0.0010s ]
SQL: SHOW COLUMNS FROM `sw_order` [ RunTime:0.0030s ]
SQL: SELECT * FROM `sw_order` WHERE ( user_id='3' )  [ RunTime:0.0000s ]
SQL: SELECT COUNT(*) AS tp_count FROM `sw_order` LIMIT 1   [ RunTime:0.0000s ]
SQL: select * from sw_order where user_id='3' Limit 0, 5 [ RunTime:0.0000s ]
INFO: [ view_parse ] --START--
INFO: Run Behavior\ParseTemplateBehavior [ RunTime:0.011000s ]
INFO: [ view_parse ] --END-- [ RunTime:0.012000s ]
INFO: [ view_filter ] --START--
INFO: Run Behavior\WriteHtmlCacheBehavior [ RunTime:0.000000s ]
INFO: [ view_filter ] --END-- [ RunTime:0.000000s ]
INFO: [ view_parse ] --START--
INFO: Run Behavior\ParseTemplateBehavior [ RunTime:0.002000s ]
INFO: [ view_parse ] --END-- [ RunTime:-0.001001s ]
INFO: [ view_filter ] --START--
INFO: Run Behavior\WriteHtmlCacheBehavior [ RunTime:0.000000s ]
INFO: [ view_filter ] --END-- [ RunTime:-0.003001s ]
INFO: [ view_parse ] --START--
INFO: Run Behavior\ParseTemplateBehavior [ RunTime:0.001000s ]
INFO: [ view_parse ] --END-- [ RunTime:-0.004001s ]
INFO: [ view_filter ] --START--
INFO: Run Behavior\WriteHtmlCacheBehavior [ RunTime:0.000000s ]
INFO: [ view_filter ] --END-- [ RunTime:-0.005001s ]
NOTIC: [2] Cannot modify header information - headers already sent by (output started at D:\PHP\wamp\www\ThinkPHP\ThinkPHP\Library\Think\View.class.php:95) D:\PHP\wamp\www\ThinkPHP\ThinkPHP\Library\Think\View.class.php 第 91 行.
NOTIC: [2] Cannot modify header information - headers already sent by (output started at D:\PHP\wamp\www\ThinkPHP\ThinkPHP\Library\Think\View.class.php:95) D:\PHP\wamp\www\ThinkPHP\ThinkPHP\Library\Think\View.class.php 第 92 行.
NOTIC: [2] Cannot modify header information - headers already sent by (output started at D:\PHP\wamp\www\ThinkPHP\ThinkPHP\Library\Think\View.class.php:95) D:\PHP\wamp\www\ThinkPHP\ThinkPHP\Library\Think\View.class.php 第 93 行.
INFO: [ app_end ] --START--
INFO: Run Behavior\ShowPageTraceBehavior [ RunTime:0.001000s ]
INFO: [ app_end ] --END-- [ RunTime:0.001000s ]

[ 2015-05-09T00:08:07+08:00 ] 127.0.0.1 /DE/index.php/Home/Order/detail/order_no/201505080030116740
INFO: [ app_init ] --START--
INFO: Run Behavior\BuildLiteBehavior [ RunTime:0.000000s ]
INFO: [ app_init ] --END-- [ RunTime:0.001000s ]
INFO: [ app_begin ] --START--
INFO: Run Behavior\ReadHtmlCacheBehavior [ RunTime:0.001000s ]
INFO: [ app_begin ] --END-- [ RunTime:0.001000s ]
SQL: SHOW COLUMNS FROM `sw_cart` [ RunTime:0.0040s ]
SQL: SELECT * FROM `sw_cart` WHERE ( user_id='3' ) LIMIT 1   [ RunTime:0.0000s ]
SQL: SELECT * FROM `sw_cart` WHERE ( user_id='3' ) LIMIT 1   [ RunTime:0.0000s ]
SQL: SHOW COLUMNS FROM `sw_order` [ RunTime:0.0020s ]
SQL: SELECT * FROM `sw_order` WHERE ( order_no='201505080030116740' ) LIMIT 1   [ RunTime:0.0010s ]
NOTIC: [8] Undefined variable: order_good D:\PHP\wamp\www\DE\Home\Controller\OrderController.class.php 第 255 行.
SQL: SHOW COLUMNS FROM `sw_order_goods` [ RunTime:0.0030s ]
SQL: SELECT * FROM `sw_order_goods` WHERE ( order_no='201505080030116740' )  [ RunTime:0.0000s ]
INFO: [ view_parse ] --START--
INFO: Run Behavior\ParseTemplateBehavior [ RunTime:0.012001s ]
INFO: [ view_parse ] --END-- [ RunTime:0.013001s ]
INFO: [ view_filter ] --START--
INFO: Run Behavior\WriteHtmlCacheBehavior [ RunTime:0.001000s ]
INFO: [ view_filter ] --END-- [ RunTime:0.001000s ]
INFO: [ view_parse ] --START--
INFO: Run Behavior\ParseTemplateBehavior [ RunTime:0.002000s ]
INFO: [ view_parse ] --END-- [ RunTime:-0.001000s ]
INFO: [ view_filter ] --START--
INFO: Run Behavior\WriteHtmlCacheBehavior [ RunTime:0.000000s ]
INFO: [ view_filter ] --END-- [ RunTime:-0.002000s ]
INFO: [ view_parse ] --START--
INFO: Run Behavior\ParseTemplateBehavior [ RunTime:0.001000s ]
INFO: [ view_parse ] --END-- [ RunTime:-0.004000s ]
INFO: [ view_filter ] --START--
INFO: Run Behavior\WriteHtmlCacheBehavior [ RunTime:0.000000s ]
INFO: [ view_filter ] --END-- [ RunTime:-0.004000s ]
NOTIC: [2] Cannot modify header information - headers already sent by (output started at D:\PHP\wamp\www\ThinkPHP\ThinkPHP\Library\Think\View.class.php:95) D:\PHP\wamp\www\ThinkPHP\ThinkPHP\Library\Think\View.class.php 第 91 行.
NOTIC: [2] Cannot modify header information - headers already sent by (output started at D:\PHP\wamp\www\ThinkPHP\ThinkPHP\Library\Think\View.class.php:95) D:\PHP\wamp\www\ThinkPHP\ThinkPHP\Library\Think\View.class.php 第 92 行.
NOTIC: [2] Cannot modify header information - headers already sent by (output started at D:\PHP\wamp\www\ThinkPHP\ThinkPHP\Library\Think\View.class.php:95) D:\PHP\wamp\www\ThinkPHP\ThinkPHP\Library\Think\View.class.php 第 93 行.
INFO: [ app_end ] --START--
INFO: Run Behavior\ShowPageTraceBehavior [ RunTime:0.001000s ]
INFO: [ app_end ] --END-- [ RunTime:0.001000s ]

[ 2015-05-09T00:08:20+08:00 ] 127.0.0.1 /DE/index.php/Home/Order/callback?data=c%2FBPgjqMQ6Zrd3TiX65QRy0Y5SVnfiH7S9ocLrWd9yDEQoX3%2F7zlBWWZiWEfjeqxsr0PAUINTSi5dOagOIKP2zVQgj1oqz4lVBJC5q%2F0J4%2FWRrnyDad5OArvOp3QP5hrjBwSiisamP4%2BJ5%2BGPVl%2FPSuSDlxyanV439OBj2XfJy0X4wwytAd29gwONDhwv4qMde%2BK1iLoQFhiXDEd%2FjRMRa4G4u%2FEvmDUqUPBV0pNgHTAbhcBemcmHGH9j2n%2FqiyJNF59prwxZ77lYdJY6RhEnnAhoVsHBTHcP%2B8NnSm4m5ei538ipln5ntDtsUGA3C%2Fl3yphpCGHW1MZmDHMULpgH%2FRrls%2FDelkhoP12N7WbJMVuwhq237m5OVYEuc3JbdGwLCQAQ%2Bp%2Bsmmpizgm6H3hEXcXo7B1uAHnAWEMuQCh18J48RzFpuATcgvU0u7%2BksXJy370okMaoTh7%2FDhzsL9nqns3ApFclZNcKBNbGTtX6L9mqSrYo%2BvpuVl0Z1wdvRZQ&encryptkey=LSxVphq4chKbYnmgciCLJAn4uKUG3GsCXNVhU6nLZGYDQ3ty5ok5qBAKvKjcinE6S5UjLyFHVfpKTGr9B3Dm%2FFIuFTXFSj9TzQu3cU5MC9KtQ1ie8d5EcY4WxFLyUz%2F6oYIuh03aSXecFkxIQUhdC3vBltYL6FrrAOqQ4ln6WaY%3D
INFO: [ app_init ] --START--
INFO: Run Behavior\BuildLiteBehavior [ RunTime:0.001000s ]
INFO: [ app_init ] --END-- [ RunTime:0.001000s ]
INFO: [ app_begin ] --START--
INFO: Run Behavior\ReadHtmlCacheBehavior [ RunTime:0.000000s ]
INFO: [ app_begin ] --END-- [ RunTime:0.001000s ]
SQL: SHOW COLUMNS FROM `sw_cart` [ RunTime:0.0030s ]
SQL: SELECT * FROM `sw_cart` WHERE ( user_id='3' ) LIMIT 1   [ RunTime:0.0000s ]
SQL: SELECT * FROM `sw_cart` WHERE ( user_id='3' ) LIMIT 1   [ RunTime:0.0010s ]
INFO: [ view_parse ] --START--
INFO: Run Behavior\ParseTemplateBehavior [ RunTime:0.013000s ]
INFO: [ view_parse ] --END-- [ RunTime:0.013000s ]
INFO: [ view_filter ] --START--
INFO: Run Behavior\WriteHtmlCacheBehavior [ RunTime:0.001000s ]
INFO: [ view_filter ] --END-- [ RunTime:0.001000s ]
INFO: [ view_parse ] --START--
NOTIC: [8] Undefined index: orderid D:\PHP\wamp\www\DE\Runtime\Cache\517101457a8b40b8ac7371d2a69a612fc058c446.file.callback.html.php 第 41 行.
NOTIC: [8] Trying to get property of non-object D:\PHP\wamp\www\DE\Runtime\Cache\517101457a8b40b8ac7371d2a69a612fc058c446.file.callback.html.php 第 41 行.
INFO: Run Behavior\ParseTemplateBehavior [ RunTime:0.002001s ]
INFO: [ view_parse ] --END-- [ RunTime:-0.001000s ]
INFO: [ view_filter ] --START--
INFO: Run Behavior\WriteHtmlCacheBehavior [ RunTime:0.000000s ]
INFO: [ view_filter ] --END-- [ RunTime:-0.002001s ]
INFO: [ view_parse ] --START--
INFO: Run Behavior\ParseTemplateBehavior [ RunTime:0.001000s ]
INFO: [ view_parse ] --END-- [ RunTime:-0.004001s ]
INFO: [ view_filter ] --START--
INFO: Run Behavior\WriteHtmlCacheBehavior [ RunTime:0.000000s ]
INFO: [ view_filter ] --END-- [ RunTime:-0.004001s ]
INFO: [ app_end ] --START--
INFO: Run Behavior\ShowPageTraceBehavior [ RunTime:0.000000s ]
INFO: [ app_end ] --END-- [ RunTime:0.001000s ]

[ 2015-05-09T00:09:06+08:00 ] 127.0.0.1 /DE/index.php/Home/Order/callback?data=c%2FBPgjqMQ6Zrd3TiX65QRy0Y5SVnfiH7S9ocLrWd9yDEQoX3%2F7zlBWWZiWEfjeqxsr0PAUINTSi5dOagOIKP2zVQgj1oqz4lVBJC5q%2F0J4%2FWRrnyDad5OArvOp3QP5hrjBwSiisamP4%2BJ5%2BGPVl%2FPSuSDlxyanV439OBj2XfJy0X4wwytAd29gwONDhwv4qMde%2BK1iLoQFhiXDEd%2FjRMRa4G4u%2FEvmDUqUPBV0pNgHTAbhcBemcmHGH9j2n%2FqiyJNF59prwxZ77lYdJY6RhEnnAhoVsHBTHcP%2B8NnSm4m5ei538ipln5ntDtsUGA3C%2Fl3yphpCGHW1MZmDHMULpgH%2FRrls%2FDelkhoP12N7WbJMVuwhq237m5OVYEuc3JbdGwLCQAQ%2Bp%2Bsmmpizgm6H3hEXcXo7B1uAHnAWEMuQCh18J48RzFpuATcgvU0u7%2BksXJy370okMaoTh7%2FDhzsL9nqns3ApFclZNcKBNbGTtX6L9mqSrYo%2BvpuVl0Z1wdvRZQ&encryptkey=LSxVphq4chKbYnmgciCLJAn4uKUG3GsCXNVhU6nLZGYDQ3ty5ok5qBAKvKjcinE6S5UjLyFHVfpKTGr9B3Dm%2FFIuFTXFSj9TzQu3cU5MC9KtQ1ie8d5EcY4WxFLyUz%2F6oYIuh03aSXecFkxIQUhdC3vBltYL6FrrAOqQ4ln6WaY%3D
INFO: [ app_init ] --START--
INFO: Run Behavior\BuildLiteBehavior [ RunTime:0.001000s ]
INFO: [ app_init ] --END-- [ RunTime:0.001000s ]
INFO: [ app_begin ] --START--
INFO: Run Behavior\ReadHtmlCacheBehavior [ RunTime:0.001000s ]
INFO: [ app_begin ] --END-- [ RunTime:0.001000s ]
SQL: SHOW COLUMNS FROM `sw_cart` [ RunTime:0.0030s ]
SQL: SELECT * FROM `sw_cart` WHERE ( user_id='3' ) LIMIT 1   [ RunTime:0.0010s ]
SQL: SELECT * FROM `sw_cart` WHERE ( user_id='3' ) LIMIT 1   [ RunTime:0.0000s ]
NOTIC: [8] Undefined index: data D:\PHP\wamp\www\DE\Home\Controller\OrderController.class.php 第 333 行.

[ 2015-05-09T00:09:16+08:00 ] 127.0.0.1 /DE/index.php/Home/Order/callback?data=qGpRX9GX5Jl6H24ooU1VqtP3AHVAGYk9RTk2GR7TUOBgkgUaXU%2FCcWUEAXCrCa3hFuAnWQMaqMkBgrhiJ0qwAhNHltfICMGjpvbN5%2BxWc6iTzDR7eC%2BEYtJRb4%2FPYO9KSrN5Ea%2FD3CJes5XLm61BcLcoB7ZbdZVUPB6BmhXBI148W6RtdBmIMXEZy%2FgQmf2wCQlT90qPin1y67nz1cynU95GOJaMKlJMth7hTe5J0h6l%2B3IVdyms7Gf7Xp3BuZzbFPi0ejIhGuPxU2t1JtMcFRZCa0jHNnebRJ1jPavK0XPLMnOgUwUG72aN5a3TEJM2ejdj8KYngKUa9DgEQ9vusAoO5cQ6BdRvMTWyi2HlUMYz%2F7jAhOGDNEHLJ7hYm4q1mr%2BYZVlWcH0L7ItCy2mBgovJGMeNMmr%2B3%2BO9%2FNm6x7wj5Z3ABDVn9b7RRFgY%2BlAA6b9Ah3bEZimUkavtkRg0lIu3gnGFUrCipme%2BQ9K1oN7Zxmfb%2Bbkp1h7zjVBlDDH7&encryptkey=px8%2F8iMiU%2BZoE7dH4Ky%2Bn8OA7WWtEJz3UDXjUs6bfGYyFYmhwicYTcENYNYqTECP8TrC%2BN5FbMqU10ltRAUVrS6GuCyODT0iUHxzpqLsWjxYIcaDadcr3MIdC%2FsPQ9fiF0GdzWsRoFPUiKtVMax7R7hu%2FKpXU%2BCU9yL%2B%2FcbT%2F%2F4%3D
INFO: [ app_init ] --START--
INFO: Run Behavior\BuildLiteBehavior [ RunTime:0.000000s ]
INFO: [ app_init ] --END-- [ RunTime:0.000000s ]
INFO: [ app_begin ] --START--
INFO: Run Behavior\ReadHtmlCacheBehavior [ RunTime:0.001000s ]
INFO: [ app_begin ] --END-- [ RunTime:0.001000s ]
SQL: SHOW COLUMNS FROM `sw_cart` [ RunTime:0.0020s ]
SQL: SELECT * FROM `sw_cart` WHERE ( user_id='3' ) LIMIT 1   [ RunTime:0.0000s ]
SQL: SELECT * FROM `sw_cart` WHERE ( user_id='3' ) LIMIT 1   [ RunTime:0.0000s ]
NOTIC: [8] Undefined index: data D:\PHP\wamp\www\DE\Home\Controller\OrderController.class.php 第 333 行.

