[ 2015-10-14T22:27:37+08:00 ] 127.0.0.1 /
INFO: [ app_init ] --START--
INFO: Run Behavior\BuildLiteBehavior [ RunTime:0.000062s ]
INFO: [ app_init ] --END-- [ RunTime:0.050261s ]
INFO: [ app_begin ] --START--
INFO: Run Behavior\ReadHtmlCacheBehavior [ RunTime:0.054352s ]
INFO: [ app_begin ] --END-- [ RunTime:0.054771s ]
SQL: SHOW COLUMNS FROM `sw_category` [ RunTime:0.3610s ]
SQL: SELECT * FROM `sw_category` ORDER BY `pid` asc  [ RunTime:0.0398s ]
SQL: SHOW COLUMNS FROM `sw_category` [ RunTime:0.0062s ]
SQL: SHOW COLUMNS FROM `sw_goods` [ RunTime:0.1181s ]
SQL: SELECT * FROM `sw_goods` WHERE ( status=1 and goods_number>0 and goods_category_id='6' ) ORDER BY rand() LIMIT 1   [ RunTime:0.1114s ]
NOTIC: [8] Undefined index: childs D:\PHP\wamp\www\DE\Home\Controller\IndexController.class.php 第 26 行.
NOTIC: [2] Invalid argument supplied for foreach() D:\PHP\wamp\www\DE\Home\Controller\IndexController.class.php 第 26 行.
INFO: [ view_parse ] --START--
NOTIC: [8] Undefined index: username D:\PHP\wamp\www\DE\Runtime\Cache\412fc1c42afb6b35093bbc415f909a5f039ccee0.file.header.html.php 第 60 行.
INFO: Run Behavior\ParseTemplateBehavior [ RunTime:0.736030s ]
INFO: [ view_parse ] --END-- [ RunTime:0.736477s ]
INFO: [ view_filter ] --START--
INFO: Run Behavior\WriteHtmlCacheBehavior [ RunTime:0.053648s ]
INFO: [ view_filter ] --END-- [ RunTime:0.053818s ]
INFO: [ view_parse ] --START--
NOTIC: [8] Undefined index: childs D:\PHP\wamp\www\DE\Runtime\Cache\75d3c4843f176db28a964d7ce533fe31f98cb039.file.index.html.php 第 51 行.
NOTIC: [8] Undefined index: childs D:\PHP\wamp\www\DE\Runtime\Cache\75d3c4843f176db28a964d7ce533fe31f98cb039.file.index.html.php 第 116 行.
NOTIC: [8] Undefined index: childs D:\PHP\wamp\www\DE\Runtime\Cache\75d3c4843f176db28a964d7ce533fe31f98cb039.file.index.html.php 第 167 行.
INFO: Run Behavior\ParseTemplateBehavior [ RunTime:0.204821s ]
INFO: [ view_parse ] --END-- [ RunTime:-0.066590s ]
INFO: [ view_filter ] --START--
INFO: Run Behavior\WriteHtmlCacheBehavior [ RunTime:0.000040s ]
INFO: [ view_filter ] --END-- [ RunTime:-0.217915s ]
INFO: [ view_parse ] --START--
INFO: Run Behavior\ParseTemplateBehavior [ RunTime:0.048857s ]
INFO: [ view_parse ] --END-- [ RunTime:-0.303638s ]
INFO: [ view_filter ] --START--
INFO: Run Behavior\WriteHtmlCacheBehavior [ RunTime:0.000145s ]
INFO: [ view_filter ] --END-- [ RunTime:-0.299872s ]
NOTIC: [2] Cannot modify header information - headers already sent by (output started at D:\PHP\wamp\www\ThinkPHP\ThinkPHP\Library\Think\View.class.php:95) D:\PHP\wamp\www\ThinkPHP\ThinkPHP\Library\Think\View.class.php 第 91 行.
NOTIC: [2] Cannot modify header information - headers already sent by (output started at D:\PHP\wamp\www\ThinkPHP\ThinkPHP\Library\Think\View.class.php:95) D:\PHP\wamp\www\ThinkPHP\ThinkPHP\Library\Think\View.class.php 第 92 行.
NOTIC: [2] Cannot modify header information - headers already sent by (output started at D:\PHP\wamp\www\ThinkPHP\ThinkPHP\Library\Think\View.class.php:95) D:\PHP\wamp\www\ThinkPHP\ThinkPHP\Library\Think\View.class.php 第 93 行.
INFO: [ app_end ] --START--
INFO: Run Behavior\ShowPageTraceBehavior [ RunTime:0.038014s ]
INFO: [ app_end ] --END-- [ RunTime:0.038185s ]

[ 2015-10-14T22:27:44+08:00 ] 127.0.0.1 /index.php/Home/User/register
INFO: [ app_init ] --START--
INFO: Run Behavior\BuildLiteBehavior [ RunTime:0.000039s ]
INFO: [ app_init ] --END-- [ RunTime:0.000754s ]
INFO: [ app_begin ] --START--
INFO: Run Behavior\ReadHtmlCacheBehavior [ RunTime:0.000727s ]
INFO: [ app_begin ] --END-- [ RunTime:0.000873s ]
NOTIC: [2048] Declaration of Home\Controller\UserController::success() should be compatible with Think\Controller::success($message = '', $jumpUrl = '', $ajax = false) D:\PHP\wamp\www\DE\Home\Controller\UserController.class.php 第 492 行.
SQL: SHOW COLUMNS FROM `sw_user` [ RunTime:0.1095s ]
INFO: [ view_parse ] --START--
NOTIC: [8] Undefined index: username D:\PHP\wamp\www\DE\Runtime\Cache\412fc1c42afb6b35093bbc415f909a5f039ccee0.file.header.html.php 第 60 行.
INFO: Run Behavior\ParseTemplateBehavior [ RunTime:0.017882s ]
INFO: [ view_parse ] --END-- [ RunTime:0.018271s ]
INFO: [ view_filter ] --START--
INFO: Run Behavior\WriteHtmlCacheBehavior [ RunTime:0.000544s ]
INFO: [ view_filter ] --END-- [ RunTime:0.000680s ]
INFO: [ view_parse ] --START--
INFO: Run Behavior\ParseTemplateBehavior [ RunTime:0.061794s ]
INFO: [ view_parse ] --END-- [ RunTime:-0.008739s ]
INFO: [ view_filter ] --START--
INFO: Run Behavior\WriteHtmlCacheBehavior [ RunTime:0.000282s ]
INFO: [ view_filter ] --END-- [ RunTime:-0.071750s ]
INFO: [ view_parse ] --START--
INFO: Run Behavior\ParseTemplateBehavior [ RunTime:0.003130s ]
INFO: [ view_parse ] --END-- [ RunTime:-0.076519s ]
INFO: [ view_filter ] --START--
INFO: Run Behavior\WriteHtmlCacheBehavior [ RunTime:0.000037s ]
INFO: [ view_filter ] --END-- [ RunTime:-0.079307s ]
NOTIC: [2] Cannot modify header information - headers already sent by (output started at D:\PHP\wamp\www\ThinkPHP\ThinkPHP\Library\Think\View.class.php:95) D:\PHP\wamp\www\ThinkPHP\ThinkPHP\Library\Think\View.class.php 第 91 行.
NOTIC: [2] Cannot modify header information - headers already sent by (output started at D:\PHP\wamp\www\ThinkPHP\ThinkPHP\Library\Think\View.class.php:95) D:\PHP\wamp\www\ThinkPHP\ThinkPHP\Library\Think\View.class.php 第 92 行.
NOTIC: [2] Cannot modify header information - headers already sent by (output started at D:\PHP\wamp\www\ThinkPHP\ThinkPHP\Library\Think\View.class.php:95) D:\PHP\wamp\www\ThinkPHP\ThinkPHP\Library\Think\View.class.php 第 93 行.
INFO: [ app_end ] --START--
INFO: Run Behavior\ShowPageTraceBehavior [ RunTime:0.000865s ]
INFO: [ app_end ] --END-- [ RunTime:0.001004s ]

[ 2015-10-14T22:29:04+08:00 ] 127.0.0.1 /index.php/Home/User/register
INFO: [ app_init ] --START--
INFO: Run Behavior\BuildLiteBehavior [ RunTime:0.000052s ]
INFO: [ app_init ] --END-- [ RunTime:0.000801s ]
INFO: [ app_begin ] --START--
INFO: Run Behavior\ReadHtmlCacheBehavior [ RunTime:0.000518s ]
INFO: [ app_begin ] --END-- [ RunTime:0.000701s ]
NOTIC: [2048] Declaration of Home\Controller\UserController::success() should be compatible with Think\Controller::success($message = '', $jumpUrl = '', $ajax = false) D:\PHP\wamp\www\DE\Home\Controller\UserController.class.php 第 492 行.
SQL: SHOW COLUMNS FROM `sw_user` [ RunTime:0.0087s ]
NOTIC: [8] Undefined variable: waitSecond D:\PHP\wamp\www\ThinkPHP\ThinkPHP\Library\Think\Controller.class.php 第 229 行.

[ 2015-10-14T22:29:05+08:00 ] 127.0.0.1 /index.php/Home/User/register.html
INFO: [ app_init ] --START--
INFO: Run Behavior\BuildLiteBehavior [ RunTime:0.000044s ]
INFO: [ app_init ] --END-- [ RunTime:0.000780s ]
INFO: [ app_begin ] --START--
INFO: Run Behavior\ReadHtmlCacheBehavior [ RunTime:0.000731s ]
INFO: [ app_begin ] --END-- [ RunTime:0.000904s ]
NOTIC: [2048] Declaration of Home\Controller\UserController::success() should be compatible with Think\Controller::success($message = '', $jumpUrl = '', $ajax = false) D:\PHP\wamp\www\DE\Home\Controller\UserController.class.php 第 492 行.
SQL: SHOW COLUMNS FROM `sw_user` [ RunTime:0.0083s ]
INFO: [ view_parse ] --START--
NOTIC: [8] Undefined index: username D:\PHP\wamp\www\DE\Runtime\Cache\412fc1c42afb6b35093bbc415f909a5f039ccee0.file.header.html.php 第 60 行.
INFO: Run Behavior\ParseTemplateBehavior [ RunTime:0.010377s ]
INFO: [ view_parse ] --END-- [ RunTime:0.010563s ]
INFO: [ view_filter ] --START--
INFO: Run Behavior\WriteHtmlCacheBehavior [ RunTime:0.000565s ]
INFO: [ view_filter ] --END-- [ RunTime:0.000706s ]
INFO: [ view_parse ] --START--
INFO: Run Behavior\ParseTemplateBehavior [ RunTime:0.001233s ]
INFO: [ view_parse ] --END-- [ RunTime:-0.001243s ]
INFO: [ view_filter ] --START--
INFO: Run Behavior\WriteHtmlCacheBehavior [ RunTime:0.000035s ]
INFO: [ view_filter ] --END-- [ RunTime:-0.001868s ]
INFO: [ view_parse ] --START--
INFO: Run Behavior\ParseTemplateBehavior [ RunTime:0.001415s ]
INFO: [ view_parse ] --END-- [ RunTime:-0.003268s ]
INFO: [ view_filter ] --START--
INFO: Run Behavior\WriteHtmlCacheBehavior [ RunTime:0.000038s ]
INFO: [ view_filter ] --END-- [ RunTime:-0.004089s ]
NOTIC: [2] Cannot modify header information - headers already sent by (output started at D:\PHP\wamp\www\ThinkPHP\ThinkPHP\Library\Think\View.class.php:95) D:\PHP\wamp\www\ThinkPHP\ThinkPHP\Library\Think\View.class.php 第 91 行.
NOTIC: [2] Cannot modify header information - headers already sent by (output started at D:\PHP\wamp\www\ThinkPHP\ThinkPHP\Library\Think\View.class.php:95) D:\PHP\wamp\www\ThinkPHP\ThinkPHP\Library\Think\View.class.php 第 92 行.
NOTIC: [2] Cannot modify header information - headers already sent by (output started at D:\PHP\wamp\www\ThinkPHP\ThinkPHP\Library\Think\View.class.php:95) D:\PHP\wamp\www\ThinkPHP\ThinkPHP\Library\Think\View.class.php 第 93 行.
INFO: [ app_end ] --START--
INFO: Run Behavior\ShowPageTraceBehavior [ RunTime:0.000853s ]
INFO: [ app_end ] --END-- [ RunTime:0.000989s ]

[ 2015-10-14T22:34:12+08:00 ] 127.0.0.1 /index.php/Home/User/register.html
INFO: [ app_init ] --START--
INFO: Run Behavior\BuildLiteBehavior [ RunTime:0.000033s ]
INFO: [ app_init ] --END-- [ RunTime:0.000603s ]
INFO: [ app_begin ] --START--
INFO: Run Behavior\ReadHtmlCacheBehavior [ RunTime:0.001123s ]
INFO: [ app_begin ] --END-- [ RunTime:0.001334s ]
NOTIC: [2048] Declaration of Home\Controller\UserController::success() should be compatible with Think\Controller::success($message = '', $jumpUrl = '', $ajax = false) D:\PHP\wamp\www\DE\Home\Controller\UserController.class.php 第 494 行.
SQL: SHOW COLUMNS FROM `sw_user` [ RunTime:0.0103s ]

[ 2015-10-14T22:35:49+08:00 ] 127.0.0.1 /index.php/Home/User/register.html
INFO: [ app_init ] --START--
INFO: Run Behavior\BuildLiteBehavior [ RunTime:0.000069s ]
INFO: [ app_init ] --END-- [ RunTime:0.001281s ]
INFO: [ app_begin ] --START--
INFO: Run Behavior\ReadHtmlCacheBehavior [ RunTime:0.000665s ]
INFO: [ app_begin ] --END-- [ RunTime:0.000851s ]
NOTIC: [2048] Declaration of Home\Controller\UserController::success() should be compatible with Think\Controller::success($message = '', $jumpUrl = '', $ajax = false) D:\PHP\wamp\www\DE\Home\Controller\UserController.class.php 第 494 行.
SQL: SHOW COLUMNS FROM `sw_user` [ RunTime:0.0084s ]
INFO: [ view_parse ] --START--
NOTIC: [8] Undefined index: username D:\PHP\wamp\www\DE\Runtime\Cache\412fc1c42afb6b35093bbc415f909a5f039ccee0.file.header.html.php 第 60 行.
INFO: Run Behavior\ParseTemplateBehavior [ RunTime:0.014203s ]
INFO: [ view_parse ] --END-- [ RunTime:0.014360s ]
INFO: [ view_filter ] --START--
INFO: Run Behavior\WriteHtmlCacheBehavior [ RunTime:0.000560s ]
INFO: [ view_filter ] --END-- [ RunTime:0.000714s ]
INFO: [ view_parse ] --START--
INFO: Run Behavior\ParseTemplateBehavior [ RunTime:0.001684s ]
INFO: [ view_parse ] --END-- [ RunTime:-0.001189s ]
INFO: [ view_filter ] --START--
INFO: Run Behavior\WriteHtmlCacheBehavior [ RunTime:0.000053s ]
INFO: [ view_filter ] --END-- [ RunTime:-0.002352s ]
INFO: [ view_parse ] --START--
INFO: Run Behavior\ParseTemplateBehavior [ RunTime:0.001251s ]
INFO: [ view_parse ] --END-- [ RunTime:-0.003883s ]
INFO: [ view_filter ] --START--
INFO: Run Behavior\WriteHtmlCacheBehavior [ RunTime:0.000035s ]
INFO: [ view_filter ] --END-- [ RunTime:-0.004570s ]
NOTIC: [2] Cannot modify header information - headers already sent by (output started at D:\PHP\wamp\www\ThinkPHP\ThinkPHP\Library\Think\View.class.php:95) D:\PHP\wamp\www\ThinkPHP\ThinkPHP\Library\Think\View.class.php 第 91 行.
NOTIC: [2] Cannot modify header information - headers already sent by (output started at D:\PHP\wamp\www\ThinkPHP\ThinkPHP\Library\Think\View.class.php:95) D:\PHP\wamp\www\ThinkPHP\ThinkPHP\Library\Think\View.class.php 第 92 行.
NOTIC: [2] Cannot modify header information - headers already sent by (output started at D:\PHP\wamp\www\ThinkPHP\ThinkPHP\Library\Think\View.class.php:95) D:\PHP\wamp\www\ThinkPHP\ThinkPHP\Library\Think\View.class.php 第 93 行.
INFO: [ app_end ] --START--
INFO: Run Behavior\ShowPageTraceBehavior [ RunTime:0.000773s ]
INFO: [ app_end ] --END-- [ RunTime:0.000937s ]

[ 2015-10-14T22:36:58+08:00 ] 127.0.0.1 /index.php/Home/User/register.html
INFO: [ app_init ] --START--
INFO: Run Behavior\BuildLiteBehavior [ RunTime:0.000039s ]
INFO: [ app_init ] --END-- [ RunTime:0.000633s ]
INFO: [ app_begin ] --START--
INFO: Run Behavior\ReadHtmlCacheBehavior [ RunTime:0.000867s ]
INFO: [ app_begin ] --END-- [ RunTime:0.001038s ]
NOTIC: [2048] Declaration of Home\Controller\UserController::success() should be compatible with Think\Controller::success($message = '', $jumpUrl = '', $ajax = false) D:\PHP\wamp\www\DE\Home\Controller\UserController.class.php 第 494 行.
SQL: SHOW COLUMNS FROM `sw_user` [ RunTime:0.0706s ]
INFO: [ view_parse ] --START--
NOTIC: [8] Undefined index: username D:\PHP\wamp\www\DE\Runtime\Cache\412fc1c42afb6b35093bbc415f909a5f039ccee0.file.header.html.php 第 60 行.
INFO: Run Behavior\ParseTemplateBehavior [ RunTime:0.011820s ]
INFO: [ view_parse ] --END-- [ RunTime:0.012009s ]
INFO: [ view_filter ] --START--
INFO: Run Behavior\WriteHtmlCacheBehavior [ RunTime:0.000555s ]
INFO: [ view_filter ] --END-- [ RunTime:0.000690s ]
INFO: [ view_parse ] --START--
INFO: Run Behavior\ParseTemplateBehavior [ RunTime:0.715331s ]
INFO: [ view_parse ] --END-- [ RunTime:-0.001186s ]
INFO: [ view_filter ] --START--
INFO: Run Behavior\WriteHtmlCacheBehavior [ RunTime:0.000189s ]
INFO: [ view_filter ] --END-- [ RunTime:-0.716560s ]
INFO: [ view_parse ] --START--
INFO: Run Behavior\ParseTemplateBehavior [ RunTime:0.004383s ]
INFO: [ view_parse ] --END-- [ RunTime:-0.721093s ]
INFO: [ view_filter ] --START--
INFO: Run Behavior\WriteHtmlCacheBehavior [ RunTime:0.000134s ]
INFO: [ view_filter ] --END-- [ RunTime:-0.725514s ]
NOTIC: [2] Cannot modify header information - headers already sent by (output started at D:\PHP\wamp\www\ThinkPHP\ThinkPHP\Library\Think\View.class.php:95) D:\PHP\wamp\www\ThinkPHP\ThinkPHP\Library\Think\View.class.php 第 91 行.
NOTIC: [2] Cannot modify header information - headers already sent by (output started at D:\PHP\wamp\www\ThinkPHP\ThinkPHP\Library\Think\View.class.php:95) D:\PHP\wamp\www\ThinkPHP\ThinkPHP\Library\Think\View.class.php 第 92 行.
NOTIC: [2] Cannot modify header information - headers already sent by (output started at D:\PHP\wamp\www\ThinkPHP\ThinkPHP\Library\Think\View.class.php:95) D:\PHP\wamp\www\ThinkPHP\ThinkPHP\Library\Think\View.class.php 第 93 行.
INFO: [ app_end ] --START--
INFO: Run Behavior\ShowPageTraceBehavior [ RunTime:0.003968s ]
INFO: [ app_end ] --END-- [ RunTime:0.004491s ]

[ 2015-10-14T22:37:01+08:00 ] 127.0.0.1 /index.php/Home/User/register.html
INFO: [ app_init ] --START--
INFO: Run Behavior\BuildLiteBehavior [ RunTime:0.000049s ]
INFO: [ app_init ] --END-- [ RunTime:0.000613s ]
INFO: [ app_begin ] --START--
INFO: Run Behavior\ReadHtmlCacheBehavior [ RunTime:0.000632s ]
INFO: [ app_begin ] --END-- [ RunTime:0.000788s ]
NOTIC: [2048] Declaration of Home\Controller\UserController::success() should be compatible with Think\Controller::success($message = '', $jumpUrl = '', $ajax = false) D:\PHP\wamp\www\DE\Home\Controller\UserController.class.php 第 494 行.
SQL: SHOW COLUMNS FROM `sw_user` [ RunTime:0.0091s ]
INFO: [ view_parse ] --START--
NOTIC: [8] Undefined index: username D:\PHP\wamp\www\DE\Runtime\Cache\412fc1c42afb6b35093bbc415f909a5f039ccee0.file.header.html.php 第 60 行.
INFO: Run Behavior\ParseTemplateBehavior [ RunTime:0.015929s ]
INFO: [ view_parse ] --END-- [ RunTime:0.016083s ]
INFO: [ view_filter ] --START--
INFO: Run Behavior\WriteHtmlCacheBehavior [ RunTime:0.000722s ]
INFO: [ view_filter ] --END-- [ RunTime:0.000879s ]
INFO: [ view_parse ] --START--
INFO: Run Behavior\ParseTemplateBehavior [ RunTime:0.001175s ]
INFO: [ view_parse ] --END-- [ RunTime:-0.001399s ]
INFO: [ view_filter ] --START--
INFO: Run Behavior\WriteHtmlCacheBehavior [ RunTime:0.000039s ]
INFO: [ view_filter ] --END-- [ RunTime:-0.001842s ]
INFO: [ view_parse ] --START--
INFO: Run Behavior\ParseTemplateBehavior [ RunTime:0.001010s ]
INFO: [ view_parse ] --END-- [ RunTime:-0.003352s ]
INFO: [ view_filter ] --START--
INFO: Run Behavior\WriteHtmlCacheBehavior [ RunTime:0.000039s ]
INFO: [ view_filter ] --END-- [ RunTime:-0.003659s ]
NOTIC: [2] Cannot modify header information - headers already sent by (output started at D:\PHP\wamp\www\ThinkPHP\ThinkPHP\Library\Think\View.class.php:95) D:\PHP\wamp\www\ThinkPHP\ThinkPHP\Library\Think\View.class.php 第 91 行.
NOTIC: [2] Cannot modify header information - headers already sent by (output started at D:\PHP\wamp\www\ThinkPHP\ThinkPHP\Library\Think\View.class.php:95) D:\PHP\wamp\www\ThinkPHP\ThinkPHP\Library\Think\View.class.php 第 92 行.
NOTIC: [2] Cannot modify header information - headers already sent by (output started at D:\PHP\wamp\www\ThinkPHP\ThinkPHP\Library\Think\View.class.php:95) D:\PHP\wamp\www\ThinkPHP\ThinkPHP\Library\Think\View.class.php 第 93 行.
INFO: [ app_end ] --START--
INFO: Run Behavior\ShowPageTraceBehavior [ RunTime:0.000605s ]
INFO: [ app_end ] --END-- [ RunTime:0.000749s ]

[ 2015-10-14T22:37:01+08:00 ] 127.0.0.1 /index.php/Home/User/register.html
INFO: [ app_init ] --START--
INFO: Run Behavior\BuildLiteBehavior [ RunTime:0.000042s ]
INFO: [ app_init ] --END-- [ RunTime:0.000782s ]
INFO: [ app_begin ] --START--
INFO: Run Behavior\ReadHtmlCacheBehavior [ RunTime:0.000707s ]
INFO: [ app_begin ] --END-- [ RunTime:0.000892s ]
NOTIC: [2048] Declaration of Home\Controller\UserController::success() should be compatible with Think\Controller::success($message = '', $jumpUrl = '', $ajax = false) D:\PHP\wamp\www\DE\Home\Controller\UserController.class.php 第 494 行.
SQL: SHOW COLUMNS FROM `sw_user` [ RunTime:0.0063s ]
INFO: [ view_parse ] --START--
NOTIC: [8] Undefined index: username D:\PHP\wamp\www\DE\Runtime\Cache\412fc1c42afb6b35093bbc415f909a5f039ccee0.file.header.html.php 第 60 行.
INFO: Run Behavior\ParseTemplateBehavior [ RunTime:0.014802s ]
INFO: [ view_parse ] --END-- [ RunTime:0.014953s ]
INFO: [ view_filter ] --START--
INFO: Run Behavior\WriteHtmlCacheBehavior [ RunTime:0.000542s ]
INFO: [ view_filter ] --END-- [ RunTime:0.000675s ]
INFO: [ view_parse ] --START--
INFO: Run Behavior\ParseTemplateBehavior [ RunTime:0.001003s ]
INFO: [ view_parse ] --END-- [ RunTime:-0.001171s ]
INFO: [ view_filter ] --START--
INFO: Run Behavior\WriteHtmlCacheBehavior [ RunTime:0.000035s ]
INFO: [ view_filter ] --END-- [ RunTime:-0.001629s ]
INFO: [ view_parse ] --START--
INFO: Run Behavior\ParseTemplateBehavior [ RunTime:0.001033s ]
INFO: [ view_parse ] --END-- [ RunTime:-0.002883s ]
INFO: [ view_filter ] --START--
INFO: Run Behavior\WriteHtmlCacheBehavior [ RunTime:0.000040s ]
INFO: [ view_filter ] --END-- [ RunTime:-0.003403s ]
NOTIC: [2] Cannot modify header information - headers already sent by (output started at D:\PHP\wamp\www\ThinkPHP\ThinkPHP\Library\Think\View.class.php:95) D:\PHP\wamp\www\ThinkPHP\ThinkPHP\Library\Think\View.class.php 第 91 行.
NOTIC: [2] Cannot modify header information - headers already sent by (output started at D:\PHP\wamp\www\ThinkPHP\ThinkPHP\Library\Think\View.class.php:95) D:\PHP\wamp\www\ThinkPHP\ThinkPHP\Library\Think\View.class.php 第 92 行.
NOTIC: [2] Cannot modify header information - headers already sent by (output started at D:\PHP\wamp\www\ThinkPHP\ThinkPHP\Library\Think\View.class.php:95) D:\PHP\wamp\www\ThinkPHP\ThinkPHP\Library\Think\View.class.php 第 93 行.
INFO: [ app_end ] --START--
INFO: Run Behavior\ShowPageTraceBehavior [ RunTime:0.000738s ]
INFO: [ app_end ] --END-- [ RunTime:0.000895s ]

[ 2015-10-14T22:37:02+08:00 ] 127.0.0.1 /index.php/Home/User/register.html
INFO: [ app_init ] --START--
INFO: Run Behavior\BuildLiteBehavior [ RunTime:0.000034s ]
INFO: [ app_init ] --END-- [ RunTime:0.000575s ]
INFO: [ app_begin ] --START--
INFO: Run Behavior\ReadHtmlCacheBehavior [ RunTime:0.000924s ]
INFO: [ app_begin ] --END-- [ RunTime:0.001140s ]
NOTIC: [2048] Declaration of Home\Controller\UserController::success() should be compatible with Think\Controller::success($message = '', $jumpUrl = '', $ajax = false) D:\PHP\wamp\www\DE\Home\Controller\UserController.class.php 第 494 行.
SQL: SHOW COLUMNS FROM `sw_user` [ RunTime:0.0617s ]
INFO: [ view_parse ] --START--
NOTIC: [8] Undefined index: username D:\PHP\wamp\www\DE\Runtime\Cache\412fc1c42afb6b35093bbc415f909a5f039ccee0.file.header.html.php 第 60 行.
INFO: Run Behavior\ParseTemplateBehavior [ RunTime:0.012866s ]
INFO: [ view_parse ] --END-- [ RunTime:0.013093s ]
INFO: [ view_filter ] --START--
INFO: Run Behavior\WriteHtmlCacheBehavior [ RunTime:0.000592s ]
INFO: [ view_filter ] --END-- [ RunTime:0.000726s ]
INFO: [ view_parse ] --START--
INFO: Run Behavior\ParseTemplateBehavior [ RunTime:0.001463s ]
INFO: [ view_parse ] --END-- [ RunTime:-0.001190s ]
INFO: [ view_filter ] --START--
INFO: Run Behavior\WriteHtmlCacheBehavior [ RunTime:0.000040s ]
INFO: [ view_filter ] --END-- [ RunTime:-0.002091s ]
INFO: [ view_parse ] --START--
INFO: Run Behavior\ParseTemplateBehavior [ RunTime:0.001523s ]
INFO: [ view_parse ] --END-- [ RunTime:-0.003559s ]
INFO: [ view_filter ] --START--
INFO: Run Behavior\WriteHtmlCacheBehavior [ RunTime:0.000037s ]
INFO: [ view_filter ] --END-- [ RunTime:-0.004526s ]
NOTIC: [2] Cannot modify header information - headers already sent by (output started at D:\PHP\wamp\www\ThinkPHP\ThinkPHP\Library\Think\View.class.php:95) D:\PHP\wamp\www\ThinkPHP\ThinkPHP\Library\Think\View.class.php 第 91 行.
NOTIC: [2] Cannot modify header information - headers already sent by (output started at D:\PHP\wamp\www\ThinkPHP\ThinkPHP\Library\Think\View.class.php:95) D:\PHP\wamp\www\ThinkPHP\ThinkPHP\Library\Think\View.class.php 第 92 行.
NOTIC: [2] Cannot modify header information - headers already sent by (output started at D:\PHP\wamp\www\ThinkPHP\ThinkPHP\Library\Think\View.class.php:95) D:\PHP\wamp\www\ThinkPHP\ThinkPHP\Library\Think\View.class.php 第 93 行.
INFO: [ app_end ] --START--
INFO: Run Behavior\ShowPageTraceBehavior [ RunTime:0.000806s ]
INFO: [ app_end ] --END-- [ RunTime:0.000943s ]

[ 2015-10-14T22:37:13+08:00 ] 127.0.0.1 /index.php/Home/User/register.html
INFO: [ app_init ] --START--
INFO: Run Behavior\BuildLiteBehavior [ RunTime:0.000045s ]
INFO: [ app_init ] --END-- [ RunTime:0.000691s ]
INFO: [ app_begin ] --START--
INFO: Run Behavior\ReadHtmlCacheBehavior [ RunTime:0.001234s ]
INFO: [ app_begin ] --END-- [ RunTime:0.001446s ]
NOTIC: [2048] Declaration of Home\Controller\UserController::success() should be compatible with Think\Controller::success($message = '', $jumpUrl = '', $ajax = false) D:\PHP\wamp\www\DE\Home\Controller\UserController.class.php 第 494 行.
SQL: SHOW COLUMNS FROM `sw_user` [ RunTime:0.0098s ]

[ 2015-10-14T22:37:51+08:00 ] 127.0.0.1 /index.php/Home/User/register.html
INFO: [ app_init ] --START--
INFO: Run Behavior\BuildLiteBehavior [ RunTime:0.000031s ]
INFO: [ app_init ] --END-- [ RunTime:0.000500s ]
INFO: [ app_begin ] --START--
INFO: Run Behavior\ReadHtmlCacheBehavior [ RunTime:0.000527s ]
INFO: [ app_begin ] --END-- [ RunTime:0.000671s ]
NOTIC: [2048] Declaration of Home\Controller\UserController::success() should be compatible with Think\Controller::success($message = '', $jumpUrl = '', $ajax = false) D:\PHP\wamp\www\DE\Home\Controller\UserController.class.php 第 494 行.
SQL: SHOW COLUMNS FROM `sw_user` [ RunTime:0.0085s ]
NOTIC: [8] Undefined variable: waitSecond D:\PHP\wamp\www\ThinkPHP\ThinkPHP\Library\Think\Controller.class.php 第 229 行.

[ 2015-10-14T22:37:52+08:00 ] 127.0.0.1 /index.php/Home/User/register.html
INFO: [ app_init ] --START--
INFO: Run Behavior\BuildLiteBehavior [ RunTime:0.000032s ]
INFO: [ app_init ] --END-- [ RunTime:0.000502s ]
INFO: [ app_begin ] --START--
INFO: Run Behavior\ReadHtmlCacheBehavior [ RunTime:0.000514s ]
INFO: [ app_begin ] --END-- [ RunTime:0.000654s ]
NOTIC: [2048] Declaration of Home\Controller\UserController::success() should be compatible with Think\Controller::success($message = '', $jumpUrl = '', $ajax = false) D:\PHP\wamp\www\DE\Home\Controller\UserController.class.php 第 494 行.
SQL: SHOW COLUMNS FROM `sw_user` [ RunTime:0.0525s ]
INFO: [ view_parse ] --START--
NOTIC: [8] Undefined index: username D:\PHP\wamp\www\DE\Runtime\Cache\412fc1c42afb6b35093bbc415f909a5f039ccee0.file.header.html.php 第 60 行.
INFO: Run Behavior\ParseTemplateBehavior [ RunTime:0.016615s ]
INFO: [ view_parse ] --END-- [ RunTime:0.017017s ]
INFO: [ view_filter ] --START--
INFO: Run Behavior\WriteHtmlCacheBehavior [ RunTime:0.000609s ]
INFO: [ view_filter ] --END-- [ RunTime:0.000747s ]
INFO: [ view_parse ] --START--
INFO: Run Behavior\ParseTemplateBehavior [ RunTime:0.001552s ]
INFO: [ view_parse ] --END-- [ RunTime:-0.001213s ]
INFO: [ view_filter ] --START--
INFO: Run Behavior\WriteHtmlCacheBehavior [ RunTime:0.000042s ]
INFO: [ view_filter ] --END-- [ RunTime:-0.002183s ]
INFO: [ view_parse ] --START--
INFO: Run Behavior\ParseTemplateBehavior [ RunTime:0.001557s ]
INFO: [ view_parse ] --END-- [ RunTime:-0.003708s ]
INFO: [ view_filter ] --START--
INFO: Run Behavior\WriteHtmlCacheBehavior [ RunTime:0.000037s ]
INFO: [ view_filter ] --END-- [ RunTime:-0.004722s ]
NOTIC: [2] Cannot modify header information - headers already sent by (output started at D:\PHP\wamp\www\ThinkPHP\ThinkPHP\Library\Think\View.class.php:95) D:\PHP\wamp\www\ThinkPHP\ThinkPHP\Library\Think\View.class.php 第 91 行.
NOTIC: [2] Cannot modify header information - headers already sent by (output started at D:\PHP\wamp\www\ThinkPHP\ThinkPHP\Library\Think\View.class.php:95) D:\PHP\wamp\www\ThinkPHP\ThinkPHP\Library\Think\View.class.php 第 92 行.
NOTIC: [2] Cannot modify header information - headers already sent by (output started at D:\PHP\wamp\www\ThinkPHP\ThinkPHP\Library\Think\View.class.php:95) D:\PHP\wamp\www\ThinkPHP\ThinkPHP\Library\Think\View.class.php 第 93 行.
INFO: [ app_end ] --START--
INFO: Run Behavior\ShowPageTraceBehavior [ RunTime:0.000876s ]
INFO: [ app_end ] --END-- [ RunTime:0.001051s ]

[ 2015-10-14T22:38:09+08:00 ] 127.0.0.1 /index.php/Home/User/register.html
INFO: [ app_init ] --START--
INFO: Run Behavior\BuildLiteBehavior [ RunTime:0.000033s ]
INFO: [ app_init ] --END-- [ RunTime:0.000579s ]
INFO: [ app_begin ] --START--
INFO: Run Behavior\ReadHtmlCacheBehavior [ RunTime:0.000663s ]
INFO: [ app_begin ] --END-- [ RunTime:0.000836s ]
NOTIC: [2048] Declaration of Home\Controller\UserController::success() should be compatible with Think\Controller::success($message = '', $jumpUrl = '', $ajax = false) D:\PHP\wamp\www\DE\Home\Controller\UserController.class.php 第 494 行.
SQL: SHOW COLUMNS FROM `sw_user` [ RunTime:0.0086s ]
NOTIC: [8] Undefined variable: waitSecond D:\PHP\wamp\www\ThinkPHP\ThinkPHP\Library\Think\Controller.class.php 第 229 行.

[ 2015-10-14T22:38:10+08:00 ] 127.0.0.1 /index.php/Home/User/register.html
INFO: [ app_init ] --START--
INFO: Run Behavior\BuildLiteBehavior [ RunTime:0.000035s ]
INFO: [ app_init ] --END-- [ RunTime:0.000557s ]
INFO: [ app_begin ] --START--
INFO: Run Behavior\ReadHtmlCacheBehavior [ RunTime:0.000864s ]
INFO: [ app_begin ] --END-- [ RunTime:0.001086s ]
NOTIC: [2048] Declaration of Home\Controller\UserController::success() should be compatible with Think\Controller::success($message = '', $jumpUrl = '', $ajax = false) D:\PHP\wamp\www\DE\Home\Controller\UserController.class.php 第 494 行.
SQL: SHOW COLUMNS FROM `sw_user` [ RunTime:0.0578s ]
INFO: [ view_parse ] --START--
NOTIC: [8] Undefined index: username D:\PHP\wamp\www\DE\Runtime\Cache\412fc1c42afb6b35093bbc415f909a5f039ccee0.file.header.html.php 第 60 行.
INFO: Run Behavior\ParseTemplateBehavior [ RunTime:0.035433s ]
INFO: [ view_parse ] --END-- [ RunTime:0.035788s ]
INFO: [ view_filter ] --START--
INFO: Run Behavior\WriteHtmlCacheBehavior [ RunTime:0.000949s ]
INFO: [ view_filter ] --END-- [ RunTime:0.001114s ]
INFO: [ view_parse ] --START--
INFO: Run Behavior\ParseTemplateBehavior [ RunTime:0.001403s ]
INFO: [ view_parse ] --END-- [ RunTime:-0.001672s ]
INFO: [ view_filter ] --START--
INFO: Run Behavior\WriteHtmlCacheBehavior [ RunTime:0.000035s ]
INFO: [ view_filter ] --END-- [ RunTime:-0.002154s ]
INFO: [ view_parse ] --START--
INFO: Run Behavior\ParseTemplateBehavior [ RunTime:0.001238s ]
INFO: [ view_parse ] --END-- [ RunTime:-0.003927s ]
INFO: [ view_filter ] --START--
INFO: Run Behavior\WriteHtmlCacheBehavior [ RunTime:0.000037s ]
INFO: [ view_filter ] --END-- [ RunTime:-0.004198s ]
NOTIC: [2] Cannot modify header information - headers already sent by (output started at D:\PHP\wamp\www\ThinkPHP\ThinkPHP\Library\Think\View.class.php:95) D:\PHP\wamp\www\ThinkPHP\ThinkPHP\Library\Think\View.class.php 第 91 行.
NOTIC: [2] Cannot modify header information - headers already sent by (output started at D:\PHP\wamp\www\ThinkPHP\ThinkPHP\Library\Think\View.class.php:95) D:\PHP\wamp\www\ThinkPHP\ThinkPHP\Library\Think\View.class.php 第 92 行.
NOTIC: [2] Cannot modify header information - headers already sent by (output started at D:\PHP\wamp\www\ThinkPHP\ThinkPHP\Library\Think\View.class.php:95) D:\PHP\wamp\www\ThinkPHP\ThinkPHP\Library\Think\View.class.php 第 93 行.
INFO: [ app_end ] --START--
INFO: Run Behavior\ShowPageTraceBehavior [ RunTime:0.000827s ]
INFO: [ app_end ] --END-- [ RunTime:0.000968s ]

[ 2015-10-14T22:38:56+08:00 ] 127.0.0.1 /index.php/Home/User/register.html
INFO: [ app_init ] --START--
INFO: Run Behavior\BuildLiteBehavior [ RunTime:0.000032s ]
INFO: [ app_init ] --END-- [ RunTime:0.000500s ]
INFO: [ app_begin ] --START--
INFO: Run Behavior\ReadHtmlCacheBehavior [ RunTime:0.000525s ]
INFO: [ app_begin ] --END-- [ RunTime:0.000669s ]
NOTIC: [2048] Declaration of Home\Controller\UserController::success() should be compatible with Think\Controller::success($message = '', $jumpUrl = '', $ajax = false) D:\PHP\wamp\www\DE\Home\Controller\UserController.class.php 第 494 行.
SQL: SHOW COLUMNS FROM `sw_user` [ RunTime:0.0081s ]

[ 2015-10-14T22:40:40+08:00 ] 127.0.0.1 /index.php/Home/User/register.html
INFO: [ app_init ] --START--
INFO: Run Behavior\BuildLiteBehavior [ RunTime:0.000046s ]
INFO: [ app_init ] --END-- [ RunTime:0.000610s ]
INFO: [ app_begin ] --START--
INFO: Run Behavior\ReadHtmlCacheBehavior [ RunTime:0.000784s ]
INFO: [ app_begin ] --END-- [ RunTime:0.000945s ]
NOTIC: [2048] Declaration of Home\Controller\UserController::success() should be compatible with Think\Controller::success($message = '', $jumpUrl = '', $ajax = false) D:\PHP\wamp\www\DE\Home\Controller\UserController.class.php 第 494 行.
SQL: SHOW COLUMNS FROM `sw_user` [ RunTime:0.0079s ]
INFO: [ view_parse ] --START--
NOTIC: [8] Undefined index: username D:\PHP\wamp\www\DE\Runtime\Cache\412fc1c42afb6b35093bbc415f909a5f039ccee0.file.header.html.php 第 60 行.
INFO: Run Behavior\ParseTemplateBehavior [ RunTime:0.012646s ]
INFO: [ view_parse ] --END-- [ RunTime:0.012851s ]
INFO: [ view_filter ] --START--
INFO: Run Behavior\WriteHtmlCacheBehavior [ RunTime:0.000611s ]
INFO: [ view_filter ] --END-- [ RunTime:0.000774s ]
INFO: [ view_parse ] --START--
INFO: Run Behavior\ParseTemplateBehavior [ RunTime:0.222577s ]
INFO: [ view_parse ] --END-- [ RunTime:-0.001332s ]
INFO: [ view_filter ] --START--
INFO: Run Behavior\WriteHtmlCacheBehavior [ RunTime:0.000135s ]
INFO: [ view_filter ] --END-- [ RunTime:-0.223673s ]
INFO: [ view_parse ] --START--
INFO: Run Behavior\ParseTemplateBehavior [ RunTime:0.002230s ]
INFO: [ view_parse ] --END-- [ RunTime:-0.228706s ]
INFO: [ view_filter ] --START--
INFO: Run Behavior\WriteHtmlCacheBehavior [ RunTime:0.000041s ]
INFO: [ view_filter ] --END-- [ RunTime:-0.230496s ]
NOTIC: [2] Cannot modify header information - headers already sent by (output started at D:\PHP\wamp\www\ThinkPHP\ThinkPHP\Library\Think\View.class.php:95) D:\PHP\wamp\www\ThinkPHP\ThinkPHP\Library\Think\View.class.php 第 91 行.
NOTIC: [2] Cannot modify header information - headers already sent by (output started at D:\PHP\wamp\www\ThinkPHP\ThinkPHP\Library\Think\View.class.php:95) D:\PHP\wamp\www\ThinkPHP\ThinkPHP\Library\Think\View.class.php 第 92 行.
NOTIC: [2] Cannot modify header information - headers already sent by (output started at D:\PHP\wamp\www\ThinkPHP\ThinkPHP\Library\Think\View.class.php:95) D:\PHP\wamp\www\ThinkPHP\ThinkPHP\Library\Think\View.class.php 第 93 行.
INFO: [ app_end ] --START--
INFO: Run Behavior\ShowPageTraceBehavior [ RunTime:0.001768s ]
INFO: [ app_end ] --END-- [ RunTime:0.002021s ]

[ 2015-10-14T22:40:42+08:00 ] 127.0.0.1 /index.php/Home/User/register.html
INFO: [ app_init ] --START--
INFO: Run Behavior\BuildLiteBehavior [ RunTime:0.000043s ]
INFO: [ app_init ] --END-- [ RunTime:0.001501s ]
INFO: [ app_begin ] --START--
INFO: Run Behavior\ReadHtmlCacheBehavior [ RunTime:0.000821s ]
INFO: [ app_begin ] --END-- [ RunTime:0.000990s ]
NOTIC: [2048] Declaration of Home\Controller\UserController::success() should be compatible with Think\Controller::success($message = '', $jumpUrl = '', $ajax = false) D:\PHP\wamp\www\DE\Home\Controller\UserController.class.php 第 494 行.
SQL: SHOW COLUMNS FROM `sw_user` [ RunTime:0.0091s ]
INFO: [ view_parse ] --START--
NOTIC: [8] Undefined index: username D:\PHP\wamp\www\DE\Runtime\Cache\412fc1c42afb6b35093bbc415f909a5f039ccee0.file.header.html.php 第 60 行.
INFO: Run Behavior\ParseTemplateBehavior [ RunTime:0.016300s ]
INFO: [ view_parse ] --END-- [ RunTime:0.016452s ]
INFO: [ view_filter ] --START--
INFO: Run Behavior\WriteHtmlCacheBehavior [ RunTime:0.000578s ]
INFO: [ view_filter ] --END-- [ RunTime:0.000733s ]
INFO: [ view_parse ] --START--
INFO: Run Behavior\ParseTemplateBehavior [ RunTime:0.001027s ]
INFO: [ view_parse ] --END-- [ RunTime:-0.001224s ]
INFO: [ view_filter ] --START--
INFO: Run Behavior\WriteHtmlCacheBehavior [ RunTime:0.000035s ]
INFO: [ view_filter ] --END-- [ RunTime:-0.001651s ]
INFO: [ view_parse ] --START--
INFO: Run Behavior\ParseTemplateBehavior [ RunTime:0.002204s ]
INFO: [ view_parse ] --END-- [ RunTime:-0.003311s ]
INFO: [ view_filter ] --START--
INFO: Run Behavior\WriteHtmlCacheBehavior [ RunTime:0.000071s ]
INFO: [ view_filter ] --END-- [ RunTime:-0.005144s ]
NOTIC: [2] Cannot modify header information - headers already sent by (output started at D:\PHP\wamp\www\ThinkPHP\ThinkPHP\Library\Think\View.class.php:95) D:\PHP\wamp\www\ThinkPHP\ThinkPHP\Library\Think\View.class.php 第 91 行.
NOTIC: [2] Cannot modify header information - headers already sent by (output started at D:\PHP\wamp\www\ThinkPHP\ThinkPHP\Library\Think\View.class.php:95) D:\PHP\wamp\www\ThinkPHP\ThinkPHP\Library\Think\View.class.php 第 92 行.
NOTIC: [2] Cannot modify header information - headers already sent by (output started at D:\PHP\wamp\www\ThinkPHP\ThinkPHP\Library\Think\View.class.php:95) D:\PHP\wamp\www\ThinkPHP\ThinkPHP\Library\Think\View.class.php 第 93 行.
INFO: [ app_end ] --START--
INFO: Run Behavior\ShowPageTraceBehavior [ RunTime:0.000733s ]
INFO: [ app_end ] --END-- [ RunTime:0.000892s ]

[ 2015-10-14T22:40:43+08:00 ] 127.0.0.1 /index.php/Home/User/register.html
INFO: [ app_init ] --START--
INFO: Run Behavior\BuildLiteBehavior [ RunTime:0.000032s ]
INFO: [ app_init ] --END-- [ RunTime:0.000582s ]
INFO: [ app_begin ] --START--
INFO: Run Behavior\ReadHtmlCacheBehavior [ RunTime:0.000695s ]
INFO: [ app_begin ] --END-- [ RunTime:0.000849s ]
NOTIC: [2048] Declaration of Home\Controller\UserController::success() should be compatible with Think\Controller::success($message = '', $jumpUrl = '', $ajax = false) D:\PHP\wamp\www\DE\Home\Controller\UserController.class.php 第 494 行.
SQL: SHOW COLUMNS FROM `sw_user` [ RunTime:0.0649s ]
INFO: [ view_parse ] --START--
NOTIC: [8] Undefined index: username D:\PHP\wamp\www\DE\Runtime\Cache\412fc1c42afb6b35093bbc415f909a5f039ccee0.file.header.html.php 第 60 行.
INFO: Run Behavior\ParseTemplateBehavior [ RunTime:0.015291s ]
INFO: [ view_parse ] --END-- [ RunTime:0.015487s ]
INFO: [ view_filter ] --START--
INFO: Run Behavior\WriteHtmlCacheBehavior [ RunTime:0.000854s ]
INFO: [ view_filter ] --END-- [ RunTime:0.001076s ]
INFO: [ view_parse ] --START--
INFO: Run Behavior\ParseTemplateBehavior [ RunTime:0.001885s ]
INFO: [ view_parse ] --END-- [ RunTime:-0.001671s ]
INFO: [ view_filter ] --START--
INFO: Run Behavior\WriteHtmlCacheBehavior [ RunTime:0.000042s ]
INFO: [ view_filter ] --END-- [ RunTime:-0.002636s ]
INFO: [ view_parse ] --START--
INFO: Run Behavior\ParseTemplateBehavior [ RunTime:0.002243s ]
INFO: [ view_parse ] --END-- [ RunTime:-0.004809s ]
INFO: [ view_filter ] --START--
INFO: Run Behavior\WriteHtmlCacheBehavior [ RunTime:0.000077s ]
INFO: [ view_filter ] --END-- [ RunTime:-0.006327s ]
NOTIC: [2] Cannot modify header information - headers already sent by (output started at D:\PHP\wamp\www\ThinkPHP\ThinkPHP\Library\Think\View.class.php:95) D:\PHP\wamp\www\ThinkPHP\ThinkPHP\Library\Think\View.class.php 第 91 行.
NOTIC: [2] Cannot modify header information - headers already sent by (output started at D:\PHP\wamp\www\ThinkPHP\ThinkPHP\Library\Think\View.class.php:95) D:\PHP\wamp\www\ThinkPHP\ThinkPHP\Library\Think\View.class.php 第 92 行.
NOTIC: [2] Cannot modify header information - headers already sent by (output started at D:\PHP\wamp\www\ThinkPHP\ThinkPHP\Library\Think\View.class.php:95) D:\PHP\wamp\www\ThinkPHP\ThinkPHP\Library\Think\View.class.php 第 93 行.
INFO: [ app_end ] --START--
INFO: Run Behavior\ShowPageTraceBehavior [ RunTime:0.001255s ]
INFO: [ app_end ] --END-- [ RunTime:0.001462s ]

[ 2015-10-14T22:40:47+08:00 ] 127.0.0.1 /index.php/Home/User/register.html
INFO: [ app_init ] --START--
INFO: Run Behavior\BuildLiteBehavior [ RunTime:0.000048s ]
INFO: [ app_init ] --END-- [ RunTime:0.000994s ]
INFO: [ app_begin ] --START--
INFO: Run Behavior\ReadHtmlCacheBehavior [ RunTime:0.000935s ]
INFO: [ app_begin ] --END-- [ RunTime:0.001127s ]
NOTIC: [2048] Declaration of Home\Controller\UserController::success() should be compatible with Think\Controller::success($message = '', $jumpUrl = '', $ajax = false) D:\PHP\wamp\www\DE\Home\Controller\UserController.class.php 第 494 行.
SQL: SHOW COLUMNS FROM `sw_user` [ RunTime:0.0088s ]
INFO: [ view_parse ] --START--
NOTIC: [8] Undefined index: username D:\PHP\wamp\www\DE\Runtime\Cache\412fc1c42afb6b35093bbc415f909a5f039ccee0.file.header.html.php 第 60 行.
INFO: Run Behavior\ParseTemplateBehavior [ RunTime:0.013276s ]
INFO: [ view_parse ] --END-- [ RunTime:0.013435s ]
INFO: [ view_filter ] --START--
INFO: Run Behavior\WriteHtmlCacheBehavior [ RunTime:0.000819s ]
INFO: [ view_filter ] --END-- [ RunTime:0.001054s ]
INFO: [ view_parse ] --START--
INFO: Run Behavior\ParseTemplateBehavior [ RunTime:0.001432s ]
INFO: [ view_parse ] --END-- [ RunTime:-0.001931s ]
INFO: [ view_filter ] --START--
INFO: Run Behavior\WriteHtmlCacheBehavior [ RunTime:0.000056s ]
INFO: [ view_filter ] --END-- [ RunTime:-0.002461s ]
INFO: [ view_parse ] --START--
INFO: Run Behavior\ParseTemplateBehavior [ RunTime:0.002223s ]
INFO: [ view_parse ] --END-- [ RunTime:-0.004355s ]
INFO: [ view_filter ] --START--
INFO: Run Behavior\WriteHtmlCacheBehavior [ RunTime:0.000083s ]
INFO: [ view_filter ] --END-- [ RunTime:-0.006024s ]
NOTIC: [2] Cannot modify header information - headers already sent by (output started at D:\PHP\wamp\www\ThinkPHP\ThinkPHP\Library\Think\View.class.php:95) D:\PHP\wamp\www\ThinkPHP\ThinkPHP\Library\Think\View.class.php 第 91 行.
NOTIC: [2] Cannot modify header information - headers already sent by (output started at D:\PHP\wamp\www\ThinkPHP\ThinkPHP\Library\Think\View.class.php:95) D:\PHP\wamp\www\ThinkPHP\ThinkPHP\Library\Think\View.class.php 第 92 行.
NOTIC: [2] Cannot modify header information - headers already sent by (output started at D:\PHP\wamp\www\ThinkPHP\ThinkPHP\Library\Think\View.class.php:95) D:\PHP\wamp\www\ThinkPHP\ThinkPHP\Library\Think\View.class.php 第 93 行.
INFO: [ app_end ] --START--
INFO: Run Behavior\ShowPageTraceBehavior [ RunTime:0.001291s ]
INFO: [ app_end ] --END-- [ RunTime:0.001593s ]

[ 2015-10-14T22:40:47+08:00 ] 127.0.0.1 /index.php/Home/User/register.html
INFO: [ app_init ] --START--
INFO: Run Behavior\BuildLiteBehavior [ RunTime:0.000038s ]
INFO: [ app_init ] --END-- [ RunTime:0.000598s ]
INFO: [ app_begin ] --START--
INFO: Run Behavior\ReadHtmlCacheBehavior [ RunTime:0.001147s ]
INFO: [ app_begin ] --END-- [ RunTime:0.001514s ]
NOTIC: [2048] Declaration of Home\Controller\UserController::success() should be compatible with Think\Controller::success($message = '', $jumpUrl = '', $ajax = false) D:\PHP\wamp\www\DE\Home\Controller\UserController.class.php 第 494 行.
SQL: SHOW COLUMNS FROM `sw_user` [ RunTime:0.0124s ]
INFO: [ view_parse ] --START--
NOTIC: [8] Undefined index: username D:\PHP\wamp\www\DE\Runtime\Cache\412fc1c42afb6b35093bbc415f909a5f039ccee0.file.header.html.php 第 60 行.
INFO: Run Behavior\ParseTemplateBehavior [ RunTime:0.014670s ]
INFO: [ view_parse ] --END-- [ RunTime:0.014877s ]
INFO: [ view_filter ] --START--
INFO: Run Behavior\WriteHtmlCacheBehavior [ RunTime:0.000551s ]
INFO: [ view_filter ] --END-- [ RunTime:0.000729s ]
INFO: [ view_parse ] --START--
INFO: Run Behavior\ParseTemplateBehavior [ RunTime:0.001440s ]
INFO: [ view_parse ] --END-- [ RunTime:-0.001966s ]
INFO: [ view_filter ] --START--
INFO: Run Behavior\WriteHtmlCacheBehavior [ RunTime:0.000038s ]
INFO: [ view_filter ] --END-- [ RunTime:-0.002926s ]
INFO: [ view_parse ] --START--
INFO: Run Behavior\ParseTemplateBehavior [ RunTime:0.001535s ]
INFO: [ view_parse ] --END-- [ RunTime:-0.004437s ]
INFO: [ view_filter ] --START--
INFO: Run Behavior\WriteHtmlCacheBehavior [ RunTime:0.000066s ]
INFO: [ view_filter ] --END-- [ RunTime:-0.005547s ]
NOTIC: [2] Cannot modify header information - headers already sent by (output started at D:\PHP\wamp\www\ThinkPHP\ThinkPHP\Library\Think\View.class.php:95) D:\PHP\wamp\www\ThinkPHP\ThinkPHP\Library\Think\View.class.php 第 91 行.
NOTIC: [2] Cannot modify header information - headers already sent by (output started at D:\PHP\wamp\www\ThinkPHP\ThinkPHP\Library\Think\View.class.php:95) D:\PHP\wamp\www\ThinkPHP\ThinkPHP\Library\Think\View.class.php 第 92 行.
NOTIC: [2] Cannot modify header information - headers already sent by (output started at D:\PHP\wamp\www\ThinkPHP\ThinkPHP\Library\Think\View.class.php:95) D:\PHP\wamp\www\ThinkPHP\ThinkPHP\Library\Think\View.class.php 第 93 行.
INFO: [ app_end ] --START--
INFO: Run Behavior\ShowPageTraceBehavior [ RunTime:0.000785s ]
INFO: [ app_end ] --END-- [ RunTime:0.000956s ]

[ 2015-10-14T22:41:47+08:00 ] 127.0.0.1 /index.php/Home/User/register.html
INFO: [ app_init ] --START--
INFO: Run Behavior\BuildLiteBehavior [ RunTime:0.000040s ]
INFO: [ app_init ] --END-- [ RunTime:0.000621s ]
INFO: [ app_begin ] --START--
INFO: Run Behavior\ReadHtmlCacheBehavior [ RunTime:0.000666s ]
INFO: [ app_begin ] --END-- [ RunTime:0.000856s ]
NOTIC: [2048] Declaration of Home\Controller\UserController::success() should be compatible with Think\Controller::success($message = '', $jumpUrl = '', $ajax = false) D:\PHP\wamp\www\DE\Home\Controller\UserController.class.php 第 494 行.
SQL: SHOW COLUMNS FROM `sw_user` [ RunTime:0.0092s ]
INFO: [ view_parse ] --START--
NOTIC: [8] Undefined index: username D:\PHP\wamp\www\DE\Runtime\Cache\412fc1c42afb6b35093bbc415f909a5f039ccee0.file.header.html.php 第 60 行.
INFO: Run Behavior\ParseTemplateBehavior [ RunTime:0.010392s ]
INFO: [ view_parse ] --END-- [ RunTime:0.010549s ]
INFO: [ view_filter ] --START--
INFO: Run Behavior\WriteHtmlCacheBehavior [ RunTime:0.000588s ]
INFO: [ view_filter ] --END-- [ RunTime:0.000721s ]
INFO: [ view_parse ] --START--
INFO: Run Behavior\ParseTemplateBehavior [ RunTime:0.211332s ]
INFO: [ view_parse ] --END-- [ RunTime:-0.001187s ]
INFO: [ view_filter ] --START--
INFO: Run Behavior\WriteHtmlCacheBehavior [ RunTime:0.000039s ]
INFO: [ view_filter ] --END-- [ RunTime:-0.211965s ]
INFO: [ view_parse ] --START--
INFO: Run Behavior\ParseTemplateBehavior [ RunTime:0.002671s ]
INFO: [ view_parse ] --END-- [ RunTime:-0.215765s ]
INFO: [ view_filter ] --START--
INFO: Run Behavior\WriteHtmlCacheBehavior [ RunTime:0.000059s ]
INFO: [ view_filter ] --END-- [ RunTime:-0.218103s ]
NOTIC: [2] Cannot modify header information - headers already sent by (output started at D:\PHP\wamp\www\ThinkPHP\ThinkPHP\Library\Think\View.class.php:95) D:\PHP\wamp\www\ThinkPHP\ThinkPHP\Library\Think\View.class.php 第 91 行.
NOTIC: [2] Cannot modify header information - headers already sent by (output started at D:\PHP\wamp\www\ThinkPHP\ThinkPHP\Library\Think\View.class.php:95) D:\PHP\wamp\www\ThinkPHP\ThinkPHP\Library\Think\View.class.php 第 92 行.
NOTIC: [2] Cannot modify header information - headers already sent by (output started at D:\PHP\wamp\www\ThinkPHP\ThinkPHP\Library\Think\View.class.php:95) D:\PHP\wamp\www\ThinkPHP\ThinkPHP\Library\Think\View.class.php 第 93 行.
INFO: [ app_end ] --START--
INFO: Run Behavior\ShowPageTraceBehavior [ RunTime:0.001774s ]
INFO: [ app_end ] --END-- [ RunTime:0.002036s ]

[ 2015-10-14T22:41:48+08:00 ] 127.0.0.1 /index.php/Home/User/register.html
INFO: [ app_init ] --START--
INFO: Run Behavior\BuildLiteBehavior [ RunTime:0.000060s ]
INFO: [ app_init ] --END-- [ RunTime:0.000941s ]
INFO: [ app_begin ] --START--
INFO: Run Behavior\ReadHtmlCacheBehavior [ RunTime:0.000572s ]
INFO: [ app_begin ] --END-- [ RunTime:0.000724s ]
NOTIC: [2048] Declaration of Home\Controller\UserController::success() should be compatible with Think\Controller::success($message = '', $jumpUrl = '', $ajax = false) D:\PHP\wamp\www\DE\Home\Controller\UserController.class.php 第 494 行.
SQL: SHOW COLUMNS FROM `sw_user` [ RunTime:0.0088s ]
INFO: [ view_parse ] --START--
NOTIC: [8] Undefined index: username D:\PHP\wamp\www\DE\Runtime\Cache\412fc1c42afb6b35093bbc415f909a5f039ccee0.file.header.html.php 第 60 行.
INFO: Run Behavior\ParseTemplateBehavior [ RunTime:0.010157s ]
INFO: [ view_parse ] --END-- [ RunTime:0.010320s ]
INFO: [ view_filter ] --START--
INFO: Run Behavior\WriteHtmlCacheBehavior [ RunTime:0.000547s ]
INFO: [ view_filter ] --END-- [ RunTime:0.000695s ]
INFO: [ view_parse ] --START--
INFO: Run Behavior\ParseTemplateBehavior [ RunTime:0.001274s ]
INFO: [ view_parse ] --END-- [ RunTime:-0.001175s ]
INFO: [ view_filter ] --START--
INFO: Run Behavior\WriteHtmlCacheBehavior [ RunTime:0.000045s ]
INFO: [ view_filter ] --END-- [ RunTime:-0.001887s ]
INFO: [ view_parse ] --START--
INFO: Run Behavior\ParseTemplateBehavior [ RunTime:0.002290s ]
INFO: [ view_parse ] --END-- [ RunTime:-0.003596s ]
INFO: [ view_filter ] --START--
INFO: Run Behavior\WriteHtmlCacheBehavior [ RunTime:0.000078s ]
INFO: [ view_filter ] --END-- [ RunTime:-0.005540s ]
NOTIC: [2] Cannot modify header information - headers already sent by (output started at D:\PHP\wamp\www\ThinkPHP\ThinkPHP\Library\Think\View.class.php:95) D:\PHP\wamp\www\ThinkPHP\ThinkPHP\Library\Think\View.class.php 第 91 行.
NOTIC: [2] Cannot modify header information - headers already sent by (output started at D:\PHP\wamp\www\ThinkPHP\ThinkPHP\Library\Think\View.class.php:95) D:\PHP\wamp\www\ThinkPHP\ThinkPHP\Library\Think\View.class.php 第 92 行.
NOTIC: [2] Cannot modify header information - headers already sent by (output started at D:\PHP\wamp\www\ThinkPHP\ThinkPHP\Library\Think\View.class.php:95) D:\PHP\wamp\www\ThinkPHP\ThinkPHP\Library\Think\View.class.php 第 93 行.
INFO: [ app_end ] --START--
INFO: Run Behavior\ShowPageTraceBehavior [ RunTime:0.000986s ]
INFO: [ app_end ] --END-- [ RunTime:0.001142s ]

[ 2015-10-14T22:42:41+08:00 ] 127.0.0.1 /index.php/Home/User/register.html
INFO: [ app_init ] --START--
INFO: Run Behavior\BuildLiteBehavior [ RunTime:0.000034s ]
INFO: [ app_init ] --END-- [ RunTime:0.000587s ]
INFO: [ app_begin ] --START--
INFO: Run Behavior\ReadHtmlCacheBehavior [ RunTime:0.000652s ]
INFO: [ app_begin ] --END-- [ RunTime:0.000796s ]
NOTIC: [2048] Declaration of Home\Controller\UserController::success() should be compatible with Think\Controller::success($message = '', $jumpUrl = '', $ajax = false) D:\PHP\wamp\www\DE\Home\Controller\UserController.class.php 第 494 行.
SQL: SHOW COLUMNS FROM `sw_user` [ RunTime:0.0087s ]
INFO: [ view_parse ] --START--
NOTIC: [8] Undefined index: username D:\PHP\wamp\www\DE\Runtime\Cache\412fc1c42afb6b35093bbc415f909a5f039ccee0.file.header.html.php 第 60 行.
INFO: Run Behavior\ParseTemplateBehavior [ RunTime:0.014741s ]
INFO: [ view_parse ] --END-- [ RunTime:0.014990s ]
INFO: [ view_filter ] --START--
INFO: Run Behavior\WriteHtmlCacheBehavior [ RunTime:0.000575s ]
INFO: [ view_filter ] --END-- [ RunTime:0.000710s ]
INFO: [ view_parse ] --START--
INFO: Run Behavior\ParseTemplateBehavior [ RunTime:0.140531s ]
INFO: [ view_parse ] --END-- [ RunTime:-0.001231s ]
INFO: [ view_filter ] --START--
INFO: Run Behavior\WriteHtmlCacheBehavior [ RunTime:0.000040s ]
INFO: [ view_filter ] --END-- [ RunTime:-0.141184s ]
INFO: [ view_parse ] --START--
INFO: Run Behavior\ParseTemplateBehavior [ RunTime:0.002735s ]
INFO: [ view_parse ] --END-- [ RunTime:-0.143392s ]
INFO: [ view_filter ] --START--
INFO: Run Behavior\WriteHtmlCacheBehavior [ RunTime:0.000087s ]
INFO: [ view_filter ] --END-- [ RunTime:-0.145815s ]
NOTIC: [2] Cannot modify header information - headers already sent by (output started at D:\PHP\wamp\www\ThinkPHP\ThinkPHP\Library\Think\View.class.php:95) D:\PHP\wamp\www\ThinkPHP\ThinkPHP\Library\Think\View.class.php 第 91 行.
NOTIC: [2] Cannot modify header information - headers already sent by (output started at D:\PHP\wamp\www\ThinkPHP\ThinkPHP\Library\Think\View.class.php:95) D:\PHP\wamp\www\ThinkPHP\ThinkPHP\Library\Think\View.class.php 第 92 行.
NOTIC: [2] Cannot modify header information - headers already sent by (output started at D:\PHP\wamp\www\ThinkPHP\ThinkPHP\Library\Think\View.class.php:95) D:\PHP\wamp\www\ThinkPHP\ThinkPHP\Library\Think\View.class.php 第 93 行.
INFO: [ app_end ] --START--
INFO: Run Behavior\ShowPageTraceBehavior [ RunTime:0.001881s ]
INFO: [ app_end ] --END-- [ RunTime:0.002175s ]

[ 2015-10-14T22:43:42+08:00 ] 127.0.0.1 /index.php/Home/User/register.html
INFO: [ app_init ] --START--
INFO: Run Behavior\BuildLiteBehavior [ RunTime:0.000040s ]
INFO: [ app_init ] --END-- [ RunTime:0.000714s ]
INFO: [ app_begin ] --START--
INFO: Run Behavior\ReadHtmlCacheBehavior [ RunTime:0.001199s ]
INFO: [ app_begin ] --END-- [ RunTime:0.001467s ]
NOTIC: [2048] Declaration of Home\Controller\UserController::success() should be compatible with Think\Controller::success($message = '', $jumpUrl = '', $ajax = false) D:\PHP\wamp\www\DE\Home\Controller\UserController.class.php 第 494 行.
SQL: SHOW COLUMNS FROM `sw_user` [ RunTime:0.0105s ]
INFO: [ view_parse ] --START--
NOTIC: [8] Undefined index: username D:\PHP\wamp\www\DE\Runtime\Cache\412fc1c42afb6b35093bbc415f909a5f039ccee0.file.header.html.php 第 60 行.
INFO: Run Behavior\ParseTemplateBehavior [ RunTime:0.014105s ]
INFO: [ view_parse ] --END-- [ RunTime:0.014278s ]
INFO: [ view_filter ] --START--
INFO: Run Behavior\WriteHtmlCacheBehavior [ RunTime:0.000576s ]
INFO: [ view_filter ] --END-- [ RunTime:0.000712s ]
INFO: [ view_parse ] --START--
INFO: Run Behavior\ParseTemplateBehavior [ RunTime:0.081493s ]
INFO: [ view_parse ] --END-- [ RunTime:-0.001228s ]
INFO: [ view_filter ] --START--
INFO: Run Behavior\WriteHtmlCacheBehavior [ RunTime:0.000049s ]
INFO: [ view_filter ] --END-- [ RunTime:-0.082142s ]
INFO: [ view_parse ] --START--
INFO: Run Behavior\ParseTemplateBehavior [ RunTime:0.001130s ]
INFO: [ view_parse ] --END-- [ RunTime:-0.083720s ]
INFO: [ view_filter ] --START--
INFO: Run Behavior\WriteHtmlCacheBehavior [ RunTime:0.000035s ]
INFO: [ view_filter ] --END-- [ RunTime:-0.084258s ]
NOTIC: [2] Cannot modify header information - headers already sent by (output started at D:\PHP\wamp\www\ThinkPHP\ThinkPHP\Library\Think\View.class.php:95) D:\PHP\wamp\www\ThinkPHP\ThinkPHP\Library\Think\View.class.php 第 91 行.
NOTIC: [2] Cannot modify header information - headers already sent by (output started at D:\PHP\wamp\www\ThinkPHP\ThinkPHP\Library\Think\View.class.php:95) D:\PHP\wamp\www\ThinkPHP\ThinkPHP\Library\Think\View.class.php 第 92 行.
NOTIC: [2] Cannot modify header information - headers already sent by (output started at D:\PHP\wamp\www\ThinkPHP\ThinkPHP\Library\Think\View.class.php:95) D:\PHP\wamp\www\ThinkPHP\ThinkPHP\Library\Think\View.class.php 第 93 行.
INFO: [ app_end ] --START--
INFO: Run Behavior\ShowPageTraceBehavior [ RunTime:0.001077s ]
INFO: [ app_end ] --END-- [ RunTime:0.001213s ]

[ 2015-10-14T22:45:45+08:00 ] 127.0.0.1 /index.php/Home/User/register.html
INFO: [ app_init ] --START--
INFO: Run Behavior\BuildLiteBehavior [ RunTime:0.000036s ]
INFO: [ app_init ] --END-- [ RunTime:0.000622s ]
INFO: [ app_begin ] --START--
INFO: Run Behavior\ReadHtmlCacheBehavior [ RunTime:0.000779s ]
INFO: [ app_begin ] --END-- [ RunTime:0.000981s ]
NOTIC: [2048] Declaration of Home\Controller\UserController::success() should be compatible with Think\Controller::success($message = '', $jumpUrl = '', $ajax = false) D:\PHP\wamp\www\DE\Home\Controller\UserController.class.php 第 494 行.
SQL: SHOW COLUMNS FROM `sw_user` [ RunTime:0.0084s ]

[ 2015-10-14T22:45:48+08:00 ] 127.0.0.1 /index.php/Home/User/register.html
INFO: [ app_init ] --START--
INFO: Run Behavior\BuildLiteBehavior [ RunTime:0.000039s ]
INFO: [ app_init ] --END-- [ RunTime:0.000612s ]
INFO: [ app_begin ] --START--
INFO: Run Behavior\ReadHtmlCacheBehavior [ RunTime:0.001066s ]
INFO: [ app_begin ] --END-- [ RunTime:0.001377s ]
NOTIC: [2048] Declaration of Home\Controller\UserController::success() should be compatible with Think\Controller::success($message = '', $jumpUrl = '', $ajax = false) D:\PHP\wamp\www\DE\Home\Controller\UserController.class.php 第 494 行.
SQL: SHOW COLUMNS FROM `sw_user` [ RunTime:0.0102s ]
INFO: [ view_parse ] --START--
NOTIC: [8] Undefined index: username D:\PHP\wamp\www\DE\Runtime\Cache\412fc1c42afb6b35093bbc415f909a5f039ccee0.file.header.html.php 第 60 行.
INFO: Run Behavior\ParseTemplateBehavior [ RunTime:0.012639s ]
INFO: [ view_parse ] --END-- [ RunTime:0.012792s ]
INFO: [ view_filter ] --START--
INFO: Run Behavior\WriteHtmlCacheBehavior [ RunTime:0.000576s ]
INFO: [ view_filter ] --END-- [ RunTime:0.000710s ]
INFO: [ view_parse ] --START--
INFO: Run Behavior\ParseTemplateBehavior [ RunTime:0.001493s ]
INFO: [ view_parse ] --END-- [ RunTime:-0.001175s ]
INFO: [ view_filter ] --START--
INFO: Run Behavior\WriteHtmlCacheBehavior [ RunTime:0.000044s ]
INFO: [ view_filter ] --END-- [ RunTime:-0.002139s ]
INFO: [ view_parse ] --START--
INFO: Run Behavior\ParseTemplateBehavior [ RunTime:0.001682s ]
INFO: [ view_parse ] --END-- [ RunTime:-0.003645s ]
INFO: [ view_filter ] --START--
INFO: Run Behavior\WriteHtmlCacheBehavior [ RunTime:0.000041s ]
INFO: [ view_filter ] --END-- [ RunTime:-0.004833s ]
NOTIC: [2] Cannot modify header information - headers already sent by (output started at D:\PHP\wamp\www\ThinkPHP\ThinkPHP\Library\Think\View.class.php:95) D:\PHP\wamp\www\ThinkPHP\ThinkPHP\Library\Think\View.class.php 第 91 行.
NOTIC: [2] Cannot modify header information - headers already sent by (output started at D:\PHP\wamp\www\ThinkPHP\ThinkPHP\Library\Think\View.class.php:95) D:\PHP\wamp\www\ThinkPHP\ThinkPHP\Library\Think\View.class.php 第 92 行.
NOTIC: [2] Cannot modify header information - headers already sent by (output started at D:\PHP\wamp\www\ThinkPHP\ThinkPHP\Library\Think\View.class.php:95) D:\PHP\wamp\www\ThinkPHP\ThinkPHP\Library\Think\View.class.php 第 93 行.
INFO: [ app_end ] --START--
INFO: Run Behavior\ShowPageTraceBehavior [ RunTime:0.000869s ]
INFO: [ app_end ] --END-- [ RunTime:0.001018s ]

[ 2015-10-14T22:45:51+08:00 ] 127.0.0.1 /index.php/Home/User/register.html
INFO: [ app_init ] --START--
INFO: Run Behavior\BuildLiteBehavior [ RunTime:0.000033s ]
INFO: [ app_init ] --END-- [ RunTime:0.000516s ]
INFO: [ app_begin ] --START--
INFO: Run Behavior\ReadHtmlCacheBehavior [ RunTime:0.000529s ]
INFO: [ app_begin ] --END-- [ RunTime:0.000673s ]
NOTIC: [2048] Declaration of Home\Controller\UserController::success() should be compatible with Think\Controller::success($message = '', $jumpUrl = '', $ajax = false) D:\PHP\wamp\www\DE\Home\Controller\UserController.class.php 第 494 行.
SQL: SHOW COLUMNS FROM `sw_user` [ RunTime:0.0100s ]

[ 2015-10-14T22:45:53+08:00 ] 127.0.0.1 /index.php/Home/User/register.html
INFO: [ app_init ] --START--
INFO: Run Behavior\BuildLiteBehavior [ RunTime:0.000039s ]
INFO: [ app_init ] --END-- [ RunTime:0.000636s ]
INFO: [ app_begin ] --START--
INFO: Run Behavior\ReadHtmlCacheBehavior [ RunTime:0.000650s ]
INFO: [ app_begin ] --END-- [ RunTime:0.000834s ]
NOTIC: [2048] Declaration of Home\Controller\UserController::success() should be compatible with Think\Controller::success($message = '', $jumpUrl = '', $ajax = false) D:\PHP\wamp\www\DE\Home\Controller\UserController.class.php 第 494 行.
SQL: SHOW COLUMNS FROM `sw_user` [ RunTime:0.0088s ]
INFO: [ view_parse ] --START--
NOTIC: [8] Undefined index: username D:\PHP\wamp\www\DE\Runtime\Cache\412fc1c42afb6b35093bbc415f909a5f039ccee0.file.header.html.php 第 60 行.
INFO: Run Behavior\ParseTemplateBehavior [ RunTime:0.012311s ]
INFO: [ view_parse ] --END-- [ RunTime:0.012489s ]
INFO: [ view_filter ] --START--
INFO: Run Behavior\WriteHtmlCacheBehavior [ RunTime:0.000565s ]
INFO: [ view_filter ] --END-- [ RunTime:0.000700s ]
INFO: [ view_parse ] --START--
INFO: Run Behavior\ParseTemplateBehavior [ RunTime:0.001311s ]
INFO: [ view_parse ] --END-- [ RunTime:-0.001159s ]
INFO: [ view_filter ] --START--
INFO: Run Behavior\WriteHtmlCacheBehavior [ RunTime:0.000036s ]
INFO: [ view_filter ] --END-- [ RunTime:-0.001946s ]
INFO: [ view_parse ] --START--
INFO: Run Behavior\ParseTemplateBehavior [ RunTime:0.001311s ]
INFO: [ view_parse ] --END-- [ RunTime:-0.003284s ]
INFO: [ view_filter ] --START--
INFO: Run Behavior\WriteHtmlCacheBehavior [ RunTime:0.000036s ]
INFO: [ view_filter ] --END-- [ RunTime:-0.004045s ]
NOTIC: [2] Cannot modify header information - headers already sent by (output started at D:\PHP\wamp\www\ThinkPHP\ThinkPHP\Library\Think\View.class.php:95) D:\PHP\wamp\www\ThinkPHP\ThinkPHP\Library\Think\View.class.php 第 91 行.
NOTIC: [2] Cannot modify header information - headers already sent by (output started at D:\PHP\wamp\www\ThinkPHP\ThinkPHP\Library\Think\View.class.php:95) D:\PHP\wamp\www\ThinkPHP\ThinkPHP\Library\Think\View.class.php 第 92 行.
NOTIC: [2] Cannot modify header information - headers already sent by (output started at D:\PHP\wamp\www\ThinkPHP\ThinkPHP\Library\Think\View.class.php:95) D:\PHP\wamp\www\ThinkPHP\ThinkPHP\Library\Think\View.class.php 第 93 行.
INFO: [ app_end ] --START--
INFO: Run Behavior\ShowPageTraceBehavior [ RunTime:0.000906s ]
INFO: [ app_end ] --END-- [ RunTime:0.001081s ]

[ 2015-10-14T22:47:07+08:00 ] 127.0.0.1 /index.php/Home/User/register.html
INFO: [ app_init ] --START--
INFO: Run Behavior\BuildLiteBehavior [ RunTime:0.000046s ]
INFO: [ app_init ] --END-- [ RunTime:0.000708s ]
INFO: [ app_begin ] --START--
INFO: Run Behavior\ReadHtmlCacheBehavior [ RunTime:0.000846s ]
INFO: [ app_begin ] --END-- [ RunTime:0.001076s ]
NOTIC: [2048] Declaration of Home\Controller\UserController::success() should be compatible with Think\Controller::success($message = '', $jumpUrl = '', $ajax = false) D:\PHP\wamp\www\DE\Home\Controller\UserController.class.php 第 494 行.
SQL: SHOW COLUMNS FROM `sw_user` [ RunTime:0.0091s ]
INFO: [ view_parse ] --START--
NOTIC: [8] Undefined index: username D:\PHP\wamp\www\DE\Runtime\Cache\412fc1c42afb6b35093bbc415f909a5f039ccee0.file.header.html.php 第 60 行.
INFO: Run Behavior\ParseTemplateBehavior [ RunTime:0.011644s ]
INFO: [ view_parse ] --END-- [ RunTime:0.011803s ]
INFO: [ view_filter ] --START--
INFO: Run Behavior\WriteHtmlCacheBehavior [ RunTime:0.000651s ]
INFO: [ view_filter ] --END-- [ RunTime:0.000835s ]
INFO: [ view_parse ] --START--
INFO: Run Behavior\ParseTemplateBehavior [ RunTime:0.156231s ]
INFO: [ view_parse ] --END-- [ RunTime:-0.001396s ]
INFO: [ view_filter ] --START--
INFO: Run Behavior\WriteHtmlCacheBehavior [ RunTime:0.000060s ]
INFO: [ view_filter ] --END-- [ RunTime:-0.157036s ]
INFO: [ view_parse ] --START--
INFO: Run Behavior\ParseTemplateBehavior [ RunTime:0.001229s ]
INFO: [ view_parse ] --END-- [ RunTime:-0.158839s ]
INFO: [ view_filter ] --START--
INFO: Run Behavior\WriteHtmlCacheBehavior [ RunTime:0.000037s ]
INFO: [ view_filter ] --END-- [ RunTime:-0.159365s ]
NOTIC: [2] Cannot modify header information - headers already sent by (output started at D:\PHP\wamp\www\ThinkPHP\ThinkPHP\Library\Think\View.class.php:95) D:\PHP\wamp\www\ThinkPHP\ThinkPHP\Library\Think\View.class.php 第 91 行.
NOTIC: [2] Cannot modify header information - headers already sent by (output started at D:\PHP\wamp\www\ThinkPHP\ThinkPHP\Library\Think\View.class.php:95) D:\PHP\wamp\www\ThinkPHP\ThinkPHP\Library\Think\View.class.php 第 92 行.
NOTIC: [2] Cannot modify header information - headers already sent by (output started at D:\PHP\wamp\www\ThinkPHP\ThinkPHP\Library\Think\View.class.php:95) D:\PHP\wamp\www\ThinkPHP\ThinkPHP\Library\Think\View.class.php 第 93 行.
INFO: [ app_end ] --START--
INFO: Run Behavior\ShowPageTraceBehavior [ RunTime:0.001318s ]
INFO: [ app_end ] --END-- [ RunTime:0.001476s ]

[ 2015-10-14T22:47:26+08:00 ] 127.0.0.1 /index.php/Home/User/register.html
INFO: [ app_init ] --START--
INFO: Run Behavior\BuildLiteBehavior [ RunTime:0.000031s ]
INFO: [ app_init ] --END-- [ RunTime:0.000534s ]
INFO: [ app_begin ] --START--
INFO: Run Behavior\ReadHtmlCacheBehavior [ RunTime:0.000903s ]
INFO: [ app_begin ] --END-- [ RunTime:0.001081s ]
NOTIC: [2048] Declaration of Home\Controller\UserController::success() should be compatible with Think\Controller::success($message = '', $jumpUrl = '', $ajax = false) D:\PHP\wamp\www\DE\Home\Controller\UserController.class.php 第 494 行.
SQL: SHOW COLUMNS FROM `sw_user` [ RunTime:0.0093s ]

[ 2015-10-14T22:47:34+08:00 ] 127.0.0.1 /index.php/Home/User/register.html
INFO: [ app_init ] --START--
INFO: Run Behavior\BuildLiteBehavior [ RunTime:0.000051s ]
INFO: [ app_init ] --END-- [ RunTime:0.000667s ]
INFO: [ app_begin ] --START--
INFO: Run Behavior\ReadHtmlCacheBehavior [ RunTime:0.000597s ]
INFO: [ app_begin ] --END-- [ RunTime:0.000750s ]
NOTIC: [2048] Declaration of Home\Controller\UserController::success() should be compatible with Think\Controller::success($message = '', $jumpUrl = '', $ajax = false) D:\PHP\wamp\www\DE\Home\Controller\UserController.class.php 第 494 行.
SQL: SHOW COLUMNS FROM `sw_user` [ RunTime:0.0086s ]
INFO: [ view_parse ] --START--
NOTIC: [8] Undefined index: username D:\PHP\wamp\www\DE\Runtime\Cache\412fc1c42afb6b35093bbc415f909a5f039ccee0.file.header.html.php 第 60 行.
INFO: Run Behavior\ParseTemplateBehavior [ RunTime:0.014766s ]
INFO: [ view_parse ] --END-- [ RunTime:0.014952s ]
INFO: [ view_filter ] --START--
INFO: Run Behavior\WriteHtmlCacheBehavior [ RunTime:0.000545s ]
INFO: [ view_filter ] --END-- [ RunTime:0.000679s ]
INFO: [ view_parse ] --START--
INFO: Run Behavior\ParseTemplateBehavior [ RunTime:0.001388s ]
INFO: [ view_parse ] --END-- [ RunTime:-0.001178s ]
INFO: [ view_filter ] --START--
INFO: Run Behavior\WriteHtmlCacheBehavior [ RunTime:0.000041s ]
INFO: [ view_filter ] --END-- [ RunTime:-0.002131s ]
INFO: [ view_parse ] --START--
INFO: Run Behavior\ParseTemplateBehavior [ RunTime:0.001479s ]
INFO: [ view_parse ] --END-- [ RunTime:-0.003637s ]
INFO: [ view_filter ] --START--
INFO: Run Behavior\WriteHtmlCacheBehavior [ RunTime:0.000038s ]
INFO: [ view_filter ] --END-- [ RunTime:-0.004614s ]
NOTIC: [2] Cannot modify header information - headers already sent by (output started at D:\PHP\wamp\www\ThinkPHP\ThinkPHP\Library\Think\View.class.php:95) D:\PHP\wamp\www\ThinkPHP\ThinkPHP\Library\Think\View.class.php 第 91 行.
NOTIC: [2] Cannot modify header information - headers already sent by (output started at D:\PHP\wamp\www\ThinkPHP\ThinkPHP\Library\Think\View.class.php:95) D:\PHP\wamp\www\ThinkPHP\ThinkPHP\Library\Think\View.class.php 第 92 行.
NOTIC: [2] Cannot modify header information - headers already sent by (output started at D:\PHP\wamp\www\ThinkPHP\ThinkPHP\Library\Think\View.class.php:95) D:\PHP\wamp\www\ThinkPHP\ThinkPHP\Library\Think\View.class.php 第 93 行.
INFO: [ app_end ] --START--
INFO: Run Behavior\ShowPageTraceBehavior [ RunTime:0.000798s ]
INFO: [ app_end ] --END-- [ RunTime:0.000936s ]

[ 2015-10-14T22:47:56+08:00 ] 127.0.0.1 /index.php/Home/User/register.html
INFO: [ app_init ] --START--
INFO: Run Behavior\BuildLiteBehavior [ RunTime:0.000043s ]
INFO: [ app_init ] --END-- [ RunTime:0.000735s ]
INFO: [ app_begin ] --START--
INFO: Run Behavior\ReadHtmlCacheBehavior [ RunTime:0.000635s ]
INFO: [ app_begin ] --END-- [ RunTime:0.000819s ]
NOTIC: [2048] Declaration of Home\Controller\UserController::success() should be compatible with Think\Controller::success($message = '', $jumpUrl = '', $ajax = false) D:\PHP\wamp\www\DE\Home\Controller\UserController.class.php 第 494 行.
SQL: SHOW COLUMNS FROM `sw_user` [ RunTime:0.0095s ]
NOTIC: [8] Undefined variable: waitSecond D:\PHP\wamp\www\ThinkPHP\ThinkPHP\Library\Think\Controller.class.php 第 229 行.

[ 2015-10-14T22:47:57+08:00 ] 127.0.0.1 /index.php/Home/User/register.html
INFO: [ app_init ] --START--
INFO: Run Behavior\BuildLiteBehavior [ RunTime:0.000032s ]
INFO: [ app_init ] --END-- [ RunTime:0.000495s ]
INFO: [ app_begin ] --START--
INFO: Run Behavior\ReadHtmlCacheBehavior [ RunTime:0.000675s ]
INFO: [ app_begin ] --END-- [ RunTime:0.000843s ]
NOTIC: [2048] Declaration of Home\Controller\UserController::success() should be compatible with Think\Controller::success($message = '', $jumpUrl = '', $ajax = false) D:\PHP\wamp\www\DE\Home\Controller\UserController.class.php 第 494 行.
SQL: SHOW COLUMNS FROM `sw_user` [ RunTime:0.0088s ]
INFO: [ view_parse ] --START--
NOTIC: [8] Undefined index: username D:\PHP\wamp\www\DE\Runtime\Cache\412fc1c42afb6b35093bbc415f909a5f039ccee0.file.header.html.php 第 60 行.
INFO: Run Behavior\ParseTemplateBehavior [ RunTime:0.014238s ]
INFO: [ view_parse ] --END-- [ RunTime:0.014397s ]
INFO: [ view_filter ] --START--
INFO: Run Behavior\WriteHtmlCacheBehavior [ RunTime:0.000837s ]
INFO: [ view_filter ] --END-- [ RunTime:0.001055s ]
INFO: [ view_parse ] --START--
INFO: Run Behavior\ParseTemplateBehavior [ RunTime:0.001492s ]
INFO: [ view_parse ] --END-- [ RunTime:-0.001802s ]
INFO: [ view_filter ] --START--
INFO: Run Behavior\WriteHtmlCacheBehavior [ RunTime:0.000042s ]
INFO: [ view_filter ] --END-- [ RunTime:-0.002410s ]
INFO: [ view_parse ] --START--
INFO: Run Behavior\ParseTemplateBehavior [ RunTime:0.001064s ]
INFO: [ view_parse ] --END-- [ RunTime:-0.004181s ]
INFO: [ view_filter ] --START--
INFO: Run Behavior\WriteHtmlCacheBehavior [ RunTime:0.000046s ]
INFO: [ view_filter ] --END-- [ RunTime:-0.004331s ]
NOTIC: [2] Cannot modify header information - headers already sent by (output started at D:\PHP\wamp\www\ThinkPHP\ThinkPHP\Library\Think\View.class.php:95) D:\PHP\wamp\www\ThinkPHP\ThinkPHP\Library\Think\View.class.php 第 91 行.
NOTIC: [2] Cannot modify header information - headers already sent by (output started at D:\PHP\wamp\www\ThinkPHP\ThinkPHP\Library\Think\View.class.php:95) D:\PHP\wamp\www\ThinkPHP\ThinkPHP\Library\Think\View.class.php 第 92 行.
NOTIC: [2] Cannot modify header information - headers already sent by (output started at D:\PHP\wamp\www\ThinkPHP\ThinkPHP\Library\Think\View.class.php:95) D:\PHP\wamp\www\ThinkPHP\ThinkPHP\Library\Think\View.class.php 第 93 行.
INFO: [ app_end ] --START--
INFO: Run Behavior\ShowPageTraceBehavior [ RunTime:0.000535s ]
INFO: [ app_end ] --END-- [ RunTime:0.000698s ]

[ 2015-10-14T22:52:47+08:00 ] 127.0.0.1 /index.php/Home/User/register.html
INFO: [ app_init ] --START--
INFO: Run Behavior\BuildLiteBehavior [ RunTime:0.000039s ]
INFO: [ app_init ] --END-- [ RunTime:0.000700s ]
INFO: [ app_begin ] --START--
INFO: Run Behavior\ReadHtmlCacheBehavior [ RunTime:0.000873s ]
INFO: [ app_begin ] --END-- [ RunTime:0.001060s ]
NOTIC: [2048] Declaration of Home\Controller\UserController::success() should be compatible with Think\Controller::success($message = '', $jumpUrl = '', $ajax = false) D:\PHP\wamp\www\DE\Home\Controller\UserController.class.php 第 494 行.
SQL: SHOW COLUMNS FROM `sw_user` [ RunTime:0.0102s ]
SQL: SELECT * FROM `sw_user` WHERE `username` = '1kongbao' LIMIT 1   [ RunTime:0.0007s ]
SQL: SELECT * FROM `sw_user` WHERE `user_email` = '26223961077@qq.com' LIMIT 1   [ RunTime:0.0003s ]
NOTIC: [8] Undefined variable: waitSecond D:\PHP\wamp\www\ThinkPHP\ThinkPHP\Library\Think\Controller.class.php 第 229 行.

[ 2015-10-14T22:52:49+08:00 ] 127.0.0.1 /index.php/Home/User/register.html
INFO: [ app_init ] --START--
INFO: Run Behavior\BuildLiteBehavior [ RunTime:0.000034s ]
INFO: [ app_init ] --END-- [ RunTime:0.000536s ]
INFO: [ app_begin ] --START--
INFO: Run Behavior\ReadHtmlCacheBehavior [ RunTime:0.000546s ]
INFO: [ app_begin ] --END-- [ RunTime:0.000693s ]
NOTIC: [2048] Declaration of Home\Controller\UserController::success() should be compatible with Think\Controller::success($message = '', $jumpUrl = '', $ajax = false) D:\PHP\wamp\www\DE\Home\Controller\UserController.class.php 第 494 行.
SQL: SHOW COLUMNS FROM `sw_user` [ RunTime:0.0087s ]
INFO: [ view_parse ] --START--
NOTIC: [8] Undefined index: username D:\PHP\wamp\www\DE\Runtime\Cache\412fc1c42afb6b35093bbc415f909a5f039ccee0.file.header.html.php 第 60 行.
INFO: Run Behavior\ParseTemplateBehavior [ RunTime:0.016822s ]
INFO: [ view_parse ] --END-- [ RunTime:0.016975s ]
INFO: [ view_filter ] --START--
INFO: Run Behavior\WriteHtmlCacheBehavior [ RunTime:0.000587s ]
INFO: [ view_filter ] --END-- [ RunTime:0.000721s ]
INFO: [ view_parse ] --START--
INFO: Run Behavior\ParseTemplateBehavior [ RunTime:0.001625s ]
INFO: [ view_parse ] --END-- [ RunTime:-0.001180s ]
INFO: [ view_filter ] --START--
INFO: Run Behavior\WriteHtmlCacheBehavior [ RunTime:0.000037s ]
INFO: [ view_filter ] --END-- [ RunTime:-0.002239s ]
INFO: [ view_parse ] --START--
INFO: Run Behavior\ParseTemplateBehavior [ RunTime:0.001140s ]
INFO: [ view_parse ] --END-- [ RunTime:-0.003631s ]
INFO: [ view_filter ] --START--
INFO: Run Behavior\WriteHtmlCacheBehavior [ RunTime:0.000035s ]
INFO: [ view_filter ] --END-- [ RunTime:-0.004181s ]
NOTIC: [2] Cannot modify header information - headers already sent by (output started at D:\PHP\wamp\www\ThinkPHP\ThinkPHP\Library\Think\View.class.php:95) D:\PHP\wamp\www\ThinkPHP\ThinkPHP\Library\Think\View.class.php 第 91 行.
NOTIC: [2] Cannot modify header information - headers already sent by (output started at D:\PHP\wamp\www\ThinkPHP\ThinkPHP\Library\Think\View.class.php:95) D:\PHP\wamp\www\ThinkPHP\ThinkPHP\Library\Think\View.class.php 第 92 行.
NOTIC: [2] Cannot modify header information - headers already sent by (output started at D:\PHP\wamp\www\ThinkPHP\ThinkPHP\Library\Think\View.class.php:95) D:\PHP\wamp\www\ThinkPHP\ThinkPHP\Library\Think\View.class.php 第 93 行.
INFO: [ app_end ] --START--
INFO: Run Behavior\ShowPageTraceBehavior [ RunTime:0.000663s ]
INFO: [ app_end ] --END-- [ RunTime:0.000800s ]

[ 2015-10-14T22:53:09+08:00 ] 127.0.0.1 /index.php/Home/User/register.html
INFO: [ app_init ] --START--
INFO: Run Behavior\BuildLiteBehavior [ RunTime:0.000032s ]
INFO: [ app_init ] --END-- [ RunTime:0.000516s ]
INFO: [ app_begin ] --START--
INFO: Run Behavior\ReadHtmlCacheBehavior [ RunTime:0.000661s ]
INFO: [ app_begin ] --END-- [ RunTime:0.000873s ]
NOTIC: [2048] Declaration of Home\Controller\UserController::success() should be compatible with Think\Controller::success($message = '', $jumpUrl = '', $ajax = false) D:\PHP\wamp\www\DE\Home\Controller\UserController.class.php 第 494 行.
SQL: SHOW COLUMNS FROM `sw_user` [ RunTime:0.0102s ]
SQL: SELECT * FROM `sw_user` WHERE `username` = '1kongbao' LIMIT 1   [ RunTime:0.0004s ]
SQL: SELECT * FROM `sw_user` WHERE `user_email` = '26223961078@qq.com' LIMIT 1   [ RunTime:0.0003s ]
NOTIC: [8] Undefined variable: waitSecond D:\PHP\wamp\www\ThinkPHP\ThinkPHP\Library\Think\Controller.class.php 第 229 行.

[ 2015-10-14T22:53:11+08:00 ] 127.0.0.1 /index.php/Home/User/register.html
INFO: [ app_init ] --START--
INFO: Run Behavior\BuildLiteBehavior [ RunTime:0.000033s ]
INFO: [ app_init ] --END-- [ RunTime:0.000562s ]
INFO: [ app_begin ] --START--
INFO: Run Behavior\ReadHtmlCacheBehavior [ RunTime:0.000550s ]
INFO: [ app_begin ] --END-- [ RunTime:0.000692s ]
NOTIC: [2048] Declaration of Home\Controller\UserController::success() should be compatible with Think\Controller::success($message = '', $jumpUrl = '', $ajax = false) D:\PHP\wamp\www\DE\Home\Controller\UserController.class.php 第 494 行.
SQL: SHOW COLUMNS FROM `sw_user` [ RunTime:0.0082s ]
INFO: [ view_parse ] --START--
NOTIC: [8] Undefined index: username D:\PHP\wamp\www\DE\Runtime\Cache\412fc1c42afb6b35093bbc415f909a5f039ccee0.file.header.html.php 第 60 行.
INFO: Run Behavior\ParseTemplateBehavior [ RunTime:0.014909s ]
INFO: [ view_parse ] --END-- [ RunTime:0.015205s ]
INFO: [ view_filter ] --START--
INFO: Run Behavior\WriteHtmlCacheBehavior [ RunTime:0.000622s ]
INFO: [ view_filter ] --END-- [ RunTime:0.000757s ]
INFO: [ view_parse ] --START--
INFO: Run Behavior\ParseTemplateBehavior [ RunTime:0.002185s ]
INFO: [ view_parse ] --END-- [ RunTime:-0.001323s ]
INFO: [ view_filter ] --START--
INFO: Run Behavior\WriteHtmlCacheBehavior [ RunTime:0.000046s ]
INFO: [ view_filter ] --END-- [ RunTime:-0.002931s ]
INFO: [ view_parse ] --START--
INFO: Run Behavior\ParseTemplateBehavior [ RunTime:0.001460s ]
INFO: [ view_parse ] --END-- [ RunTime:-0.004452s ]
INFO: [ view_filter ] --START--
INFO: Run Behavior\WriteHtmlCacheBehavior [ RunTime:0.000075s ]
INFO: [ view_filter ] --END-- [ RunTime:-0.005455s ]
NOTIC: [2] Cannot modify header information - headers already sent by (output started at D:\PHP\wamp\www\ThinkPHP\ThinkPHP\Library\Think\View.class.php:95) D:\PHP\wamp\www\ThinkPHP\ThinkPHP\Library\Think\View.class.php 第 91 行.
NOTIC: [2] Cannot modify header information - headers already sent by (output started at D:\PHP\wamp\www\ThinkPHP\ThinkPHP\Library\Think\View.class.php:95) D:\PHP\wamp\www\ThinkPHP\ThinkPHP\Library\Think\View.class.php 第 92 行.
NOTIC: [2] Cannot modify header information - headers already sent by (output started at D:\PHP\wamp\www\ThinkPHP\ThinkPHP\Library\Think\View.class.php:95) D:\PHP\wamp\www\ThinkPHP\ThinkPHP\Library\Think\View.class.php 第 93 行.
INFO: [ app_end ] --START--
INFO: Run Behavior\ShowPageTraceBehavior [ RunTime:0.000707s ]
INFO: [ app_end ] --END-- [ RunTime:0.000922s ]

[ 2015-10-14T22:55:21+08:00 ] 127.0.0.1 /index.php/Home/User/register.html
INFO: [ app_init ] --START--
INFO: Run Behavior\BuildLiteBehavior [ RunTime:0.000068s ]
INFO: [ app_init ] --END-- [ RunTime:0.000632s ]
INFO: [ app_begin ] --START--
INFO: Run Behavior\ReadHtmlCacheBehavior [ RunTime:0.000903s ]
INFO: [ app_begin ] --END-- [ RunTime:0.001075s ]
NOTIC: [2048] Declaration of Home\Controller\UserController::success() should be compatible with Think\Controller::success($message = '', $jumpUrl = '', $ajax = false) D:\PHP\wamp\www\DE\Home\Controller\UserController.class.php 第 494 行.
SQL: SHOW COLUMNS FROM `sw_user` [ RunTime:0.0090s ]

[ 2015-10-14T22:56:07+08:00 ] 127.0.0.1 /index.php/Home/User/register.html
INFO: [ app_init ] --START--
INFO: Run Behavior\BuildLiteBehavior [ RunTime:0.000075s ]
INFO: [ app_init ] --END-- [ RunTime:0.001128s ]
INFO: [ app_begin ] --START--
INFO: Run Behavior\ReadHtmlCacheBehavior [ RunTime:0.001021s ]
INFO: [ app_begin ] --END-- [ RunTime:0.001320s ]
NOTIC: [2048] Declaration of Home\Controller\UserController::success() should be compatible with Think\Controller::success($message = '', $jumpUrl = '', $ajax = false) D:\PHP\wamp\www\DE\Home\Controller\UserController.class.php 第 494 行.
SQL: SHOW COLUMNS FROM `sw_user` [ RunTime:0.0126s ]
INFO: [ view_parse ] --START--
NOTIC: [8] Undefined index: username D:\PHP\wamp\www\DE\Runtime\Cache\412fc1c42afb6b35093bbc415f909a5f039ccee0.file.header.html.php 第 60 行.
INFO: Run Behavior\ParseTemplateBehavior [ RunTime:0.016322s ]
INFO: [ view_parse ] --END-- [ RunTime:0.016491s ]
INFO: [ view_filter ] --START--
INFO: Run Behavior\WriteHtmlCacheBehavior [ RunTime:0.000728s ]
INFO: [ view_filter ] --END-- [ RunTime:0.001005s ]
INFO: [ view_parse ] --START--
INFO: Run Behavior\ParseTemplateBehavior [ RunTime:0.001473s ]
INFO: [ view_parse ] --END-- [ RunTime:-0.001778s ]
INFO: [ view_filter ] --START--
INFO: Run Behavior\WriteHtmlCacheBehavior [ RunTime:0.000038s ]
INFO: [ view_filter ] --END-- [ RunTime:-0.002411s ]
INFO: [ view_parse ] --START--
INFO: Run Behavior\ParseTemplateBehavior [ RunTime:0.001249s ]
INFO: [ view_parse ] --END-- [ RunTime:-0.004097s ]
INFO: [ view_filter ] --START--
INFO: Run Behavior\WriteHtmlCacheBehavior [ RunTime:0.000037s ]
INFO: [ view_filter ] --END-- [ RunTime:-0.004484s ]
NOTIC: [2] Cannot modify header information - headers already sent by (output started at D:\PHP\wamp\www\ThinkPHP\ThinkPHP\Library\Think\View.class.php:95) D:\PHP\wamp\www\ThinkPHP\ThinkPHP\Library\Think\View.class.php 第 91 行.
NOTIC: [2] Cannot modify header information - headers already sent by (output started at D:\PHP\wamp\www\ThinkPHP\ThinkPHP\Library\Think\View.class.php:95) D:\PHP\wamp\www\ThinkPHP\ThinkPHP\Library\Think\View.class.php 第 92 行.
NOTIC: [2] Cannot modify header information - headers already sent by (output started at D:\PHP\wamp\www\ThinkPHP\ThinkPHP\Library\Think\View.class.php:95) D:\PHP\wamp\www\ThinkPHP\ThinkPHP\Library\Think\View.class.php 第 93 行.
INFO: [ app_end ] --START--
INFO: Run Behavior\ShowPageTraceBehavior [ RunTime:0.000843s ]
INFO: [ app_end ] --END-- [ RunTime:0.001039s ]

