[ 2015-10-21T21:58:52+08:00 ] 127.0.0.1 /
INFO: [ app_init ] --START--
INFO: Run Behavior\BuildLiteBehavior [ RunTime:0.000042s ]
INFO: [ app_init ] --END-- [ RunTime:0.050224s ]
INFO: [ app_begin ] --START--
INFO: Run Behavior\ReadHtmlCacheBehavior [ RunTime:0.014139s ]
INFO: [ app_begin ] --END-- [ RunTime:0.014344s ]
SQL: SHOW COLUMNS FROM `sw_category` [ RunTime:0.0113s ]
SQL: SELECT * FROM `sw_category` ORDER BY `pid` asc  [ RunTime:0.0348s ]
SQL: SHOW COLUMNS FROM `sw_category` [ RunTime:0.0062s ]
SQL: SHOW COLUMNS FROM `sw_goods` [ RunTime:0.0091s ]
SQL: SELECT * FROM `sw_goods` WHERE ( status=1 and goods_number>0 and goods_category_id='6' ) ORDER BY rand() LIMIT 1   [ RunTime:0.0346s ]
NOTIC: [8] Undefined index: childs D:\PHP\wamp\www\DE\Home\Controller\IndexController.class.php 第 26 行.
NOTIC: [2] Invalid argument supplied for foreach() D:\PHP\wamp\www\DE\Home\Controller\IndexController.class.php 第 26 行.
INFO: [ view_parse ] --START--
NOTIC: [8] Undefined index: username D:\PHP\wamp\www\DE\Runtime\Cache\412fc1c42afb6b35093bbc415f909a5f039ccee0.file.header.html.php 第 60 行.
INFO: Run Behavior\ParseTemplateBehavior [ RunTime:0.368165s ]
INFO: [ view_parse ] --END-- [ RunTime:0.368345s ]
INFO: [ view_filter ] --START--
INFO: Run Behavior\WriteHtmlCacheBehavior [ RunTime:0.036698s ]
INFO: [ view_filter ] --END-- [ RunTime:0.037359s ]
INFO: [ view_parse ] --START--
NOTIC: [8] Undefined index: childs D:\PHP\wamp\www\DE\Runtime\Cache\75d3c4843f176db28a964d7ce533fe31f98cb039.file.index.html.php 第 51 行.
NOTIC: [8] Undefined index: childs D:\PHP\wamp\www\DE\Runtime\Cache\75d3c4843f176db28a964d7ce533fe31f98cb039.file.index.html.php 第 116 行.
NOTIC: [8] Undefined index: childs D:\PHP\wamp\www\DE\Runtime\Cache\75d3c4843f176db28a964d7ce533fe31f98cb039.file.index.html.php 第 167 行.
INFO: Run Behavior\ParseTemplateBehavior [ RunTime:0.117632s ]
INFO: [ view_parse ] --END-- [ RunTime:-0.068668s ]
INFO: [ view_filter ] --START--
INFO: Run Behavior\WriteHtmlCacheBehavior [ RunTime:0.000042s ]
INFO: [ view_filter ] --END-- [ RunTime:-0.149118s ]
INFO: [ view_parse ] --START--
INFO: Run Behavior\ParseTemplateBehavior [ RunTime:0.032951s ]
INFO: [ view_parse ] --END-- [ RunTime:-0.194766s ]
INFO: [ view_filter ] --START--
INFO: Run Behavior\WriteHtmlCacheBehavior [ RunTime:0.000076s ]
INFO: [ view_filter ] --END-- [ RunTime:-0.191036s ]
NOTIC: [2] Cannot modify header information - headers already sent by (output started at D:\PHP\wamp\www\ThinkPHP\ThinkPHP\Library\Think\View.class.php:95) D:\PHP\wamp\www\ThinkPHP\ThinkPHP\Library\Think\View.class.php 第 91 行.
NOTIC: [2] Cannot modify header information - headers already sent by (output started at D:\PHP\wamp\www\ThinkPHP\ThinkPHP\Library\Think\View.class.php:95) D:\PHP\wamp\www\ThinkPHP\ThinkPHP\Library\Think\View.class.php 第 92 行.
NOTIC: [2] Cannot modify header information - headers already sent by (output started at D:\PHP\wamp\www\ThinkPHP\ThinkPHP\Library\Think\View.class.php:95) D:\PHP\wamp\www\ThinkPHP\ThinkPHP\Library\Think\View.class.php 第 93 行.
INFO: [ app_end ] --START--
INFO: Run Behavior\ShowPageTraceBehavior [ RunTime:0.034519s ]
INFO: [ app_end ] --END-- [ RunTime:0.034733s ]

[ 2015-10-21T21:59:12+08:00 ] 127.0.0.1 /index.php/Home/Goods/detail/goods_id/120
INFO: [ app_init ] --START--
INFO: Run Behavior\BuildLiteBehavior [ RunTime:0.000033s ]
INFO: [ app_init ] --END-- [ RunTime:0.000583s ]
INFO: [ app_begin ] --START--
INFO: Run Behavior\ReadHtmlCacheBehavior [ RunTime:0.000502s ]
INFO: [ app_begin ] --END-- [ RunTime:0.000677s ]
SQL: SHOW COLUMNS FROM `sw_goods` [ RunTime:0.0204s ]
SQL: SELECT * FROM `sw_goods` WHERE ( goods_id='120' and status=1 and goods_number>0  ) LIMIT 1   [ RunTime:0.0015s ]
SQL: SHOW COLUMNS FROM `sw_reviews` [ RunTime:0.0071s ]
SQL: SELECT * FROM `sw_reviews` WHERE ( goods_id='120' )  [ RunTime:0.0004s ]
NOTIC: [8] Undefined index: REQUEST_url D:\PHP\wamp\www\DE\Component\page.class.php 第 36 行.
NOTIC: [8] Undefined index: REQUEST_url D:\PHP\wamp\www\DE\Component\page.class.php 第 36 行.
SQL: select * from sw_reviews where goods_id='120'Limit 0, 15 [ RunTime:0.0005s ]
SQL: SHOW COLUMNS FROM `sw_category` [ RunTime:0.0064s ]
SQL: SELECT * FROM `sw_category` ORDER BY `pid` asc  [ RunTime:0.0003s ]
SQL: SHOW COLUMNS FROM `sw_category` [ RunTime:0.0053s ]
SQL: SELECT * FROM `sw_category` WHERE ( id='2' ) LIMIT 1   [ RunTime:0.0003s ]
SQL: SELECT * FROM `sw_category` WHERE ( id='' ) LIMIT 1   [ RunTime:0.0002s ]
SQL: SELECT * FROM `sw_goods` WHERE ( status=1 and goods_number>0  ) ORDER BY rand() LIMIT 5   [ RunTime:0.0209s ]
SQL: SELECT * FROM `sw_goods` WHERE ( status=1 and goods_number>0  ) ORDER BY volume desc LIMIT 10   [ RunTime:0.0004s ]
INFO: [ view_parse ] --START--
NOTIC: [8] Undefined index: username D:\PHP\wamp\www\DE\Runtime\Cache\412fc1c42afb6b35093bbc415f909a5f039ccee0.file.header.html.php 第 60 行.
INFO: Run Behavior\ParseTemplateBehavior [ RunTime:0.020799s ]
INFO: [ view_parse ] --END-- [ RunTime:0.021240s ]
INFO: [ view_filter ] --START--
INFO: Run Behavior\WriteHtmlCacheBehavior [ RunTime:0.002595s ]
INFO: [ view_filter ] --END-- [ RunTime:0.003389s ]
INFO: [ view_parse ] --START--
NOTIC: [8] Undefined index: childs D:\PHP\wamp\www\DE\Runtime\Cache\72946cd36839dbdc51fcf5e92d1814720a1655ef.file.detail.html.php 第 69 行.
INFO: Run Behavior\ParseTemplateBehavior [ RunTime:0.197243s ]
INFO: [ view_parse ] --END-- [ RunTime:-0.023665s ]
INFO: [ view_filter ] --START--
INFO: Run Behavior\WriteHtmlCacheBehavior [ RunTime:0.000043s ]
INFO: [ view_filter ] --END-- [ RunTime:-0.217538s ]
INFO: [ view_parse ] --START--
INFO: Run Behavior\ParseTemplateBehavior [ RunTime:0.005374s ]
INFO: [ view_parse ] --END-- [ RunTime:-0.222386s ]
INFO: [ view_filter ] --START--
INFO: Run Behavior\WriteHtmlCacheBehavior [ RunTime:0.000139s ]
INFO: [ view_filter ] --END-- [ RunTime:-0.224916s ]
NOTIC: [2] Cannot modify header information - headers already sent by (output started at D:\PHP\wamp\www\ThinkPHP\ThinkPHP\Library\Think\View.class.php:95) D:\PHP\wamp\www\ThinkPHP\ThinkPHP\Library\Think\View.class.php 第 91 行.
NOTIC: [2] Cannot modify header information - headers already sent by (output started at D:\PHP\wamp\www\ThinkPHP\ThinkPHP\Library\Think\View.class.php:95) D:\PHP\wamp\www\ThinkPHP\ThinkPHP\Library\Think\View.class.php 第 92 行.
NOTIC: [2] Cannot modify header information - headers already sent by (output started at D:\PHP\wamp\www\ThinkPHP\ThinkPHP\Library\Think\View.class.php:95) D:\PHP\wamp\www\ThinkPHP\ThinkPHP\Library\Think\View.class.php 第 93 行.
INFO: [ app_end ] --START--
INFO: Run Behavior\ShowPageTraceBehavior [ RunTime:0.002986s ]
INFO: [ app_end ] --END-- [ RunTime:0.003553s ]

[ 2015-10-21T21:59:40+08:00 ] 127.0.0.1 /index.php/Home/User/register
INFO: [ app_init ] --START--
INFO: Run Behavior\BuildLiteBehavior [ RunTime:0.000040s ]
INFO: [ app_init ] --END-- [ RunTime:0.000621s ]
INFO: [ app_begin ] --START--
INFO: Run Behavior\ReadHtmlCacheBehavior [ RunTime:0.000915s ]
INFO: [ app_begin ] --END-- [ RunTime:0.001139s ]
NOTIC: [2048] Declaration of Home\Controller\UserController::success() should be compatible with Think\Controller::success($message = '', $jumpUrl = '', $ajax = false) D:\PHP\wamp\www\DE\Home\Controller\UserController.class.php 第 494 行.
SQL: SHOW COLUMNS FROM `sw_user` [ RunTime:0.0084s ]
INFO: [ view_parse ] --START--
NOTIC: [8] Undefined index: username D:\PHP\wamp\www\DE\Runtime\Cache\412fc1c42afb6b35093bbc415f909a5f039ccee0.file.header.html.php 第 60 行.
INFO: Run Behavior\ParseTemplateBehavior [ RunTime:0.009698s ]
INFO: [ view_parse ] --END-- [ RunTime:0.009848s ]
INFO: [ view_filter ] --START--
INFO: Run Behavior\WriteHtmlCacheBehavior [ RunTime:0.000580s ]
INFO: [ view_filter ] --END-- [ RunTime:0.000716s ]
INFO: [ view_parse ] --START--
INFO: Run Behavior\ParseTemplateBehavior [ RunTime:0.028743s ]
INFO: [ view_parse ] --END-- [ RunTime:-0.007005s ]
INFO: [ view_filter ] --START--
INFO: Run Behavior\WriteHtmlCacheBehavior [ RunTime:0.000039s ]
INFO: [ view_filter ] --END-- [ RunTime:-0.035194s ]
INFO: [ view_parse ] --START--
INFO: Run Behavior\ParseTemplateBehavior [ RunTime:0.001270s ]
INFO: [ view_parse ] --END-- [ RunTime:-0.036698s ]
INFO: [ view_filter ] --START--
INFO: Run Behavior\WriteHtmlCacheBehavior [ RunTime:0.000036s ]
INFO: [ view_filter ] --END-- [ RunTime:-0.037385s ]
NOTIC: [2] Cannot modify header information - headers already sent by (output started at D:\PHP\wamp\www\ThinkPHP\ThinkPHP\Library\Think\View.class.php:95) D:\PHP\wamp\www\ThinkPHP\ThinkPHP\Library\Think\View.class.php 第 91 行.
NOTIC: [2] Cannot modify header information - headers already sent by (output started at D:\PHP\wamp\www\ThinkPHP\ThinkPHP\Library\Think\View.class.php:95) D:\PHP\wamp\www\ThinkPHP\ThinkPHP\Library\Think\View.class.php 第 92 行.
NOTIC: [2] Cannot modify header information - headers already sent by (output started at D:\PHP\wamp\www\ThinkPHP\ThinkPHP\Library\Think\View.class.php:95) D:\PHP\wamp\www\ThinkPHP\ThinkPHP\Library\Think\View.class.php 第 93 行.
INFO: [ app_end ] --START--
INFO: Run Behavior\ShowPageTraceBehavior [ RunTime:0.000785s ]
INFO: [ app_end ] --END-- [ RunTime:0.000936s ]

