[ 2015-10-22T23:00:54+08:00 ] 127.0.0.1 /
INFO: [ app_init ] --START--
INFO: Run Behavior\BuildLiteBehavior [ RunTime:0.000126s ]
INFO: [ app_init ] --END-- [ RunTime:0.059955s ]
INFO: [ app_begin ] --START--
INFO: Run Behavior\ReadHtmlCacheBehavior [ RunTime:0.013415s ]
INFO: [ app_begin ] --END-- [ RunTime:0.013611s ]
SQL: SHOW COLUMNS FROM `sw_category` [ RunTime:0.9229s ]
SQL: SELECT * FROM `sw_category` ORDER BY `pid` asc  [ RunTime:0.0884s ]
SQL: SHOW COLUMNS FROM `sw_category` [ RunTime:0.0222s ]
SQL: SHOW COLUMNS FROM `sw_goods` [ RunTime:0.2043s ]
SQL: SELECT * FROM `sw_goods` WHERE ( status=1 and goods_number>0 and goods_category_id='6' ) ORDER BY rand() LIMIT 1   [ RunTime:0.5572s ]
NOTIC: [8] Undefined index: childs D:\PHP\wamp\www\DE\Home\Controller\IndexController.class.php 第 26 行.
NOTIC: [2] Invalid argument supplied for foreach() D:\PHP\wamp\www\DE\Home\Controller\IndexController.class.php 第 26 行.
INFO: [ view_parse ] --START--
NOTIC: [8] Undefined index: username D:\PHP\wamp\www\DE\Runtime\Cache\412fc1c42afb6b35093bbc415f909a5f039ccee0.file.header.html.php 第 60 行.
INFO: Run Behavior\ParseTemplateBehavior [ RunTime:1.387299s ]
INFO: [ view_parse ] --END-- [ RunTime:1.387673s ]
INFO: [ view_filter ] --START--
INFO: Run Behavior\WriteHtmlCacheBehavior [ RunTime:0.037330s ]
INFO: [ view_filter ] --END-- [ RunTime:0.037742s ]
INFO: [ view_parse ] --START--
NOTIC: [8] Undefined index: childs D:\PHP\wamp\www\DE\Runtime\Cache\75d3c4843f176db28a964d7ce533fe31f98cb039.file.index.html.php 第 51 行.
NOTIC: [8] Undefined index: childs D:\PHP\wamp\www\DE\Runtime\Cache\75d3c4843f176db28a964d7ce533fe31f98cb039.file.index.html.php 第 116 行.
NOTIC: [8] Undefined index: childs D:\PHP\wamp\www\DE\Runtime\Cache\75d3c4843f176db28a964d7ce533fe31f98cb039.file.index.html.php 第 167 行.
INFO: Run Behavior\ParseTemplateBehavior [ RunTime:0.220288s ]
INFO: [ view_parse ] --END-- [ RunTime:-0.070800s ]
INFO: [ view_filter ] --START--
INFO: Run Behavior\WriteHtmlCacheBehavior [ RunTime:0.000262s ]
INFO: [ view_filter ] --END-- [ RunTime:-0.254366s ]
INFO: [ view_parse ] --START--
INFO: Run Behavior\ParseTemplateBehavior [ RunTime:0.059176s ]
INFO: [ view_parse ] --END-- [ RunTime:-0.319102s ]
INFO: [ view_filter ] --START--
INFO: Run Behavior\WriteHtmlCacheBehavior [ RunTime:0.000039s ]
INFO: [ view_filter ] --END-- [ RunTime:-0.340859s ]
NOTIC: [2] Cannot modify header information - headers already sent by (output started at D:\PHP\wamp\www\ThinkPHP\ThinkPHP\Library\Think\View.class.php:95) D:\PHP\wamp\www\ThinkPHP\ThinkPHP\Library\Think\View.class.php 第 91 行.
NOTIC: [2] Cannot modify header information - headers already sent by (output started at D:\PHP\wamp\www\ThinkPHP\ThinkPHP\Library\Think\View.class.php:95) D:\PHP\wamp\www\ThinkPHP\ThinkPHP\Library\Think\View.class.php 第 92 行.
NOTIC: [2] Cannot modify header information - headers already sent by (output started at D:\PHP\wamp\www\ThinkPHP\ThinkPHP\Library\Think\View.class.php:95) D:\PHP\wamp\www\ThinkPHP\ThinkPHP\Library\Think\View.class.php 第 93 行.
INFO: [ app_end ] --START--
INFO: Run Behavior\ShowPageTraceBehavior [ RunTime:0.054122s ]
INFO: [ app_end ] --END-- [ RunTime:0.054499s ]

[ 2015-10-22T23:01:04+08:00 ] 127.0.0.1 /index.php/Home/Goods/detail/goods_id/120
INFO: [ app_init ] --START--
INFO: Run Behavior\BuildLiteBehavior [ RunTime:0.000039s ]
INFO: [ app_init ] --END-- [ RunTime:0.000605s ]
INFO: [ app_begin ] --START--
INFO: Run Behavior\ReadHtmlCacheBehavior [ RunTime:0.000939s ]
INFO: [ app_begin ] --END-- [ RunTime:0.001231s ]
SQL: SHOW COLUMNS FROM `sw_goods` [ RunTime:0.0092s ]
SQL: SELECT * FROM `sw_goods` WHERE ( goods_id='120' and status=1 and goods_number>0  ) LIMIT 1   [ RunTime:0.0232s ]
SQL: SHOW COLUMNS FROM `sw_reviews` [ RunTime:0.0775s ]
SQL: SELECT * FROM `sw_reviews` WHERE ( goods_id='120' )  [ RunTime:0.0010s ]
NOTIC: [8] Undefined index: REQUEST_url D:\PHP\wamp\www\DE\Component\page.class.php 第 36 行.
NOTIC: [8] Undefined index: REQUEST_url D:\PHP\wamp\www\DE\Component\page.class.php 第 36 行.
SQL: select * from sw_reviews where goods_id='120'Limit 0, 15 [ RunTime:0.0003s ]
SQL: SHOW COLUMNS FROM `sw_category` [ RunTime:0.0239s ]
SQL: SELECT * FROM `sw_category` ORDER BY `pid` asc  [ RunTime:0.0003s ]
SQL: SHOW COLUMNS FROM `sw_category` [ RunTime:0.0040s ]
SQL: SELECT * FROM `sw_category` WHERE ( id='2' ) LIMIT 1   [ RunTime:0.0004s ]
SQL: SELECT * FROM `sw_category` WHERE ( id='' ) LIMIT 1   [ RunTime:0.0004s ]
SQL: SELECT * FROM `sw_goods` WHERE ( status=1 and goods_number>0  ) ORDER BY rand() LIMIT 5   [ RunTime:0.0357s ]
SQL: SELECT * FROM `sw_goods` WHERE ( status=1 and goods_number>0  ) ORDER BY volume desc LIMIT 10   [ RunTime:0.0003s ]
INFO: [ view_parse ] --START--
NOTIC: [8] Undefined index: username D:\PHP\wamp\www\DE\Runtime\Cache\412fc1c42afb6b35093bbc415f909a5f039ccee0.file.header.html.php 第 60 行.
INFO: Run Behavior\ParseTemplateBehavior [ RunTime:0.010238s ]
INFO: [ view_parse ] --END-- [ RunTime:0.010391s ]
INFO: [ view_filter ] --START--
INFO: Run Behavior\WriteHtmlCacheBehavior [ RunTime:0.000583s ]
INFO: [ view_filter ] --END-- [ RunTime:0.000728s ]
INFO: [ view_parse ] --START--
NOTIC: [8] Undefined index: childs D:\PHP\wamp\www\DE\Runtime\Cache\72946cd36839dbdc51fcf5e92d1814720a1655ef.file.detail.html.php 第 69 行.
INFO: Run Behavior\ParseTemplateBehavior [ RunTime:0.187742s ]
INFO: [ view_parse ] --END-- [ RunTime:-0.044714s ]
INFO: [ view_filter ] --START--
INFO: Run Behavior\WriteHtmlCacheBehavior [ RunTime:0.000042s ]
INFO: [ view_filter ] --END-- [ RunTime:-0.232098s ]
INFO: [ view_parse ] --START--
INFO: Run Behavior\ParseTemplateBehavior [ RunTime:0.001876s ]
INFO: [ view_parse ] --END-- [ RunTime:-0.234141s ]
INFO: [ view_filter ] --START--
INFO: Run Behavior\WriteHtmlCacheBehavior [ RunTime:0.000042s ]
INFO: [ view_filter ] --END-- [ RunTime:-0.235556s ]
NOTIC: [2] Cannot modify header information - headers already sent by (output started at D:\PHP\wamp\www\ThinkPHP\ThinkPHP\Library\Think\View.class.php:95) D:\PHP\wamp\www\ThinkPHP\ThinkPHP\Library\Think\View.class.php 第 91 行.
NOTIC: [2] Cannot modify header information - headers already sent by (output started at D:\PHP\wamp\www\ThinkPHP\ThinkPHP\Library\Think\View.class.php:95) D:\PHP\wamp\www\ThinkPHP\ThinkPHP\Library\Think\View.class.php 第 92 行.
NOTIC: [2] Cannot modify header information - headers already sent by (output started at D:\PHP\wamp\www\ThinkPHP\ThinkPHP\Library\Think\View.class.php:95) D:\PHP\wamp\www\ThinkPHP\ThinkPHP\Library\Think\View.class.php 第 93 行.
INFO: [ app_end ] --START--
INFO: Run Behavior\ShowPageTraceBehavior [ RunTime:0.000947s ]
INFO: [ app_end ] --END-- [ RunTime:0.001093s ]

[ 2015-10-22T23:01:44+08:00 ] 127.0.0.1 /index.php/Home/Goods/detail/goods_id/120
INFO: [ app_init ] --START--
INFO: Run Behavior\BuildLiteBehavior [ RunTime:0.000045s ]
INFO: [ app_init ] --END-- [ RunTime:0.000718s ]
INFO: [ app_begin ] --START--
INFO: Run Behavior\ReadHtmlCacheBehavior [ RunTime:0.001267s ]
INFO: [ app_begin ] --END-- [ RunTime:0.001509s ]
SQL: SHOW COLUMNS FROM `sw_goods` [ RunTime:0.0082s ]
SQL: SELECT * FROM `sw_goods` WHERE ( goods_id='120' and status=1 and goods_number>0  ) LIMIT 1   [ RunTime:0.0004s ]
SQL: SHOW COLUMNS FROM `sw_reviews` [ RunTime:0.0061s ]
SQL: SELECT * FROM `sw_reviews` WHERE ( goods_id='120' )  [ RunTime:0.0004s ]
NOTIC: [8] Undefined index: REQUEST_url D:\PHP\wamp\www\DE\Component\page.class.php 第 36 行.
NOTIC: [8] Undefined index: REQUEST_url D:\PHP\wamp\www\DE\Component\page.class.php 第 36 行.
SQL: select * from sw_reviews where goods_id='120'Limit 0, 15 [ RunTime:0.0003s ]
SQL: SHOW COLUMNS FROM `sw_category` [ RunTime:0.0330s ]
SQL: SELECT * FROM `sw_category` ORDER BY `pid` asc  [ RunTime:0.0003s ]
SQL: SHOW COLUMNS FROM `sw_category` [ RunTime:0.0069s ]
SQL: SELECT * FROM `sw_category` WHERE ( id='2' ) LIMIT 1   [ RunTime:0.0008s ]
SQL: SELECT * FROM `sw_category` WHERE ( id='' ) LIMIT 1   [ RunTime:0.0009s ]
SQL: SELECT * FROM `sw_goods` WHERE ( status=1 and goods_number>0  ) ORDER BY rand() LIMIT 5   [ RunTime:0.0259s ]
SQL: SELECT * FROM `sw_goods` WHERE ( status=1 and goods_number>0  ) ORDER BY volume desc LIMIT 10   [ RunTime:0.0004s ]
INFO: [ view_parse ] --START--
NOTIC: [8] Undefined index: username D:\PHP\wamp\www\DE\Runtime\Cache\412fc1c42afb6b35093bbc415f909a5f039ccee0.file.header.html.php 第 60 行.
INFO: Run Behavior\ParseTemplateBehavior [ RunTime:0.020797s ]
INFO: [ view_parse ] --END-- [ RunTime:0.021036s ]
INFO: [ view_filter ] --START--
INFO: Run Behavior\WriteHtmlCacheBehavior [ RunTime:0.001169s ]
INFO: [ view_filter ] --END-- [ RunTime:0.001491s ]
INFO: [ view_parse ] --START--
NOTIC: [8] Undefined index: childs D:\PHP\wamp\www\DE\Runtime\Cache\72946cd36839dbdc51fcf5e92d1814720a1655ef.file.detail.html.php 第 69 行.
INFO: Run Behavior\ParseTemplateBehavior [ RunTime:0.004448s ]
INFO: [ view_parse ] --END-- [ RunTime:-0.005021s ]
INFO: [ view_filter ] --START--
INFO: Run Behavior\WriteHtmlCacheBehavior [ RunTime:0.000093s ]
INFO: [ view_filter ] --END-- [ RunTime:-0.008340s ]
INFO: [ view_parse ] --START--
INFO: Run Behavior\ParseTemplateBehavior [ RunTime:0.006247s ]
INFO: [ view_parse ] --END-- [ RunTime:-0.018914s ]
INFO: [ view_filter ] --START--
INFO: Run Behavior\WriteHtmlCacheBehavior [ RunTime:0.000147s ]
INFO: [ view_filter ] --END-- [ RunTime:-0.025203s ]
NOTIC: [2] Cannot modify header information - headers already sent by (output started at D:\PHP\wamp\www\ThinkPHP\ThinkPHP\Library\Think\View.class.php:95) D:\PHP\wamp\www\ThinkPHP\ThinkPHP\Library\Think\View.class.php 第 91 行.
NOTIC: [2] Cannot modify header information - headers already sent by (output started at D:\PHP\wamp\www\ThinkPHP\ThinkPHP\Library\Think\View.class.php:95) D:\PHP\wamp\www\ThinkPHP\ThinkPHP\Library\Think\View.class.php 第 92 行.
NOTIC: [2] Cannot modify header information - headers already sent by (output started at D:\PHP\wamp\www\ThinkPHP\ThinkPHP\Library\Think\View.class.php:95) D:\PHP\wamp\www\ThinkPHP\ThinkPHP\Library\Think\View.class.php 第 93 行.
INFO: [ app_end ] --START--
INFO: Run Behavior\ShowPageTraceBehavior [ RunTime:0.002490s ]
INFO: [ app_end ] --END-- [ RunTime:0.002902s ]

[ 2015-10-22T23:01:50+08:00 ] 127.0.0.1 /index.php/Home
INFO: [ app_init ] --START--
INFO: Run Behavior\BuildLiteBehavior [ RunTime:0.000033s ]
INFO: [ app_init ] --END-- [ RunTime:0.000528s ]
INFO: [ app_begin ] --START--
INFO: Run Behavior\ReadHtmlCacheBehavior [ RunTime:0.000518s ]
INFO: [ app_begin ] --END-- [ RunTime:0.000660s ]
SQL: SHOW COLUMNS FROM `sw_category` [ RunTime:0.0118s ]
SQL: SELECT * FROM `sw_category` ORDER BY `pid` asc  [ RunTime:0.0003s ]
SQL: SHOW COLUMNS FROM `sw_category` [ RunTime:0.0040s ]
SQL: SHOW COLUMNS FROM `sw_goods` [ RunTime:0.0070s ]
SQL: SELECT * FROM `sw_goods` WHERE ( status=1 and goods_number>0 and goods_category_id='6' ) ORDER BY rand() LIMIT 1   [ RunTime:0.0050s ]
NOTIC: [8] Undefined index: childs D:\PHP\wamp\www\DE\Home\Controller\IndexController.class.php 第 26 行.
NOTIC: [2] Invalid argument supplied for foreach() D:\PHP\wamp\www\DE\Home\Controller\IndexController.class.php 第 26 行.
INFO: [ view_parse ] --START--
NOTIC: [8] Undefined index: username D:\PHP\wamp\www\DE\Runtime\Cache\412fc1c42afb6b35093bbc415f909a5f039ccee0.file.header.html.php 第 60 行.
INFO: Run Behavior\ParseTemplateBehavior [ RunTime:0.012193s ]
INFO: [ view_parse ] --END-- [ RunTime:0.012337s ]
INFO: [ view_filter ] --START--
INFO: Run Behavior\WriteHtmlCacheBehavior [ RunTime:0.000586s ]
INFO: [ view_filter ] --END-- [ RunTime:0.000725s ]
INFO: [ view_parse ] --START--
NOTIC: [8] Undefined index: childs D:\PHP\wamp\www\DE\Runtime\Cache\75d3c4843f176db28a964d7ce533fe31f98cb039.file.index.html.php 第 51 行.
NOTIC: [8] Undefined index: childs D:\PHP\wamp\www\DE\Runtime\Cache\75d3c4843f176db28a964d7ce533fe31f98cb039.file.index.html.php 第 116 行.
NOTIC: [8] Undefined index: childs D:\PHP\wamp\www\DE\Runtime\Cache\75d3c4843f176db28a964d7ce533fe31f98cb039.file.index.html.php 第 167 行.
INFO: Run Behavior\ParseTemplateBehavior [ RunTime:0.001949s ]
INFO: [ view_parse ] --END-- [ RunTime:-0.001148s ]
INFO: [ view_filter ] --START--
INFO: Run Behavior\WriteHtmlCacheBehavior [ RunTime:0.000035s ]
INFO: [ view_filter ] --END-- [ RunTime:-0.002519s ]
INFO: [ view_parse ] --START--
INFO: Run Behavior\ParseTemplateBehavior [ RunTime:0.001207s ]
INFO: [ view_parse ] --END-- [ RunTime:-0.003874s ]
INFO: [ view_filter ] --START--
INFO: Run Behavior\WriteHtmlCacheBehavior [ RunTime:0.000035s ]
INFO: [ view_filter ] --END-- [ RunTime:-0.004517s ]
NOTIC: [2] Cannot modify header information - headers already sent by (output started at D:\PHP\wamp\www\ThinkPHP\ThinkPHP\Library\Think\View.class.php:95) D:\PHP\wamp\www\ThinkPHP\ThinkPHP\Library\Think\View.class.php 第 91 行.
NOTIC: [2] Cannot modify header information - headers already sent by (output started at D:\PHP\wamp\www\ThinkPHP\ThinkPHP\Library\Think\View.class.php:95) D:\PHP\wamp\www\ThinkPHP\ThinkPHP\Library\Think\View.class.php 第 92 行.
NOTIC: [2] Cannot modify header information - headers already sent by (output started at D:\PHP\wamp\www\ThinkPHP\ThinkPHP\Library\Think\View.class.php:95) D:\PHP\wamp\www\ThinkPHP\ThinkPHP\Library\Think\View.class.php 第 93 行.
INFO: [ app_end ] --START--
INFO: Run Behavior\ShowPageTraceBehavior [ RunTime:0.000780s ]
INFO: [ app_end ] --END-- [ RunTime:0.000916s ]

