[ 2015-10-12T22:19:25+08:00 ] 127.0.0.1 /
INFO: [ app_init ] --START--
INFO: Run Behavior\BuildLiteBehavior [ RunTime:0.000039s ]
INFO: [ app_init ] --END-- [ RunTime:0.093617s ]
INFO: [ app_begin ] --START--
INFO: Run Behavior\ReadHtmlCacheBehavior [ RunTime:0.053043s ]
INFO: [ app_begin ] --END-- [ RunTime:0.053872s ]
SQL: SHOW COLUMNS FROM `sw_category` [ RunTime:1.1390s ]
SQL: SELECT * FROM `sw_category` ORDER BY `pid` asc  [ RunTime:0.1155s ]
SQL: SHOW COLUMNS FROM `sw_category` [ RunTime:0.0244s ]
SQL: SHOW COLUMNS FROM `sw_goods` [ RunTime:0.1613s ]
SQL: SELECT * FROM `sw_goods` WHERE ( status=1 and goods_number>0 and goods_category_id='6' ) ORDER BY rand() LIMIT 1   [ RunTime:0.6000s ]
NOTIC: [8] Undefined index: childs D:\PHP\wamp\www\DE\Home\Controller\IndexController.class.php 第 26 行.
NOTIC: [2] Invalid argument supplied for foreach() D:\PHP\wamp\www\DE\Home\Controller\IndexController.class.php 第 26 行.
INFO: [ view_parse ] --START--
NOTIC: [8] Undefined index: username D:\PHP\wamp\www\DE\Runtime\Cache\412fc1c42afb6b35093bbc415f909a5f039ccee0.file.header.html.php 第 60 行.
INFO: Run Behavior\ParseTemplateBehavior [ RunTime:1.236638s ]
INFO: [ view_parse ] --END-- [ RunTime:1.237467s ]
INFO: [ view_filter ] --START--
INFO: Run Behavior\WriteHtmlCacheBehavior [ RunTime:0.040629s ]
INFO: [ view_filter ] --END-- [ RunTime:0.041206s ]
INFO: [ view_parse ] --START--
NOTIC: [8] Undefined index: childs D:\PHP\wamp\www\DE\Runtime\Cache\75d3c4843f176db28a964d7ce533fe31f98cb039.file.index.html.php 第 51 行.
NOTIC: [8] Undefined index: childs D:\PHP\wamp\www\DE\Runtime\Cache\75d3c4843f176db28a964d7ce533fe31f98cb039.file.index.html.php 第 116 行.
NOTIC: [8] Undefined index: childs D:\PHP\wamp\www\DE\Runtime\Cache\75d3c4843f176db28a964d7ce533fe31f98cb039.file.index.html.php 第 167 行.
INFO: Run Behavior\ParseTemplateBehavior [ RunTime:0.183059s ]
INFO: [ view_parse ] --END-- [ RunTime:-0.049868s ]
INFO: [ view_filter ] --START--
INFO: Run Behavior\WriteHtmlCacheBehavior [ RunTime:0.000140s ]
INFO: [ view_filter ] --END-- [ RunTime:-0.191868s ]
INFO: [ view_parse ] --START--
INFO: Run Behavior\ParseTemplateBehavior [ RunTime:0.053884s ]
INFO: [ view_parse ] --END-- [ RunTime:-0.247153s ]
INFO: [ view_filter ] --START--
INFO: Run Behavior\WriteHtmlCacheBehavior [ RunTime:0.000141s ]
INFO: [ view_filter ] --END-- [ RunTime:-0.260247s ]
NOTIC: [2] Cannot modify header information - headers already sent by (output started at D:\PHP\wamp\www\ThinkPHP\ThinkPHP\Library\Think\View.class.php:95) D:\PHP\wamp\www\ThinkPHP\ThinkPHP\Library\Think\View.class.php 第 91 行.
NOTIC: [2] Cannot modify header information - headers already sent by (output started at D:\PHP\wamp\www\ThinkPHP\ThinkPHP\Library\Think\View.class.php:95) D:\PHP\wamp\www\ThinkPHP\ThinkPHP\Library\Think\View.class.php 第 92 行.
NOTIC: [2] Cannot modify header information - headers already sent by (output started at D:\PHP\wamp\www\ThinkPHP\ThinkPHP\Library\Think\View.class.php:95) D:\PHP\wamp\www\ThinkPHP\ThinkPHP\Library\Think\View.class.php 第 93 行.
INFO: [ app_end ] --START--
INFO: Run Behavior\ShowPageTraceBehavior [ RunTime:0.039486s ]
INFO: [ app_end ] --END-- [ RunTime:0.040054s ]

[ 2015-10-12T22:19:30+08:00 ] 127.0.0.1 /index.php/Home/Goods/detail/goods_id/121
INFO: [ app_init ] --START--
INFO: Run Behavior\BuildLiteBehavior [ RunTime:0.000118s ]
INFO: [ app_init ] --END-- [ RunTime:0.003482s ]
INFO: [ app_begin ] --START--
INFO: Run Behavior\ReadHtmlCacheBehavior [ RunTime:0.000794s ]
INFO: [ app_begin ] --END-- [ RunTime:0.000969s ]
SQL: SHOW COLUMNS FROM `sw_goods` [ RunTime:0.0148s ]
SQL: SELECT * FROM `sw_goods` WHERE ( goods_id='121' and status=1 and goods_number>0  ) LIMIT 1   [ RunTime:0.0105s ]
SQL: SHOW COLUMNS FROM `sw_reviews` [ RunTime:0.0480s ]
SQL: SELECT * FROM `sw_reviews` WHERE ( goods_id='121' )  [ RunTime:0.0009s ]
NOTIC: [8] Undefined index: REQUEST_url D:\PHP\wamp\www\DE\Component\page.class.php 第 36 行.
NOTIC: [8] Undefined index: REQUEST_url D:\PHP\wamp\www\DE\Component\page.class.php 第 36 行.
SQL: select * from sw_reviews where goods_id='121'Limit 0, 15 [ RunTime:0.0004s ]
SQL: SHOW COLUMNS FROM `sw_category` [ RunTime:0.0066s ]
SQL: SELECT * FROM `sw_category` ORDER BY `pid` asc  [ RunTime:0.0004s ]
SQL: SHOW COLUMNS FROM `sw_category` [ RunTime:0.0041s ]
SQL: SELECT * FROM `sw_category` WHERE ( id='0' ) LIMIT 1   [ RunTime:0.0003s ]
SQL: SELECT * FROM `sw_category` WHERE ( id='' ) LIMIT 1   [ RunTime:0.0002s ]
SQL: SELECT * FROM `sw_goods` WHERE ( status=1 and goods_number>0  ) ORDER BY rand() LIMIT 5   [ RunTime:0.0513s ]
SQL: SELECT * FROM `sw_goods` WHERE ( status=1 and goods_number>0  ) ORDER BY volume desc LIMIT 10   [ RunTime:0.0014s ]
INFO: [ view_parse ] --START--
NOTIC: [8] Undefined index: username D:\PHP\wamp\www\DE\Runtime\Cache\412fc1c42afb6b35093bbc415f909a5f039ccee0.file.header.html.php 第 60 行.
INFO: Run Behavior\ParseTemplateBehavior [ RunTime:0.029855s ]
INFO: [ view_parse ] --END-- [ RunTime:0.030414s ]
INFO: [ view_filter ] --START--
INFO: Run Behavior\WriteHtmlCacheBehavior [ RunTime:0.000610s ]
INFO: [ view_filter ] --END-- [ RunTime:0.000764s ]
INFO: [ view_parse ] --START--
NOTIC: [8] Undefined index: childs D:\PHP\wamp\www\DE\Runtime\Cache\72946cd36839dbdc51fcf5e92d1814720a1655ef.file.detail.html.php 第 69 行.
INFO: Run Behavior\ParseTemplateBehavior [ RunTime:0.235682s ]
INFO: [ view_parse ] --END-- [ RunTime:-0.040896s ]
INFO: [ view_filter ] --START--
INFO: Run Behavior\WriteHtmlCacheBehavior [ RunTime:0.000157s ]
INFO: [ view_filter ] --END-- [ RunTime:-0.276594s ]
INFO: [ view_parse ] --START--
INFO: Run Behavior\ParseTemplateBehavior [ RunTime:0.007239s ]
INFO: [ view_parse ] --END-- [ RunTime:-0.281033s ]
INFO: [ view_filter ] --START--
INFO: Run Behavior\WriteHtmlCacheBehavior [ RunTime:0.000145s ]
INFO: [ view_filter ] --END-- [ RunTime:-0.288840s ]
NOTIC: [2] Cannot modify header information - headers already sent by (output started at D:\PHP\wamp\www\ThinkPHP\ThinkPHP\Library\Think\View.class.php:95) D:\PHP\wamp\www\ThinkPHP\ThinkPHP\Library\Think\View.class.php 第 91 行.
NOTIC: [2] Cannot modify header information - headers already sent by (output started at D:\PHP\wamp\www\ThinkPHP\ThinkPHP\Library\Think\View.class.php:95) D:\PHP\wamp\www\ThinkPHP\ThinkPHP\Library\Think\View.class.php 第 92 行.
NOTIC: [2] Cannot modify header information - headers already sent by (output started at D:\PHP\wamp\www\ThinkPHP\ThinkPHP\Library\Think\View.class.php:95) D:\PHP\wamp\www\ThinkPHP\ThinkPHP\Library\Think\View.class.php 第 93 行.
INFO: [ app_end ] --START--
INFO: Run Behavior\ShowPageTraceBehavior [ RunTime:0.005686s ]
INFO: [ app_end ] --END-- [ RunTime:0.006113s ]

[ 2015-10-12T22:19:55+08:00 ] 127.0.0.1 /index.php/Home/Cart/addItem
INFO: [ app_init ] --START--
INFO: Run Behavior\BuildLiteBehavior [ RunTime:0.000036s ]
INFO: [ app_init ] --END-- [ RunTime:0.000583s ]
INFO: [ app_begin ] --START--
INFO: Run Behavior\ReadHtmlCacheBehavior [ RunTime:0.001438s ]
INFO: [ app_begin ] --END-- [ RunTime:0.001650s ]
SQL: SHOW COLUMNS FROM `sw_goods` [ RunTime:0.0082s ]
SQL: SELECT * FROM `sw_goods` WHERE `goods_id` = 121 LIMIT 1   [ RunTime:0.0591s ]

[ 2015-10-12T22:19:58+08:00 ] 127.0.0.1 /index.php/Home/Cart/index.html
INFO: [ app_init ] --START--
INFO: Run Behavior\BuildLiteBehavior [ RunTime:0.000033s ]
INFO: [ app_init ] --END-- [ RunTime:0.000503s ]
INFO: [ app_begin ] --START--
INFO: Run Behavior\ReadHtmlCacheBehavior [ RunTime:0.000502s ]
INFO: [ app_begin ] --END-- [ RunTime:0.000668s ]
NOTIC: [8] Undefined variable: username D:\PHP\wamp\www\DE\Home\Controller\CartController.class.php 第 29 行.
INFO: [ view_parse ] --START--
NOTIC: [8] Undefined index: username D:\PHP\wamp\www\DE\Runtime\Cache\412fc1c42afb6b35093bbc415f909a5f039ccee0.file.header.html.php 第 60 行.
INFO: Run Behavior\ParseTemplateBehavior [ RunTime:0.012363s ]
INFO: [ view_parse ] --END-- [ RunTime:0.012593s ]
INFO: [ view_filter ] --START--
INFO: Run Behavior\WriteHtmlCacheBehavior [ RunTime:0.000973s ]
INFO: [ view_filter ] --END-- [ RunTime:0.001279s ]
INFO: [ view_parse ] --START--
NOTIC: [8] Undefined index: goods_number D:\PHP\wamp\www\DE\Runtime\Cache\06a28c7a55c5668cd5b604589a765e123fb1e944.file.index.html.php 第 122 行.
INFO: Run Behavior\ParseTemplateBehavior [ RunTime:0.070117s ]
INFO: [ view_parse ] --END-- [ RunTime:-0.010109s ]
INFO: [ view_filter ] --START--
INFO: Run Behavior\WriteHtmlCacheBehavior [ RunTime:0.000038s ]
INFO: [ view_filter ] --END-- [ RunTime:-0.079048s ]
INFO: [ view_parse ] --START--
INFO: Run Behavior\ParseTemplateBehavior [ RunTime:0.001352s ]
INFO: [ view_parse ] --END-- [ RunTime:-0.081291s ]
INFO: [ view_filter ] --START--
INFO: Run Behavior\WriteHtmlCacheBehavior [ RunTime:0.000037s ]
INFO: [ view_filter ] --END-- [ RunTime:-0.081443s ]
NOTIC: [2] Cannot modify header information - headers already sent by (output started at D:\PHP\wamp\www\ThinkPHP\ThinkPHP\Library\Think\View.class.php:95) D:\PHP\wamp\www\ThinkPHP\ThinkPHP\Library\Think\View.class.php 第 91 行.
NOTIC: [2] Cannot modify header information - headers already sent by (output started at D:\PHP\wamp\www\ThinkPHP\ThinkPHP\Library\Think\View.class.php:95) D:\PHP\wamp\www\ThinkPHP\ThinkPHP\Library\Think\View.class.php 第 92 行.
NOTIC: [2] Cannot modify header information - headers already sent by (output started at D:\PHP\wamp\www\ThinkPHP\ThinkPHP\Library\Think\View.class.php:95) D:\PHP\wamp\www\ThinkPHP\ThinkPHP\Library\Think\View.class.php 第 93 行.
INFO: [ app_end ] --START--
INFO: Run Behavior\ShowPageTraceBehavior [ RunTime:0.000804s ]
INFO: [ app_end ] --END-- [ RunTime:0.000944s ]

[ 2015-10-12T22:19:58+08:00 ] 127.0.0.1 /index.php/Home/Cart/index.html
INFO: [ app_init ] --START--
INFO: Run Behavior\BuildLiteBehavior [ RunTime:0.000041s ]
INFO: [ app_init ] --END-- [ RunTime:0.000595s ]
INFO: [ app_begin ] --START--
INFO: Run Behavior\ReadHtmlCacheBehavior [ RunTime:0.000524s ]
INFO: [ app_begin ] --END-- [ RunTime:0.000682s ]
NOTIC: [8] Undefined variable: username D:\PHP\wamp\www\DE\Home\Controller\CartController.class.php 第 29 行.
INFO: [ view_parse ] --START--
NOTIC: [8] Undefined index: username D:\PHP\wamp\www\DE\Runtime\Cache\412fc1c42afb6b35093bbc415f909a5f039ccee0.file.header.html.php 第 60 行.
INFO: Run Behavior\ParseTemplateBehavior [ RunTime:0.009484s ]
INFO: [ view_parse ] --END-- [ RunTime:0.009733s ]
INFO: [ view_filter ] --START--
INFO: Run Behavior\WriteHtmlCacheBehavior [ RunTime:0.000621s ]
INFO: [ view_filter ] --END-- [ RunTime:0.000779s ]
INFO: [ view_parse ] --START--
NOTIC: [8] Undefined index: goods_number D:\PHP\wamp\www\DE\Runtime\Cache\06a28c7a55c5668cd5b604589a765e123fb1e944.file.index.html.php 第 122 行.
INFO: Run Behavior\ParseTemplateBehavior [ RunTime:0.001509s ]
INFO: [ view_parse ] --END-- [ RunTime:-0.001348s ]
INFO: [ view_filter ] --START--
INFO: Run Behavior\WriteHtmlCacheBehavior [ RunTime:0.000036s ]
INFO: [ view_filter ] --END-- [ RunTime:-0.002129s ]
INFO: [ view_parse ] --START--
INFO: Run Behavior\ParseTemplateBehavior [ RunTime:0.002261s ]
INFO: [ view_parse ] --END-- [ RunTime:-0.004032s ]
INFO: [ view_filter ] --START--
INFO: Run Behavior\WriteHtmlCacheBehavior [ RunTime:0.000042s ]
INFO: [ view_filter ] --END-- [ RunTime:-0.005670s ]
NOTIC: [2] Cannot modify header information - headers already sent by (output started at D:\PHP\wamp\www\ThinkPHP\ThinkPHP\Library\Think\View.class.php:95) D:\PHP\wamp\www\ThinkPHP\ThinkPHP\Library\Think\View.class.php 第 91 行.
NOTIC: [2] Cannot modify header information - headers already sent by (output started at D:\PHP\wamp\www\ThinkPHP\ThinkPHP\Library\Think\View.class.php:95) D:\PHP\wamp\www\ThinkPHP\ThinkPHP\Library\Think\View.class.php 第 92 行.
NOTIC: [2] Cannot modify header information - headers already sent by (output started at D:\PHP\wamp\www\ThinkPHP\ThinkPHP\Library\Think\View.class.php:95) D:\PHP\wamp\www\ThinkPHP\ThinkPHP\Library\Think\View.class.php 第 93 行.
INFO: [ app_end ] --START--
INFO: Run Behavior\ShowPageTraceBehavior [ RunTime:0.000957s ]
INFO: [ app_end ] --END-- [ RunTime:0.001116s ]

[ 2015-10-12T22:20:16+08:00 ] 127.0.0.1 /index.php/Home/User/register
INFO: [ app_init ] --START--
INFO: Run Behavior\BuildLiteBehavior [ RunTime:0.000036s ]
INFO: [ app_init ] --END-- [ RunTime:0.000670s ]
INFO: [ app_begin ] --START--
INFO: Run Behavior\ReadHtmlCacheBehavior [ RunTime:0.001429s ]
INFO: [ app_begin ] --END-- [ RunTime:0.001793s ]
NOTIC: [2048] Declaration of Home\Controller\UserController::success() should be compatible with Think\Controller::success($message = '', $jumpUrl = '', $ajax = false) D:\PHP\wamp\www\DE\Home\Controller\UserController.class.php 第 492 行.
SQL: SHOW COLUMNS FROM `sw_user` [ RunTime:0.1053s ]
INFO: [ view_parse ] --START--
NOTIC: [8] Undefined index: username D:\PHP\wamp\www\DE\Runtime\Cache\412fc1c42afb6b35093bbc415f909a5f039ccee0.file.header.html.php 第 60 行.
INFO: Run Behavior\ParseTemplateBehavior [ RunTime:0.026019s ]
INFO: [ view_parse ] --END-- [ RunTime:0.026418s ]
INFO: [ view_filter ] --START--
INFO: Run Behavior\WriteHtmlCacheBehavior [ RunTime:0.000569s ]
INFO: [ view_filter ] --END-- [ RunTime:0.000708s ]
INFO: [ view_parse ] --START--
INFO: Run Behavior\ParseTemplateBehavior [ RunTime:0.661612s ]
INFO: [ view_parse ] --END-- [ RunTime:-0.012435s ]
INFO: [ view_filter ] --START--
INFO: Run Behavior\WriteHtmlCacheBehavior [ RunTime:0.000140s ]
INFO: [ view_filter ] --END-- [ RunTime:-0.673998s ]
INFO: [ view_parse ] --START--
INFO: Run Behavior\ParseTemplateBehavior [ RunTime:0.004684s ]
INFO: [ view_parse ] --END-- [ RunTime:-0.677630s ]
INFO: [ view_filter ] --START--
INFO: Run Behavior\WriteHtmlCacheBehavior [ RunTime:0.000139s ]
INFO: [ view_filter ] --END-- [ RunTime:-0.682407s ]
NOTIC: [2] Cannot modify header information - headers already sent by (output started at D:\PHP\wamp\www\ThinkPHP\ThinkPHP\Library\Think\View.class.php:95) D:\PHP\wamp\www\ThinkPHP\ThinkPHP\Library\Think\View.class.php 第 91 行.
NOTIC: [2] Cannot modify header information - headers already sent by (output started at D:\PHP\wamp\www\ThinkPHP\ThinkPHP\Library\Think\View.class.php:95) D:\PHP\wamp\www\ThinkPHP\ThinkPHP\Library\Think\View.class.php 第 92 行.
NOTIC: [2] Cannot modify header information - headers already sent by (output started at D:\PHP\wamp\www\ThinkPHP\ThinkPHP\Library\Think\View.class.php:95) D:\PHP\wamp\www\ThinkPHP\ThinkPHP\Library\Think\View.class.php 第 93 行.
INFO: [ app_end ] --START--
INFO: Run Behavior\ShowPageTraceBehavior [ RunTime:0.005660s ]
INFO: [ app_end ] --END-- [ RunTime:0.006479s ]

[ 2015-10-12T22:20:44+08:00 ] 127.0.0.1 /index.php/Home/User/register
INFO: [ app_init ] --START--
INFO: Run Behavior\BuildLiteBehavior [ RunTime:0.000040s ]
INFO: [ app_init ] --END-- [ RunTime:0.000607s ]
INFO: [ app_begin ] --START--
INFO: Run Behavior\ReadHtmlCacheBehavior [ RunTime:0.000607s ]
INFO: [ app_begin ] --END-- [ RunTime:0.000791s ]
NOTIC: [2048] Declaration of Home\Controller\UserController::success() should be compatible with Think\Controller::success($message = '', $jumpUrl = '', $ajax = false) D:\PHP\wamp\www\DE\Home\Controller\UserController.class.php 第 492 行.
SQL: SHOW COLUMNS FROM `sw_user` [ RunTime:0.0097s ]
NOTIC: [8] Undefined variable: waitSecond D:\PHP\wamp\www\ThinkPHP\ThinkPHP\Library\Think\Controller.class.php 第 229 行.

[ 2015-10-12T22:20:46+08:00 ] 127.0.0.1 /index.php/Home/User/register.html
INFO: [ app_init ] --START--
INFO: Run Behavior\BuildLiteBehavior [ RunTime:0.000081s ]
INFO: [ app_init ] --END-- [ RunTime:0.000627s ]
INFO: [ app_begin ] --START--
INFO: Run Behavior\ReadHtmlCacheBehavior [ RunTime:0.000523s ]
INFO: [ app_begin ] --END-- [ RunTime:0.000671s ]
NOTIC: [2048] Declaration of Home\Controller\UserController::success() should be compatible with Think\Controller::success($message = '', $jumpUrl = '', $ajax = false) D:\PHP\wamp\www\DE\Home\Controller\UserController.class.php 第 492 行.
SQL: SHOW COLUMNS FROM `sw_user` [ RunTime:0.0079s ]
INFO: [ view_parse ] --START--
NOTIC: [8] Undefined index: username D:\PHP\wamp\www\DE\Runtime\Cache\412fc1c42afb6b35093bbc415f909a5f039ccee0.file.header.html.php 第 60 行.
INFO: Run Behavior\ParseTemplateBehavior [ RunTime:0.010015s ]
INFO: [ view_parse ] --END-- [ RunTime:0.010177s ]
INFO: [ view_filter ] --START--
INFO: Run Behavior\WriteHtmlCacheBehavior [ RunTime:0.000568s ]
INFO: [ view_filter ] --END-- [ RunTime:0.000721s ]
INFO: [ view_parse ] --START--
INFO: Run Behavior\ParseTemplateBehavior [ RunTime:0.001401s ]
INFO: [ view_parse ] --END-- [ RunTime:-0.001204s ]
INFO: [ view_filter ] --START--
INFO: Run Behavior\WriteHtmlCacheBehavior [ RunTime:0.000037s ]
INFO: [ view_filter ] --END-- [ RunTime:-0.002054s ]
INFO: [ view_parse ] --START--
INFO: Run Behavior\ParseTemplateBehavior [ RunTime:0.001233s ]
INFO: [ view_parse ] --END-- [ RunTime:-0.003420s ]
INFO: [ view_filter ] --START--
INFO: Run Behavior\WriteHtmlCacheBehavior [ RunTime:0.000036s ]
INFO: [ view_filter ] --END-- [ RunTime:-0.004087s ]
NOTIC: [2] Cannot modify header information - headers already sent by (output started at D:\PHP\wamp\www\ThinkPHP\ThinkPHP\Library\Think\View.class.php:95) D:\PHP\wamp\www\ThinkPHP\ThinkPHP\Library\Think\View.class.php 第 91 行.
NOTIC: [2] Cannot modify header information - headers already sent by (output started at D:\PHP\wamp\www\ThinkPHP\ThinkPHP\Library\Think\View.class.php:95) D:\PHP\wamp\www\ThinkPHP\ThinkPHP\Library\Think\View.class.php 第 92 行.
NOTIC: [2] Cannot modify header information - headers already sent by (output started at D:\PHP\wamp\www\ThinkPHP\ThinkPHP\Library\Think\View.class.php:95) D:\PHP\wamp\www\ThinkPHP\ThinkPHP\Library\Think\View.class.php 第 93 行.
INFO: [ app_end ] --START--
INFO: Run Behavior\ShowPageTraceBehavior [ RunTime:0.000789s ]
INFO: [ app_end ] --END-- [ RunTime:0.000928s ]

[ 2015-10-12T23:56:30+08:00 ] 127.0.0.1 /index.php/Home/Cart/index
INFO: [ app_init ] --START--
INFO: Run Behavior\BuildLiteBehavior [ RunTime:0.000042s ]
INFO: [ app_init ] --END-- [ RunTime:0.000825s ]
INFO: [ app_begin ] --START--
INFO: Run Behavior\ReadHtmlCacheBehavior [ RunTime:0.000900s ]
INFO: [ app_begin ] --END-- [ RunTime:0.001098s ]
NOTIC: [8] Undefined variable: username D:\PHP\wamp\www\DE\Home\Controller\CartController.class.php 第 29 行.
INFO: [ view_parse ] --START--
NOTIC: [8] Undefined index: username D:\PHP\wamp\www\DE\Runtime\Cache\412fc1c42afb6b35093bbc415f909a5f039ccee0.file.header.html.php 第 60 行.
INFO: Run Behavior\ParseTemplateBehavior [ RunTime:0.011298s ]
INFO: [ view_parse ] --END-- [ RunTime:0.011473s ]
INFO: [ view_filter ] --START--
INFO: Run Behavior\WriteHtmlCacheBehavior [ RunTime:0.000575s ]
INFO: [ view_filter ] --END-- [ RunTime:0.000723s ]
INFO: [ view_parse ] --START--
NOTIC: [8] Undefined index: goods_number D:\PHP\wamp\www\DE\Runtime\Cache\06a28c7a55c5668cd5b604589a765e123fb1e944.file.index.html.php 第 122 行.
INFO: Run Behavior\ParseTemplateBehavior [ RunTime:0.001564s ]
INFO: [ view_parse ] --END-- [ RunTime:-0.001256s ]
INFO: [ view_filter ] --START--
INFO: Run Behavior\WriteHtmlCacheBehavior [ RunTime:0.000036s ]
INFO: [ view_filter ] --END-- [ RunTime:-0.002232s ]
INFO: [ view_parse ] --START--
INFO: Run Behavior\ParseTemplateBehavior [ RunTime:0.002687s ]
INFO: [ view_parse ] --END-- [ RunTime:-0.004541s ]
INFO: [ view_filter ] --START--
INFO: Run Behavior\WriteHtmlCacheBehavior [ RunTime:0.000065s ]
INFO: [ view_filter ] --END-- [ RunTime:-0.006934s ]
NOTIC: [2] Cannot modify header information - headers already sent by (output started at D:\PHP\wamp\www\ThinkPHP\ThinkPHP\Library\Think\View.class.php:95) D:\PHP\wamp\www\ThinkPHP\ThinkPHP\Library\Think\View.class.php 第 91 行.
NOTIC: [2] Cannot modify header information - headers already sent by (output started at D:\PHP\wamp\www\ThinkPHP\ThinkPHP\Library\Think\View.class.php:95) D:\PHP\wamp\www\ThinkPHP\ThinkPHP\Library\Think\View.class.php 第 92 行.
NOTIC: [2] Cannot modify header information - headers already sent by (output started at D:\PHP\wamp\www\ThinkPHP\ThinkPHP\Library\Think\View.class.php:95) D:\PHP\wamp\www\ThinkPHP\ThinkPHP\Library\Think\View.class.php 第 93 行.
INFO: [ app_end ] --START--
INFO: Run Behavior\ShowPageTraceBehavior [ RunTime:0.001026s ]
INFO: [ app_end ] --END-- [ RunTime:0.001284s ]

[ 2015-10-12T23:56:31+08:00 ] 127.0.0.1 /index.php/Home
INFO: [ app_init ] --START--
INFO: Run Behavior\BuildLiteBehavior [ RunTime:0.000040s ]
INFO: [ app_init ] --END-- [ RunTime:0.000644s ]
INFO: [ app_begin ] --START--
INFO: Run Behavior\ReadHtmlCacheBehavior [ RunTime:0.000620s ]
INFO: [ app_begin ] --END-- [ RunTime:0.000803s ]
SQL: SHOW COLUMNS FROM `sw_category` [ RunTime:0.0112s ]
SQL: SELECT * FROM `sw_category` ORDER BY `pid` asc  [ RunTime:0.0006s ]
SQL: SHOW COLUMNS FROM `sw_category` [ RunTime:0.0043s ]
SQL: SHOW COLUMNS FROM `sw_goods` [ RunTime:0.0094s ]
SQL: SELECT * FROM `sw_goods` WHERE ( status=1 and goods_number>0 and goods_category_id='6' ) ORDER BY rand() LIMIT 1   [ RunTime:0.0052s ]
NOTIC: [8] Undefined index: childs D:\PHP\wamp\www\DE\Home\Controller\IndexController.class.php 第 26 行.
NOTIC: [2] Invalid argument supplied for foreach() D:\PHP\wamp\www\DE\Home\Controller\IndexController.class.php 第 26 行.
INFO: [ view_parse ] --START--
NOTIC: [8] Undefined index: username D:\PHP\wamp\www\DE\Runtime\Cache\412fc1c42afb6b35093bbc415f909a5f039ccee0.file.header.html.php 第 60 行.
INFO: Run Behavior\ParseTemplateBehavior [ RunTime:0.009101s ]
INFO: [ view_parse ] --END-- [ RunTime:0.009271s ]
INFO: [ view_filter ] --START--
INFO: Run Behavior\WriteHtmlCacheBehavior [ RunTime:0.000885s ]
INFO: [ view_filter ] --END-- [ RunTime:0.001130s ]
INFO: [ view_parse ] --START--
NOTIC: [8] Undefined index: childs D:\PHP\wamp\www\DE\Runtime\Cache\75d3c4843f176db28a964d7ce533fe31f98cb039.file.index.html.php 第 51 行.
NOTIC: [8] Undefined index: childs D:\PHP\wamp\www\DE\Runtime\Cache\75d3c4843f176db28a964d7ce533fe31f98cb039.file.index.html.php 第 116 行.
NOTIC: [8] Undefined index: childs D:\PHP\wamp\www\DE\Runtime\Cache\75d3c4843f176db28a964d7ce533fe31f98cb039.file.index.html.php 第 167 行.
INFO: Run Behavior\ParseTemplateBehavior [ RunTime:0.002653s ]
INFO: [ view_parse ] --END-- [ RunTime:-0.001874s ]
INFO: [ view_filter ] --START--
INFO: Run Behavior\WriteHtmlCacheBehavior [ RunTime:0.000038s ]
INFO: [ view_filter ] --END-- [ RunTime:-0.003524s ]
INFO: [ view_parse ] --START--
INFO: Run Behavior\ParseTemplateBehavior [ RunTime:0.001209s ]
INFO: [ view_parse ] --END-- [ RunTime:-0.005420s ]
INFO: [ view_filter ] --START--
INFO: Run Behavior\WriteHtmlCacheBehavior [ RunTime:0.000041s ]
INFO: [ view_filter ] --END-- [ RunTime:-0.005567s ]
NOTIC: [2] Cannot modify header information - headers already sent by (output started at D:\PHP\wamp\www\ThinkPHP\ThinkPHP\Library\Think\View.class.php:95) D:\PHP\wamp\www\ThinkPHP\ThinkPHP\Library\Think\View.class.php 第 91 行.
NOTIC: [2] Cannot modify header information - headers already sent by (output started at D:\PHP\wamp\www\ThinkPHP\ThinkPHP\Library\Think\View.class.php:95) D:\PHP\wamp\www\ThinkPHP\ThinkPHP\Library\Think\View.class.php 第 92 行.
NOTIC: [2] Cannot modify header information - headers already sent by (output started at D:\PHP\wamp\www\ThinkPHP\ThinkPHP\Library\Think\View.class.php:95) D:\PHP\wamp\www\ThinkPHP\ThinkPHP\Library\Think\View.class.php 第 93 行.
INFO: [ app_end ] --START--
INFO: Run Behavior\ShowPageTraceBehavior [ RunTime:0.000788s ]
INFO: [ app_end ] --END-- [ RunTime:0.000930s ]

[ 2015-10-12T23:56:40+08:00 ] 127.0.0.1 /index.php/Home/Goods/detail/goods_id/33
INFO: [ app_init ] --START--
INFO: Run Behavior\BuildLiteBehavior [ RunTime:0.000043s ]
INFO: [ app_init ] --END-- [ RunTime:0.000871s ]
INFO: [ app_begin ] --START--
INFO: Run Behavior\ReadHtmlCacheBehavior [ RunTime:0.001228s ]
INFO: [ app_begin ] --END-- [ RunTime:0.001615s ]
SQL: SHOW COLUMNS FROM `sw_goods` [ RunTime:0.0100s ]
SQL: SELECT * FROM `sw_goods` WHERE ( goods_id='33' and status=1 and goods_number>0  ) LIMIT 1   [ RunTime:0.0004s ]
SQL: SHOW COLUMNS FROM `sw_reviews` [ RunTime:0.0090s ]
SQL: SELECT * FROM `sw_reviews` WHERE ( goods_id='33' )  [ RunTime:0.0005s ]
NOTIC: [8] Undefined index: REQUEST_url D:\PHP\wamp\www\DE\Component\page.class.php 第 36 行.
NOTIC: [8] Undefined index: REQUEST_url D:\PHP\wamp\www\DE\Component\page.class.php 第 36 行.
SQL: select * from sw_reviews where goods_id='33'Limit 0, 15 [ RunTime:0.0004s ]
SQL: SHOW COLUMNS FROM `sw_category` [ RunTime:0.0057s ]
SQL: SELECT * FROM `sw_category` ORDER BY `pid` asc  [ RunTime:0.0003s ]
SQL: SHOW COLUMNS FROM `sw_category` [ RunTime:0.0051s ]
SQL: SELECT * FROM `sw_category` WHERE ( id='' ) LIMIT 1   [ RunTime:0.0004s ]
SQL: SELECT * FROM `sw_category` WHERE ( id='' ) LIMIT 1   [ RunTime:0.0004s ]
SQL: SELECT * FROM `sw_goods` WHERE ( status=1 and goods_number>0  ) ORDER BY rand() LIMIT 5   [ RunTime:0.0092s ]
SQL: SELECT * FROM `sw_goods` WHERE ( status=1 and goods_number>0  ) ORDER BY volume desc LIMIT 10   [ RunTime:0.0007s ]
NOTIC: [8] Undefined variable: waitSecond D:\PHP\wamp\www\ThinkPHP\ThinkPHP\Library\Think\Controller.class.php 第 229 行.

[ 2015-10-12T23:56:41+08:00 ] 127.0.0.1 /index.php/Home/Index/index.html
INFO: [ app_init ] --START--
INFO: Run Behavior\BuildLiteBehavior [ RunTime:0.000033s ]
INFO: [ app_init ] --END-- [ RunTime:0.000535s ]
INFO: [ app_begin ] --START--
INFO: Run Behavior\ReadHtmlCacheBehavior [ RunTime:0.000521s ]
INFO: [ app_begin ] --END-- [ RunTime:0.000666s ]
SQL: SHOW COLUMNS FROM `sw_category` [ RunTime:0.0084s ]
SQL: SELECT * FROM `sw_category` ORDER BY `pid` asc  [ RunTime:0.0004s ]
SQL: SHOW COLUMNS FROM `sw_category` [ RunTime:0.0042s ]
SQL: SHOW COLUMNS FROM `sw_goods` [ RunTime:0.0059s ]
SQL: SELECT * FROM `sw_goods` WHERE ( status=1 and goods_number>0 and goods_category_id='6' ) ORDER BY rand() LIMIT 1   [ RunTime:0.0052s ]
NOTIC: [8] Undefined index: childs D:\PHP\wamp\www\DE\Home\Controller\IndexController.class.php 第 26 行.
NOTIC: [2] Invalid argument supplied for foreach() D:\PHP\wamp\www\DE\Home\Controller\IndexController.class.php 第 26 行.
INFO: [ view_parse ] --START--
NOTIC: [8] Undefined index: username D:\PHP\wamp\www\DE\Runtime\Cache\412fc1c42afb6b35093bbc415f909a5f039ccee0.file.header.html.php 第 60 行.
INFO: Run Behavior\ParseTemplateBehavior [ RunTime:0.009202s ]
INFO: [ view_parse ] --END-- [ RunTime:0.009366s ]
INFO: [ view_filter ] --START--
INFO: Run Behavior\WriteHtmlCacheBehavior [ RunTime:0.000582s ]
INFO: [ view_filter ] --END-- [ RunTime:0.000721s ]
INFO: [ view_parse ] --START--
NOTIC: [8] Undefined index: childs D:\PHP\wamp\www\DE\Runtime\Cache\75d3c4843f176db28a964d7ce533fe31f98cb039.file.index.html.php 第 51 行.
NOTIC: [8] Undefined index: childs D:\PHP\wamp\www\DE\Runtime\Cache\75d3c4843f176db28a964d7ce533fe31f98cb039.file.index.html.php 第 116 行.
NOTIC: [8] Undefined index: childs D:\PHP\wamp\www\DE\Runtime\Cache\75d3c4843f176db28a964d7ce533fe31f98cb039.file.index.html.php 第 167 行.
INFO: Run Behavior\ParseTemplateBehavior [ RunTime:0.002064s ]
INFO: [ view_parse ] --END-- [ RunTime:-0.001189s ]
INFO: [ view_filter ] --START--
INFO: Run Behavior\WriteHtmlCacheBehavior [ RunTime:0.000042s ]
INFO: [ view_filter ] --END-- [ RunTime:-0.002631s ]
INFO: [ view_parse ] --START--
INFO: Run Behavior\ParseTemplateBehavior [ RunTime:0.001338s ]
INFO: [ view_parse ] --END-- [ RunTime:-0.004185s ]
INFO: [ view_filter ] --START--
INFO: Run Behavior\WriteHtmlCacheBehavior [ RunTime:0.000036s ]
INFO: [ view_filter ] --END-- [ RunTime:-0.004893s ]
NOTIC: [2] Cannot modify header information - headers already sent by (output started at D:\PHP\wamp\www\ThinkPHP\ThinkPHP\Library\Think\View.class.php:95) D:\PHP\wamp\www\ThinkPHP\ThinkPHP\Library\Think\View.class.php 第 91 行.
NOTIC: [2] Cannot modify header information - headers already sent by (output started at D:\PHP\wamp\www\ThinkPHP\ThinkPHP\Library\Think\View.class.php:95) D:\PHP\wamp\www\ThinkPHP\ThinkPHP\Library\Think\View.class.php 第 92 行.
NOTIC: [2] Cannot modify header information - headers already sent by (output started at D:\PHP\wamp\www\ThinkPHP\ThinkPHP\Library\Think\View.class.php:95) D:\PHP\wamp\www\ThinkPHP\ThinkPHP\Library\Think\View.class.php 第 93 行.
INFO: [ app_end ] --START--
INFO: Run Behavior\ShowPageTraceBehavior [ RunTime:0.000784s ]
INFO: [ app_end ] --END-- [ RunTime:0.000924s ]

[ 2015-10-12T23:56:46+08:00 ] 127.0.0.1 /index.php/Home/Goods/catlist/id/41
INFO: [ app_init ] --START--
INFO: Run Behavior\BuildLiteBehavior [ RunTime:0.000067s ]
INFO: [ app_init ] --END-- [ RunTime:0.001063s ]
INFO: [ app_begin ] --START--
INFO: Run Behavior\ReadHtmlCacheBehavior [ RunTime:0.001087s ]
INFO: [ app_begin ] --END-- [ RunTime:0.001439s ]
SQL: SHOW COLUMNS FROM `sw_category` [ RunTime:0.0096s ]
SQL: SELECT * FROM `sw_category` ORDER BY `pid` asc  [ RunTime:0.0003s ]
SQL: SHOW COLUMNS FROM `sw_category` [ RunTime:0.0038s ]
SQL: SHOW COLUMNS FROM `sw_goods` [ RunTime:0.0082s ]
SQL: SELECT COUNT(*) AS tp_count FROM `sw_goods` WHERE ( goods_category_id='41' and status=1 and goods_number>0  ) LIMIT 1   [ RunTime:0.0689s ]
NOTIC: [8] Undefined index: REQUEST_url D:\PHP\wamp\www\DE\Component\page.class.php 第 36 行.
NOTIC: [8] Undefined index: REQUEST_url D:\PHP\wamp\www\DE\Component\page.class.php 第 36 行.
SQL: select * from sw_goods where goods_category_id=41 and status=1 and goods_number>0 Limit 0, 20 [ RunTime:0.0004s ]
SQL: SELECT * FROM `sw_goods` WHERE ( hot=1 and status=1 and goods_number>0  ) ORDER BY rand() LIMIT 6   [ RunTime:0.0049s ]
SQL: SELECT * FROM `sw_category` WHERE ( id='41' ) LIMIT 1   [ RunTime:0.0005s ]
SQL: SELECT * FROM `sw_category` WHERE ( id='' ) LIMIT 1   [ RunTime:0.0003s ]
SQL: SELECT * FROM `sw_goods` WHERE ( status=1 and goods_number>0  ) ORDER BY rand() LIMIT 20   [ RunTime:0.0085s ]
INFO: [ view_parse ] --START--
NOTIC: [8] Undefined index: username D:\PHP\wamp\www\DE\Runtime\Cache\412fc1c42afb6b35093bbc415f909a5f039ccee0.file.header.html.php 第 60 行.
INFO: Run Behavior\ParseTemplateBehavior [ RunTime:0.010501s ]
INFO: [ view_parse ] --END-- [ RunTime:0.010655s ]
INFO: [ view_filter ] --START--
INFO: Run Behavior\WriteHtmlCacheBehavior [ RunTime:0.000614s ]
INFO: [ view_filter ] --END-- [ RunTime:0.000762s ]
INFO: [ view_parse ] --START--
NOTIC: [8] Undefined index: childs D:\PHP\wamp\www\DE\Runtime\Cache\f7093e6ba666ed7315d487799ae177824ce75d5c.file.catlist.html.php 第 61 行.
INFO: Run Behavior\ParseTemplateBehavior [ RunTime:0.139068s ]
INFO: [ view_parse ] --END-- [ RunTime:-0.005874s ]
INFO: [ view_filter ] --START--
INFO: Run Behavior\WriteHtmlCacheBehavior [ RunTime:0.000043s ]
INFO: [ view_filter ] --END-- [ RunTime:-0.144362s ]
INFO: [ view_parse ] --START--
INFO: Run Behavior\ParseTemplateBehavior [ RunTime:0.001340s ]
INFO: [ view_parse ] --END-- [ RunTime:-0.145914s ]
INFO: [ view_filter ] --START--
INFO: Run Behavior\WriteHtmlCacheBehavior [ RunTime:0.000036s ]
INFO: [ view_filter ] --END-- [ RunTime:-0.146654s ]
NOTIC: [2] Cannot modify header information - headers already sent by (output started at D:\PHP\wamp\www\ThinkPHP\ThinkPHP\Library\Think\View.class.php:95) D:\PHP\wamp\www\ThinkPHP\ThinkPHP\Library\Think\View.class.php 第 91 行.
NOTIC: [2] Cannot modify header information - headers already sent by (output started at D:\PHP\wamp\www\ThinkPHP\ThinkPHP\Library\Think\View.class.php:95) D:\PHP\wamp\www\ThinkPHP\ThinkPHP\Library\Think\View.class.php 第 92 行.
NOTIC: [2] Cannot modify header information - headers already sent by (output started at D:\PHP\wamp\www\ThinkPHP\ThinkPHP\Library\Think\View.class.php:95) D:\PHP\wamp\www\ThinkPHP\ThinkPHP\Library\Think\View.class.php 第 93 行.
INFO: [ app_end ] --START--
INFO: Run Behavior\ShowPageTraceBehavior [ RunTime:0.000774s ]
INFO: [ app_end ] --END-- [ RunTime:0.000925s ]

[ 2015-10-12T23:56:56+08:00 ] 127.0.0.1 /index.php/Home/Goods/detail/goods_id/33
INFO: [ app_init ] --START--
INFO: Run Behavior\BuildLiteBehavior [ RunTime:0.000048s ]
INFO: [ app_init ] --END-- [ RunTime:0.000868s ]
INFO: [ app_begin ] --START--
INFO: Run Behavior\ReadHtmlCacheBehavior [ RunTime:0.000578s ]
INFO: [ app_begin ] --END-- [ RunTime:0.000783s ]
SQL: SHOW COLUMNS FROM `sw_goods` [ RunTime:0.0088s ]
SQL: SELECT * FROM `sw_goods` WHERE ( goods_id='33' and status=1 and goods_number>0  ) LIMIT 1   [ RunTime:0.0004s ]
SQL: SHOW COLUMNS FROM `sw_reviews` [ RunTime:0.0071s ]
SQL: SELECT * FROM `sw_reviews` WHERE ( goods_id='33' )  [ RunTime:0.0003s ]
NOTIC: [8] Undefined index: REQUEST_url D:\PHP\wamp\www\DE\Component\page.class.php 第 36 行.
NOTIC: [8] Undefined index: REQUEST_url D:\PHP\wamp\www\DE\Component\page.class.php 第 36 行.
SQL: select * from sw_reviews where goods_id='33'Limit 0, 15 [ RunTime:0.0003s ]
SQL: SHOW COLUMNS FROM `sw_category` [ RunTime:0.0058s ]
SQL: SELECT * FROM `sw_category` ORDER BY `pid` asc  [ RunTime:0.0006s ]
SQL: SHOW COLUMNS FROM `sw_category` [ RunTime:0.0048s ]
SQL: SELECT * FROM `sw_category` WHERE ( id='' ) LIMIT 1   [ RunTime:0.0003s ]
SQL: SELECT * FROM `sw_category` WHERE ( id='' ) LIMIT 1   [ RunTime:0.0002s ]
SQL: SELECT * FROM `sw_goods` WHERE ( status=1 and goods_number>0  ) ORDER BY rand() LIMIT 5   [ RunTime:0.0104s ]
SQL: SELECT * FROM `sw_goods` WHERE ( status=1 and goods_number>0  ) ORDER BY volume desc LIMIT 10   [ RunTime:0.0005s ]
NOTIC: [8] Undefined variable: waitSecond D:\PHP\wamp\www\ThinkPHP\ThinkPHP\Library\Think\Controller.class.php 第 229 行.

[ 2015-10-12T23:56:57+08:00 ] 127.0.0.1 /index.php/Home/Index/index.html
INFO: [ app_init ] --START--
INFO: Run Behavior\BuildLiteBehavior [ RunTime:0.000035s ]
INFO: [ app_init ] --END-- [ RunTime:0.000533s ]
INFO: [ app_begin ] --START--
INFO: Run Behavior\ReadHtmlCacheBehavior [ RunTime:0.000708s ]
INFO: [ app_begin ] --END-- [ RunTime:0.000879s ]
SQL: SHOW COLUMNS FROM `sw_category` [ RunTime:0.0099s ]
SQL: SELECT * FROM `sw_category` ORDER BY `pid` asc  [ RunTime:0.0004s ]
SQL: SHOW COLUMNS FROM `sw_category` [ RunTime:0.0053s ]
SQL: SHOW COLUMNS FROM `sw_goods` [ RunTime:0.0069s ]
SQL: SELECT * FROM `sw_goods` WHERE ( status=1 and goods_number>0 and goods_category_id='6' ) ORDER BY rand() LIMIT 1   [ RunTime:0.0049s ]
NOTIC: [8] Undefined index: childs D:\PHP\wamp\www\DE\Home\Controller\IndexController.class.php 第 26 行.
NOTIC: [2] Invalid argument supplied for foreach() D:\PHP\wamp\www\DE\Home\Controller\IndexController.class.php 第 26 行.
INFO: [ view_parse ] --START--
NOTIC: [8] Undefined index: username D:\PHP\wamp\www\DE\Runtime\Cache\412fc1c42afb6b35093bbc415f909a5f039ccee0.file.header.html.php 第 60 行.
INFO: Run Behavior\ParseTemplateBehavior [ RunTime:0.009565s ]
INFO: [ view_parse ] --END-- [ RunTime:0.009736s ]
INFO: [ view_filter ] --START--
INFO: Run Behavior\WriteHtmlCacheBehavior [ RunTime:0.000548s ]
INFO: [ view_filter ] --END-- [ RunTime:0.000688s ]
INFO: [ view_parse ] --START--
NOTIC: [8] Undefined index: childs D:\PHP\wamp\www\DE\Runtime\Cache\75d3c4843f176db28a964d7ce533fe31f98cb039.file.index.html.php 第 51 行.
NOTIC: [8] Undefined index: childs D:\PHP\wamp\www\DE\Runtime\Cache\75d3c4843f176db28a964d7ce533fe31f98cb039.file.index.html.php 第 116 行.
NOTIC: [8] Undefined index: childs D:\PHP\wamp\www\DE\Runtime\Cache\75d3c4843f176db28a964d7ce533fe31f98cb039.file.index.html.php 第 167 行.
INFO: Run Behavior\ParseTemplateBehavior [ RunTime:0.001955s ]
INFO: [ view_parse ] --END-- [ RunTime:-0.001163s ]
INFO: [ view_filter ] --START--
INFO: Run Behavior\WriteHtmlCacheBehavior [ RunTime:0.000035s ]
INFO: [ view_filter ] --END-- [ RunTime:-0.002560s ]
INFO: [ view_parse ] --START--
INFO: Run Behavior\ParseTemplateBehavior [ RunTime:0.001193s ]
INFO: [ view_parse ] --END-- [ RunTime:-0.003894s ]
INFO: [ view_filter ] --START--
INFO: Run Behavior\WriteHtmlCacheBehavior [ RunTime:0.000036s ]
INFO: [ view_filter ] --END-- [ RunTime:-0.004552s ]
NOTIC: [2] Cannot modify header information - headers already sent by (output started at D:\PHP\wamp\www\ThinkPHP\ThinkPHP\Library\Think\View.class.php:95) D:\PHP\wamp\www\ThinkPHP\ThinkPHP\Library\Think\View.class.php 第 91 行.
NOTIC: [2] Cannot modify header information - headers already sent by (output started at D:\PHP\wamp\www\ThinkPHP\ThinkPHP\Library\Think\View.class.php:95) D:\PHP\wamp\www\ThinkPHP\ThinkPHP\Library\Think\View.class.php 第 92 行.
NOTIC: [2] Cannot modify header information - headers already sent by (output started at D:\PHP\wamp\www\ThinkPHP\ThinkPHP\Library\Think\View.class.php:95) D:\PHP\wamp\www\ThinkPHP\ThinkPHP\Library\Think\View.class.php 第 93 行.
INFO: [ app_end ] --START--
INFO: Run Behavior\ShowPageTraceBehavior [ RunTime:0.000785s ]
INFO: [ app_end ] --END-- [ RunTime:0.000925s ]

[ 2015-10-12T23:56:58+08:00 ] 127.0.0.1 /index.php/Home/Goods/detail/goods_id/121
INFO: [ app_init ] --START--
INFO: Run Behavior\BuildLiteBehavior [ RunTime:0.000042s ]
INFO: [ app_init ] --END-- [ RunTime:0.000744s ]
INFO: [ app_begin ] --START--
INFO: Run Behavior\ReadHtmlCacheBehavior [ RunTime:0.001110s ]
INFO: [ app_begin ] --END-- [ RunTime:0.001380s ]
SQL: SHOW COLUMNS FROM `sw_goods` [ RunTime:0.0085s ]
SQL: SELECT * FROM `sw_goods` WHERE ( goods_id='121' and status=1 and goods_number>0  ) LIMIT 1   [ RunTime:0.0004s ]
SQL: SHOW COLUMNS FROM `sw_reviews` [ RunTime:0.0070s ]
SQL: SELECT * FROM `sw_reviews` WHERE ( goods_id='121' )  [ RunTime:0.0003s ]
NOTIC: [8] Undefined index: REQUEST_url D:\PHP\wamp\www\DE\Component\page.class.php 第 36 行.
NOTIC: [8] Undefined index: REQUEST_url D:\PHP\wamp\www\DE\Component\page.class.php 第 36 行.
SQL: select * from sw_reviews where goods_id='121'Limit 0, 15 [ RunTime:0.0004s ]
SQL: SHOW COLUMNS FROM `sw_category` [ RunTime:0.0063s ]
SQL: SELECT * FROM `sw_category` ORDER BY `pid` asc  [ RunTime:0.0004s ]
SQL: SHOW COLUMNS FROM `sw_category` [ RunTime:0.0046s ]
SQL: SELECT * FROM `sw_category` WHERE ( id='0' ) LIMIT 1   [ RunTime:0.0004s ]
SQL: SELECT * FROM `sw_category` WHERE ( id='' ) LIMIT 1   [ RunTime:0.0002s ]
SQL: SELECT * FROM `sw_goods` WHERE ( status=1 and goods_number>0  ) ORDER BY rand() LIMIT 5   [ RunTime:0.0468s ]
SQL: SELECT * FROM `sw_goods` WHERE ( status=1 and goods_number>0  ) ORDER BY volume desc LIMIT 10   [ RunTime:0.0004s ]
INFO: [ view_parse ] --START--
NOTIC: [8] Undefined index: username D:\PHP\wamp\www\DE\Runtime\Cache\412fc1c42afb6b35093bbc415f909a5f039ccee0.file.header.html.php 第 60 行.
INFO: Run Behavior\ParseTemplateBehavior [ RunTime:0.009031s ]
INFO: [ view_parse ] --END-- [ RunTime:0.009183s ]
INFO: [ view_filter ] --START--
INFO: Run Behavior\WriteHtmlCacheBehavior [ RunTime:0.000579s ]
INFO: [ view_filter ] --END-- [ RunTime:0.000719s ]
INFO: [ view_parse ] --START--
NOTIC: [8] Undefined index: childs D:\PHP\wamp\www\DE\Runtime\Cache\72946cd36839dbdc51fcf5e92d1814720a1655ef.file.detail.html.php 第 69 行.
INFO: Run Behavior\ParseTemplateBehavior [ RunTime:0.002184s ]
INFO: [ view_parse ] --END-- [ RunTime:-0.001223s ]
INFO: [ view_filter ] --START--
INFO: Run Behavior\WriteHtmlCacheBehavior [ RunTime:0.000039s ]
INFO: [ view_filter ] --END-- [ RunTime:-0.002830s ]
INFO: [ view_parse ] --START--
INFO: Run Behavior\ParseTemplateBehavior [ RunTime:0.002050s ]
INFO: [ view_parse ] --END-- [ RunTime:-0.004438s ]
INFO: [ view_filter ] --START--
INFO: Run Behavior\WriteHtmlCacheBehavior [ RunTime:0.000070s ]
INFO: [ view_filter ] --END-- [ RunTime:-0.006049s ]
NOTIC: [2] Cannot modify header information - headers already sent by (output started at D:\PHP\wamp\www\ThinkPHP\ThinkPHP\Library\Think\View.class.php:95) D:\PHP\wamp\www\ThinkPHP\ThinkPHP\Library\Think\View.class.php 第 91 行.
NOTIC: [2] Cannot modify header information - headers already sent by (output started at D:\PHP\wamp\www\ThinkPHP\ThinkPHP\Library\Think\View.class.php:95) D:\PHP\wamp\www\ThinkPHP\ThinkPHP\Library\Think\View.class.php 第 92 行.
NOTIC: [2] Cannot modify header information - headers already sent by (output started at D:\PHP\wamp\www\ThinkPHP\ThinkPHP\Library\Think\View.class.php:95) D:\PHP\wamp\www\ThinkPHP\ThinkPHP\Library\Think\View.class.php 第 93 行.
INFO: [ app_end ] --START--
INFO: Run Behavior\ShowPageTraceBehavior [ RunTime:0.000964s ]
INFO: [ app_end ] --END-- [ RunTime:0.001125s ]

[ 2015-10-12T23:57:01+08:00 ] 127.0.0.1 /index.php/Home/Goods/detail/goods_id/120
INFO: [ app_init ] --START--
INFO: Run Behavior\BuildLiteBehavior [ RunTime:0.000069s ]
INFO: [ app_init ] --END-- [ RunTime:0.001011s ]
INFO: [ app_begin ] --START--
INFO: Run Behavior\ReadHtmlCacheBehavior [ RunTime:0.000835s ]
INFO: [ app_begin ] --END-- [ RunTime:0.001049s ]
SQL: SHOW COLUMNS FROM `sw_goods` [ RunTime:0.0095s ]
SQL: SELECT * FROM `sw_goods` WHERE ( goods_id='120' and status=1 and goods_number>0  ) LIMIT 1   [ RunTime:0.0006s ]
SQL: SHOW COLUMNS FROM `sw_reviews` [ RunTime:0.0062s ]
SQL: SELECT * FROM `sw_reviews` WHERE ( goods_id='120' )  [ RunTime:0.0003s ]
NOTIC: [8] Undefined index: REQUEST_url D:\PHP\wamp\www\DE\Component\page.class.php 第 36 行.
NOTIC: [8] Undefined index: REQUEST_url D:\PHP\wamp\www\DE\Component\page.class.php 第 36 行.
SQL: select * from sw_reviews where goods_id='120'Limit 0, 15 [ RunTime:0.0004s ]
SQL: SHOW COLUMNS FROM `sw_category` [ RunTime:0.0071s ]
SQL: SELECT * FROM `sw_category` ORDER BY `pid` asc  [ RunTime:0.0004s ]
SQL: SHOW COLUMNS FROM `sw_category` [ RunTime:0.0039s ]
SQL: SELECT * FROM `sw_category` WHERE ( id='2' ) LIMIT 1   [ RunTime:0.0003s ]
SQL: SELECT * FROM `sw_category` WHERE ( id='' ) LIMIT 1   [ RunTime:0.0002s ]
SQL: SELECT * FROM `sw_goods` WHERE ( status=1 and goods_number>0  ) ORDER BY rand() LIMIT 5   [ RunTime:0.0108s ]
SQL: SELECT * FROM `sw_goods` WHERE ( status=1 and goods_number>0  ) ORDER BY volume desc LIMIT 10   [ RunTime:0.0006s ]
INFO: [ view_parse ] --START--
NOTIC: [8] Undefined index: username D:\PHP\wamp\www\DE\Runtime\Cache\412fc1c42afb6b35093bbc415f909a5f039ccee0.file.header.html.php 第 60 行.
INFO: Run Behavior\ParseTemplateBehavior [ RunTime:0.009883s ]
INFO: [ view_parse ] --END-- [ RunTime:0.010045s ]
INFO: [ view_filter ] --START--
INFO: Run Behavior\WriteHtmlCacheBehavior [ RunTime:0.000813s ]
INFO: [ view_filter ] --END-- [ RunTime:0.000980s ]
INFO: [ view_parse ] --START--
NOTIC: [8] Undefined index: childs D:\PHP\wamp\www\DE\Runtime\Cache\72946cd36839dbdc51fcf5e92d1814720a1655ef.file.detail.html.php 第 69 行.
INFO: Run Behavior\ParseTemplateBehavior [ RunTime:0.002429s ]
INFO: [ view_parse ] --END-- [ RunTime:-0.001698s ]
INFO: [ view_filter ] --START--
INFO: Run Behavior\WriteHtmlCacheBehavior [ RunTime:0.000037s ]
INFO: [ view_filter ] --END-- [ RunTime:-0.003299s ]
INFO: [ view_parse ] --START--
INFO: Run Behavior\ParseTemplateBehavior [ RunTime:0.002784s ]
INFO: [ view_parse ] --END-- [ RunTime:-0.005208s ]
INFO: [ view_filter ] --START--
INFO: Run Behavior\WriteHtmlCacheBehavior [ RunTime:0.000075s ]
INFO: [ view_filter ] --END-- [ RunTime:-0.007292s ]
NOTIC: [2] Cannot modify header information - headers already sent by (output started at D:\PHP\wamp\www\ThinkPHP\ThinkPHP\Library\Think\View.class.php:95) D:\PHP\wamp\www\ThinkPHP\ThinkPHP\Library\Think\View.class.php 第 91 行.
NOTIC: [2] Cannot modify header information - headers already sent by (output started at D:\PHP\wamp\www\ThinkPHP\ThinkPHP\Library\Think\View.class.php:95) D:\PHP\wamp\www\ThinkPHP\ThinkPHP\Library\Think\View.class.php 第 92 行.
NOTIC: [2] Cannot modify header information - headers already sent by (output started at D:\PHP\wamp\www\ThinkPHP\ThinkPHP\Library\Think\View.class.php:95) D:\PHP\wamp\www\ThinkPHP\ThinkPHP\Library\Think\View.class.php 第 93 行.
INFO: [ app_end ] --START--
INFO: Run Behavior\ShowPageTraceBehavior [ RunTime:0.001930s ]
INFO: [ app_end ] --END-- [ RunTime:0.002110s ]

[ 2015-10-12T23:57:03+08:00 ] 127.0.0.1 /index.php/Home/Index/sale
INFO: [ app_init ] --START--
INFO: Run Behavior\BuildLiteBehavior [ RunTime:0.000041s ]
INFO: [ app_init ] --END-- [ RunTime:0.000666s ]
INFO: [ app_begin ] --START--
INFO: Run Behavior\ReadHtmlCacheBehavior [ RunTime:0.000625s ]
INFO: [ app_begin ] --END-- [ RunTime:0.000808s ]
INFO: [ view_parse ] --START--
NOTIC: [8] Undefined index: username D:\PHP\wamp\www\DE\Runtime\Cache\412fc1c42afb6b35093bbc415f909a5f039ccee0.file.header.html.php 第 60 行.
INFO: Run Behavior\ParseTemplateBehavior [ RunTime:0.010088s ]
INFO: [ view_parse ] --END-- [ RunTime:0.010249s ]
INFO: [ view_filter ] --START--
INFO: Run Behavior\WriteHtmlCacheBehavior [ RunTime:0.000579s ]
INFO: [ view_filter ] --END-- [ RunTime:0.000720s ]
INFO: [ view_parse ] --START--
INFO: Run Behavior\ParseTemplateBehavior [ RunTime:0.062370s ]
INFO: [ view_parse ] --END-- [ RunTime:-0.018192s ]
INFO: [ view_filter ] --START--
INFO: Run Behavior\WriteHtmlCacheBehavior [ RunTime:0.000142s ]
INFO: [ view_filter ] --END-- [ RunTime:-0.080450s ]
INFO: [ view_parse ] --START--
INFO: Run Behavior\ParseTemplateBehavior [ RunTime:0.004578s ]
INFO: [ view_parse ] --END-- [ RunTime:-0.083538s ]
INFO: [ view_filter ] --START--
INFO: Run Behavior\WriteHtmlCacheBehavior [ RunTime:0.000146s ]
INFO: [ view_filter ] --END-- [ RunTime:-0.088102s ]
NOTIC: [2] Cannot modify header information - headers already sent by (output started at D:\PHP\wamp\www\ThinkPHP\ThinkPHP\Library\Think\View.class.php:95) D:\PHP\wamp\www\ThinkPHP\ThinkPHP\Library\Think\View.class.php 第 91 行.
NOTIC: [2] Cannot modify header information - headers already sent by (output started at D:\PHP\wamp\www\ThinkPHP\ThinkPHP\Library\Think\View.class.php:95) D:\PHP\wamp\www\ThinkPHP\ThinkPHP\Library\Think\View.class.php 第 92 行.
NOTIC: [2] Cannot modify header information - headers already sent by (output started at D:\PHP\wamp\www\ThinkPHP\ThinkPHP\Library\Think\View.class.php:95) D:\PHP\wamp\www\ThinkPHP\ThinkPHP\Library\Think\View.class.php 第 93 行.
INFO: [ app_end ] --START--
INFO: Run Behavior\ShowPageTraceBehavior [ RunTime:0.005058s ]
INFO: [ app_end ] --END-- [ RunTime:0.005628s ]

[ 2015-10-12T23:57:16+08:00 ] 127.0.0.1 /index.php/Home
INFO: [ app_init ] --START--
INFO: Run Behavior\BuildLiteBehavior [ RunTime:0.000037s ]
INFO: [ app_init ] --END-- [ RunTime:0.000587s ]
INFO: [ app_begin ] --START--
INFO: Run Behavior\ReadHtmlCacheBehavior [ RunTime:0.000544s ]
INFO: [ app_begin ] --END-- [ RunTime:0.000698s ]
SQL: SHOW COLUMNS FROM `sw_category` [ RunTime:0.0086s ]
SQL: SELECT * FROM `sw_category` ORDER BY `pid` asc  [ RunTime:0.0003s ]
SQL: SHOW COLUMNS FROM `sw_category` [ RunTime:0.0039s ]
SQL: SHOW COLUMNS FROM `sw_goods` [ RunTime:0.0059s ]
SQL: SELECT * FROM `sw_goods` WHERE ( status=1 and goods_number>0 and goods_category_id='6' ) ORDER BY rand() LIMIT 1   [ RunTime:0.0049s ]
NOTIC: [8] Undefined index: childs D:\PHP\wamp\www\DE\Home\Controller\IndexController.class.php 第 26 行.
NOTIC: [2] Invalid argument supplied for foreach() D:\PHP\wamp\www\DE\Home\Controller\IndexController.class.php 第 26 行.
INFO: [ view_parse ] --START--
NOTIC: [8] Undefined index: username D:\PHP\wamp\www\DE\Runtime\Cache\412fc1c42afb6b35093bbc415f909a5f039ccee0.file.header.html.php 第 60 行.
INFO: Run Behavior\ParseTemplateBehavior [ RunTime:0.008967s ]
INFO: [ view_parse ] --END-- [ RunTime:0.009122s ]
INFO: [ view_filter ] --START--
INFO: Run Behavior\WriteHtmlCacheBehavior [ RunTime:0.000627s ]
INFO: [ view_filter ] --END-- [ RunTime:0.000791s ]
INFO: [ view_parse ] --START--
NOTIC: [8] Undefined index: childs D:\PHP\wamp\www\DE\Runtime\Cache\75d3c4843f176db28a964d7ce533fe31f98cb039.file.index.html.php 第 51 行.
NOTIC: [8] Undefined index: childs D:\PHP\wamp\www\DE\Runtime\Cache\75d3c4843f176db28a964d7ce533fe31f98cb039.file.index.html.php 第 116 行.
NOTIC: [8] Undefined index: childs D:\PHP\wamp\www\DE\Runtime\Cache\75d3c4843f176db28a964d7ce533fe31f98cb039.file.index.html.php 第 167 行.
INFO: Run Behavior\ParseTemplateBehavior [ RunTime:0.002449s ]
INFO: [ view_parse ] --END-- [ RunTime:-0.001255s ]
INFO: [ view_filter ] --START--
INFO: Run Behavior\WriteHtmlCacheBehavior [ RunTime:0.000038s ]
INFO: [ view_filter ] --END-- [ RunTime:-0.003057s ]
INFO: [ view_parse ] --START--
INFO: Run Behavior\ParseTemplateBehavior [ RunTime:0.001322s ]
INFO: [ view_parse ] --END-- [ RunTime:-0.004594s ]
INFO: [ view_filter ] --START--
INFO: Run Behavior\WriteHtmlCacheBehavior [ RunTime:0.000038s ]
INFO: [ view_filter ] --END-- [ RunTime:-0.005277s ]
NOTIC: [2] Cannot modify header information - headers already sent by (output started at D:\PHP\wamp\www\ThinkPHP\ThinkPHP\Library\Think\View.class.php:95) D:\PHP\wamp\www\ThinkPHP\ThinkPHP\Library\Think\View.class.php 第 91 行.
NOTIC: [2] Cannot modify header information - headers already sent by (output started at D:\PHP\wamp\www\ThinkPHP\ThinkPHP\Library\Think\View.class.php:95) D:\PHP\wamp\www\ThinkPHP\ThinkPHP\Library\Think\View.class.php 第 92 行.
NOTIC: [2] Cannot modify header information - headers already sent by (output started at D:\PHP\wamp\www\ThinkPHP\ThinkPHP\Library\Think\View.class.php:95) D:\PHP\wamp\www\ThinkPHP\ThinkPHP\Library\Think\View.class.php 第 93 行.
INFO: [ app_end ] --START--
INFO: Run Behavior\ShowPageTraceBehavior [ RunTime:0.000787s ]
INFO: [ app_end ] --END-- [ RunTime:0.000954s ]

