[ 2016-06-07T22:12:49+08:00 ] 127.0.0.1 /DE/index.php/js/myfocus/myfocus-2.0.4.full.js
INFO: [ app_init ] --START--
INFO: Run Behavior\BuildLiteBehavior [ RunTime:0.000060s ]
INFO: [ app_init ] --END-- [ RunTime:0.000937s ]
ERR: 无法加载模块:Js

[ 2016-06-07T22:13:00+08:00 ] 127.0.0.1 /DE/index.php/js/myfocus/myfocus-2.0.4.full.js
INFO: [ app_init ] --START--
INFO: Run Behavior\BuildLiteBehavior [ RunTime:0.000064s ]
INFO: [ app_init ] --END-- [ RunTime:0.001083s ]
ERR: 无法加载模块:Js

[ 2016-06-07T22:21:20+08:00 ] 127.0.0.1 /DE/index.php/images/b2.jpg
INFO: [ app_init ] --START--
INFO: Run Behavior\BuildLiteBehavior [ RunTime:0.000189s ]
INFO: [ app_init ] --END-- [ RunTime:0.001588s ]
ERR: 无法加载模块:Images

[ 2016-06-07T22:21:20+08:00 ] 127.0.0.1 /DE/index.php/images/b4.jpg
INFO: [ app_init ] --START--
INFO: Run Behavior\BuildLiteBehavior [ RunTime:0.000068s ]
INFO: [ app_init ] --END-- [ RunTime:0.001221s ]
ERR: 无法加载模块:Images

[ 2016-06-07T22:21:20+08:00 ] 127.0.0.1 /DE/index.php/images/b3.jpg
INFO: [ app_init ] --START--
INFO: Run Behavior\BuildLiteBehavior [ RunTime:0.000063s ]
INFO: [ app_init ] --END-- [ RunTime:0.001202s ]
ERR: 无法加载模块:Images

[ 2016-06-07T22:21:20+08:00 ] 127.0.0.1 /DE/index.php/images/b1.jpg
INFO: [ app_init ] --START--
INFO: Run Behavior\BuildLiteBehavior [ RunTime:0.000063s ]
INFO: [ app_init ] --END-- [ RunTime:0.001102s ]
ERR: 无法加载模块:Images

[ 2016-06-07T22:21:20+08:00 ] 127.0.0.1 /DE/index.php/images/b2.jpg
INFO: [ app_init ] --START--
INFO: Run Behavior\BuildLiteBehavior [ RunTime:0.000063s ]
INFO: [ app_init ] --END-- [ RunTime:0.000879s ]
ERR: 无法加载模块:Images

[ 2016-06-07T22:21:20+08:00 ] 127.0.0.1 /DE/index.php/images/b3.jpg
INFO: [ app_init ] --START--
INFO: Run Behavior\BuildLiteBehavior [ RunTime:0.000065s ]
INFO: [ app_init ] --END-- [ RunTime:0.000861s ]
ERR: 无法加载模块:Images

[ 2016-06-07T22:21:20+08:00 ] 127.0.0.1 /DE/index.php/images/b1.jpg
INFO: [ app_init ] --START--
INFO: Run Behavior\BuildLiteBehavior [ RunTime:0.000061s ]
INFO: [ app_init ] --END-- [ RunTime:0.001088s ]
ERR: 无法加载模块:Images

[ 2016-06-07T22:21:20+08:00 ] 127.0.0.1 /DE/index.php/images/b4.jpg
INFO: [ app_init ] --START--
INFO: Run Behavior\BuildLiteBehavior [ RunTime:0.000067s ]
INFO: [ app_init ] --END-- [ RunTime:0.001191s ]
ERR: 无法加载模块:Images

