[ 2015-05-23T21:17:31+08:00 ] 127.0.0.1 /DE/index.php/Admin/Index/index
INFO: [ app_init ] --START--
INFO: Run Behavior\BuildLiteBehavior [ RunTime:0.000000s ]
INFO: [ app_init ] --END-- [ RunTime:0.000000s ]
INFO: [ app_begin ] --START--
INFO: Run Behavior\ReadHtmlCacheBehavior [ RunTime:0.001000s ]
INFO: [ app_begin ] --END-- [ RunTime:0.001000s ]
NOTIC: [8] Undefined index: mg_id D:\PHP\wamp\www\DE\Component\AdminController.class.php 第 21 行.
SQL: select role_auth_ac from sw_manager a join sw_role b on a.mg_role_id=b.role_id where a.mg_id='' [ RunTime:0.1080s ]
NOTIC: [8] Undefined offset: 0 D:\PHP\wamp\www\DE\Component\AdminController.class.php 第 24 行.
NOTIC: [8] Undefined variable: waitSecond D:\PHP\wamp\www\ThinkPHP\ThinkPHP\Library\Think\Controller.class.php 第 229 行.

[ 2015-05-23T21:17:32+08:00 ] 127.0.0.1 /DE/index.php/Admin/Manager/login.html
INFO: [ app_init ] --START--
INFO: Run Behavior\BuildLiteBehavior [ RunTime:0.000000s ]
INFO: [ app_init ] --END-- [ RunTime:0.000000s ]
INFO: [ app_begin ] --START--
INFO: Run Behavior\ReadHtmlCacheBehavior [ RunTime:0.001001s ]
INFO: [ app_begin ] --END-- [ RunTime:0.001001s ]
INFO: [ view_parse ] --START--
INFO: Run Behavior\ParseTemplateBehavior [ RunTime:0.074004s ]
INFO: [ view_parse ] --END-- [ RunTime:0.074004s ]
INFO: [ view_filter ] --START--
INFO: Run Behavior\WriteHtmlCacheBehavior [ RunTime:0.003000s ]
INFO: [ view_filter ] --END-- [ RunTime:0.004000s ]
INFO: [ app_end ] --START--
INFO: Run Behavior\ShowPageTraceBehavior [ RunTime:0.003000s ]
INFO: [ app_end ] --END-- [ RunTime:0.003000s ]

[ 2015-05-23T21:17:33+08:00 ] 127.0.0.1 /DE/index.php/Admin/Manager/verifyImg
INFO: [ app_init ] --START--
INFO: Run Behavior\BuildLiteBehavior [ RunTime:0.000000s ]
INFO: [ app_init ] --END-- [ RunTime:0.000000s ]
INFO: [ app_begin ] --START--
INFO: Run Behavior\ReadHtmlCacheBehavior [ RunTime:0.001000s ]
INFO: [ app_begin ] --END-- [ RunTime:0.001000s ]
INFO: [ app_end ] --START--
INFO: Run Behavior\ShowPageTraceBehavior [ RunTime:0.001000s ]
INFO: [ app_end ] --END-- [ RunTime:0.001000s ]

[ 2015-05-23T21:17:38+08:00 ] 127.0.0.1 /DE/index.php/Admin/Manager/login.html
INFO: [ app_init ] --START--
INFO: Run Behavior\BuildLiteBehavior [ RunTime:0.000000s ]
INFO: [ app_init ] --END-- [ RunTime:0.001000s ]
INFO: [ app_begin ] --START--
INFO: Run Behavior\ReadHtmlCacheBehavior [ RunTime:0.001000s ]
INFO: [ app_begin ] --END-- [ RunTime:0.001000s ]
SQL: SHOW COLUMNS FROM `sw_manager` [ RunTime:0.0080s ]
SQL: SELECT * FROM `sw_manager` WHERE `mg_name` = 'admin' LIMIT 1   [ RunTime:0.0010s ]

[ 2015-05-23T21:17:38+08:00 ] 127.0.0.1 /DE/index.php/Admin/Index/index.html
INFO: [ app_init ] --START--
INFO: Run Behavior\BuildLiteBehavior [ RunTime:0.000000s ]
INFO: [ app_init ] --END-- [ RunTime:0.003000s ]
INFO: [ app_begin ] --START--
INFO: Run Behavior\ReadHtmlCacheBehavior [ RunTime:0.002000s ]
INFO: [ app_begin ] --END-- [ RunTime:0.003000s ]
SQL: select role_auth_ac from sw_manager a join sw_role b on a.mg_role_id=b.role_id where a.mg_id='1' [ RunTime:0.0010s ]
NOTIC: [8] Undefined offset: 0 D:\PHP\wamp\www\DE\Component\AdminController.class.php 第 24 行.
INFO: [ view_parse ] --START--
INFO: Run Behavior\ParseTemplateBehavior [ RunTime:0.035002s ]
INFO: [ view_parse ] --END-- [ RunTime:0.035002s ]
INFO: [ view_filter ] --START--
INFO: Run Behavior\WriteHtmlCacheBehavior [ RunTime:0.001000s ]
INFO: [ view_filter ] --END-- [ RunTime:0.001000s ]
INFO: [ app_end ] --START--
INFO: Run Behavior\ShowPageTraceBehavior [ RunTime:0.001001s ]
INFO: [ app_end ] --END-- [ RunTime:0.001001s ]

[ 2015-05-23T21:17:39+08:00 ] 127.0.0.1 /DE/index.php/Admin/Index/head
INFO: [ app_init ] --START--
INFO: Run Behavior\BuildLiteBehavior [ RunTime:0.000000s ]
INFO: [ app_init ] --END-- [ RunTime:0.001000s ]
INFO: [ app_begin ] --START--
INFO: Run Behavior\ReadHtmlCacheBehavior [ RunTime:0.001000s ]
INFO: [ app_begin ] --END-- [ RunTime:0.001000s ]
SQL: select role_auth_ac from sw_manager a join sw_role b on a.mg_role_id=b.role_id where a.mg_id='1' [ RunTime:0.0000s ]
NOTIC: [8] Undefined offset: 0 D:\PHP\wamp\www\DE\Component\AdminController.class.php 第 24 行.
INFO: [ view_parse ] --START--
NOTIC: [8] Undefined index: Think D:\PHP\wamp\www\DE\Runtime\Cache\e8c1e51f5553143b96201eaa9c346e55e1a80dc5.file.head.html.php 第 30 行.
NOTIC: [8] Trying to get property of non-object D:\PHP\wamp\www\DE\Runtime\Cache\e8c1e51f5553143b96201eaa9c346e55e1a80dc5.file.head.html.php 第 30 行.
INFO: Run Behavior\ParseTemplateBehavior [ RunTime:0.030001s ]
INFO: [ view_parse ] --END-- [ RunTime:0.030001s ]
INFO: [ view_filter ] --START--
INFO: Run Behavior\WriteHtmlCacheBehavior [ RunTime:0.000000s ]
INFO: [ view_filter ] --END-- [ RunTime:0.000000s ]
INFO: [ app_end ] --START--
INFO: Run Behavior\ShowPageTraceBehavior [ RunTime:0.000000s ]
INFO: [ app_end ] --END-- [ RunTime:0.000000s ]

[ 2015-05-23T21:17:39+08:00 ] 127.0.0.1 /DE/index.php/Admin/Index/left
INFO: [ app_init ] --START--
INFO: Run Behavior\BuildLiteBehavior [ RunTime:0.000000s ]
INFO: [ app_init ] --END-- [ RunTime:0.001001s ]
INFO: [ app_begin ] --START--
INFO: Run Behavior\ReadHtmlCacheBehavior [ RunTime:0.000000s ]
INFO: [ app_begin ] --END-- [ RunTime:0.001000s ]
SQL: select role_auth_ac from sw_manager a join sw_role b on a.mg_role_id=b.role_id where a.mg_id='1' [ RunTime:0.0000s ]
NOTIC: [8] Undefined offset: 0 D:\PHP\wamp\www\DE\Component\AdminController.class.php 第 24 行.
SQL: select * from sw_manager where mg_id=1 [ RunTime:0.0210s ]
SQL: select * from sw_role where role_id=0 [ RunTime:0.0010s ]
NOTIC: [8] Undefined offset: 0 D:\PHP\wamp\www\DE\Admin\Controller\IndexController.class.php 第 35 行.
SQL: select * from sw_auth where auth_level=0  [ RunTime:0.0310s ]
SQL: select * from sw_auth where auth_level=1  [ RunTime:0.0010s ]
INFO: [ view_parse ] --START--
INFO: Run Behavior\ParseTemplateBehavior [ RunTime:0.063004s ]
INFO: [ view_parse ] --END-- [ RunTime:0.063004s ]
INFO: [ view_filter ] --START--
INFO: Run Behavior\WriteHtmlCacheBehavior [ RunTime:0.001000s ]
INFO: [ view_filter ] --END-- [ RunTime:0.002000s ]
INFO: [ app_end ] --START--
INFO: Run Behavior\ShowPageTraceBehavior [ RunTime:0.005001s ]
INFO: [ app_end ] --END-- [ RunTime:0.005001s ]

[ 2015-05-23T21:17:39+08:00 ] 127.0.0.1 /DE/index.php/Admin/Index/right
INFO: [ app_init ] --START--
INFO: Run Behavior\BuildLiteBehavior [ RunTime:0.001000s ]
INFO: [ app_init ] --END-- [ RunTime:0.001000s ]
INFO: [ app_begin ] --START--
INFO: Run Behavior\ReadHtmlCacheBehavior [ RunTime:0.001000s ]
INFO: [ app_begin ] --END-- [ RunTime:0.001000s ]
SQL: select role_auth_ac from sw_manager a join sw_role b on a.mg_role_id=b.role_id where a.mg_id='1' [ RunTime:0.0000s ]
NOTIC: [8] Undefined offset: 0 D:\PHP\wamp\www\DE\Component\AdminController.class.php 第 24 行.
INFO: [ view_parse ] --START--
INFO: Run Behavior\ParseTemplateBehavior [ RunTime:0.029002s ]
INFO: [ view_parse ] --END-- [ RunTime:0.029002s ]
INFO: [ view_filter ] --START--
INFO: Run Behavior\WriteHtmlCacheBehavior [ RunTime:0.001000s ]
INFO: [ view_filter ] --END-- [ RunTime:0.001000s ]
INFO: [ app_end ] --START--
INFO: Run Behavior\ShowPageTraceBehavior [ RunTime:0.001000s ]
INFO: [ app_end ] --END-- [ RunTime:0.001000s ]

[ 2015-05-23T21:17:39+08:00 ] 127.0.0.1 /DE/index.php/Admin/Index/admin.css
INFO: [ app_init ] --START--
INFO: Run Behavior\BuildLiteBehavior [ RunTime:0.000000s ]
INFO: [ app_init ] --END-- [ RunTime:0.000000s ]
INFO: [ app_begin ] --START--
INFO: Run Behavior\ReadHtmlCacheBehavior [ RunTime:0.001000s ]
INFO: [ app_begin ] --END-- [ RunTime:0.001000s ]
SQL: select role_auth_ac from sw_manager a join sw_role b on a.mg_role_id=b.role_id where a.mg_id='1' [ RunTime:0.0000s ]
NOTIC: [8] Undefined offset: 0 D:\PHP\wamp\www\DE\Component\AdminController.class.php 第 24 行.
ERR: 非法操作:admin.css

[ 2015-05-23T21:17:48+08:00 ] 127.0.0.1 /DE/index.php/Admin/User/showlist
INFO: [ app_init ] --START--
INFO: Run Behavior\BuildLiteBehavior [ RunTime:0.000000s ]
INFO: [ app_init ] --END-- [ RunTime:0.002000s ]
INFO: [ app_begin ] --START--
INFO: Run Behavior\ReadHtmlCacheBehavior [ RunTime:0.001000s ]
INFO: [ app_begin ] --END-- [ RunTime:0.001000s ]
SQL: select role_auth_ac from sw_manager a join sw_role b on a.mg_role_id=b.role_id where a.mg_id='1' [ RunTime:0.0000s ]
NOTIC: [8] Undefined offset: 0 D:\PHP\wamp\www\DE\Component\AdminController.class.php 第 24 行.
SQL: SHOW COLUMNS FROM `sw_user` [ RunTime:0.0030s ]
SQL: SELECT COUNT(*) AS tp_count FROM `sw_user` LIMIT 1   [ RunTime:0.0300s ]
NOTIC: [8] Undefined index: REQUEST_url D:\PHP\wamp\www\DE\Component\page.class.php 第 36 行.
NOTIC: [8] Undefined index: REQUEST_url D:\PHP\wamp\www\DE\Component\page.class.php 第 36 行.
SQL: select * from sw_user Limit 0, 15 [ RunTime:0.0000s ]
INFO: [ view_parse ] --START--
INFO: Run Behavior\ParseTemplateBehavior [ RunTime:0.051002s ]
INFO: [ view_parse ] --END-- [ RunTime:0.051002s ]
INFO: [ view_filter ] --START--
INFO: Run Behavior\WriteHtmlCacheBehavior [ RunTime:0.002000s ]
INFO: [ view_filter ] --END-- [ RunTime:0.002000s ]
INFO: [ app_end ] --START--
INFO: Run Behavior\ShowPageTraceBehavior [ RunTime:0.003000s ]
INFO: [ app_end ] --END-- [ RunTime:0.003000s ]

[ 2015-05-23T21:17:51+08:00 ] 127.0.0.1 /DE/index.php/Admin/User/upd/user_id/159
INFO: [ app_init ] --START--
INFO: Run Behavior\BuildLiteBehavior [ RunTime:0.000000s ]
INFO: [ app_init ] --END-- [ RunTime:0.000000s ]
INFO: [ app_begin ] --START--
INFO: Run Behavior\ReadHtmlCacheBehavior [ RunTime:0.002000s ]
INFO: [ app_begin ] --END-- [ RunTime:0.002000s ]
SQL: select role_auth_ac from sw_manager a join sw_role b on a.mg_role_id=b.role_id where a.mg_id='1' [ RunTime:0.0000s ]
NOTIC: [8] Undefined offset: 0 D:\PHP\wamp\www\DE\Component\AdminController.class.php 第 24 行.
SQL: SHOW COLUMNS FROM `sw_user` [ RunTime:0.0030s ]
SQL: SELECT * FROM `sw_user` WHERE ( user_id='159' ) LIMIT 1   [ RunTime:0.0010s ]
INFO: [ view_parse ] --START--
INFO: Run Behavior\ParseTemplateBehavior [ RunTime:0.018001s ]
INFO: [ view_parse ] --END-- [ RunTime:0.018001s ]
INFO: [ view_filter ] --START--
INFO: Run Behavior\WriteHtmlCacheBehavior [ RunTime:0.000000s ]
INFO: [ view_filter ] --END-- [ RunTime:0.001000s ]
INFO: [ app_end ] --START--
INFO: Run Behavior\ShowPageTraceBehavior [ RunTime:0.001000s ]
INFO: [ app_end ] --END-- [ RunTime:0.001000s ]

[ 2015-05-23T21:17:58+08:00 ] 127.0.0.1 /DE/index.php/Admin/User/upd/user_id/159
INFO: [ app_init ] --START--
INFO: Run Behavior\BuildLiteBehavior [ RunTime:0.000000s ]
INFO: [ app_init ] --END-- [ RunTime:0.001001s ]
INFO: [ app_begin ] --START--
INFO: Run Behavior\ReadHtmlCacheBehavior [ RunTime:0.000000s ]
INFO: [ app_begin ] --END-- [ RunTime:0.001000s ]
SQL: select role_auth_ac from sw_manager a join sw_role b on a.mg_role_id=b.role_id where a.mg_id='1' [ RunTime:0.0000s ]
NOTIC: [8] Undefined offset: 0 D:\PHP\wamp\www\DE\Component\AdminController.class.php 第 24 行.
SQL: SHOW COLUMNS FROM `sw_user` [ RunTime:0.0030s ]
SQL: UPDATE `sw_user` SET `password`='e10adc3949ba59abbe56e057f20f883e',`name`='老四',`user_email`='147534599@qq.com',`phone`='18278360300',`telephone`='1234556975',`adress`='广西桂林七星区建干路12号',`user_sex`='1' WHERE ( user_id='159' ) [ RunTime:0.2360s ]

[ 2015-05-23T21:18:01+08:00 ] 127.0.0.1 /DE/index.php/Admin/User/showlist.html
INFO: [ app_init ] --START--
INFO: Run Behavior\BuildLiteBehavior [ RunTime:0.000000s ]
INFO: [ app_init ] --END-- [ RunTime:0.000000s ]
INFO: [ app_begin ] --START--
INFO: Run Behavior\ReadHtmlCacheBehavior [ RunTime:0.001000s ]
INFO: [ app_begin ] --END-- [ RunTime:0.001000s ]
SQL: select role_auth_ac from sw_manager a join sw_role b on a.mg_role_id=b.role_id where a.mg_id='1' [ RunTime:0.0000s ]
NOTIC: [8] Undefined offset: 0 D:\PHP\wamp\www\DE\Component\AdminController.class.php 第 24 行.
SQL: SHOW COLUMNS FROM `sw_user` [ RunTime:0.0030s ]
SQL: SELECT COUNT(*) AS tp_count FROM `sw_user` LIMIT 1   [ RunTime:0.0000s ]
NOTIC: [8] Undefined index: REQUEST_url D:\PHP\wamp\www\DE\Component\page.class.php 第 36 行.
NOTIC: [8] Undefined index: REQUEST_url D:\PHP\wamp\www\DE\Component\page.class.php 第 36 行.
SQL: select * from sw_user Limit 0, 15 [ RunTime:0.0000s ]
INFO: [ view_parse ] --START--
INFO: Run Behavior\ParseTemplateBehavior [ RunTime:0.011001s ]
INFO: [ view_parse ] --END-- [ RunTime:0.011001s ]
INFO: [ view_filter ] --START--
INFO: Run Behavior\WriteHtmlCacheBehavior [ RunTime:0.000000s ]
INFO: [ view_filter ] --END-- [ RunTime:0.000000s ]
INFO: [ app_end ] --START--
INFO: Run Behavior\ShowPageTraceBehavior [ RunTime:0.000000s ]
INFO: [ app_end ] --END-- [ RunTime:0.000000s ]

[ 2015-05-23T21:19:05+08:00 ] 127.0.0.1 /DE/index.php/Admin/Order/showlist
INFO: [ app_init ] --START--
INFO: Run Behavior\BuildLiteBehavior [ RunTime:0.000000s ]
INFO: [ app_init ] --END-- [ RunTime:0.002000s ]
INFO: [ app_begin ] --START--
INFO: Run Behavior\ReadHtmlCacheBehavior [ RunTime:0.003000s ]
INFO: [ app_begin ] --END-- [ RunTime:0.004000s ]
SQL: select role_auth_ac from sw_manager a join sw_role b on a.mg_role_id=b.role_id where a.mg_id='1' [ RunTime:0.0010s ]
NOTIC: [8] Undefined offset: 0 D:\PHP\wamp\www\DE\Component\AdminController.class.php 第 24 行.
SQL: SHOW COLUMNS FROM `sw_order` [ RunTime:0.0030s ]
SQL: SELECT COUNT(*) AS tp_count FROM `sw_order` LIMIT 1   [ RunTime:0.0000s ]
NOTIC: [8] Undefined index: REQUEST_url D:\PHP\wamp\www\DE\Component\page.class.php 第 36 行.
NOTIC: [8] Undefined index: REQUEST_url D:\PHP\wamp\www\DE\Component\page.class.php 第 36 行.
SQL: select * from sw_order Limit 0, 15 [ RunTime:0.0000s ]
SQL: SHOW COLUMNS FROM `sw_user` [ RunTime:0.0090s ]
SQL: SELECT * FROM `sw_user`  [ RunTime:0.0010s ]
SQL: SHOW COLUMNS FROM `sw_order_goods` [ RunTime:0.0610s ]
SQL: SELECT * FROM `sw_order_goods`  [ RunTime:0.0010s ]
INFO: [ view_parse ] --START--
INFO: Run Behavior\ParseTemplateBehavior [ RunTime:0.232013s ]
INFO: [ view_parse ] --END-- [ RunTime:0.232013s ]
INFO: [ view_filter ] --START--
INFO: Run Behavior\WriteHtmlCacheBehavior [ RunTime:0.002000s ]
INFO: [ view_filter ] --END-- [ RunTime:0.003001s ]
INFO: [ app_end ] --START--
INFO: Run Behavior\ShowPageTraceBehavior [ RunTime:0.004000s ]
INFO: [ app_end ] --END-- [ RunTime:0.004000s ]

[ 2015-05-23T21:19:06+08:00 ] 127.0.0.1 /DE/index.php/Admin/Order/showlist
INFO: [ app_init ] --START--
INFO: Run Behavior\BuildLiteBehavior [ RunTime:0.000000s ]
INFO: [ app_init ] --END-- [ RunTime:0.001001s ]
INFO: [ app_begin ] --START--
INFO: Run Behavior\ReadHtmlCacheBehavior [ RunTime:0.000000s ]
INFO: [ app_begin ] --END-- [ RunTime:0.000000s ]
SQL: select role_auth_ac from sw_manager a join sw_role b on a.mg_role_id=b.role_id where a.mg_id='1' [ RunTime:0.0000s ]
NOTIC: [8] Undefined offset: 0 D:\PHP\wamp\www\DE\Component\AdminController.class.php 第 24 行.
SQL: SHOW COLUMNS FROM `sw_order` [ RunTime:0.0030s ]
SQL: SELECT COUNT(*) AS tp_count FROM `sw_order` LIMIT 1   [ RunTime:0.0000s ]
NOTIC: [8] Undefined index: REQUEST_url D:\PHP\wamp\www\DE\Component\page.class.php 第 36 行.
NOTIC: [8] Undefined index: REQUEST_url D:\PHP\wamp\www\DE\Component\page.class.php 第 36 行.
SQL: select * from sw_order Limit 0, 15 [ RunTime:0.0010s ]
SQL: SHOW COLUMNS FROM `sw_user` [ RunTime:0.0020s ]
SQL: SELECT * FROM `sw_user`  [ RunTime:0.0000s ]
SQL: SHOW COLUMNS FROM `sw_order_goods` [ RunTime:0.0030s ]
SQL: SELECT * FROM `sw_order_goods`  [ RunTime:0.0000s ]
INFO: [ view_parse ] --START--
INFO: Run Behavior\ParseTemplateBehavior [ RunTime:0.013001s ]
INFO: [ view_parse ] --END-- [ RunTime:0.013001s ]
INFO: [ view_filter ] --START--
INFO: Run Behavior\WriteHtmlCacheBehavior [ RunTime:0.001000s ]
INFO: [ view_filter ] --END-- [ RunTime:0.001000s ]
INFO: [ app_end ] --START--
INFO: Run Behavior\ShowPageTraceBehavior [ RunTime:0.001000s ]
INFO: [ app_end ] --END-- [ RunTime:0.001000s ]

[ 2015-05-23T21:19:07+08:00 ] 127.0.0.1 /DE/index.php/Admin/Order/showlist
INFO: [ app_init ] --START--
INFO: Run Behavior\BuildLiteBehavior [ RunTime:0.001000s ]
INFO: [ app_init ] --END-- [ RunTime:0.001000s ]
INFO: [ app_begin ] --START--
INFO: Run Behavior\ReadHtmlCacheBehavior [ RunTime:0.001000s ]
INFO: [ app_begin ] --END-- [ RunTime:0.001000s ]
SQL: select role_auth_ac from sw_manager a join sw_role b on a.mg_role_id=b.role_id where a.mg_id='1' [ RunTime:0.0000s ]
NOTIC: [8] Undefined offset: 0 D:\PHP\wamp\www\DE\Component\AdminController.class.php 第 24 行.
SQL: SHOW COLUMNS FROM `sw_order` [ RunTime:0.0030s ]
SQL: SELECT COUNT(*) AS tp_count FROM `sw_order` LIMIT 1   [ RunTime:0.0000s ]
NOTIC: [8] Undefined index: REQUEST_url D:\PHP\wamp\www\DE\Component\page.class.php 第 36 行.
NOTIC: [8] Undefined index: REQUEST_url D:\PHP\wamp\www\DE\Component\page.class.php 第 36 行.
SQL: select * from sw_order Limit 0, 15 [ RunTime:0.0000s ]
SQL: SHOW COLUMNS FROM `sw_user` [ RunTime:0.0040s ]
SQL: SELECT * FROM `sw_user`  [ RunTime:0.0010s ]
SQL: SHOW COLUMNS FROM `sw_order_goods` [ RunTime:0.0020s ]
SQL: SELECT * FROM `sw_order_goods`  [ RunTime:0.0010s ]
INFO: [ view_parse ] --START--
INFO: Run Behavior\ParseTemplateBehavior [ RunTime:0.013001s ]
INFO: [ view_parse ] --END-- [ RunTime:0.013001s ]
INFO: [ view_filter ] --START--
INFO: Run Behavior\WriteHtmlCacheBehavior [ RunTime:0.000000s ]
INFO: [ view_filter ] --END-- [ RunTime:0.001000s ]
INFO: [ app_end ] --START--
INFO: Run Behavior\ShowPageTraceBehavior [ RunTime:0.001000s ]
INFO: [ app_end ] --END-- [ RunTime:0.001000s ]

[ 2015-05-23T21:21:09+08:00 ] 127.0.0.1 /DE/index.php/Admin/Goods/showlist
INFO: [ app_init ] --START--
INFO: Run Behavior\BuildLiteBehavior [ RunTime:0.000000s ]
INFO: [ app_init ] --END-- [ RunTime:0.002000s ]
INFO: [ app_begin ] --START--
INFO: Run Behavior\ReadHtmlCacheBehavior [ RunTime:0.003000s ]
INFO: [ app_begin ] --END-- [ RunTime:0.004000s ]
SQL: select role_auth_ac from sw_manager a join sw_role b on a.mg_role_id=b.role_id where a.mg_id='1' [ RunTime:0.0010s ]
NOTIC: [8] Undefined offset: 0 D:\PHP\wamp\www\DE\Component\AdminController.class.php 第 24 行.
SQL: SHOW COLUMNS FROM `sw_goods` [ RunTime:0.0030s ]
SQL: SELECT COUNT(*) AS tp_count FROM `sw_goods` LIMIT 1   [ RunTime:0.0140s ]
NOTIC: [8] Undefined index: REQUEST_url D:\PHP\wamp\www\DE\Component\page.class.php 第 36 行.
NOTIC: [8] Undefined index: REQUEST_url D:\PHP\wamp\www\DE\Component\page.class.php 第 36 行.
SQL: select * from sw_goods Limit 0, 5 [ RunTime:0.0000s ]
SQL: SHOW COLUMNS FROM `sw_category` [ RunTime:0.0670s ]
SQL: SELECT * FROM `sw_category`  [ RunTime:0.0010s ]
INFO: [ view_parse ] --START--
NOTIC: [8] Undefined offset: 0 D:\PHP\wamp\www\DE\Runtime\Cache\baca7902857d5f6e5791a18d44fea0da67c92754.file.showlist.html.php 第 91 行.
INFO: Run Behavior\ParseTemplateBehavior [ RunTime:0.084005s ]
INFO: [ view_parse ] --END-- [ RunTime:0.084005s ]
INFO: [ view_filter ] --START--
INFO: Run Behavior\WriteHtmlCacheBehavior [ RunTime:0.001000s ]
INFO: [ view_filter ] --END-- [ RunTime:0.001000s ]
INFO: [ app_end ] --START--
INFO: Run Behavior\ShowPageTraceBehavior [ RunTime:0.001000s ]
INFO: [ app_end ] --END-- [ RunTime:0.001000s ]

[ 2015-05-23T21:21:13+08:00 ] 127.0.0.1 /DE/index.php/Admin/Goods/add
INFO: [ app_init ] --START--
INFO: Run Behavior\BuildLiteBehavior [ RunTime:0.000000s ]
INFO: [ app_init ] --END-- [ RunTime:0.004001s ]
INFO: [ app_begin ] --START--
INFO: Run Behavior\ReadHtmlCacheBehavior [ RunTime:0.000000s ]
INFO: [ app_begin ] --END-- [ RunTime:0.002000s ]
SQL: select role_auth_ac from sw_manager a join sw_role b on a.mg_role_id=b.role_id where a.mg_id='1' [ RunTime:0.0000s ]
NOTIC: [8] Undefined offset: 0 D:\PHP\wamp\www\DE\Component\AdminController.class.php 第 24 行.
SQL: SHOW COLUMNS FROM `sw_goods` [ RunTime:0.0030s ]
SQL: SHOW COLUMNS FROM `sw_category` [ RunTime:0.0030s ]
SQL: SELECT * FROM `sw_category` WHERE `pid` = 0  [ RunTime:0.0010s ]
INFO: [ view_parse ] --START--
INFO: Run Behavior\ParseTemplateBehavior [ RunTime:0.031001s ]
INFO: [ view_parse ] --END-- [ RunTime:0.031001s ]
INFO: [ view_filter ] --START--
INFO: Run Behavior\WriteHtmlCacheBehavior [ RunTime:0.001000s ]
INFO: [ view_filter ] --END-- [ RunTime:0.001000s ]
INFO: [ app_end ] --START--
INFO: Run Behavior\ShowPageTraceBehavior [ RunTime:0.001000s ]
INFO: [ app_end ] --END-- [ RunTime:0.001000s ]

[ 2015-05-23T21:21:17+08:00 ] 127.0.0.1 /DE/index.php/Admin/Order/showlist
INFO: [ app_init ] --START--
INFO: Run Behavior\BuildLiteBehavior [ RunTime:0.000000s ]
INFO: [ app_init ] --END-- [ RunTime:0.001000s ]
INFO: [ app_begin ] --START--
INFO: Run Behavior\ReadHtmlCacheBehavior [ RunTime:0.000000s ]
INFO: [ app_begin ] --END-- [ RunTime:0.001000s ]
SQL: select role_auth_ac from sw_manager a join sw_role b on a.mg_role_id=b.role_id where a.mg_id='1' [ RunTime:0.0000s ]
NOTIC: [8] Undefined offset: 0 D:\PHP\wamp\www\DE\Component\AdminController.class.php 第 24 行.
SQL: SHOW COLUMNS FROM `sw_order` [ RunTime:0.0030s ]
SQL: SELECT COUNT(*) AS tp_count FROM `sw_order` LIMIT 1   [ RunTime:0.0010s ]
NOTIC: [8] Undefined index: REQUEST_url D:\PHP\wamp\www\DE\Component\page.class.php 第 36 行.
NOTIC: [8] Undefined index: REQUEST_url D:\PHP\wamp\www\DE\Component\page.class.php 第 36 行.
SQL: select * from sw_order Limit 0, 15 [ RunTime:0.0010s ]
SQL: SHOW COLUMNS FROM `sw_user` [ RunTime:0.0020s ]
SQL: SELECT * FROM `sw_user`  [ RunTime:0.0010s ]
SQL: SHOW COLUMNS FROM `sw_order_goods` [ RunTime:0.0030s ]
SQL: SELECT * FROM `sw_order_goods`  [ RunTime:0.0010s ]
INFO: [ view_parse ] --START--
INFO: Run Behavior\ParseTemplateBehavior [ RunTime:0.011000s ]
INFO: [ view_parse ] --END-- [ RunTime:0.011000s ]
INFO: [ view_filter ] --START--
INFO: Run Behavior\WriteHtmlCacheBehavior [ RunTime:0.001000s ]
INFO: [ view_filter ] --END-- [ RunTime:0.001000s ]
INFO: [ app_end ] --START--
INFO: Run Behavior\ShowPageTraceBehavior [ RunTime:0.001000s ]
INFO: [ app_end ] --END-- [ RunTime:0.001000s ]

[ 2015-05-23T21:21:19+08:00 ] 127.0.0.1 /DE/index.php/Admin/Order/showlist
INFO: [ app_init ] --START--
INFO: Run Behavior\BuildLiteBehavior [ RunTime:0.000000s ]
INFO: [ app_init ] --END-- [ RunTime:0.002000s ]
INFO: [ app_begin ] --START--
INFO: Run Behavior\ReadHtmlCacheBehavior [ RunTime:0.003001s ]
INFO: [ app_begin ] --END-- [ RunTime:0.004001s ]
SQL: select role_auth_ac from sw_manager a join sw_role b on a.mg_role_id=b.role_id where a.mg_id='1' [ RunTime:0.0000s ]
NOTIC: [8] Undefined offset: 0 D:\PHP\wamp\www\DE\Component\AdminController.class.php 第 24 行.
SQL: SHOW COLUMNS FROM `sw_order` [ RunTime:0.0020s ]
SQL: SELECT COUNT(*) AS tp_count FROM `sw_order` LIMIT 1   [ RunTime:0.0010s ]
NOTIC: [8] Undefined index: REQUEST_url D:\PHP\wamp\www\DE\Component\page.class.php 第 36 行.
NOTIC: [8] Undefined index: REQUEST_url D:\PHP\wamp\www\DE\Component\page.class.php 第 36 行.
SQL: select * from sw_order Limit 0, 15 [ RunTime:0.0000s ]
SQL: SHOW COLUMNS FROM `sw_user` [ RunTime:0.0030s ]
SQL: SELECT * FROM `sw_user`  [ RunTime:0.0000s ]
SQL: SHOW COLUMNS FROM `sw_order_goods` [ RunTime:0.0030s ]
SQL: SELECT * FROM `sw_order_goods`  [ RunTime:0.0010s ]
INFO: [ view_parse ] --START--
INFO: Run Behavior\ParseTemplateBehavior [ RunTime:0.010001s ]
INFO: [ view_parse ] --END-- [ RunTime:0.010001s ]
INFO: [ view_filter ] --START--
INFO: Run Behavior\WriteHtmlCacheBehavior [ RunTime:0.000000s ]
INFO: [ view_filter ] --END-- [ RunTime:0.000000s ]
INFO: [ app_end ] --START--
INFO: Run Behavior\ShowPageTraceBehavior [ RunTime:0.000000s ]
INFO: [ app_end ] --END-- [ RunTime:0.001000s ]

[ 2015-05-23T21:21:21+08:00 ] 127.0.0.1 /DE/index.php/Admin/Category/showlist
INFO: [ app_init ] --START--
INFO: Run Behavior\BuildLiteBehavior [ RunTime:0.000000s ]
INFO: [ app_init ] --END-- [ RunTime:0.003000s ]
INFO: [ app_begin ] --START--
INFO: Run Behavior\ReadHtmlCacheBehavior [ RunTime:0.003000s ]
INFO: [ app_begin ] --END-- [ RunTime:0.003000s ]
SQL: select role_auth_ac from sw_manager a join sw_role b on a.mg_role_id=b.role_id where a.mg_id='1' [ RunTime:0.0000s ]
NOTIC: [8] Undefined offset: 0 D:\PHP\wamp\www\DE\Component\AdminController.class.php 第 24 行.
SQL: SHOW COLUMNS FROM `sw_category` [ RunTime:0.0020s ]
SQL: SELECT * FROM `sw_category` ORDER BY `pid` asc  [ RunTime:0.0270s ]
SQL: SHOW COLUMNS FROM `sw_category` [ RunTime:0.0110s ]
INFO: [ view_parse ] --START--
NOTIC: [8] Undefined index: childs D:\PHP\wamp\www\DE\Runtime\Cache\1d3cb7dbd7d08e73f919e19b4c58597d0e70320c.file.showlist.html.php 第 75 行.
NOTIC: [8] Undefined index: childs D:\PHP\wamp\www\DE\Runtime\Cache\1d3cb7dbd7d08e73f919e19b4c58597d0e70320c.file.showlist.html.php 第 75 行.
NOTIC: [8] Undefined index: childs D:\PHP\wamp\www\DE\Runtime\Cache\1d3cb7dbd7d08e73f919e19b4c58597d0e70320c.file.showlist.html.php 第 75 行.
NOTIC: [8] Undefined index: childs D:\PHP\wamp\www\DE\Runtime\Cache\1d3cb7dbd7d08e73f919e19b4c58597d0e70320c.file.showlist.html.php 第 75 行.
INFO: Run Behavior\ParseTemplateBehavior [ RunTime:0.056003s ]
INFO: [ view_parse ] --END-- [ RunTime:0.057003s ]
INFO: [ view_filter ] --START--
INFO: Run Behavior\WriteHtmlCacheBehavior [ RunTime:0.002000s ]
INFO: [ view_filter ] --END-- [ RunTime:0.003000s ]
INFO: [ app_end ] --START--
INFO: Run Behavior\ShowPageTraceBehavior [ RunTime:0.002000s ]
INFO: [ app_end ] --END-- [ RunTime:0.004000s ]

[ 2015-05-23T21:21:22+08:00 ] 127.0.0.1 /DE/index.php/Admin/Category/showlist
INFO: [ app_init ] --START--
INFO: Run Behavior\BuildLiteBehavior [ RunTime:0.000000s ]
INFO: [ app_init ] --END-- [ RunTime:0.002000s ]
INFO: [ app_begin ] --START--
INFO: Run Behavior\ReadHtmlCacheBehavior [ RunTime:0.003001s ]
INFO: [ app_begin ] --END-- [ RunTime:0.003001s ]
SQL: select role_auth_ac from sw_manager a join sw_role b on a.mg_role_id=b.role_id where a.mg_id='1' [ RunTime:0.0000s ]
NOTIC: [8] Undefined offset: 0 D:\PHP\wamp\www\DE\Component\AdminController.class.php 第 24 行.
SQL: SHOW COLUMNS FROM `sw_category` [ RunTime:0.0020s ]
SQL: SELECT * FROM `sw_category` ORDER BY `pid` asc  [ RunTime:0.0010s ]
SQL: SHOW COLUMNS FROM `sw_category` [ RunTime:0.0030s ]
INFO: [ view_parse ] --START--
NOTIC: [8] Undefined index: childs D:\PHP\wamp\www\DE\Runtime\Cache\1d3cb7dbd7d08e73f919e19b4c58597d0e70320c.file.showlist.html.php 第 75 行.
NOTIC: [8] Undefined index: childs D:\PHP\wamp\www\DE\Runtime\Cache\1d3cb7dbd7d08e73f919e19b4c58597d0e70320c.file.showlist.html.php 第 75 行.
NOTIC: [8] Undefined index: childs D:\PHP\wamp\www\DE\Runtime\Cache\1d3cb7dbd7d08e73f919e19b4c58597d0e70320c.file.showlist.html.php 第 75 行.
NOTIC: [8] Undefined index: childs D:\PHP\wamp\www\DE\Runtime\Cache\1d3cb7dbd7d08e73f919e19b4c58597d0e70320c.file.showlist.html.php 第 75 行.
INFO: Run Behavior\ParseTemplateBehavior [ RunTime:0.011001s ]
INFO: [ view_parse ] --END-- [ RunTime:0.011001s ]
INFO: [ view_filter ] --START--
INFO: Run Behavior\WriteHtmlCacheBehavior [ RunTime:0.000000s ]
INFO: [ view_filter ] --END-- [ RunTime:0.001000s ]
INFO: [ app_end ] --START--
INFO: Run Behavior\ShowPageTraceBehavior [ RunTime:0.001000s ]
INFO: [ app_end ] --END-- [ RunTime:0.001000s ]

[ 2015-05-23T21:21:24+08:00 ] 127.0.0.1 /DE/index.php/Admin/Category/add
INFO: [ app_init ] --START--
INFO: Run Behavior\BuildLiteBehavior [ RunTime:0.000000s ]
INFO: [ app_init ] --END-- [ RunTime:0.000000s ]
INFO: [ app_begin ] --START--
INFO: Run Behavior\ReadHtmlCacheBehavior [ RunTime:0.001000s ]
INFO: [ app_begin ] --END-- [ RunTime:0.001000s ]
SQL: select role_auth_ac from sw_manager a join sw_role b on a.mg_role_id=b.role_id where a.mg_id='1' [ RunTime:0.0010s ]
NOTIC: [8] Undefined offset: 0 D:\PHP\wamp\www\DE\Component\AdminController.class.php 第 24 行.
SQL: SHOW COLUMNS FROM `sw_category` [ RunTime:0.0030s ]
SQL: SELECT * FROM `sw_category` WHERE ( id='' ) LIMIT 1   [ RunTime:0.0290s ]
INFO: [ view_parse ] --START--
INFO: Run Behavior\ParseTemplateBehavior [ RunTime:0.024002s ]
INFO: [ view_parse ] --END-- [ RunTime:0.024002s ]
INFO: [ view_filter ] --START--
INFO: Run Behavior\WriteHtmlCacheBehavior [ RunTime:0.001000s ]
INFO: [ view_filter ] --END-- [ RunTime:0.001000s ]
INFO: [ app_end ] --START--
INFO: Run Behavior\ShowPageTraceBehavior [ RunTime:0.001000s ]
INFO: [ app_end ] --END-- [ RunTime:0.001000s ]

[ 2015-05-23T21:21:27+08:00 ] 127.0.0.1 /DE/index.php/Admin/Manager/showlist
INFO: [ app_init ] --START--
INFO: Run Behavior\BuildLiteBehavior [ RunTime:0.000000s ]
INFO: [ app_init ] --END-- [ RunTime:0.002000s ]
INFO: [ app_begin ] --START--
INFO: Run Behavior\ReadHtmlCacheBehavior [ RunTime:0.000000s ]
INFO: [ app_begin ] --END-- [ RunTime:0.002000s ]
SQL: SHOW COLUMNS FROM `sw_manager` [ RunTime:0.0020s ]
SQL: SELECT * FROM `sw_manager`  [ RunTime:0.0000s ]
SQL: SHOW COLUMNS FROM `sw_role` [ RunTime:0.0030s ]
SQL: SELECT * FROM `sw_role`  [ RunTime:0.0010s ]
INFO: [ view_parse ] --START--
NOTIC: [8] Undefined offset: 0 D:\PHP\wamp\www\DE\Runtime\Cache\fb4a0c9bc24d0bba517f0fc10af36e68b2c889fd.file.showlist.html.php 第 76 行.
INFO: Run Behavior\ParseTemplateBehavior [ RunTime:0.034002s ]
INFO: [ view_parse ] --END-- [ RunTime:0.034002s ]
INFO: [ view_filter ] --START--
INFO: Run Behavior\WriteHtmlCacheBehavior [ RunTime:0.000000s ]
INFO: [ view_filter ] --END-- [ RunTime:0.001000s ]
INFO: [ app_end ] --START--
INFO: Run Behavior\ShowPageTraceBehavior [ RunTime:0.001000s ]
INFO: [ app_end ] --END-- [ RunTime:0.001000s ]

[ 2015-05-23T21:21:31+08:00 ] 127.0.0.1 /DE/index.php/Admin/Role/showlist
INFO: [ app_init ] --START--
INFO: Run Behavior\BuildLiteBehavior [ RunTime:0.000000s ]
INFO: [ app_init ] --END-- [ RunTime:0.002000s ]
INFO: [ app_begin ] --START--
INFO: Run Behavior\ReadHtmlCacheBehavior [ RunTime:0.003000s ]
INFO: [ app_begin ] --END-- [ RunTime:0.003000s ]
SQL: select role_auth_ac from sw_manager a join sw_role b on a.mg_role_id=b.role_id where a.mg_id='1' [ RunTime:0.0010s ]
NOTIC: [8] Undefined offset: 0 D:\PHP\wamp\www\DE\Component\AdminController.class.php 第 24 行.
SQL: SHOW COLUMNS FROM `sw_role` [ RunTime:0.0060s ]
SQL: SELECT * FROM `sw_role`  [ RunTime:0.0000s ]
INFO: [ view_parse ] --START--
INFO: Run Behavior\ParseTemplateBehavior [ RunTime:0.016001s ]
INFO: [ view_parse ] --END-- [ RunTime:0.016001s ]
INFO: [ view_filter ] --START--
INFO: Run Behavior\WriteHtmlCacheBehavior [ RunTime:0.001000s ]
INFO: [ view_filter ] --END-- [ RunTime:0.001000s ]
INFO: [ app_end ] --START--
INFO: Run Behavior\ShowPageTraceBehavior [ RunTime:0.001000s ]
INFO: [ app_end ] --END-- [ RunTime:0.001000s ]

[ 2015-05-23T21:21:33+08:00 ] 127.0.0.1 /DE/index.php/Admin/Auth/showlist
INFO: [ app_init ] --START--
INFO: Run Behavior\BuildLiteBehavior [ RunTime:0.000000s ]
INFO: [ app_init ] --END-- [ RunTime:0.002001s ]
INFO: [ app_begin ] --START--
INFO: Run Behavior\ReadHtmlCacheBehavior [ RunTime:0.002000s ]
INFO: [ app_begin ] --END-- [ RunTime:0.002000s ]
SQL: select role_auth_ac from sw_manager a join sw_role b on a.mg_role_id=b.role_id where a.mg_id='1' [ RunTime:0.0010s ]
NOTIC: [8] Undefined offset: 0 D:\PHP\wamp\www\DE\Component\AdminController.class.php 第 24 行.
SQL: SHOW COLUMNS FROM `sw_auth` [ RunTime:0.0030s ]
SQL: SHOW COLUMNS FROM `sw_auth` [ RunTime:0.0020s ]
SQL: SELECT * FROM `sw_auth` WHERE ( auth_level<2 ) ORDER BY auth_path asc  [ RunTime:0.0010s ]
INFO: [ view_parse ] --START--
INFO: Run Behavior\ParseTemplateBehavior [ RunTime:0.018001s ]
INFO: [ view_parse ] --END-- [ RunTime:0.019001s ]
INFO: [ view_filter ] --START--
INFO: Run Behavior\WriteHtmlCacheBehavior [ RunTime:0.000000s ]
INFO: [ view_filter ] --END-- [ RunTime:0.001000s ]
INFO: [ app_end ] --START--
INFO: Run Behavior\ShowPageTraceBehavior [ RunTime:0.001000s ]
INFO: [ app_end ] --END-- [ RunTime:0.001000s ]

[ 2015-05-23T21:21:34+08:00 ] 127.0.0.1 /DE/index.php/Admin/Manager/showlist
INFO: [ app_init ] --START--
INFO: Run Behavior\BuildLiteBehavior [ RunTime:0.001000s ]
INFO: [ app_init ] --END-- [ RunTime:0.002000s ]
INFO: [ app_begin ] --START--
INFO: Run Behavior\ReadHtmlCacheBehavior [ RunTime:0.002000s ]
INFO: [ app_begin ] --END-- [ RunTime:0.003000s ]
SQL: SHOW COLUMNS FROM `sw_manager` [ RunTime:0.0030s ]
SQL: SELECT * FROM `sw_manager`  [ RunTime:0.0000s ]
SQL: SHOW COLUMNS FROM `sw_role` [ RunTime:0.0030s ]
SQL: SELECT * FROM `sw_role`  [ RunTime:0.0010s ]
INFO: [ view_parse ] --START--
NOTIC: [8] Undefined offset: 0 D:\PHP\wamp\www\DE\Runtime\Cache\fb4a0c9bc24d0bba517f0fc10af36e68b2c889fd.file.showlist.html.php 第 76 行.
INFO: Run Behavior\ParseTemplateBehavior [ RunTime:0.011001s ]
INFO: [ view_parse ] --END-- [ RunTime:0.011001s ]
INFO: [ view_filter ] --START--
INFO: Run Behavior\WriteHtmlCacheBehavior [ RunTime:0.001000s ]
INFO: [ view_filter ] --END-- [ RunTime:0.001000s ]
INFO: [ app_end ] --START--
INFO: Run Behavior\ShowPageTraceBehavior [ RunTime:0.001000s ]
INFO: [ app_end ] --END-- [ RunTime:0.001000s ]

[ 2015-05-23T21:21:36+08:00 ] 127.0.0.1 /DE/index.php/Admin/User/showlist
INFO: [ app_init ] --START--
INFO: Run Behavior\BuildLiteBehavior [ RunTime:0.000000s ]
INFO: [ app_init ] --END-- [ RunTime:0.000000s ]
INFO: [ app_begin ] --START--
INFO: Run Behavior\ReadHtmlCacheBehavior [ RunTime:0.001000s ]
INFO: [ app_begin ] --END-- [ RunTime:0.001000s ]
SQL: select role_auth_ac from sw_manager a join sw_role b on a.mg_role_id=b.role_id where a.mg_id='1' [ RunTime:0.0010s ]
NOTIC: [8] Undefined offset: 0 D:\PHP\wamp\www\DE\Component\AdminController.class.php 第 24 行.
SQL: SHOW COLUMNS FROM `sw_user` [ RunTime:0.0030s ]
SQL: SELECT COUNT(*) AS tp_count FROM `sw_user` LIMIT 1   [ RunTime:0.0000s ]
NOTIC: [8] Undefined index: REQUEST_url D:\PHP\wamp\www\DE\Component\page.class.php 第 36 行.
NOTIC: [8] Undefined index: REQUEST_url D:\PHP\wamp\www\DE\Component\page.class.php 第 36 行.
SQL: select * from sw_user Limit 0, 15 [ RunTime:0.0000s ]
INFO: [ view_parse ] --START--
INFO: Run Behavior\ParseTemplateBehavior [ RunTime:0.010000s ]
INFO: [ view_parse ] --END-- [ RunTime:0.010000s ]
INFO: [ view_filter ] --START--
INFO: Run Behavior\WriteHtmlCacheBehavior [ RunTime:0.001000s ]
INFO: [ view_filter ] --END-- [ RunTime:0.001000s ]
INFO: [ app_end ] --START--
INFO: Run Behavior\ShowPageTraceBehavior [ RunTime:0.001000s ]
INFO: [ app_end ] --END-- [ RunTime:0.001000s ]

[ 2015-05-23T21:21:38+08:00 ] 127.0.0.1 /DE/index.php/Admin/Reviews/showlist
INFO: [ app_init ] --START--
INFO: Run Behavior\BuildLiteBehavior [ RunTime:0.000000s ]
INFO: [ app_init ] --END-- [ RunTime:0.001000s ]
INFO: [ app_begin ] --START--
INFO: Run Behavior\ReadHtmlCacheBehavior [ RunTime:0.001000s ]
INFO: [ app_begin ] --END-- [ RunTime:0.001000s ]
SQL: select role_auth_ac from sw_manager a join sw_role b on a.mg_role_id=b.role_id where a.mg_id='1' [ RunTime:0.0000s ]
NOTIC: [8] Undefined offset: 0 D:\PHP\wamp\www\DE\Component\AdminController.class.php 第 24 行.
SQL: SHOW COLUMNS FROM `sw_reviews` [ RunTime:0.0030s ]
SQL: SELECT COUNT(*) AS tp_count FROM `sw_reviews` LIMIT 1   [ RunTime:0.0000s ]
NOTIC: [8] Undefined index: REQUEST_url D:\PHP\wamp\www\DE\Component\page.class.php 第 36 行.
NOTIC: [8] Undefined index: REQUEST_url D:\PHP\wamp\www\DE\Component\page.class.php 第 36 行.
SQL: select * from sw_reviews where id>=0 Limit 0, 10 [ RunTime:0.0000s ]
SQL: SHOW COLUMNS FROM `sw_goods` [ RunTime:0.0030s ]
SQL: SELECT * FROM `sw_goods` WHERE ( goods_id='2' ) LIMIT 1   [ RunTime:0.0000s ]
INFO: [ view_parse ] --START--
INFO: Run Behavior\ParseTemplateBehavior [ RunTime:0.028002s ]
INFO: [ view_parse ] --END-- [ RunTime:0.028002s ]
INFO: [ view_filter ] --START--
INFO: Run Behavior\WriteHtmlCacheBehavior [ RunTime:0.000000s ]
INFO: [ view_filter ] --END-- [ RunTime:0.001000s ]
INFO: [ app_end ] --START--
INFO: Run Behavior\ShowPageTraceBehavior [ RunTime:0.001000s ]
INFO: [ app_end ] --END-- [ RunTime:0.002000s ]

[ 2015-05-23T21:21:45+08:00 ] 127.0.0.1 /DE/index.php/Admin/Order/detail/order_no/201505183507793696
INFO: [ app_init ] --START--
INFO: Run Behavior\BuildLiteBehavior [ RunTime:0.000000s ]
INFO: [ app_init ] --END-- [ RunTime:0.002001s ]
INFO: [ app_begin ] --START--
INFO: Run Behavior\ReadHtmlCacheBehavior [ RunTime:0.002000s ]
INFO: [ app_begin ] --END-- [ RunTime:0.003000s ]
SQL: select role_auth_ac from sw_manager a join sw_role b on a.mg_role_id=b.role_id where a.mg_id='1' [ RunTime:0.0010s ]
NOTIC: [8] Undefined offset: 0 D:\PHP\wamp\www\DE\Component\AdminController.class.php 第 24 行.
SQL: SHOW COLUMNS FROM `sw_order` [ RunTime:0.0020s ]
SQL: SELECT * FROM `sw_order` WHERE ( order_no='201505183507793696' ) LIMIT 1   [ RunTime:0.0000s ]
SQL: SHOW COLUMNS FROM `sw_order_goods` [ RunTime:0.0030s ]
SQL: SELECT * FROM `sw_order_goods` WHERE ( order_no='201505183507793696' )  [ RunTime:0.0010s ]
INFO: [ view_parse ] --START--
INFO: Run Behavior\ParseTemplateBehavior [ RunTime:0.124007s ]
INFO: [ view_parse ] --END-- [ RunTime:0.125007s ]
INFO: [ view_filter ] --START--
INFO: Run Behavior\WriteHtmlCacheBehavior [ RunTime:0.001000s ]
INFO: [ view_filter ] --END-- [ RunTime:0.001000s ]
INFO: [ app_end ] --START--
INFO: Run Behavior\ShowPageTraceBehavior [ RunTime:0.001000s ]
INFO: [ app_end ] --END-- [ RunTime:0.002001s ]

[ 2015-05-23T21:22:09+08:00 ] 127.0.0.1 /DE/index.php/Admin/Reviews/showlist
INFO: [ app_init ] --START--
INFO: Run Behavior\BuildLiteBehavior [ RunTime:0.000000s ]
INFO: [ app_init ] --END-- [ RunTime:0.001000s ]
INFO: [ app_begin ] --START--
INFO: Run Behavior\ReadHtmlCacheBehavior [ RunTime:0.000000s ]
INFO: [ app_begin ] --END-- [ RunTime:0.001000s ]
SQL: select role_auth_ac from sw_manager a join sw_role b on a.mg_role_id=b.role_id where a.mg_id='1' [ RunTime:0.0010s ]
NOTIC: [8] Undefined offset: 0 D:\PHP\wamp\www\DE\Component\AdminController.class.php 第 24 行.
SQL: SHOW COLUMNS FROM `sw_reviews` [ RunTime:0.0020s ]
SQL: SELECT COUNT(*) AS tp_count FROM `sw_reviews` LIMIT 1   [ RunTime:0.0000s ]
NOTIC: [8] Undefined index: REQUEST_url D:\PHP\wamp\www\DE\Component\page.class.php 第 36 行.
NOTIC: [8] Undefined index: REQUEST_url D:\PHP\wamp\www\DE\Component\page.class.php 第 36 行.
SQL: select * from sw_reviews where id>=0 Limit 0, 10 [ RunTime:0.0000s ]
SQL: SHOW COLUMNS FROM `sw_goods` [ RunTime:0.0030s ]
SQL: SELECT * FROM `sw_goods` WHERE ( goods_id='2' ) LIMIT 1   [ RunTime:0.0010s ]
INFO: [ view_parse ] --START--
INFO: Run Behavior\ParseTemplateBehavior [ RunTime:0.010000s ]
INFO: [ view_parse ] --END-- [ RunTime:0.011000s ]
INFO: [ view_filter ] --START--
INFO: Run Behavior\WriteHtmlCacheBehavior [ RunTime:0.000000s ]
INFO: [ view_filter ] --END-- [ RunTime:0.001000s ]
INFO: [ app_end ] --START--
INFO: Run Behavior\ShowPageTraceBehavior [ RunTime:0.001000s ]
INFO: [ app_end ] --END-- [ RunTime:0.001000s ]

[ 2015-05-23T22:29:39+08:00 ] 127.0.0.1 /DE/index.php/Admin/Goods/showlist
INFO: [ app_init ] --START--
INFO: Run Behavior\BuildLiteBehavior [ RunTime:0.000000s ]
INFO: [ app_init ] --END-- [ RunTime:0.012001s ]
INFO: [ app_begin ] --START--
INFO: Run Behavior\ReadHtmlCacheBehavior [ RunTime:0.001000s ]
INFO: [ app_begin ] --END-- [ RunTime:0.001000s ]
SQL: select role_auth_ac from sw_manager a join sw_role b on a.mg_role_id=b.role_id where a.mg_id='1' [ RunTime:0.0020s ]
NOTIC: [8] Undefined offset: 0 D:\PHP\wamp\www\DE\Component\AdminController.class.php 第 24 行.
SQL: SHOW COLUMNS FROM `sw_goods` [ RunTime:0.0100s ]
SQL: SELECT COUNT(*) AS tp_count FROM `sw_goods` LIMIT 1   [ RunTime:0.0010s ]
NOTIC: [8] Undefined index: REQUEST_url D:\PHP\wamp\www\DE\Component\page.class.php 第 36 行.
NOTIC: [8] Undefined index: REQUEST_url D:\PHP\wamp\www\DE\Component\page.class.php 第 36 行.
SQL: select * from sw_goods Limit 0, 5 [ RunTime:0.0010s ]
SQL: SHOW COLUMNS FROM `sw_category` [ RunTime:0.0090s ]
SQL: SELECT * FROM `sw_category`  [ RunTime:0.0010s ]
INFO: [ view_parse ] --START--
NOTIC: [8] Undefined offset: 0 D:\PHP\wamp\www\DE\Runtime\Cache\baca7902857d5f6e5791a18d44fea0da67c92754.file.showlist.html.php 第 91 行.
INFO: Run Behavior\ParseTemplateBehavior [ RunTime:0.183010s ]
INFO: [ view_parse ] --END-- [ RunTime:0.185010s ]
INFO: [ view_filter ] --START--
INFO: Run Behavior\WriteHtmlCacheBehavior [ RunTime:0.026002s ]
INFO: [ view_filter ] --END-- [ RunTime:0.026002s ]
INFO: [ app_end ] --START--
INFO: Run Behavior\ShowPageTraceBehavior [ RunTime:0.017001s ]
INFO: [ app_end ] --END-- [ RunTime:0.018001s ]

[ 2015-05-23T22:29:44+08:00 ] 127.0.0.1 /DE/index.php/Admin/Goods/update/goods_id/3
INFO: [ app_init ] --START--
INFO: Run Behavior\BuildLiteBehavior [ RunTime:0.000000s ]
INFO: [ app_init ] --END-- [ RunTime:0.002000s ]
INFO: [ app_begin ] --START--
INFO: Run Behavior\ReadHtmlCacheBehavior [ RunTime:0.004000s ]
INFO: [ app_begin ] --END-- [ RunTime:0.004000s ]
SQL: select role_auth_ac from sw_manager a join sw_role b on a.mg_role_id=b.role_id where a.mg_id='1' [ RunTime:0.0000s ]
NOTIC: [8] Undefined offset: 0 D:\PHP\wamp\www\DE\Component\AdminController.class.php 第 24 行.
SQL: SHOW COLUMNS FROM `sw_goods` [ RunTime:0.0020s ]
SQL: SELECT * FROM `sw_goods` WHERE `goods_id` = 3 LIMIT 1   [ RunTime:0.0010s ]
SQL: SHOW COLUMNS FROM `sw_category` [ RunTime:0.0020s ]
SQL: SELECT * FROM `sw_category` WHERE `pid` = 0  [ RunTime:0.0000s ]
INFO: [ view_parse ] --START--
INFO: Run Behavior\ParseTemplateBehavior [ RunTime:0.023001s ]
INFO: [ view_parse ] --END-- [ RunTime:0.024001s ]
INFO: [ view_filter ] --START--
INFO: Run Behavior\WriteHtmlCacheBehavior [ RunTime:0.002000s ]
INFO: [ view_filter ] --END-- [ RunTime:0.003000s ]
INFO: [ app_end ] --START--
INFO: Run Behavior\ShowPageTraceBehavior [ RunTime:0.002001s ]
INFO: [ app_end ] --END-- [ RunTime:0.004001s ]

[ 2015-05-23T22:29:47+08:00 ] 127.0.0.1 /DE/index.php/Admin/Goods/getCat
INFO: [ app_init ] --START--
INFO: Run Behavior\BuildLiteBehavior [ RunTime:0.000000s ]
INFO: [ app_init ] --END-- [ RunTime:0.001000s ]
INFO: [ app_begin ] --START--
INFO: Run Behavior\ReadHtmlCacheBehavior [ RunTime:0.001000s ]
INFO: [ app_begin ] --END-- [ RunTime:0.001000s ]
SQL: select role_auth_ac from sw_manager a join sw_role b on a.mg_role_id=b.role_id where a.mg_id='1' [ RunTime:0.0000s ]
NOTIC: [8] Undefined offset: 0 D:\PHP\wamp\www\DE\Component\AdminController.class.php 第 24 行.
SQL: SHOW COLUMNS FROM `sw_category` [ RunTime:0.0020s ]
SQL: SELECT * FROM `sw_category` WHERE `pid` = 14  [ RunTime:0.0000s ]

[ 2015-05-23T22:29:50+08:00 ] 127.0.0.1 /DE/index.php/Admin/Goods/getCat
INFO: [ app_init ] --START--
INFO: Run Behavior\BuildLiteBehavior [ RunTime:0.000000s ]
INFO: [ app_init ] --END-- [ RunTime:0.000000s ]
INFO: [ app_begin ] --START--
INFO: Run Behavior\ReadHtmlCacheBehavior [ RunTime:0.000000s ]
INFO: [ app_begin ] --END-- [ RunTime:0.002000s ]
SQL: select role_auth_ac from sw_manager a join sw_role b on a.mg_role_id=b.role_id where a.mg_id='1' [ RunTime:0.0000s ]
NOTIC: [8] Undefined offset: 0 D:\PHP\wamp\www\DE\Component\AdminController.class.php 第 24 行.
SQL: SHOW COLUMNS FROM `sw_category` [ RunTime:0.0030s ]
SQL: SELECT * FROM `sw_category` WHERE `pid` = 15  [ RunTime:0.0000s ]

[ 2015-05-23T22:29:51+08:00 ] 127.0.0.1 /DE/index.php/Admin/Goods/getCat
INFO: [ app_init ] --START--
INFO: Run Behavior\BuildLiteBehavior [ RunTime:0.000000s ]
INFO: [ app_init ] --END-- [ RunTime:0.000000s ]
INFO: [ app_begin ] --START--
INFO: Run Behavior\ReadHtmlCacheBehavior [ RunTime:0.000000s ]
INFO: [ app_begin ] --END-- [ RunTime:0.000000s ]
SQL: select role_auth_ac from sw_manager a join sw_role b on a.mg_role_id=b.role_id where a.mg_id='1' [ RunTime:0.0000s ]
NOTIC: [8] Undefined offset: 0 D:\PHP\wamp\www\DE\Component\AdminController.class.php 第 24 行.
SQL: SHOW COLUMNS FROM `sw_category` [ RunTime:0.0030s ]
SQL: SELECT * FROM `sw_category` WHERE `pid` = 32  [ RunTime:0.0000s ]

[ 2015-05-23T22:30:16+08:00 ] 127.0.0.1 /DE/index.php/Admin/Goods/update/goods_id/3
INFO: [ app_init ] --START--
INFO: Run Behavior\BuildLiteBehavior [ RunTime:0.000000s ]
INFO: [ app_init ] --END-- [ RunTime:0.000000s ]
INFO: [ app_begin ] --START--
INFO: Run Behavior\ReadHtmlCacheBehavior [ RunTime:0.001000s ]
INFO: [ app_begin ] --END-- [ RunTime:0.001000s ]
SQL: select role_auth_ac from sw_manager a join sw_role b on a.mg_role_id=b.role_id where a.mg_id='1' [ RunTime:0.0010s ]
NOTIC: [8] Undefined offset: 0 D:\PHP\wamp\www\DE\Component\AdminController.class.php 第 24 行.
SQL: SHOW COLUMNS FROM `sw_goods` [ RunTime:0.0030s ]
NOTIC: [2] call_user_func() expects parameter 1 to be a valid callback, no array or string given D:\PHP\wamp\www\ThinkPHP\ThinkPHP\Library\Think\Upload.class.php 第 170 行.
SQL: UPDATE `sw_goods` SET `goods_name`='诺基亚666原装充1',`catid`='32',`goods_price`='33.00',`goods_no`='i2208',`goods_number`='97',`goods_weight`='111',`goods_introduce`='&lt;p&gt;诺基亚N855qq&lt;img src=&quot;/DE/Public/upload/20150409/1428558673136884.jpg&quot; title=&quot;1428558673136884.jpg&quot; alt=&quot;1428558673136884.jpg&quot; width=&quot;500&quot; height=&quot;284&quot; border=&quot;0&quot; vspace=&quot;0&quot; style=&quot;width: 500px; height: 284px;&quot;/&gt;&lt;/p&gt;',`goods_big_img`='upload/2015-05-23/55608ef87ef10.jpg',`goods_small_img`='upload/2015-05-23/small_55608ef87ef10.jpg' WHERE `goods_id` = 3 [ RunTime:0.0380s ]

[ 2015-05-23T22:30:19+08:00 ] 127.0.0.1 /DE/index.php/Admin/Goods/showlist.html
INFO: [ app_init ] --START--
INFO: Run Behavior\BuildLiteBehavior [ RunTime:0.000000s ]
INFO: [ app_init ] --END-- [ RunTime:0.000000s ]
INFO: [ app_begin ] --START--
INFO: Run Behavior\ReadHtmlCacheBehavior [ RunTime:0.001000s ]
INFO: [ app_begin ] --END-- [ RunTime:0.002000s ]
SQL: select role_auth_ac from sw_manager a join sw_role b on a.mg_role_id=b.role_id where a.mg_id='1' [ RunTime:0.0000s ]
NOTIC: [8] Undefined offset: 0 D:\PHP\wamp\www\DE\Component\AdminController.class.php 第 24 行.
SQL: SHOW COLUMNS FROM `sw_goods` [ RunTime:0.0030s ]
SQL: SELECT COUNT(*) AS tp_count FROM `sw_goods` LIMIT 1   [ RunTime:0.0010s ]
NOTIC: [8] Undefined index: REQUEST_url D:\PHP\wamp\www\DE\Component\page.class.php 第 36 行.
NOTIC: [8] Undefined index: REQUEST_url D:\PHP\wamp\www\DE\Component\page.class.php 第 36 行.
SQL: select * from sw_goods Limit 0, 5 [ RunTime:0.0010s ]
SQL: SHOW COLUMNS FROM `sw_category` [ RunTime:0.0030s ]
SQL: SELECT * FROM `sw_category`  [ RunTime:0.0010s ]
INFO: [ view_parse ] --START--
INFO: Run Behavior\ParseTemplateBehavior [ RunTime:0.019001s ]
INFO: [ view_parse ] --END-- [ RunTime:0.019001s ]
INFO: [ view_filter ] --START--
INFO: Run Behavior\WriteHtmlCacheBehavior [ RunTime:0.001000s ]
INFO: [ view_filter ] --END-- [ RunTime:0.001000s ]
INFO: [ app_end ] --START--
INFO: Run Behavior\ShowPageTraceBehavior [ RunTime:0.001000s ]
INFO: [ app_end ] --END-- [ RunTime:0.002000s ]

[ 2015-05-23T22:30:33+08:00 ] 127.0.0.1 /DE/index.php/Admin/Category/showlist
INFO: [ app_init ] --START--
INFO: Run Behavior\BuildLiteBehavior [ RunTime:0.000000s ]
INFO: [ app_init ] --END-- [ RunTime:0.001000s ]
INFO: [ app_begin ] --START--
INFO: Run Behavior\ReadHtmlCacheBehavior [ RunTime:0.001000s ]
INFO: [ app_begin ] --END-- [ RunTime:0.001000s ]
SQL: select role_auth_ac from sw_manager a join sw_role b on a.mg_role_id=b.role_id where a.mg_id='1' [ RunTime:0.0010s ]
NOTIC: [8] Undefined offset: 0 D:\PHP\wamp\www\DE\Component\AdminController.class.php 第 24 行.
SQL: SHOW COLUMNS FROM `sw_category` [ RunTime:0.0030s ]
SQL: SELECT * FROM `sw_category` ORDER BY `pid` asc  [ RunTime:0.0010s ]
SQL: SHOW COLUMNS FROM `sw_category` [ RunTime:0.0030s ]
INFO: [ view_parse ] --START--
NOTIC: [8] Undefined index: childs D:\PHP\wamp\www\DE\Runtime\Cache\1d3cb7dbd7d08e73f919e19b4c58597d0e70320c.file.showlist.html.php 第 75 行.
NOTIC: [8] Undefined index: childs D:\PHP\wamp\www\DE\Runtime\Cache\1d3cb7dbd7d08e73f919e19b4c58597d0e70320c.file.showlist.html.php 第 75 行.
NOTIC: [8] Undefined index: childs D:\PHP\wamp\www\DE\Runtime\Cache\1d3cb7dbd7d08e73f919e19b4c58597d0e70320c.file.showlist.html.php 第 75 行.
NOTIC: [8] Undefined index: childs D:\PHP\wamp\www\DE\Runtime\Cache\1d3cb7dbd7d08e73f919e19b4c58597d0e70320c.file.showlist.html.php 第 75 行.
INFO: Run Behavior\ParseTemplateBehavior [ RunTime:0.022001s ]
INFO: [ view_parse ] --END-- [ RunTime:0.022001s ]
INFO: [ view_filter ] --START--
INFO: Run Behavior\WriteHtmlCacheBehavior [ RunTime:0.000000s ]
INFO: [ view_filter ] --END-- [ RunTime:0.000000s ]
INFO: [ app_end ] --START--
INFO: Run Behavior\ShowPageTraceBehavior [ RunTime:0.000000s ]
INFO: [ app_end ] --END-- [ RunTime:0.000000s ]

[ 2015-05-23T22:30:39+08:00 ] 127.0.0.1 /DE/index.php/Admin/Category/detail/id/32
INFO: [ app_init ] --START--
INFO: Run Behavior\BuildLiteBehavior [ RunTime:0.000000s ]
INFO: [ app_init ] --END-- [ RunTime:0.001000s ]
INFO: [ app_begin ] --START--
INFO: Run Behavior\ReadHtmlCacheBehavior [ RunTime:0.002000s ]
INFO: [ app_begin ] --END-- [ RunTime:0.002000s ]
SQL: select role_auth_ac from sw_manager a join sw_role b on a.mg_role_id=b.role_id where a.mg_id='1' [ RunTime:0.0000s ]
NOTIC: [8] Undefined offset: 0 D:\PHP\wamp\www\DE\Component\AdminController.class.php 第 24 行.
ERR: 非法操作:detail

[ 2015-05-23T22:30:41+08:00 ] 127.0.0.1 /DE/index.php/Admin/Category/showlist
INFO: [ app_init ] --START--
INFO: Run Behavior\BuildLiteBehavior [ RunTime:0.000000s ]
INFO: [ app_init ] --END-- [ RunTime:0.003001s ]
INFO: [ app_begin ] --START--
INFO: Run Behavior\ReadHtmlCacheBehavior [ RunTime:0.003000s ]
INFO: [ app_begin ] --END-- [ RunTime:0.003000s ]
SQL: select role_auth_ac from sw_manager a join sw_role b on a.mg_role_id=b.role_id where a.mg_id='1' [ RunTime:0.0000s ]
NOTIC: [8] Undefined offset: 0 D:\PHP\wamp\www\DE\Component\AdminController.class.php 第 24 行.
SQL: SHOW COLUMNS FROM `sw_category` [ RunTime:0.0030s ]
SQL: SELECT * FROM `sw_category` ORDER BY `pid` asc  [ RunTime:0.0010s ]
SQL: SHOW COLUMNS FROM `sw_category` [ RunTime:0.0030s ]
INFO: [ view_parse ] --START--
NOTIC: [8] Undefined index: childs D:\PHP\wamp\www\DE\Runtime\Cache\1d3cb7dbd7d08e73f919e19b4c58597d0e70320c.file.showlist.html.php 第 75 行.
NOTIC: [8] Undefined index: childs D:\PHP\wamp\www\DE\Runtime\Cache\1d3cb7dbd7d08e73f919e19b4c58597d0e70320c.file.showlist.html.php 第 75 行.
NOTIC: [8] Undefined index: childs D:\PHP\wamp\www\DE\Runtime\Cache\1d3cb7dbd7d08e73f919e19b4c58597d0e70320c.file.showlist.html.php 第 75 行.
NOTIC: [8] Undefined index: childs D:\PHP\wamp\www\DE\Runtime\Cache\1d3cb7dbd7d08e73f919e19b4c58597d0e70320c.file.showlist.html.php 第 75 行.
INFO: Run Behavior\ParseTemplateBehavior [ RunTime:0.010001s ]
INFO: [ view_parse ] --END-- [ RunTime:0.010001s ]
INFO: [ view_filter ] --START--
INFO: Run Behavior\WriteHtmlCacheBehavior [ RunTime:0.001000s ]
INFO: [ view_filter ] --END-- [ RunTime:0.001000s ]
INFO: [ app_end ] --START--
INFO: Run Behavior\ShowPageTraceBehavior [ RunTime:0.001000s ]
INFO: [ app_end ] --END-- [ RunTime:0.001000s ]

[ 2015-05-23T22:30:42+08:00 ] 127.0.0.1 /DE/index.php/Admin/Category/add
INFO: [ app_init ] --START--
INFO: Run Behavior\BuildLiteBehavior [ RunTime:0.000000s ]
INFO: [ app_init ] --END-- [ RunTime:0.001001s ]
INFO: [ app_begin ] --START--
INFO: Run Behavior\ReadHtmlCacheBehavior [ RunTime:0.000000s ]
INFO: [ app_begin ] --END-- [ RunTime:0.001000s ]
SQL: select role_auth_ac from sw_manager a join sw_role b on a.mg_role_id=b.role_id where a.mg_id='1' [ RunTime:0.0000s ]
NOTIC: [8] Undefined offset: 0 D:\PHP\wamp\www\DE\Component\AdminController.class.php 第 24 行.
SQL: SHOW COLUMNS FROM `sw_category` [ RunTime:0.0020s ]
SQL: SELECT * FROM `sw_category` WHERE ( id='' ) LIMIT 1   [ RunTime:0.0000s ]
INFO: [ view_parse ] --START--
INFO: Run Behavior\ParseTemplateBehavior [ RunTime:0.010001s ]
INFO: [ view_parse ] --END-- [ RunTime:0.010001s ]
INFO: [ view_filter ] --START--
INFO: Run Behavior\WriteHtmlCacheBehavior [ RunTime:0.000000s ]
INFO: [ view_filter ] --END-- [ RunTime:0.001000s ]
INFO: [ app_end ] --START--
INFO: Run Behavior\ShowPageTraceBehavior [ RunTime:0.001000s ]
INFO: [ app_end ] --END-- [ RunTime:0.001000s ]

[ 2015-05-23T22:30:44+08:00 ] 127.0.0.1 /DE/index.php/Admin/Category/showlist
INFO: [ app_init ] --START--
INFO: Run Behavior\BuildLiteBehavior [ RunTime:0.000000s ]
INFO: [ app_init ] --END-- [ RunTime:0.000000s ]
INFO: [ app_begin ] --START--
INFO: Run Behavior\ReadHtmlCacheBehavior [ RunTime:0.001000s ]
INFO: [ app_begin ] --END-- [ RunTime:0.001000s ]
SQL: select role_auth_ac from sw_manager a join sw_role b on a.mg_role_id=b.role_id where a.mg_id='1' [ RunTime:0.0000s ]
NOTIC: [8] Undefined offset: 0 D:\PHP\wamp\www\DE\Component\AdminController.class.php 第 24 行.
SQL: SHOW COLUMNS FROM `sw_category` [ RunTime:0.0020s ]
SQL: SELECT * FROM `sw_category` ORDER BY `pid` asc  [ RunTime:0.0010s ]
SQL: SHOW COLUMNS FROM `sw_category` [ RunTime:0.0030s ]
INFO: [ view_parse ] --START--
NOTIC: [8] Undefined index: childs D:\PHP\wamp\www\DE\Runtime\Cache\1d3cb7dbd7d08e73f919e19b4c58597d0e70320c.file.showlist.html.php 第 75 行.
NOTIC: [8] Undefined index: childs D:\PHP\wamp\www\DE\Runtime\Cache\1d3cb7dbd7d08e73f919e19b4c58597d0e70320c.file.showlist.html.php 第 75 行.
NOTIC: [8] Undefined index: childs D:\PHP\wamp\www\DE\Runtime\Cache\1d3cb7dbd7d08e73f919e19b4c58597d0e70320c.file.showlist.html.php 第 75 行.
NOTIC: [8] Undefined index: childs D:\PHP\wamp\www\DE\Runtime\Cache\1d3cb7dbd7d08e73f919e19b4c58597d0e70320c.file.showlist.html.php 第 75 行.
INFO: Run Behavior\ParseTemplateBehavior [ RunTime:0.010000s ]
INFO: [ view_parse ] --END-- [ RunTime:0.010000s ]
INFO: [ view_filter ] --START--
INFO: Run Behavior\WriteHtmlCacheBehavior [ RunTime:0.000000s ]
INFO: [ view_filter ] --END-- [ RunTime:0.001001s ]
INFO: [ app_end ] --START--
INFO: Run Behavior\ShowPageTraceBehavior [ RunTime:0.000000s ]
INFO: [ app_end ] --END-- [ RunTime:0.001000s ]

[ 2015-05-23T22:30:58+08:00 ] 127.0.0.1 /DE/index.php/Admin/Category/add/uid/16
INFO: [ app_init ] --START--
INFO: Run Behavior\BuildLiteBehavior [ RunTime:0.000000s ]
INFO: [ app_init ] --END-- [ RunTime:0.001000s ]
INFO: [ app_begin ] --START--
INFO: Run Behavior\ReadHtmlCacheBehavior [ RunTime:0.001001s ]
INFO: [ app_begin ] --END-- [ RunTime:0.001001s ]
SQL: select role_auth_ac from sw_manager a join sw_role b on a.mg_role_id=b.role_id where a.mg_id='1' [ RunTime:0.0010s ]
NOTIC: [8] Undefined offset: 0 D:\PHP\wamp\www\DE\Component\AdminController.class.php 第 24 行.
SQL: SHOW COLUMNS FROM `sw_category` [ RunTime:0.0030s ]
SQL: SELECT * FROM `sw_category` WHERE ( id='16' ) LIMIT 1   [ RunTime:0.0000s ]
INFO: [ view_parse ] --START--
INFO: Run Behavior\ParseTemplateBehavior [ RunTime:0.010000s ]
INFO: [ view_parse ] --END-- [ RunTime:0.010000s ]
INFO: [ view_filter ] --START--
INFO: Run Behavior\WriteHtmlCacheBehavior [ RunTime:0.000000s ]
INFO: [ view_filter ] --END-- [ RunTime:0.000000s ]
INFO: [ app_end ] --START--
INFO: Run Behavior\ShowPageTraceBehavior [ RunTime:0.000000s ]
INFO: [ app_end ] --END-- [ RunTime:0.001001s ]

[ 2015-05-23T22:31:00+08:00 ] 127.0.0.1 /DE/index.php/Admin/Category/showlist
INFO: [ app_init ] --START--
INFO: Run Behavior\BuildLiteBehavior [ RunTime:0.000000s ]
INFO: [ app_init ] --END-- [ RunTime:0.002000s ]
INFO: [ app_begin ] --START--
INFO: Run Behavior\ReadHtmlCacheBehavior [ RunTime:0.003000s ]
INFO: [ app_begin ] --END-- [ RunTime:0.004000s ]
SQL: select role_auth_ac from sw_manager a join sw_role b on a.mg_role_id=b.role_id where a.mg_id='1' [ RunTime:0.0000s ]
NOTIC: [8] Undefined offset: 0 D:\PHP\wamp\www\DE\Component\AdminController.class.php 第 24 行.
SQL: SHOW COLUMNS FROM `sw_category` [ RunTime:0.0030s ]
SQL: SELECT * FROM `sw_category` ORDER BY `pid` asc  [ RunTime:0.0000s ]
SQL: SHOW COLUMNS FROM `sw_category` [ RunTime:0.0030s ]
INFO: [ view_parse ] --START--
NOTIC: [8] Undefined index: childs D:\PHP\wamp\www\DE\Runtime\Cache\1d3cb7dbd7d08e73f919e19b4c58597d0e70320c.file.showlist.html.php 第 75 行.
NOTIC: [8] Undefined index: childs D:\PHP\wamp\www\DE\Runtime\Cache\1d3cb7dbd7d08e73f919e19b4c58597d0e70320c.file.showlist.html.php 第 75 行.
NOTIC: [8] Undefined index: childs D:\PHP\wamp\www\DE\Runtime\Cache\1d3cb7dbd7d08e73f919e19b4c58597d0e70320c.file.showlist.html.php 第 75 行.
NOTIC: [8] Undefined index: childs D:\PHP\wamp\www\DE\Runtime\Cache\1d3cb7dbd7d08e73f919e19b4c58597d0e70320c.file.showlist.html.php 第 75 行.
INFO: Run Behavior\ParseTemplateBehavior [ RunTime:0.010000s ]
INFO: [ view_parse ] --END-- [ RunTime:0.010000s ]
INFO: [ view_filter ] --START--
INFO: Run Behavior\WriteHtmlCacheBehavior [ RunTime:0.000000s ]
INFO: [ view_filter ] --END-- [ RunTime:0.000000s ]
INFO: [ app_end ] --START--
INFO: Run Behavior\ShowPageTraceBehavior [ RunTime:0.000000s ]
INFO: [ app_end ] --END-- [ RunTime:0.001000s ]

[ 2015-05-23T22:31:07+08:00 ] 127.0.0.1 /DE/index.php/Admin/Manager/showlist
INFO: [ app_init ] --START--
INFO: Run Behavior\BuildLiteBehavior [ RunTime:0.000000s ]
INFO: [ app_init ] --END-- [ RunTime:0.002000s ]
INFO: [ app_begin ] --START--
INFO: Run Behavior\ReadHtmlCacheBehavior [ RunTime:0.004000s ]
INFO: [ app_begin ] --END-- [ RunTime:0.004000s ]
SQL: SHOW COLUMNS FROM `sw_manager` [ RunTime:0.0030s ]
SQL: SELECT * FROM `sw_manager`  [ RunTime:0.0010s ]
SQL: SHOW COLUMNS FROM `sw_role` [ RunTime:0.0070s ]
SQL: SELECT * FROM `sw_role`  [ RunTime:0.0010s ]
INFO: [ view_parse ] --START--
NOTIC: [8] Undefined offset: 0 D:\PHP\wamp\www\DE\Runtime\Cache\fb4a0c9bc24d0bba517f0fc10af36e68b2c889fd.file.showlist.html.php 第 76 行.
INFO: Run Behavior\ParseTemplateBehavior [ RunTime:0.037002s ]
INFO: [ view_parse ] --END-- [ RunTime:0.038002s ]
INFO: [ view_filter ] --START--
INFO: Run Behavior\WriteHtmlCacheBehavior [ RunTime:0.002000s ]
INFO: [ view_filter ] --END-- [ RunTime:0.003001s ]
INFO: [ app_end ] --START--
INFO: Run Behavior\ShowPageTraceBehavior [ RunTime:0.003000s ]
INFO: [ app_end ] --END-- [ RunTime:0.004000s ]

[ 2015-05-23T22:31:08+08:00 ] 127.0.0.1 /DE/index.php/Admin/Manager/showlist
INFO: [ app_init ] --START--
INFO: Run Behavior\BuildLiteBehavior [ RunTime:0.000000s ]
INFO: [ app_init ] --END-- [ RunTime:0.001000s ]
INFO: [ app_begin ] --START--
INFO: Run Behavior\ReadHtmlCacheBehavior [ RunTime:0.001000s ]
INFO: [ app_begin ] --END-- [ RunTime:0.001000s ]
SQL: SHOW COLUMNS FROM `sw_manager` [ RunTime:0.0030s ]
SQL: SELECT * FROM `sw_manager`  [ RunTime:0.0000s ]
SQL: SHOW COLUMNS FROM `sw_role` [ RunTime:0.0030s ]
SQL: SELECT * FROM `sw_role`  [ RunTime:0.0010s ]
INFO: [ view_parse ] --START--
NOTIC: [8] Undefined offset: 0 D:\PHP\wamp\www\DE\Runtime\Cache\fb4a0c9bc24d0bba517f0fc10af36e68b2c889fd.file.showlist.html.php 第 76 行.
INFO: Run Behavior\ParseTemplateBehavior [ RunTime:0.010001s ]
INFO: [ view_parse ] --END-- [ RunTime:0.011001s ]
INFO: [ view_filter ] --START--
INFO: Run Behavior\WriteHtmlCacheBehavior [ RunTime:0.001000s ]
INFO: [ view_filter ] --END-- [ RunTime:0.001000s ]
INFO: [ app_end ] --START--
INFO: Run Behavior\ShowPageTraceBehavior [ RunTime:0.001000s ]
INFO: [ app_end ] --END-- [ RunTime:0.001000s ]

[ 2015-05-23T22:31:09+08:00 ] 127.0.0.1 /DE/index.php/Admin/Role/showlist
INFO: [ app_init ] --START--
INFO: Run Behavior\BuildLiteBehavior [ RunTime:0.000000s ]
INFO: [ app_init ] --END-- [ RunTime:0.001000s ]
INFO: [ app_begin ] --START--
INFO: Run Behavior\ReadHtmlCacheBehavior [ RunTime:0.001000s ]
INFO: [ app_begin ] --END-- [ RunTime:0.001000s ]
SQL: select role_auth_ac from sw_manager a join sw_role b on a.mg_role_id=b.role_id where a.mg_id='1' [ RunTime:0.0000s ]
NOTIC: [8] Undefined offset: 0 D:\PHP\wamp\www\DE\Component\AdminController.class.php 第 24 行.
SQL: SHOW COLUMNS FROM `sw_role` [ RunTime:0.0030s ]
SQL: SELECT * FROM `sw_role`  [ RunTime:0.0000s ]
INFO: [ view_parse ] --START--
INFO: Run Behavior\ParseTemplateBehavior [ RunTime:0.010001s ]
INFO: [ view_parse ] --END-- [ RunTime:0.011001s ]
INFO: [ view_filter ] --START--
INFO: Run Behavior\WriteHtmlCacheBehavior [ RunTime:0.000000s ]
INFO: [ view_filter ] --END-- [ RunTime:0.001000s ]
INFO: [ app_end ] --START--
INFO: Run Behavior\ShowPageTraceBehavior [ RunTime:0.001000s ]
INFO: [ app_end ] --END-- [ RunTime:0.001000s ]

[ 2015-05-23T22:31:11+08:00 ] 127.0.0.1 /DE/index.php/Admin/Auth/showlist
INFO: [ app_init ] --START--
INFO: Run Behavior\BuildLiteBehavior [ RunTime:0.000000s ]
INFO: [ app_init ] --END-- [ RunTime:0.001000s ]
INFO: [ app_begin ] --START--
INFO: Run Behavior\ReadHtmlCacheBehavior [ RunTime:0.001000s ]
INFO: [ app_begin ] --END-- [ RunTime:0.001000s ]
SQL: select role_auth_ac from sw_manager a join sw_role b on a.mg_role_id=b.role_id where a.mg_id='1' [ RunTime:0.0000s ]
NOTIC: [8] Undefined offset: 0 D:\PHP\wamp\www\DE\Component\AdminController.class.php 第 24 行.
SQL: SHOW COLUMNS FROM `sw_auth` [ RunTime:0.0030s ]
SQL: SHOW COLUMNS FROM `sw_auth` [ RunTime:0.0030s ]
SQL: SELECT * FROM `sw_auth` WHERE ( auth_level<2 ) ORDER BY auth_path asc  [ RunTime:0.0010s ]
INFO: [ view_parse ] --START--
INFO: Run Behavior\ParseTemplateBehavior [ RunTime:0.016001s ]
INFO: [ view_parse ] --END-- [ RunTime:0.017001s ]
INFO: [ view_filter ] --START--
INFO: Run Behavior\WriteHtmlCacheBehavior [ RunTime:0.000000s ]
INFO: [ view_filter ] --END-- [ RunTime:0.000000s ]
INFO: [ app_end ] --START--
INFO: Run Behavior\ShowPageTraceBehavior [ RunTime:0.001000s ]
INFO: [ app_end ] --END-- [ RunTime:0.001000s ]

[ 2015-05-23T22:31:12+08:00 ] 127.0.0.1 /DE/index.php/Admin/Role/showlist
INFO: [ app_init ] --START--
INFO: Run Behavior\BuildLiteBehavior [ RunTime:0.000000s ]
INFO: [ app_init ] --END-- [ RunTime:0.002000s ]
INFO: [ app_begin ] --START--
INFO: Run Behavior\ReadHtmlCacheBehavior [ RunTime:0.003001s ]
INFO: [ app_begin ] --END-- [ RunTime:0.003001s ]
SQL: select role_auth_ac from sw_manager a join sw_role b on a.mg_role_id=b.role_id where a.mg_id='1' [ RunTime:0.0000s ]
NOTIC: [8] Undefined offset: 0 D:\PHP\wamp\www\DE\Component\AdminController.class.php 第 24 行.
SQL: SHOW COLUMNS FROM `sw_role` [ RunTime:0.0260s ]
SQL: SELECT * FROM `sw_role`  [ RunTime:0.0000s ]
INFO: [ view_parse ] --START--
INFO: Run Behavior\ParseTemplateBehavior [ RunTime:0.013001s ]
INFO: [ view_parse ] --END-- [ RunTime:0.013001s ]
INFO: [ view_filter ] --START--
INFO: Run Behavior\WriteHtmlCacheBehavior [ RunTime:0.001000s ]
INFO: [ view_filter ] --END-- [ RunTime:0.001000s ]
INFO: [ app_end ] --START--
INFO: Run Behavior\ShowPageTraceBehavior [ RunTime:0.000000s ]
INFO: [ app_end ] --END-- [ RunTime:0.002000s ]

[ 2015-05-23T22:31:14+08:00 ] 127.0.0.1 /DE/index.php/Admin/Role/showlist
INFO: [ app_init ] --START--
INFO: Run Behavior\BuildLiteBehavior [ RunTime:0.001000s ]
INFO: [ app_init ] --END-- [ RunTime:0.002000s ]
INFO: [ app_begin ] --START--
INFO: Run Behavior\ReadHtmlCacheBehavior [ RunTime:0.003000s ]
INFO: [ app_begin ] --END-- [ RunTime:0.003000s ]
SQL: select role_auth_ac from sw_manager a join sw_role b on a.mg_role_id=b.role_id where a.mg_id='1' [ RunTime:0.0010s ]
NOTIC: [8] Undefined offset: 0 D:\PHP\wamp\www\DE\Component\AdminController.class.php 第 24 行.
SQL: SHOW COLUMNS FROM `sw_role` [ RunTime:0.0030s ]
SQL: SELECT * FROM `sw_role`  [ RunTime:0.0000s ]
INFO: [ view_parse ] --START--
INFO: Run Behavior\ParseTemplateBehavior [ RunTime:0.011001s ]
INFO: [ view_parse ] --END-- [ RunTime:0.011001s ]
INFO: [ view_filter ] --START--
INFO: Run Behavior\WriteHtmlCacheBehavior [ RunTime:0.001000s ]
INFO: [ view_filter ] --END-- [ RunTime:0.001000s ]
INFO: [ app_end ] --START--
INFO: Run Behavior\ShowPageTraceBehavior [ RunTime:0.001000s ]
INFO: [ app_end ] --END-- [ RunTime:0.001000s ]

