[ 2015-10-22T23:02:33+08:00 ] 127.0.0.1 /index.php/Admin/
INFO: [ app_init ] --START--
INFO: Run Behavior\BuildLiteBehavior [ RunTime:0.000034s ]
INFO: [ app_init ] --END-- [ RunTime:0.000559s ]
INFO: [ app_begin ] --START--
INFO: Run Behavior\ReadHtmlCacheBehavior [ RunTime:0.000700s ]
INFO: [ app_begin ] --END-- [ RunTime:0.000843s ]
NOTIC: [8] Undefined index: mg_id D:\PHP\wamp\www\DE\Component\AdminController.class.php 第 21 行.
SQL: select role_auth_ac from sw_manager a join sw_role b on a.mg_role_id=b.role_id where a.mg_id='' [ RunTime:0.0963s ]
NOTIC: [8] Undefined offset: 0 D:\PHP\wamp\www\DE\Component\AdminController.class.php 第 24 行.
NOTIC: [8] Undefined variable: waitSecond D:\PHP\wamp\www\ThinkPHP\ThinkPHP\Library\Think\Controller.class.php 第 229 行.

[ 2015-10-22T23:02:35+08:00 ] 127.0.0.1 /index.php/Admin/Manager/login.html
INFO: [ app_init ] --START--
INFO: Run Behavior\BuildLiteBehavior [ RunTime:0.000031s ]
INFO: [ app_init ] --END-- [ RunTime:0.000552s ]
INFO: [ app_begin ] --START--
INFO: Run Behavior\ReadHtmlCacheBehavior [ RunTime:0.000548s ]
INFO: [ app_begin ] --END-- [ RunTime:0.000689s ]
INFO: [ view_parse ] --START--
INFO: Run Behavior\ParseTemplateBehavior [ RunTime:0.097167s ]
INFO: [ view_parse ] --END-- [ RunTime:0.097350s ]
INFO: [ view_filter ] --START--
INFO: Run Behavior\WriteHtmlCacheBehavior [ RunTime:0.000660s ]
INFO: [ view_filter ] --END-- [ RunTime:0.000793s ]
INFO: [ app_end ] --START--
INFO: Run Behavior\ShowPageTraceBehavior [ RunTime:0.000812s ]
INFO: [ app_end ] --END-- [ RunTime:0.000950s ]

[ 2015-10-22T23:02:35+08:00 ] 127.0.0.1 /index.php/Admin/Manager/verifyImg
INFO: [ app_init ] --START--
INFO: Run Behavior\BuildLiteBehavior [ RunTime:0.000034s ]
INFO: [ app_init ] --END-- [ RunTime:0.000546s ]
INFO: [ app_begin ] --START--
INFO: Run Behavior\ReadHtmlCacheBehavior [ RunTime:0.000571s ]
INFO: [ app_begin ] --END-- [ RunTime:0.000777s ]
INFO: [ app_end ] --START--
INFO: Run Behavior\ShowPageTraceBehavior [ RunTime:0.003237s ]
INFO: [ app_end ] --END-- [ RunTime:0.003842s ]

[ 2015-10-22T23:02:49+08:00 ] 127.0.0.1 /index.php/Admin/Manager/login.html
INFO: [ app_init ] --START--
INFO: Run Behavior\BuildLiteBehavior [ RunTime:0.000065s ]
INFO: [ app_init ] --END-- [ RunTime:0.001041s ]
INFO: [ app_begin ] --START--
INFO: Run Behavior\ReadHtmlCacheBehavior [ RunTime:0.000621s ]
INFO: [ app_begin ] --END-- [ RunTime:0.000798s ]
SQL: SHOW COLUMNS FROM `sw_manager` [ RunTime:0.0608s ]
SQL: SELECT * FROM `sw_manager` WHERE `mg_name` = '111111' LIMIT 1   [ RunTime:0.0191s ]

[ 2015-10-22T23:02:50+08:00 ] 127.0.0.1 /index.php/Admin/Index/index.html
INFO: [ app_init ] --START--
INFO: Run Behavior\BuildLiteBehavior [ RunTime:0.000032s ]
INFO: [ app_init ] --END-- [ RunTime:0.000494s ]
INFO: [ app_begin ] --START--
INFO: Run Behavior\ReadHtmlCacheBehavior [ RunTime:0.000528s ]
INFO: [ app_begin ] --END-- [ RunTime:0.000678s ]
SQL: select role_auth_ac from sw_manager a join sw_role b on a.mg_role_id=b.role_id where a.mg_id='1' [ RunTime:0.0004s ]
NOTIC: [8] Undefined offset: 0 D:\PHP\wamp\www\DE\Component\AdminController.class.php 第 24 行.
INFO: [ view_parse ] --START--
INFO: Run Behavior\ParseTemplateBehavior [ RunTime:0.062493s ]
INFO: [ view_parse ] --END-- [ RunTime:0.062889s ]
INFO: [ view_filter ] --START--
INFO: Run Behavior\WriteHtmlCacheBehavior [ RunTime:0.002275s ]
INFO: [ view_filter ] --END-- [ RunTime:0.002869s ]
INFO: [ app_end ] --START--
INFO: Run Behavior\ShowPageTraceBehavior [ RunTime:0.003499s ]
INFO: [ app_end ] --END-- [ RunTime:0.004467s ]

[ 2015-10-22T23:02:50+08:00 ] 127.0.0.1 /index.php/Admin/Index/head
INFO: [ app_init ] --START--
INFO: Run Behavior\BuildLiteBehavior [ RunTime:0.000035s ]
INFO: [ app_init ] --END-- [ RunTime:0.000539s ]
INFO: [ app_begin ] --START--
INFO: Run Behavior\ReadHtmlCacheBehavior [ RunTime:0.000546s ]
INFO: [ app_begin ] --END-- [ RunTime:0.000702s ]
SQL: select role_auth_ac from sw_manager a join sw_role b on a.mg_role_id=b.role_id where a.mg_id='1' [ RunTime:0.0004s ]
NOTIC: [8] Undefined offset: 0 D:\PHP\wamp\www\DE\Component\AdminController.class.php 第 24 行.
INFO: [ view_parse ] --START--
NOTIC: [8] Undefined index: Think D:\PHP\wamp\www\DE\Runtime\Cache\e8c1e51f5553143b96201eaa9c346e55e1a80dc5.file.head.html.php 第 30 行.
NOTIC: [8] Trying to get property of non-object D:\PHP\wamp\www\DE\Runtime\Cache\e8c1e51f5553143b96201eaa9c346e55e1a80dc5.file.head.html.php 第 30 行.
INFO: Run Behavior\ParseTemplateBehavior [ RunTime:0.021166s ]
INFO: [ view_parse ] --END-- [ RunTime:0.021340s ]
INFO: [ view_filter ] --START--
INFO: Run Behavior\WriteHtmlCacheBehavior [ RunTime:0.000639s ]
INFO: [ view_filter ] --END-- [ RunTime:0.000775s ]
INFO: [ app_end ] --START--
INFO: Run Behavior\ShowPageTraceBehavior [ RunTime:0.000738s ]
INFO: [ app_end ] --END-- [ RunTime:0.000877s ]

[ 2015-10-22T23:02:50+08:00 ] 127.0.0.1 /index.php/Admin/Index/right
INFO: [ app_init ] --START--
INFO: Run Behavior\BuildLiteBehavior [ RunTime:0.000036s ]
INFO: [ app_init ] --END-- [ RunTime:0.000676s ]
INFO: [ app_begin ] --START--
INFO: Run Behavior\ReadHtmlCacheBehavior [ RunTime:0.001482s ]
INFO: [ app_begin ] --END-- [ RunTime:0.001795s ]
SQL: select role_auth_ac from sw_manager a join sw_role b on a.mg_role_id=b.role_id where a.mg_id='1' [ RunTime:0.0004s ]
NOTIC: [8] Undefined offset: 0 D:\PHP\wamp\www\DE\Component\AdminController.class.php 第 24 行.
SQL: SHOW COLUMNS FROM `sw_manager` [ RunTime:0.0111s ]
SQL: SELECT * FROM `sw_manager` WHERE ( mg_id='1' ) LIMIT 1   [ RunTime:0.0003s ]
INFO: [ view_parse ] --START--
NOTIC: [8] Undefined index: mg_time D:\PHP\wamp\www\DE\Runtime\Cache\fd4425aeabaef9b7561ec6b8395e0ba9617e2586.file.right.html.php 第 86 行.
INFO: Run Behavior\ParseTemplateBehavior [ RunTime:0.228066s ]
INFO: [ view_parse ] --END-- [ RunTime:0.228690s ]
INFO: [ view_filter ] --START--
INFO: Run Behavior\WriteHtmlCacheBehavior [ RunTime:0.004658s ]
INFO: [ view_filter ] --END-- [ RunTime:0.005206s ]
INFO: [ app_end ] --START--
INFO: Run Behavior\ShowPageTraceBehavior [ RunTime:0.002907s ]
INFO: [ app_end ] --END-- [ RunTime:0.003472s ]

[ 2015-10-22T23:02:50+08:00 ] 127.0.0.1 /index.php/Admin/Index/left
INFO: [ app_init ] --START--
INFO: Run Behavior\BuildLiteBehavior [ RunTime:0.000063s ]
INFO: [ app_init ] --END-- [ RunTime:0.000909s ]
INFO: [ app_begin ] --START--
INFO: Run Behavior\ReadHtmlCacheBehavior [ RunTime:0.001278s ]
INFO: [ app_begin ] --END-- [ RunTime:0.001732s ]
SQL: select role_auth_ac from sw_manager a join sw_role b on a.mg_role_id=b.role_id where a.mg_id='1' [ RunTime:0.0004s ]
NOTIC: [8] Undefined offset: 0 D:\PHP\wamp\www\DE\Component\AdminController.class.php 第 24 行.
SQL: select * from sw_manager where mg_id=1 [ RunTime:0.0222s ]
SQL: select * from sw_role where role_id='.0' [ RunTime:0.0003s ]
NOTIC: [8] Undefined offset: 0 D:\PHP\wamp\www\DE\Admin\Controller\IndexController.class.php 第 36 行.
SQL: select * from sw_auth where auth_level=0  [ RunTime:0.0452s ]
SQL: select * from sw_auth where auth_level=1  [ RunTime:0.0010s ]
INFO: [ view_parse ] --START--
INFO: Run Behavior\ParseTemplateBehavior [ RunTime:0.141235s ]
INFO: [ view_parse ] --END-- [ RunTime:0.141450s ]
INFO: [ view_filter ] --START--
INFO: Run Behavior\WriteHtmlCacheBehavior [ RunTime:0.000703s ]
INFO: [ view_filter ] --END-- [ RunTime:0.000852s ]
INFO: [ app_end ] --START--
INFO: Run Behavior\ShowPageTraceBehavior [ RunTime:0.001660s ]
INFO: [ app_end ] --END-- [ RunTime:0.001969s ]

[ 2015-10-22T23:02:50+08:00 ] 127.0.0.1 /index.php/Admin/Index/admin.css
INFO: [ app_init ] --START--
INFO: Run Behavior\BuildLiteBehavior [ RunTime:0.000035s ]
INFO: [ app_init ] --END-- [ RunTime:0.000536s ]
INFO: [ app_begin ] --START--
INFO: Run Behavior\ReadHtmlCacheBehavior [ RunTime:0.001025s ]
INFO: [ app_begin ] --END-- [ RunTime:0.001317s ]
SQL: select role_auth_ac from sw_manager a join sw_role b on a.mg_role_id=b.role_id where a.mg_id='1' [ RunTime:0.0004s ]
NOTIC: [8] Undefined offset: 0 D:\PHP\wamp\www\DE\Component\AdminController.class.php 第 24 行.
ERR: 非法操作:admin.css

[ 2015-10-22T23:03:17+08:00 ] 127.0.0.1 /index.php/Admin/Role/showlist
INFO: [ app_init ] --START--
INFO: Run Behavior\BuildLiteBehavior [ RunTime:0.000039s ]
INFO: [ app_init ] --END-- [ RunTime:0.000620s ]
INFO: [ app_begin ] --START--
INFO: Run Behavior\ReadHtmlCacheBehavior [ RunTime:0.000625s ]
INFO: [ app_begin ] --END-- [ RunTime:0.000802s ]
SQL: select role_auth_ac from sw_manager a join sw_role b on a.mg_role_id=b.role_id where a.mg_id='1' [ RunTime:0.0006s ]
NOTIC: [8] Undefined offset: 0 D:\PHP\wamp\www\DE\Component\AdminController.class.php 第 24 行.
SQL: SHOW COLUMNS FROM `sw_role` [ RunTime:0.0103s ]
SQL: SELECT * FROM `sw_role`  [ RunTime:0.0003s ]
INFO: [ view_parse ] --START--
INFO: Run Behavior\ParseTemplateBehavior [ RunTime:0.065416s ]
INFO: [ view_parse ] --END-- [ RunTime:0.065870s ]
INFO: [ view_filter ] --START--
INFO: Run Behavior\WriteHtmlCacheBehavior [ RunTime:0.000799s ]
INFO: [ view_filter ] --END-- [ RunTime:0.000958s ]
INFO: [ app_end ] --START--
INFO: Run Behavior\ShowPageTraceBehavior [ RunTime:0.000927s ]
INFO: [ app_end ] --END-- [ RunTime:0.001147s ]

[ 2015-10-22T23:03:19+08:00 ] 127.0.0.1 /index.php/Admin/User/showlist
INFO: [ app_init ] --START--
INFO: Run Behavior\BuildLiteBehavior [ RunTime:0.000039s ]
INFO: [ app_init ] --END-- [ RunTime:0.000601s ]
INFO: [ app_begin ] --START--
INFO: Run Behavior\ReadHtmlCacheBehavior [ RunTime:0.000617s ]
INFO: [ app_begin ] --END-- [ RunTime:0.000792s ]
SQL: select role_auth_ac from sw_manager a join sw_role b on a.mg_role_id=b.role_id where a.mg_id='1' [ RunTime:0.0004s ]
NOTIC: [8] Undefined offset: 0 D:\PHP\wamp\www\DE\Component\AdminController.class.php 第 24 行.
SQL: SHOW COLUMNS FROM `sw_user` [ RunTime:0.0633s ]
SQL: SELECT COUNT(*) AS tp_count FROM `sw_user` LIMIT 1   [ RunTime:0.0424s ]
NOTIC: [8] Undefined index: REQUEST_url D:\PHP\wamp\www\DE\Component\page.class.php 第 36 行.
NOTIC: [8] Undefined index: REQUEST_url D:\PHP\wamp\www\DE\Component\page.class.php 第 36 行.
SQL: select * from sw_user Limit 0, 15 [ RunTime:0.0011s ]
INFO: [ view_parse ] --START--
INFO: Run Behavior\ParseTemplateBehavior [ RunTime:0.213358s ]
INFO: [ view_parse ] --END-- [ RunTime:0.214162s ]
INFO: [ view_filter ] --START--
INFO: Run Behavior\WriteHtmlCacheBehavior [ RunTime:0.002246s ]
INFO: [ view_filter ] --END-- [ RunTime:0.002872s ]
INFO: [ app_end ] --START--
INFO: Run Behavior\ShowPageTraceBehavior [ RunTime:0.003224s ]
INFO: [ app_end ] --END-- [ RunTime:0.003828s ]

[ 2015-10-22T23:03:25+08:00 ] 127.0.0.1 /index.php/Admin/Goods/showlist
INFO: [ app_init ] --START--
INFO: Run Behavior\BuildLiteBehavior [ RunTime:0.000034s ]
INFO: [ app_init ] --END-- [ RunTime:0.000524s ]
INFO: [ app_begin ] --START--
INFO: Run Behavior\ReadHtmlCacheBehavior [ RunTime:0.000514s ]
INFO: [ app_begin ] --END-- [ RunTime:0.000656s ]
SQL: select role_auth_ac from sw_manager a join sw_role b on a.mg_role_id=b.role_id where a.mg_id='1' [ RunTime:0.0004s ]
NOTIC: [8] Undefined offset: 0 D:\PHP\wamp\www\DE\Component\AdminController.class.php 第 24 行.
SQL: SHOW COLUMNS FROM `sw_goods` [ RunTime:0.0081s ]
SQL: SELECT COUNT(*) AS tp_count FROM `sw_goods` LIMIT 1   [ RunTime:0.0003s ]
NOTIC: [8] Undefined index: REQUEST_url D:\PHP\wamp\www\DE\Component\page.class.php 第 36 行.
NOTIC: [8] Undefined index: REQUEST_url D:\PHP\wamp\www\DE\Component\page.class.php 第 36 行.
SQL: select * from sw_goods order by goods_create_time desc Limit 0, 5 [ RunTime:0.0004s ]
SQL: SHOW COLUMNS FROM `sw_category` [ RunTime:0.0082s ]
SQL: SELECT * FROM `sw_category`  [ RunTime:0.0003s ]
INFO: [ view_parse ] --START--
NOTIC: [8] Undefined index: catid D:\PHP\wamp\www\DE\Runtime\Cache\baca7902857d5f6e5791a18d44fea0da67c92754.file.showlist.html.php 第 93 行.
NOTIC: [8] Undefined index:  D:\PHP\wamp\www\DE\Runtime\Cache\baca7902857d5f6e5791a18d44fea0da67c92754.file.showlist.html.php 第 93 行.
NOTIC: [8] Undefined index: catid D:\PHP\wamp\www\DE\Runtime\Cache\baca7902857d5f6e5791a18d44fea0da67c92754.file.showlist.html.php 第 93 行.
NOTIC: [8] Undefined index:  D:\PHP\wamp\www\DE\Runtime\Cache\baca7902857d5f6e5791a18d44fea0da67c92754.file.showlist.html.php 第 93 行.
INFO: Run Behavior\ParseTemplateBehavior [ RunTime:0.128550s ]
INFO: [ view_parse ] --END-- [ RunTime:0.128716s ]
INFO: [ view_filter ] --START--
INFO: Run Behavior\WriteHtmlCacheBehavior [ RunTime:0.000624s ]
INFO: [ view_filter ] --END-- [ RunTime:0.000759s ]
INFO: [ app_end ] --START--
INFO: Run Behavior\ShowPageTraceBehavior [ RunTime:0.000729s ]
INFO: [ app_end ] --END-- [ RunTime:0.000866s ]

[ 2015-10-22T23:03:30+08:00 ] 127.0.0.1 /index.php/Admin/User/showlist
INFO: [ app_init ] --START--
INFO: Run Behavior\BuildLiteBehavior [ RunTime:0.000032s ]
INFO: [ app_init ] --END-- [ RunTime:0.000513s ]
INFO: [ app_begin ] --START--
INFO: Run Behavior\ReadHtmlCacheBehavior [ RunTime:0.000522s ]
INFO: [ app_begin ] --END-- [ RunTime:0.000665s ]
SQL: select role_auth_ac from sw_manager a join sw_role b on a.mg_role_id=b.role_id where a.mg_id='1' [ RunTime:0.0004s ]
NOTIC: [8] Undefined offset: 0 D:\PHP\wamp\www\DE\Component\AdminController.class.php 第 24 行.
SQL: SHOW COLUMNS FROM `sw_user` [ RunTime:0.0084s ]
SQL: SELECT COUNT(*) AS tp_count FROM `sw_user` LIMIT 1   [ RunTime:0.0003s ]
NOTIC: [8] Undefined index: REQUEST_url D:\PHP\wamp\www\DE\Component\page.class.php 第 36 行.
NOTIC: [8] Undefined index: REQUEST_url D:\PHP\wamp\www\DE\Component\page.class.php 第 36 行.
SQL: select * from sw_user Limit 0, 15 [ RunTime:0.0003s ]
INFO: [ view_parse ] --START--
INFO: Run Behavior\ParseTemplateBehavior [ RunTime:0.009146s ]
INFO: [ view_parse ] --END-- [ RunTime:0.009363s ]
INFO: [ view_filter ] --START--
INFO: Run Behavior\WriteHtmlCacheBehavior [ RunTime:0.000640s ]
INFO: [ view_filter ] --END-- [ RunTime:0.000793s ]
INFO: [ app_end ] --START--
INFO: Run Behavior\ShowPageTraceBehavior [ RunTime:0.000774s ]
INFO: [ app_end ] --END-- [ RunTime:0.000913s ]

