[ 2016-06-04T00:00:07+08:00 ] 127.0.0.1 /DE/index.php/Admin/Manager/login.html
INFO: [ app_init ] --START--
INFO: Run Behavior\BuildLiteBehavior [ RunTime:0.000043s ]
INFO: [ app_init ] --END-- [ RunTime:0.000612s ]
INFO: [ app_begin ] --START--
INFO: Run Behavior\ReadHtmlCacheBehavior [ RunTime:0.000660s ]
INFO: [ app_begin ] --END-- [ RunTime:0.000936s ]
SQL: SHOW COLUMNS FROM `sw_manager` [ RunTime:0.0140s ]
SQL: SELECT * FROM `sw_manager` WHERE `mg_name` = '1kongbao' LIMIT 1   [ RunTime:0.0004s ]
NOTIC: [8] Undefined variable: waitSecond D:\PHP\wamp\www\ThinkPHP\ThinkPHP\Library\Think\Controller.class.php 第 229 行.

[ 2016-06-04T00:00:08+08:00 ] 127.0.0.1 /DE/index.php/Admin/Manager/login.html
INFO: [ app_init ] --START--
INFO: Run Behavior\BuildLiteBehavior [ RunTime:0.000038s ]
INFO: [ app_init ] --END-- [ RunTime:0.000556s ]
INFO: [ app_begin ] --START--
INFO: Run Behavior\ReadHtmlCacheBehavior [ RunTime:0.000648s ]
INFO: [ app_begin ] --END-- [ RunTime:0.000831s ]
INFO: [ view_parse ] --START--
INFO: Run Behavior\ParseTemplateBehavior [ RunTime:0.014766s ]
INFO: [ view_parse ] --END-- [ RunTime:0.014946s ]
INFO: [ view_filter ] --START--
INFO: Run Behavior\WriteHtmlCacheBehavior [ RunTime:0.000598s ]
INFO: [ view_filter ] --END-- [ RunTime:0.000740s ]
INFO: [ app_end ] --START--
INFO: Run Behavior\ShowPageTraceBehavior [ RunTime:0.000792s ]
INFO: [ app_end ] --END-- [ RunTime:0.000941s ]

[ 2016-06-04T00:00:08+08:00 ] 127.0.0.1 /DE/index.php/Admin/Manager/verifyImg
INFO: [ app_init ] --START--
INFO: Run Behavior\BuildLiteBehavior [ RunTime:0.000070s ]
INFO: [ app_init ] --END-- [ RunTime:0.001040s ]
INFO: [ app_begin ] --START--
INFO: Run Behavior\ReadHtmlCacheBehavior [ RunTime:0.001166s ]
INFO: [ app_begin ] --END-- [ RunTime:0.001908s ]
INFO: [ app_end ] --START--
INFO: Run Behavior\ShowPageTraceBehavior [ RunTime:0.001418s ]
INFO: [ app_end ] --END-- [ RunTime:0.001747s ]

[ 2016-06-04T00:00:46+08:00 ] 127.0.0.1 /DE/index.php/Admin/Manager/login.html
INFO: [ app_init ] --START--
INFO: Run Behavior\BuildLiteBehavior [ RunTime:0.000041s ]
INFO: [ app_init ] --END-- [ RunTime:0.000686s ]
INFO: [ app_begin ] --START--
INFO: Run Behavior\ReadHtmlCacheBehavior [ RunTime:0.001460s ]
INFO: [ app_begin ] --END-- [ RunTime:0.001763s ]
SQL: SHOW COLUMNS FROM `sw_manager` [ RunTime:0.0728s ]
SQL: SELECT * FROM `sw_manager` WHERE `mg_name` = 'innme111' LIMIT 1   [ RunTime:0.0012s ]
NOTIC: [8] Undefined variable: waitSecond D:\PHP\wamp\www\ThinkPHP\ThinkPHP\Library\Think\Controller.class.php 第 229 行.

[ 2016-06-04T00:00:47+08:00 ] 127.0.0.1 /DE/index.php/Admin/Manager/login.html
INFO: [ app_init ] --START--
INFO: Run Behavior\BuildLiteBehavior [ RunTime:0.000052s ]
INFO: [ app_init ] --END-- [ RunTime:0.000628s ]
INFO: [ app_begin ] --START--
INFO: Run Behavior\ReadHtmlCacheBehavior [ RunTime:0.000662s ]
INFO: [ app_begin ] --END-- [ RunTime:0.000844s ]
INFO: [ view_parse ] --START--
INFO: Run Behavior\ParseTemplateBehavior [ RunTime:0.022400s ]
INFO: [ view_parse ] --END-- [ RunTime:0.022790s ]
INFO: [ view_filter ] --START--
INFO: Run Behavior\WriteHtmlCacheBehavior [ RunTime:0.001030s ]
INFO: [ view_filter ] --END-- [ RunTime:0.001271s ]
INFO: [ app_end ] --START--
INFO: Run Behavior\ShowPageTraceBehavior [ RunTime:0.000946s ]
INFO: [ app_end ] --END-- [ RunTime:0.001100s ]

[ 2016-06-04T00:00:47+08:00 ] 127.0.0.1 /DE/index.php/Admin/Manager/verifyImg
INFO: [ app_init ] --START--
INFO: Run Behavior\BuildLiteBehavior [ RunTime:0.000062s ]
INFO: [ app_init ] --END-- [ RunTime:0.000941s ]
INFO: [ app_begin ] --START--
INFO: Run Behavior\ReadHtmlCacheBehavior [ RunTime:0.001139s ]
INFO: [ app_begin ] --END-- [ RunTime:0.001541s ]
INFO: [ app_end ] --START--
INFO: Run Behavior\ShowPageTraceBehavior [ RunTime:0.001066s ]
INFO: [ app_end ] --END-- [ RunTime:0.001336s ]

[ 2016-06-04T00:00:52+08:00 ] 127.0.0.1 /DE/index.php/Admin/Manager/verifyImg?code=0.8072011970995647
INFO: [ app_init ] --START--
INFO: Run Behavior\BuildLiteBehavior [ RunTime:0.000039s ]
INFO: [ app_init ] --END-- [ RunTime:0.000610s ]
INFO: [ app_begin ] --START--
INFO: Run Behavior\ReadHtmlCacheBehavior [ RunTime:0.000632s ]
INFO: [ app_begin ] --END-- [ RunTime:0.000819s ]
INFO: [ app_end ] --START--
INFO: Run Behavior\ShowPageTraceBehavior [ RunTime:0.000957s ]
INFO: [ app_end ] --END-- [ RunTime:0.001148s ]

[ 2016-06-04T00:42:44+08:00 ] 127.0.0.1 /DE/index.php/Admin/Manager/login.html
INFO: [ app_init ] --START--
INFO: Run Behavior\BuildLiteBehavior [ RunTime:0.000035s ]
INFO: [ app_init ] --END-- [ RunTime:0.000635s ]
INFO: [ app_begin ] --START--
INFO: Run Behavior\ReadHtmlCacheBehavior [ RunTime:0.000836s ]
INFO: [ app_begin ] --END-- [ RunTime:0.001009s ]
NOTIC: [8] Undefined variable: waitSecond D:\PHP\wamp\www\ThinkPHP\ThinkPHP\Library\Think\Controller.class.php 第 229 行.

[ 2016-06-04T00:42:45+08:00 ] 127.0.0.1 /DE/index.php/Admin/Manager/login.html
INFO: [ app_init ] --START--
INFO: Run Behavior\BuildLiteBehavior [ RunTime:0.000036s ]
INFO: [ app_init ] --END-- [ RunTime:0.000625s ]
INFO: [ app_begin ] --START--
INFO: Run Behavior\ReadHtmlCacheBehavior [ RunTime:0.000686s ]
INFO: [ app_begin ] --END-- [ RunTime:0.000871s ]
INFO: [ view_parse ] --START--
INFO: Run Behavior\ParseTemplateBehavior [ RunTime:0.016798s ]
INFO: [ view_parse ] --END-- [ RunTime:0.016958s ]
INFO: [ view_filter ] --START--
INFO: Run Behavior\WriteHtmlCacheBehavior [ RunTime:0.000601s ]
INFO: [ view_filter ] --END-- [ RunTime:0.000737s ]
INFO: [ app_end ] --START--
INFO: Run Behavior\ShowPageTraceBehavior [ RunTime:0.000794s ]
INFO: [ app_end ] --END-- [ RunTime:0.000930s ]

[ 2016-06-04T00:42:45+08:00 ] 127.0.0.1 /DE/index.php/Admin/Manager/verifyImg
INFO: [ app_init ] --START--
INFO: Run Behavior\BuildLiteBehavior [ RunTime:0.000060s ]
INFO: [ app_init ] --END-- [ RunTime:0.000775s ]
INFO: [ app_begin ] --START--
INFO: Run Behavior\ReadHtmlCacheBehavior [ RunTime:0.000985s ]
INFO: [ app_begin ] --END-- [ RunTime:0.001297s ]
INFO: [ app_end ] --START--
INFO: Run Behavior\ShowPageTraceBehavior [ RunTime:0.001553s ]
INFO: [ app_end ] --END-- [ RunTime:0.001810s ]

[ 2016-06-04T00:42:52+08:00 ] 127.0.0.1 /DE/index.php/Admin/Manager/verifyImg?code=0.15062427833252645
INFO: [ app_init ] --START--
INFO: Run Behavior\BuildLiteBehavior [ RunTime:0.000047s ]
INFO: [ app_init ] --END-- [ RunTime:0.000706s ]
INFO: [ app_begin ] --START--
INFO: Run Behavior\ReadHtmlCacheBehavior [ RunTime:0.000670s ]
INFO: [ app_begin ] --END-- [ RunTime:0.000860s ]
INFO: [ app_end ] --START--
INFO: Run Behavior\ShowPageTraceBehavior [ RunTime:0.000829s ]
INFO: [ app_end ] --END-- [ RunTime:0.000991s ]

[ 2016-06-04T00:42:56+08:00 ] 127.0.0.1 /DE/index.php/Admin/Manager/login.html
INFO: [ app_init ] --START--
INFO: Run Behavior\BuildLiteBehavior [ RunTime:0.000040s ]
INFO: [ app_init ] --END-- [ RunTime:0.000608s ]
INFO: [ app_begin ] --START--
INFO: Run Behavior\ReadHtmlCacheBehavior [ RunTime:0.000639s ]
INFO: [ app_begin ] --END-- [ RunTime:0.000828s ]
SQL: SHOW COLUMNS FROM `sw_manager` [ RunTime:0.0624s ]
SQL: SELECT * FROM `sw_manager` WHERE `mg_name` = 'laosi' LIMIT 1   [ RunTime:0.0011s ]
NOTIC: [8] Undefined variable: waitSecond D:\PHP\wamp\www\ThinkPHP\ThinkPHP\Library\Think\Controller.class.php 第 229 行.

[ 2016-06-04T00:42:57+08:00 ] 127.0.0.1 /DE/index.php/Admin/Manager/login.html
INFO: [ app_init ] --START--
INFO: Run Behavior\BuildLiteBehavior [ RunTime:0.000037s ]
INFO: [ app_init ] --END-- [ RunTime:0.000561s ]
INFO: [ app_begin ] --START--
INFO: Run Behavior\ReadHtmlCacheBehavior [ RunTime:0.000666s ]
INFO: [ app_begin ] --END-- [ RunTime:0.000891s ]
INFO: [ view_parse ] --START--
INFO: Run Behavior\ParseTemplateBehavior [ RunTime:0.016883s ]
INFO: [ view_parse ] --END-- [ RunTime:0.017051s ]
INFO: [ view_filter ] --START--
INFO: Run Behavior\WriteHtmlCacheBehavior [ RunTime:0.000631s ]
INFO: [ view_filter ] --END-- [ RunTime:0.000790s ]
INFO: [ app_end ] --START--
INFO: Run Behavior\ShowPageTraceBehavior [ RunTime:0.000793s ]
INFO: [ app_end ] --END-- [ RunTime:0.000933s ]

[ 2016-06-04T00:42:57+08:00 ] 127.0.0.1 /DE/index.php/Admin/Manager/verifyImg
INFO: [ app_init ] --START--
INFO: Run Behavior\BuildLiteBehavior [ RunTime:0.000069s ]
INFO: [ app_init ] --END-- [ RunTime:0.001046s ]
INFO: [ app_begin ] --START--
INFO: Run Behavior\ReadHtmlCacheBehavior [ RunTime:0.001109s ]
INFO: [ app_begin ] --END-- [ RunTime:0.001428s ]
INFO: [ app_end ] --START--
INFO: Run Behavior\ShowPageTraceBehavior [ RunTime:0.001286s ]
INFO: [ app_end ] --END-- [ RunTime:0.001583s ]

[ 2016-06-04T00:43:23+08:00 ] 127.0.0.1 /DE/index.php/Admin/Manager/login.html
INFO: [ app_init ] --START--
INFO: Run Behavior\BuildLiteBehavior [ RunTime:0.000041s ]
INFO: [ app_init ] --END-- [ RunTime:0.000550s ]
INFO: [ app_begin ] --START--
INFO: Run Behavior\ReadHtmlCacheBehavior [ RunTime:0.000699s ]
INFO: [ app_begin ] --END-- [ RunTime:0.000939s ]
SQL: SHOW COLUMNS FROM `sw_manager` [ RunTime:0.0543s ]
SQL: SELECT * FROM `sw_manager` WHERE `mg_name` = '111111' LIMIT 1   [ RunTime:0.0004s ]

[ 2016-06-04T00:43:23+08:00 ] 127.0.0.1 /DE/index.php/Admin/Index/index.html
INFO: [ app_init ] --START--
INFO: Run Behavior\BuildLiteBehavior [ RunTime:0.000032s ]
INFO: [ app_init ] --END-- [ RunTime:0.000519s ]
INFO: [ app_begin ] --START--
INFO: Run Behavior\ReadHtmlCacheBehavior [ RunTime:0.000548s ]
INFO: [ app_begin ] --END-- [ RunTime:0.000722s ]
SQL: select role_auth_ac from sw_manager a join sw_role b on a.mg_role_id=b.role_id where a.mg_id='1' [ RunTime:0.0005s ]
NOTIC: [8] Undefined offset: 0 D:\PHP\wamp\www\DE\Component\AdminController.class.php 第 24 行.
INFO: [ view_parse ] --START--
INFO: Run Behavior\ParseTemplateBehavior [ RunTime:0.042472s ]
INFO: [ view_parse ] --END-- [ RunTime:0.042655s ]
INFO: [ view_filter ] --START--
INFO: Run Behavior\WriteHtmlCacheBehavior [ RunTime:0.000936s ]
INFO: [ view_filter ] --END-- [ RunTime:0.001200s ]
INFO: [ app_end ] --START--
INFO: Run Behavior\ShowPageTraceBehavior [ RunTime:0.000919s ]
INFO: [ app_end ] --END-- [ RunTime:0.001074s ]

[ 2016-06-04T00:43:24+08:00 ] 127.0.0.1 /DE/index.php/Admin/Index/head
INFO: [ app_init ] --START--
INFO: Run Behavior\BuildLiteBehavior [ RunTime:0.000067s ]
INFO: [ app_init ] --END-- [ RunTime:0.000934s ]
INFO: [ app_begin ] --START--
INFO: Run Behavior\ReadHtmlCacheBehavior [ RunTime:0.000948s ]
INFO: [ app_begin ] --END-- [ RunTime:0.001294s ]
SQL: select role_auth_ac from sw_manager a join sw_role b on a.mg_role_id=b.role_id where a.mg_id='1' [ RunTime:0.0004s ]
NOTIC: [8] Undefined offset: 0 D:\PHP\wamp\www\DE\Component\AdminController.class.php 第 24 行.
INFO: [ view_parse ] --START--
NOTIC: [8] Undefined index: Think D:\PHP\wamp\www\DE\Runtime\Cache\e8c1e51f5553143b96201eaa9c346e55e1a80dc5.file.head.html.php 第 30 行.
NOTIC: [8] Trying to get property of non-object D:\PHP\wamp\www\DE\Runtime\Cache\e8c1e51f5553143b96201eaa9c346e55e1a80dc5.file.head.html.php 第 30 行.
INFO: Run Behavior\ParseTemplateBehavior [ RunTime:0.064851s ]
INFO: [ view_parse ] --END-- [ RunTime:0.065092s ]
INFO: [ view_filter ] --START--
INFO: Run Behavior\WriteHtmlCacheBehavior [ RunTime:0.000700s ]
INFO: [ view_filter ] --END-- [ RunTime:0.000840s ]
INFO: [ app_end ] --START--
INFO: Run Behavior\ShowPageTraceBehavior [ RunTime:0.000800s ]
INFO: [ app_end ] --END-- [ RunTime:0.000947s ]

[ 2016-06-04T00:43:24+08:00 ] 127.0.0.1 /DE/index.php/Admin/Index/left
INFO: [ app_init ] --START--
INFO: Run Behavior\BuildLiteBehavior [ RunTime:0.000071s ]
INFO: [ app_init ] --END-- [ RunTime:0.001840s ]
INFO: [ app_begin ] --START--
INFO: Run Behavior\ReadHtmlCacheBehavior [ RunTime:0.001948s ]
INFO: [ app_begin ] --END-- [ RunTime:0.002280s ]
SQL: select role_auth_ac from sw_manager a join sw_role b on a.mg_role_id=b.role_id where a.mg_id='1' [ RunTime:0.0005s ]
NOTIC: [8] Undefined offset: 0 D:\PHP\wamp\www\DE\Component\AdminController.class.php 第 24 行.
SQL: select * from sw_manager where mg_id=1 [ RunTime:0.0118s ]
SQL: select * from sw_role where role_id='.0' [ RunTime:0.0004s ]
NOTIC: [8] Undefined offset: 0 D:\PHP\wamp\www\DE\Admin\Controller\IndexController.class.php 第 36 行.
SQL: select * from sw_auth where auth_level=0  [ RunTime:0.0199s ]
SQL: select * from sw_auth where auth_level=1  [ RunTime:0.0004s ]
INFO: [ view_parse ] --START--
INFO: Run Behavior\ParseTemplateBehavior [ RunTime:0.097035s ]
INFO: [ view_parse ] --END-- [ RunTime:0.097210s ]
INFO: [ view_filter ] --START--
INFO: Run Behavior\WriteHtmlCacheBehavior [ RunTime:0.000752s ]
INFO: [ view_filter ] --END-- [ RunTime:0.000902s ]
INFO: [ app_end ] --START--
INFO: Run Behavior\ShowPageTraceBehavior [ RunTime:0.001562s ]
INFO: [ app_end ] --END-- [ RunTime:0.001901s ]

[ 2016-06-04T00:43:24+08:00 ] 127.0.0.1 /DE/index.php/Admin/Index/right
INFO: [ app_init ] --START--
INFO: Run Behavior\BuildLiteBehavior [ RunTime:0.000036s ]
INFO: [ app_init ] --END-- [ RunTime:0.000624s ]
INFO: [ app_begin ] --START--
INFO: Run Behavior\ReadHtmlCacheBehavior [ RunTime:0.001177s ]
INFO: [ app_begin ] --END-- [ RunTime:0.001442s ]
SQL: select role_auth_ac from sw_manager a join sw_role b on a.mg_role_id=b.role_id where a.mg_id='1' [ RunTime:0.0005s ]
NOTIC: [8] Undefined offset: 0 D:\PHP\wamp\www\DE\Component\AdminController.class.php 第 24 行.
SQL: SHOW COLUMNS FROM `sw_manager` [ RunTime:0.0133s ]
SQL: SELECT * FROM `sw_manager` WHERE ( mg_id='1' ) LIMIT 1   [ RunTime:0.0005s ]
INFO: [ view_parse ] --START--
NOTIC: [8] Undefined index: mg_time D:\PHP\wamp\www\DE\Runtime\Cache\fd4425aeabaef9b7561ec6b8395e0ba9617e2586.file.right.html.php 第 86 行.
INFO: Run Behavior\ParseTemplateBehavior [ RunTime:0.237710s ]
INFO: [ view_parse ] --END-- [ RunTime:0.238085s ]
INFO: [ view_filter ] --START--
INFO: Run Behavior\WriteHtmlCacheBehavior [ RunTime:0.002948s ]
INFO: [ view_filter ] --END-- [ RunTime:0.003743s ]
INFO: [ app_end ] --START--
INFO: Run Behavior\ShowPageTraceBehavior [ RunTime:0.005357s ]
INFO: [ app_end ] --END-- [ RunTime:0.006070s ]

[ 2016-06-04T00:43:24+08:00 ] 127.0.0.1 /DE/index.php/Admin/Index/admin.css
INFO: [ app_init ] --START--
INFO: Run Behavior\BuildLiteBehavior [ RunTime:0.000070s ]
INFO: [ app_init ] --END-- [ RunTime:0.001109s ]
INFO: [ app_begin ] --START--
INFO: Run Behavior\ReadHtmlCacheBehavior [ RunTime:0.000977s ]
INFO: [ app_begin ] --END-- [ RunTime:0.001232s ]
SQL: select role_auth_ac from sw_manager a join sw_role b on a.mg_role_id=b.role_id where a.mg_id='1' [ RunTime:0.0005s ]
NOTIC: [8] Undefined offset: 0 D:\PHP\wamp\www\DE\Component\AdminController.class.php 第 24 行.
ERR: 非法操作:admin.css

[ 2016-06-04T00:43:31+08:00 ] 127.0.0.1 /DE/index.php/Admin/Manager/repass
INFO: [ app_init ] --START--
INFO: Run Behavior\BuildLiteBehavior [ RunTime:0.000038s ]
INFO: [ app_init ] --END-- [ RunTime:0.000635s ]
INFO: [ app_begin ] --START--
INFO: Run Behavior\ReadHtmlCacheBehavior [ RunTime:0.000649s ]
INFO: [ app_begin ] --END-- [ RunTime:0.000826s ]
INFO: [ view_parse ] --START--
INFO: Run Behavior\ParseTemplateBehavior [ RunTime:0.061708s ]
INFO: [ view_parse ] --END-- [ RunTime:0.061892s ]
INFO: [ view_filter ] --START--
INFO: Run Behavior\WriteHtmlCacheBehavior [ RunTime:0.000675s ]
INFO: [ view_filter ] --END-- [ RunTime:0.000813s ]
INFO: [ app_end ] --START--
INFO: Run Behavior\ShowPageTraceBehavior [ RunTime:0.000756s ]
INFO: [ app_end ] --END-- [ RunTime:0.000895s ]

[ 2016-06-04T00:43:41+08:00 ] 127.0.0.1 /DE/index.php/Admin/User/showlist
INFO: [ app_init ] --START--
INFO: Run Behavior\BuildLiteBehavior [ RunTime:0.000034s ]
INFO: [ app_init ] --END-- [ RunTime:0.000535s ]
INFO: [ app_begin ] --START--
INFO: Run Behavior\ReadHtmlCacheBehavior [ RunTime:0.000551s ]
INFO: [ app_begin ] --END-- [ RunTime:0.000715s ]
SQL: select role_auth_ac from sw_manager a join sw_role b on a.mg_role_id=b.role_id where a.mg_id='1' [ RunTime:0.0004s ]
NOTIC: [8] Undefined offset: 0 D:\PHP\wamp\www\DE\Component\AdminController.class.php 第 24 行.
SQL: SHOW COLUMNS FROM `sw_user` [ RunTime:0.0104s ]
SQL: SELECT COUNT(*) AS tp_count FROM `sw_user` LIMIT 1   [ RunTime:0.0495s ]
NOTIC: [8] Undefined index: REQUEST_url D:\PHP\wamp\www\DE\Component\page.class.php 第 36 行.
NOTIC: [8] Undefined index: REQUEST_url D:\PHP\wamp\www\DE\Component\page.class.php 第 36 行.
SQL: select * from sw_user Limit 0, 15 [ RunTime:0.0011s ]
INFO: [ view_parse ] --START--
INFO: Run Behavior\ParseTemplateBehavior [ RunTime:0.253756s ]
INFO: [ view_parse ] --END-- [ RunTime:0.254122s ]
INFO: [ view_filter ] --START--
INFO: Run Behavior\WriteHtmlCacheBehavior [ RunTime:0.001168s ]
INFO: [ view_filter ] --END-- [ RunTime:0.001418s ]
INFO: [ app_end ] --START--
INFO: Run Behavior\ShowPageTraceBehavior [ RunTime:0.001005s ]
INFO: [ app_end ] --END-- [ RunTime:0.001201s ]

[ 2016-06-04T00:43:50+08:00 ] 127.0.0.1 /DE/index.php/Admin/User/freeze/user_id/3
INFO: [ app_init ] --START--
INFO: Run Behavior\BuildLiteBehavior [ RunTime:0.000039s ]
INFO: [ app_init ] --END-- [ RunTime:0.000674s ]
INFO: [ app_begin ] --START--
INFO: Run Behavior\ReadHtmlCacheBehavior [ RunTime:0.000633s ]
INFO: [ app_begin ] --END-- [ RunTime:0.000789s ]
SQL: select role_auth_ac from sw_manager a join sw_role b on a.mg_role_id=b.role_id where a.mg_id='1' [ RunTime:0.0003s ]
NOTIC: [8] Undefined offset: 0 D:\PHP\wamp\www\DE\Component\AdminController.class.php 第 24 行.
SQL: SHOW COLUMNS FROM `sw_user` [ RunTime:0.0114s ]
SQL: UPDATE `sw_user` SET `status`='2' WHERE ( user_id='3' ) [ RunTime:0.1572s ]

[ 2016-06-04T00:43:54+08:00 ] 127.0.0.1 /DE/index.php/Admin/User/showlist.html
INFO: [ app_init ] --START--
INFO: Run Behavior\BuildLiteBehavior [ RunTime:0.000035s ]
INFO: [ app_init ] --END-- [ RunTime:0.000536s ]
INFO: [ app_begin ] --START--
INFO: Run Behavior\ReadHtmlCacheBehavior [ RunTime:0.000525s ]
INFO: [ app_begin ] --END-- [ RunTime:0.000678s ]
SQL: select role_auth_ac from sw_manager a join sw_role b on a.mg_role_id=b.role_id where a.mg_id='1' [ RunTime:0.0004s ]
NOTIC: [8] Undefined offset: 0 D:\PHP\wamp\www\DE\Component\AdminController.class.php 第 24 行.
SQL: SHOW COLUMNS FROM `sw_user` [ RunTime:0.0104s ]
SQL: SELECT COUNT(*) AS tp_count FROM `sw_user` LIMIT 1   [ RunTime:0.0003s ]
NOTIC: [8] Undefined index: REQUEST_url D:\PHP\wamp\www\DE\Component\page.class.php 第 36 行.
NOTIC: [8] Undefined index: REQUEST_url D:\PHP\wamp\www\DE\Component\page.class.php 第 36 行.
SQL: select * from sw_user Limit 0, 15 [ RunTime:0.0004s ]
INFO: [ view_parse ] --START--
INFO: Run Behavior\ParseTemplateBehavior [ RunTime:0.014235s ]
INFO: [ view_parse ] --END-- [ RunTime:0.014401s ]
INFO: [ view_filter ] --START--
INFO: Run Behavior\WriteHtmlCacheBehavior [ RunTime:0.001131s ]
INFO: [ view_filter ] --END-- [ RunTime:0.001360s ]
INFO: [ app_end ] --START--
INFO: Run Behavior\ShowPageTraceBehavior [ RunTime:0.001123s ]
INFO: [ app_end ] --END-- [ RunTime:0.001345s ]

[ 2016-06-04T00:43:55+08:00 ] 127.0.0.1 /DE/index.php/Admin/User/unfreeze/user_id/3
INFO: [ app_init ] --START--
INFO: Run Behavior\BuildLiteBehavior [ RunTime:0.000049s ]
INFO: [ app_init ] --END-- [ RunTime:0.000644s ]
INFO: [ app_begin ] --START--
INFO: Run Behavior\ReadHtmlCacheBehavior [ RunTime:0.000667s ]
INFO: [ app_begin ] --END-- [ RunTime:0.000845s ]
SQL: select role_auth_ac from sw_manager a join sw_role b on a.mg_role_id=b.role_id where a.mg_id='1' [ RunTime:0.0005s ]
NOTIC: [8] Undefined offset: 0 D:\PHP\wamp\www\DE\Component\AdminController.class.php 第 24 行.
SQL: SHOW COLUMNS FROM `sw_user` [ RunTime:0.0112s ]
SQL: UPDATE `sw_user` SET `status`='1' WHERE ( user_id='3' ) [ RunTime:0.1017s ]

[ 2016-06-04T00:43:58+08:00 ] 127.0.0.1 /DE/index.php/Admin/User/showlist.html
INFO: [ app_init ] --START--
INFO: Run Behavior\BuildLiteBehavior [ RunTime:0.000032s ]
INFO: [ app_init ] --END-- [ RunTime:0.000535s ]
INFO: [ app_begin ] --START--
INFO: Run Behavior\ReadHtmlCacheBehavior [ RunTime:0.000713s ]
INFO: [ app_begin ] --END-- [ RunTime:0.000888s ]
SQL: select role_auth_ac from sw_manager a join sw_role b on a.mg_role_id=b.role_id where a.mg_id='1' [ RunTime:0.0004s ]
NOTIC: [8] Undefined offset: 0 D:\PHP\wamp\www\DE\Component\AdminController.class.php 第 24 行.
SQL: SHOW COLUMNS FROM `sw_user` [ RunTime:0.0109s ]
SQL: SELECT COUNT(*) AS tp_count FROM `sw_user` LIMIT 1   [ RunTime:0.0003s ]
NOTIC: [8] Undefined index: REQUEST_url D:\PHP\wamp\www\DE\Component\page.class.php 第 36 行.
NOTIC: [8] Undefined index: REQUEST_url D:\PHP\wamp\www\DE\Component\page.class.php 第 36 行.
SQL: select * from sw_user Limit 0, 15 [ RunTime:0.0004s ]
INFO: [ view_parse ] --START--
INFO: Run Behavior\ParseTemplateBehavior [ RunTime:0.014964s ]
INFO: [ view_parse ] --END-- [ RunTime:0.015194s ]
INFO: [ view_filter ] --START--
INFO: Run Behavior\WriteHtmlCacheBehavior [ RunTime:0.000662s ]
INFO: [ view_filter ] --END-- [ RunTime:0.000814s ]
INFO: [ app_end ] --START--
INFO: Run Behavior\ShowPageTraceBehavior [ RunTime:0.000809s ]
INFO: [ app_end ] --END-- [ RunTime:0.000947s ]

[ 2016-06-04T00:44:05+08:00 ] 127.0.0.1 /DE/index.php/Admin/Role/showlist
INFO: [ app_init ] --START--
INFO: Run Behavior\BuildLiteBehavior [ RunTime:0.000032s ]
INFO: [ app_init ] --END-- [ RunTime:0.000514s ]
INFO: [ app_begin ] --START--
INFO: Run Behavior\ReadHtmlCacheBehavior [ RunTime:0.000535s ]
INFO: [ app_begin ] --END-- [ RunTime:0.000676s ]
SQL: select role_auth_ac from sw_manager a join sw_role b on a.mg_role_id=b.role_id where a.mg_id='1' [ RunTime:0.0005s ]
NOTIC: [8] Undefined offset: 0 D:\PHP\wamp\www\DE\Component\AdminController.class.php 第 24 行.
SQL: SHOW COLUMNS FROM `sw_role` [ RunTime:0.0246s ]
SQL: SELECT * FROM `sw_role`  [ RunTime:0.0009s ]
INFO: [ view_parse ] --START--
INFO: Run Behavior\ParseTemplateBehavior [ RunTime:0.118847s ]
INFO: [ view_parse ] --END-- [ RunTime:0.119725s ]
INFO: [ view_filter ] --START--
INFO: Run Behavior\WriteHtmlCacheBehavior [ RunTime:0.002669s ]
INFO: [ view_filter ] --END-- [ RunTime:0.003330s ]
INFO: [ app_end ] --START--
INFO: Run Behavior\ShowPageTraceBehavior [ RunTime:0.005079s ]
INFO: [ app_end ] --END-- [ RunTime:0.005669s ]

[ 2016-06-04T00:44:10+08:00 ] 127.0.0.1 /DE/index.php/Admin/Role/showlist
INFO: [ app_init ] --START--
INFO: Run Behavior\BuildLiteBehavior [ RunTime:0.000032s ]
INFO: [ app_init ] --END-- [ RunTime:0.000503s ]
INFO: [ app_begin ] --START--
INFO: Run Behavior\ReadHtmlCacheBehavior [ RunTime:0.000530s ]
INFO: [ app_begin ] --END-- [ RunTime:0.000672s ]
SQL: select role_auth_ac from sw_manager a join sw_role b on a.mg_role_id=b.role_id where a.mg_id='1' [ RunTime:0.0004s ]
NOTIC: [8] Undefined offset: 0 D:\PHP\wamp\www\DE\Component\AdminController.class.php 第 24 行.
SQL: SHOW COLUMNS FROM `sw_role` [ RunTime:0.0110s ]
SQL: SELECT * FROM `sw_role`  [ RunTime:0.0003s ]
INFO: [ view_parse ] --START--
INFO: Run Behavior\ParseTemplateBehavior [ RunTime:0.013543s ]
INFO: [ view_parse ] --END-- [ RunTime:0.013764s ]
INFO: [ view_filter ] --START--
INFO: Run Behavior\WriteHtmlCacheBehavior [ RunTime:0.001063s ]
INFO: [ view_filter ] --END-- [ RunTime:0.001275s ]
INFO: [ app_end ] --START--
INFO: Run Behavior\ShowPageTraceBehavior [ RunTime:0.000912s ]
INFO: [ app_end ] --END-- [ RunTime:0.001069s ]

[ 2016-06-04T00:44:21+08:00 ] 127.0.0.1 /DE/index.php/Admin/Auth/showlist
INFO: [ app_init ] --START--
INFO: Run Behavior\BuildLiteBehavior [ RunTime:0.000044s ]
INFO: [ app_init ] --END-- [ RunTime:0.000516s ]
INFO: [ app_begin ] --START--
INFO: Run Behavior\ReadHtmlCacheBehavior [ RunTime:0.000539s ]
INFO: [ app_begin ] --END-- [ RunTime:0.000743s ]
SQL: select role_auth_ac from sw_manager a join sw_role b on a.mg_role_id=b.role_id where a.mg_id='1' [ RunTime:0.0004s ]
NOTIC: [8] Undefined offset: 0 D:\PHP\wamp\www\DE\Component\AdminController.class.php 第 24 行.
SQL: SHOW COLUMNS FROM `sw_auth` [ RunTime:0.0123s ]
SQL: SHOW COLUMNS FROM `sw_auth` [ RunTime:0.0074s ]
SQL: SELECT * FROM `sw_auth` WHERE ( auth_level<2 ) ORDER BY auth_path asc  [ RunTime:0.0014s ]
INFO: [ view_parse ] --START--
INFO: Run Behavior\ParseTemplateBehavior [ RunTime:0.067550s ]
INFO: [ view_parse ] --END-- [ RunTime:0.068200s ]
INFO: [ view_filter ] --START--
INFO: Run Behavior\WriteHtmlCacheBehavior [ RunTime:0.000769s ]
INFO: [ view_filter ] --END-- [ RunTime:0.000915s ]
INFO: [ app_end ] --START--
INFO: Run Behavior\ShowPageTraceBehavior [ RunTime:0.001710s ]
INFO: [ app_end ] --END-- [ RunTime:0.002114s ]

[ 2016-06-04T00:44:25+08:00 ] 127.0.0.1 /DE/index.php/Admin/Role/showlist
INFO: [ app_init ] --START--
INFO: Run Behavior\BuildLiteBehavior [ RunTime:0.000064s ]
INFO: [ app_init ] --END-- [ RunTime:0.000680s ]
INFO: [ app_begin ] --START--
INFO: Run Behavior\ReadHtmlCacheBehavior [ RunTime:0.000580s ]
INFO: [ app_begin ] --END-- [ RunTime:0.000729s ]
SQL: select role_auth_ac from sw_manager a join sw_role b on a.mg_role_id=b.role_id where a.mg_id='1' [ RunTime:0.0004s ]
NOTIC: [8] Undefined offset: 0 D:\PHP\wamp\www\DE\Component\AdminController.class.php 第 24 行.
SQL: SHOW COLUMNS FROM `sw_role` [ RunTime:0.0118s ]
SQL: SELECT * FROM `sw_role`  [ RunTime:0.0003s ]
INFO: [ view_parse ] --START--
INFO: Run Behavior\ParseTemplateBehavior [ RunTime:0.013737s ]
INFO: [ view_parse ] --END-- [ RunTime:0.013897s ]
INFO: [ view_filter ] --START--
INFO: Run Behavior\WriteHtmlCacheBehavior [ RunTime:0.000557s ]
INFO: [ view_filter ] --END-- [ RunTime:0.000691s ]
INFO: [ app_end ] --START--
INFO: Run Behavior\ShowPageTraceBehavior [ RunTime:0.000761s ]
INFO: [ app_end ] --END-- [ RunTime:0.000926s ]

[ 2016-06-04T00:44:41+08:00 ] 127.0.0.1 /DE/index.php/Admin/Role/distribute/role_id/1
INFO: [ app_init ] --START--
INFO: Run Behavior\BuildLiteBehavior [ RunTime:0.000042s ]
INFO: [ app_init ] --END-- [ RunTime:0.000998s ]
INFO: [ app_begin ] --START--
INFO: Run Behavior\ReadHtmlCacheBehavior [ RunTime:0.000572s ]
INFO: [ app_begin ] --END-- [ RunTime:0.000723s ]
SQL: select role_auth_ac from sw_manager a join sw_role b on a.mg_role_id=b.role_id where a.mg_id='1' [ RunTime:0.0004s ]
NOTIC: [8] Undefined offset: 0 D:\PHP\wamp\www\DE\Component\AdminController.class.php 第 24 行.
SQL: SHOW COLUMNS FROM `sw_role` [ RunTime:0.0113s ]
SQL: SELECT * FROM `sw_role` WHERE `role_id` = '1' LIMIT 1   [ RunTime:0.0003s ]
SQL: SHOW COLUMNS FROM `sw_auth` [ RunTime:0.0095s ]
SQL: SELECT * FROM `sw_auth` WHERE ( auth_level=0 and auth_id!=10 )  [ RunTime:0.0531s ]
SQL: SELECT * FROM `sw_auth` WHERE ( auth_level=1 )  [ RunTime:0.0012s ]
SQL: SELECT * FROM `sw_auth` WHERE ( auth_level=2 )  [ RunTime:0.0010s ]
SQL: SHOW COLUMNS FROM `sw_role` [ RunTime:0.0237s ]
SQL: SELECT * FROM `sw_role` WHERE `role_id` = 1 LIMIT 1   [ RunTime:0.0003s ]
INFO: [ view_parse ] --START--
INFO: Run Behavior\ParseTemplateBehavior [ RunTime:0.086393s ]
INFO: [ view_parse ] --END-- [ RunTime:0.086576s ]
INFO: [ view_filter ] --START--
INFO: Run Behavior\WriteHtmlCacheBehavior [ RunTime:0.000751s ]
INFO: [ view_filter ] --END-- [ RunTime:0.000907s ]
INFO: [ app_end ] --START--
INFO: Run Behavior\ShowPageTraceBehavior [ RunTime:0.001445s ]
INFO: [ app_end ] --END-- [ RunTime:0.001753s ]

[ 2016-06-04T00:44:51+08:00 ] 127.0.0.1 /DE/index.php/Admin/Auth/showlist
INFO: [ app_init ] --START--
INFO: Run Behavior\BuildLiteBehavior [ RunTime:0.000040s ]
INFO: [ app_init ] --END-- [ RunTime:0.000641s ]
INFO: [ app_begin ] --START--
INFO: Run Behavior\ReadHtmlCacheBehavior [ RunTime:0.000637s ]
INFO: [ app_begin ] --END-- [ RunTime:0.000812s ]
SQL: select role_auth_ac from sw_manager a join sw_role b on a.mg_role_id=b.role_id where a.mg_id='1' [ RunTime:0.0005s ]
NOTIC: [8] Undefined offset: 0 D:\PHP\wamp\www\DE\Component\AdminController.class.php 第 24 行.
SQL: SHOW COLUMNS FROM `sw_auth` [ RunTime:0.0108s ]
SQL: SHOW COLUMNS FROM `sw_auth` [ RunTime:0.0059s ]
SQL: SELECT * FROM `sw_auth` WHERE ( auth_level<2 ) ORDER BY auth_path asc  [ RunTime:0.0004s ]
INFO: [ view_parse ] --START--
INFO: Run Behavior\ParseTemplateBehavior [ RunTime:0.014522s ]
INFO: [ view_parse ] --END-- [ RunTime:0.014691s ]
INFO: [ view_filter ] --START--
INFO: Run Behavior\WriteHtmlCacheBehavior [ RunTime:0.000582s ]
INFO: [ view_filter ] --END-- [ RunTime:0.000721s ]
INFO: [ app_end ] --START--
INFO: Run Behavior\ShowPageTraceBehavior [ RunTime:0.001453s ]
INFO: [ app_end ] --END-- [ RunTime:0.001792s ]

[ 2016-06-04T00:44:54+08:00 ] 127.0.0.1 /DE/index.php/Admin/Goods/showlist
INFO: [ app_init ] --START--
INFO: Run Behavior\BuildLiteBehavior [ RunTime:0.000032s ]
INFO: [ app_init ] --END-- [ RunTime:0.000525s ]
INFO: [ app_begin ] --START--
INFO: Run Behavior\ReadHtmlCacheBehavior [ RunTime:0.000545s ]
INFO: [ app_begin ] --END-- [ RunTime:0.000686s ]
SQL: select role_auth_ac from sw_manager a join sw_role b on a.mg_role_id=b.role_id where a.mg_id='1' [ RunTime:0.0012s ]
NOTIC: [8] Undefined offset: 0 D:\PHP\wamp\www\DE\Component\AdminController.class.php 第 24 行.
SQL: SHOW COLUMNS FROM `sw_goods` [ RunTime:0.0318s ]
SQL: SELECT COUNT(*) AS tp_count FROM `sw_goods` LIMIT 1   [ RunTime:0.0003s ]
NOTIC: [8] Undefined index: REQUEST_url D:\PHP\wamp\www\DE\Component\page.class.php 第 36 行.
NOTIC: [8] Undefined index: REQUEST_url D:\PHP\wamp\www\DE\Component\page.class.php 第 36 行.
SQL: select * from sw_goods order by goods_create_time desc Limit 0, 5 [ RunTime:0.0004s ]
SQL: SHOW COLUMNS FROM `sw_category` [ RunTime:0.0109s ]
SQL: SELECT * FROM `sw_category`  [ RunTime:0.0004s ]
INFO: [ view_parse ] --START--
NOTIC: [8] Undefined index: catid D:\PHP\wamp\www\DE\Runtime\Cache\baca7902857d5f6e5791a18d44fea0da67c92754.file.showlist.html.php 第 93 行.
NOTIC: [8] Undefined index:  D:\PHP\wamp\www\DE\Runtime\Cache\baca7902857d5f6e5791a18d44fea0da67c92754.file.showlist.html.php 第 93 行.
NOTIC: [8] Undefined index: catid D:\PHP\wamp\www\DE\Runtime\Cache\baca7902857d5f6e5791a18d44fea0da67c92754.file.showlist.html.php 第 93 行.
NOTIC: [8] Undefined index:  D:\PHP\wamp\www\DE\Runtime\Cache\baca7902857d5f6e5791a18d44fea0da67c92754.file.showlist.html.php 第 93 行.
INFO: Run Behavior\ParseTemplateBehavior [ RunTime:0.062452s ]
INFO: [ view_parse ] --END-- [ RunTime:0.062681s ]
INFO: [ view_filter ] --START--
INFO: Run Behavior\WriteHtmlCacheBehavior [ RunTime:0.000835s ]
INFO: [ view_filter ] --END-- [ RunTime:0.001030s ]
INFO: [ app_end ] --START--
INFO: Run Behavior\ShowPageTraceBehavior [ RunTime:0.000818s ]
INFO: [ app_end ] --END-- [ RunTime:0.000966s ]

[ 2016-06-04T00:44:56+08:00 ] 127.0.0.1 /DE/index.php/Admin/User/showlist
INFO: [ app_init ] --START--
INFO: Run Behavior\BuildLiteBehavior [ RunTime:0.000037s ]
INFO: [ app_init ] --END-- [ RunTime:0.000601s ]
INFO: [ app_begin ] --START--
INFO: Run Behavior\ReadHtmlCacheBehavior [ RunTime:0.000728s ]
INFO: [ app_begin ] --END-- [ RunTime:0.000872s ]
SQL: select role_auth_ac from sw_manager a join sw_role b on a.mg_role_id=b.role_id where a.mg_id='1' [ RunTime:0.0004s ]
NOTIC: [8] Undefined offset: 0 D:\PHP\wamp\www\DE\Component\AdminController.class.php 第 24 行.
SQL: SHOW COLUMNS FROM `sw_user` [ RunTime:0.0111s ]
SQL: SELECT COUNT(*) AS tp_count FROM `sw_user` LIMIT 1   [ RunTime:0.0003s ]
NOTIC: [8] Undefined index: REQUEST_url D:\PHP\wamp\www\DE\Component\page.class.php 第 36 行.
NOTIC: [8] Undefined index: REQUEST_url D:\PHP\wamp\www\DE\Component\page.class.php 第 36 行.
SQL: select * from sw_user Limit 0, 15 [ RunTime:0.0003s ]
INFO: [ view_parse ] --START--
INFO: Run Behavior\ParseTemplateBehavior [ RunTime:0.015929s ]
INFO: [ view_parse ] --END-- [ RunTime:0.016087s ]
INFO: [ view_filter ] --START--
INFO: Run Behavior\WriteHtmlCacheBehavior [ RunTime:0.000582s ]
INFO: [ view_filter ] --END-- [ RunTime:0.000718s ]
INFO: [ app_end ] --START--
INFO: Run Behavior\ShowPageTraceBehavior [ RunTime:0.000845s ]
INFO: [ app_end ] --END-- [ RunTime:0.000988s ]

[ 2016-06-04T00:45:07+08:00 ] 127.0.0.1 /DE/index.php/Admin/Role/showlist
INFO: [ app_init ] --START--
INFO: Run Behavior\BuildLiteBehavior [ RunTime:0.000041s ]
INFO: [ app_init ] --END-- [ RunTime:0.000626s ]
INFO: [ app_begin ] --START--
INFO: Run Behavior\ReadHtmlCacheBehavior [ RunTime:0.000636s ]
INFO: [ app_begin ] --END-- [ RunTime:0.000822s ]
SQL: select role_auth_ac from sw_manager a join sw_role b on a.mg_role_id=b.role_id where a.mg_id='1' [ RunTime:0.0004s ]
NOTIC: [8] Undefined offset: 0 D:\PHP\wamp\www\DE\Component\AdminController.class.php 第 24 行.
SQL: SHOW COLUMNS FROM `sw_role` [ RunTime:0.0113s ]
SQL: SELECT * FROM `sw_role`  [ RunTime:0.0003s ]
INFO: [ view_parse ] --START--
INFO: Run Behavior\ParseTemplateBehavior [ RunTime:0.016040s ]
INFO: [ view_parse ] --END-- [ RunTime:0.016198s ]
INFO: [ view_filter ] --START--
INFO: Run Behavior\WriteHtmlCacheBehavior [ RunTime:0.000566s ]
INFO: [ view_filter ] --END-- [ RunTime:0.000701s ]
INFO: [ app_end ] --START--
INFO: Run Behavior\ShowPageTraceBehavior [ RunTime:0.000758s ]
INFO: [ app_end ] --END-- [ RunTime:0.000896s ]

[ 2016-06-04T00:45:15+08:00 ] 127.0.0.1 /DE/index.php/Admin/Category/Showlist
INFO: [ app_init ] --START--
INFO: Run Behavior\BuildLiteBehavior [ RunTime:0.000035s ]
INFO: [ app_init ] --END-- [ RunTime:0.000581s ]
INFO: [ app_begin ] --START--
INFO: Run Behavior\ReadHtmlCacheBehavior [ RunTime:0.000669s ]
INFO: [ app_begin ] --END-- [ RunTime:0.000855s ]
SQL: select role_auth_ac from sw_manager a join sw_role b on a.mg_role_id=b.role_id where a.mg_id='1' [ RunTime:0.0004s ]
NOTIC: [8] Undefined offset: 0 D:\PHP\wamp\www\DE\Component\AdminController.class.php 第 24 行.
SQL: SHOW COLUMNS FROM `sw_category` [ RunTime:0.0099s ]
SQL: SELECT * FROM `sw_category` ORDER BY `pid` asc  [ RunTime:0.0003s ]
SQL: SHOW COLUMNS FROM `sw_category` [ RunTime:0.0052s ]
INFO: [ view_parse ] --START--
NOTIC: [8] Undefined index: childs D:\PHP\wamp\www\DE\Runtime\Cache\6aeb7e54bb5c5d8446a39b07808e01468a182725.file.Showlist.html.php 第 79 行.
INFO: Run Behavior\ParseTemplateBehavior [ RunTime:0.083858s ]
INFO: [ view_parse ] --END-- [ RunTime:0.084071s ]
INFO: [ view_filter ] --START--
INFO: Run Behavior\WriteHtmlCacheBehavior [ RunTime:0.000968s ]
INFO: [ view_filter ] --END-- [ RunTime:0.001232s ]
INFO: [ app_end ] --START--
INFO: Run Behavior\ShowPageTraceBehavior [ RunTime:0.001037s ]
INFO: [ app_end ] --END-- [ RunTime:0.001266s ]

[ 2016-06-04T00:45:20+08:00 ] 127.0.0.1 /DE/index.php/Admin/Role/showlist
INFO: [ app_init ] --START--
INFO: Run Behavior\BuildLiteBehavior [ RunTime:0.000044s ]
INFO: [ app_init ] --END-- [ RunTime:0.000635s ]
INFO: [ app_begin ] --START--
INFO: Run Behavior\ReadHtmlCacheBehavior [ RunTime:0.000648s ]
INFO: [ app_begin ] --END-- [ RunTime:0.000836s ]
SQL: select role_auth_ac from sw_manager a join sw_role b on a.mg_role_id=b.role_id where a.mg_id='1' [ RunTime:0.0005s ]
NOTIC: [8] Undefined offset: 0 D:\PHP\wamp\www\DE\Component\AdminController.class.php 第 24 行.
SQL: SHOW COLUMNS FROM `sw_role` [ RunTime:0.0104s ]
SQL: SELECT * FROM `sw_role`  [ RunTime:0.0003s ]
INFO: [ view_parse ] --START--
INFO: Run Behavior\ParseTemplateBehavior [ RunTime:0.015530s ]
INFO: [ view_parse ] --END-- [ RunTime:0.015755s ]
INFO: [ view_filter ] --START--
INFO: Run Behavior\WriteHtmlCacheBehavior [ RunTime:0.000901s ]
INFO: [ view_filter ] --END-- [ RunTime:0.001193s ]
INFO: [ app_end ] --START--
INFO: Run Behavior\ShowPageTraceBehavior [ RunTime:0.001393s ]
INFO: [ app_end ] --END-- [ RunTime:0.001616s ]

[ 2016-06-04T00:45:44+08:00 ] 127.0.0.1 /DE/index.php/Admin/Role/add
INFO: [ app_init ] --START--
INFO: Run Behavior\BuildLiteBehavior [ RunTime:0.000037s ]
INFO: [ app_init ] --END-- [ RunTime:0.000526s ]
INFO: [ app_begin ] --START--
INFO: Run Behavior\ReadHtmlCacheBehavior [ RunTime:0.000571s ]
INFO: [ app_begin ] --END-- [ RunTime:0.000722s ]
SQL: select role_auth_ac from sw_manager a join sw_role b on a.mg_role_id=b.role_id where a.mg_id='1' [ RunTime:0.0004s ]
NOTIC: [8] Undefined offset: 0 D:\PHP\wamp\www\DE\Component\AdminController.class.php 第 24 行.
INFO: [ view_parse ] --START--
INFO: Run Behavior\ParseTemplateBehavior [ RunTime:0.096140s ]
INFO: [ view_parse ] --END-- [ RunTime:0.096525s ]
INFO: [ view_filter ] --START--
INFO: Run Behavior\WriteHtmlCacheBehavior [ RunTime:0.002545s ]
INFO: [ view_filter ] --END-- [ RunTime:0.003111s ]
INFO: [ app_end ] --START--
INFO: Run Behavior\ShowPageTraceBehavior [ RunTime:0.002445s ]
INFO: [ app_end ] --END-- [ RunTime:0.003001s ]

[ 2016-06-04T00:45:57+08:00 ] 127.0.0.1 /DE/index.php/Admin/Role/add
INFO: [ app_init ] --START--
INFO: Run Behavior\BuildLiteBehavior [ RunTime:0.000064s ]
INFO: [ app_init ] --END-- [ RunTime:0.001834s ]
INFO: [ app_begin ] --START--
INFO: Run Behavior\ReadHtmlCacheBehavior [ RunTime:0.000592s ]
INFO: [ app_begin ] --END-- [ RunTime:0.000753s ]
SQL: select role_auth_ac from sw_manager a join sw_role b on a.mg_role_id=b.role_id where a.mg_id='1' [ RunTime:0.0004s ]
NOTIC: [8] Undefined offset: 0 D:\PHP\wamp\www\DE\Component\AdminController.class.php 第 24 行.
SQL: SHOW COLUMNS FROM `sw_role` [ RunTime:0.0102s ]
SQL: INSERT INTO `sw_role` (`role_name`) VALUES (' hhhh') [ RunTime:0.0839s ]

[ 2016-06-04T00:45:59+08:00 ] 127.0.0.1 /DE/index.php/Admin/Role/showlist.html
INFO: [ app_init ] --START--
INFO: Run Behavior\BuildLiteBehavior [ RunTime:0.000040s ]
INFO: [ app_init ] --END-- [ RunTime:0.000620s ]
INFO: [ app_begin ] --START--
INFO: Run Behavior\ReadHtmlCacheBehavior [ RunTime:0.001022s ]
INFO: [ app_begin ] --END-- [ RunTime:0.001235s ]
SQL: select role_auth_ac from sw_manager a join sw_role b on a.mg_role_id=b.role_id where a.mg_id='1' [ RunTime:0.0004s ]
NOTIC: [8] Undefined offset: 0 D:\PHP\wamp\www\DE\Component\AdminController.class.php 第 24 行.
SQL: SHOW COLUMNS FROM `sw_role` [ RunTime:0.0100s ]
SQL: SELECT * FROM `sw_role`  [ RunTime:0.0004s ]
INFO: [ view_parse ] --START--
INFO: Run Behavior\ParseTemplateBehavior [ RunTime:0.015070s ]
INFO: [ view_parse ] --END-- [ RunTime:0.015256s ]
INFO: [ view_filter ] --START--
INFO: Run Behavior\WriteHtmlCacheBehavior [ RunTime:0.000577s ]
INFO: [ view_filter ] --END-- [ RunTime:0.000724s ]
INFO: [ app_end ] --START--
INFO: Run Behavior\ShowPageTraceBehavior [ RunTime:0.000928s ]
INFO: [ app_end ] --END-- [ RunTime:0.001138s ]

[ 2016-06-04T00:46:03+08:00 ] 127.0.0.1 /DE/index.php/Admin/Role/distribute/role_id/2
INFO: [ app_init ] --START--
INFO: Run Behavior\BuildLiteBehavior [ RunTime:0.000064s ]
INFO: [ app_init ] --END-- [ RunTime:0.000707s ]
INFO: [ app_begin ] --START--
INFO: Run Behavior\ReadHtmlCacheBehavior [ RunTime:0.000622s ]
INFO: [ app_begin ] --END-- [ RunTime:0.000784s ]
SQL: select role_auth_ac from sw_manager a join sw_role b on a.mg_role_id=b.role_id where a.mg_id='1' [ RunTime:0.0004s ]
NOTIC: [8] Undefined offset: 0 D:\PHP\wamp\www\DE\Component\AdminController.class.php 第 24 行.
SQL: SHOW COLUMNS FROM `sw_role` [ RunTime:0.0113s ]
SQL: SELECT * FROM `sw_role` WHERE `role_id` = '2' LIMIT 1   [ RunTime:0.0003s ]
SQL: SHOW COLUMNS FROM `sw_auth` [ RunTime:0.0080s ]
SQL: SELECT * FROM `sw_auth` WHERE ( auth_level=0 and auth_id!=10 )  [ RunTime:0.0004s ]
SQL: SELECT * FROM `sw_auth` WHERE ( auth_level=1 )  [ RunTime:0.0003s ]
SQL: SELECT * FROM `sw_auth` WHERE ( auth_level=2 )  [ RunTime:0.0002s ]
SQL: SHOW COLUMNS FROM `sw_role` [ RunTime:0.0060s ]
SQL: SELECT * FROM `sw_role` WHERE `role_id` = 2 LIMIT 1   [ RunTime:0.0003s ]
INFO: [ view_parse ] --START--
INFO: Run Behavior\ParseTemplateBehavior [ RunTime:0.014821s ]
INFO: [ view_parse ] --END-- [ RunTime:0.014994s ]
INFO: [ view_filter ] --START--
INFO: Run Behavior\WriteHtmlCacheBehavior [ RunTime:0.000719s ]
INFO: [ view_filter ] --END-- [ RunTime:0.000935s ]
INFO: [ app_end ] --START--
INFO: Run Behavior\ShowPageTraceBehavior [ RunTime:0.001529s ]
INFO: [ app_end ] --END-- [ RunTime:0.001772s ]

[ 2016-06-04T00:46:05+08:00 ] 127.0.0.1 /DE/index.php/Admin/Role/distribute/role_id/2
INFO: [ app_init ] --START--
INFO: Run Behavior\BuildLiteBehavior [ RunTime:0.000053s ]
INFO: [ app_init ] --END-- [ RunTime:0.000716s ]
INFO: [ app_begin ] --START--
INFO: Run Behavior\ReadHtmlCacheBehavior [ RunTime:0.000619s ]
INFO: [ app_begin ] --END-- [ RunTime:0.000794s ]
SQL: select role_auth_ac from sw_manager a join sw_role b on a.mg_role_id=b.role_id where a.mg_id='1' [ RunTime:0.0005s ]
NOTIC: [8] Undefined offset: 0 D:\PHP\wamp\www\DE\Component\AdminController.class.php 第 24 行.
SQL: SHOW COLUMNS FROM `sw_role` [ RunTime:0.0383s ]
SQL: SHOW COLUMNS FROM `sw_auth` [ RunTime:0.0080s ]
SQL: SELECT * FROM `sw_auth` WHERE `auth_id` = 1  [ RunTime:0.0003s ]
SQL: UPDATE `sw_role` SET `role_auth_ids`='1',`role_auth_ac`='' WHERE `role_id` = 2 [ RunTime:0.0888s ]

[ 2016-06-04T00:46:09+08:00 ] 127.0.0.1 /DE/index.php/Admin/Role/showlist.html
INFO: [ app_init ] --START--
INFO: Run Behavior\BuildLiteBehavior [ RunTime:0.000046s ]
INFO: [ app_init ] --END-- [ RunTime:0.000634s ]
INFO: [ app_begin ] --START--
INFO: Run Behavior\ReadHtmlCacheBehavior [ RunTime:0.000564s ]
INFO: [ app_begin ] --END-- [ RunTime:0.000718s ]
SQL: select role_auth_ac from sw_manager a join sw_role b on a.mg_role_id=b.role_id where a.mg_id='1' [ RunTime:0.0004s ]
NOTIC: [8] Undefined offset: 0 D:\PHP\wamp\www\DE\Component\AdminController.class.php 第 24 行.
SQL: SHOW COLUMNS FROM `sw_role` [ RunTime:0.0122s ]
SQL: SELECT * FROM `sw_role`  [ RunTime:0.0004s ]
INFO: [ view_parse ] --START--
INFO: Run Behavior\ParseTemplateBehavior [ RunTime:0.014544s ]
INFO: [ view_parse ] --END-- [ RunTime:0.014782s ]
INFO: [ view_filter ] --START--
INFO: Run Behavior\WriteHtmlCacheBehavior [ RunTime:0.000588s ]
INFO: [ view_filter ] --END-- [ RunTime:0.000732s ]
INFO: [ app_end ] --START--
INFO: Run Behavior\ShowPageTraceBehavior [ RunTime:0.000846s ]
INFO: [ app_end ] --END-- [ RunTime:0.000991s ]

[ 2016-06-04T00:46:16+08:00 ] 127.0.0.1 /DE/index.php/Admin/Auth/showlist
INFO: [ app_init ] --START--
INFO: Run Behavior\BuildLiteBehavior [ RunTime:0.000064s ]
INFO: [ app_init ] --END-- [ RunTime:0.000883s ]
INFO: [ app_begin ] --START--
INFO: Run Behavior\ReadHtmlCacheBehavior [ RunTime:0.000590s ]
INFO: [ app_begin ] --END-- [ RunTime:0.000765s ]
SQL: select role_auth_ac from sw_manager a join sw_role b on a.mg_role_id=b.role_id where a.mg_id='1' [ RunTime:0.0003s ]
NOTIC: [8] Undefined offset: 0 D:\PHP\wamp\www\DE\Component\AdminController.class.php 第 24 行.
SQL: SHOW COLUMNS FROM `sw_auth` [ RunTime:0.0095s ]
SQL: SHOW COLUMNS FROM `sw_auth` [ RunTime:0.0057s ]
SQL: SELECT * FROM `sw_auth` WHERE ( auth_level<2 ) ORDER BY auth_path asc  [ RunTime:0.0005s ]
INFO: [ view_parse ] --START--
INFO: Run Behavior\ParseTemplateBehavior [ RunTime:0.014337s ]
INFO: [ view_parse ] --END-- [ RunTime:0.014585s ]
INFO: [ view_filter ] --START--
INFO: Run Behavior\WriteHtmlCacheBehavior [ RunTime:0.000554s ]
INFO: [ view_filter ] --END-- [ RunTime:0.000689s ]
INFO: [ app_end ] --START--
INFO: Run Behavior\ShowPageTraceBehavior [ RunTime:0.001455s ]
INFO: [ app_end ] --END-- [ RunTime:0.001799s ]

[ 2016-06-04T00:46:23+08:00 ] 127.0.0.1 /DE/index.php/Admin/Role/showlist
INFO: [ app_init ] --START--
INFO: Run Behavior\BuildLiteBehavior [ RunTime:0.000034s ]
INFO: [ app_init ] --END-- [ RunTime:0.000534s ]
INFO: [ app_begin ] --START--
INFO: Run Behavior\ReadHtmlCacheBehavior [ RunTime:0.000643s ]
INFO: [ app_begin ] --END-- [ RunTime:0.000842s ]
SQL: select role_auth_ac from sw_manager a join sw_role b on a.mg_role_id=b.role_id where a.mg_id='1' [ RunTime:0.0004s ]
NOTIC: [8] Undefined offset: 0 D:\PHP\wamp\www\DE\Component\AdminController.class.php 第 24 行.
SQL: SHOW COLUMNS FROM `sw_role` [ RunTime:0.0110s ]
SQL: SELECT * FROM `sw_role`  [ RunTime:0.0003s ]
INFO: [ view_parse ] --START--
INFO: Run Behavior\ParseTemplateBehavior [ RunTime:0.015071s ]
INFO: [ view_parse ] --END-- [ RunTime:0.015228s ]
INFO: [ view_filter ] --START--
INFO: Run Behavior\WriteHtmlCacheBehavior [ RunTime:0.000774s ]
INFO: [ view_filter ] --END-- [ RunTime:0.000941s ]
INFO: [ app_end ] --START--
INFO: Run Behavior\ShowPageTraceBehavior [ RunTime:0.000777s ]
INFO: [ app_end ] --END-- [ RunTime:0.000946s ]

[ 2016-06-04T00:46:52+08:00 ] 127.0.0.1 /DE/index.php/Admin/Role/showlist
INFO: [ app_init ] --START--
INFO: Run Behavior\BuildLiteBehavior [ RunTime:0.000067s ]
INFO: [ app_init ] --END-- [ RunTime:0.000785s ]
INFO: [ app_begin ] --START--
INFO: Run Behavior\ReadHtmlCacheBehavior [ RunTime:0.000679s ]
INFO: [ app_begin ] --END-- [ RunTime:0.000857s ]
SQL: select role_auth_ac from sw_manager a join sw_role b on a.mg_role_id=b.role_id where a.mg_id='1' [ RunTime:0.0004s ]
NOTIC: [8] Undefined offset: 0 D:\PHP\wamp\www\DE\Component\AdminController.class.php 第 24 行.
SQL: SHOW COLUMNS FROM `sw_role` [ RunTime:0.0101s ]
SQL: SELECT * FROM `sw_role`  [ RunTime:0.0003s ]
INFO: [ view_parse ] --START--
INFO: Run Behavior\ParseTemplateBehavior [ RunTime:0.015404s ]
INFO: [ view_parse ] --END-- [ RunTime:0.015587s ]
INFO: [ view_filter ] --START--
INFO: Run Behavior\WriteHtmlCacheBehavior [ RunTime:0.000641s ]
INFO: [ view_filter ] --END-- [ RunTime:0.000787s ]
INFO: [ app_end ] --START--
INFO: Run Behavior\ShowPageTraceBehavior [ RunTime:0.000814s ]
INFO: [ app_end ] --END-- [ RunTime:0.000963s ]

[ 2016-06-04T00:46:53+08:00 ] 127.0.0.1 /DE/index.php/Admin/Role/showlist
INFO: [ app_init ] --START--
INFO: Run Behavior\BuildLiteBehavior [ RunTime:0.000032s ]
INFO: [ app_init ] --END-- [ RunTime:0.000504s ]
INFO: [ app_begin ] --START--
INFO: Run Behavior\ReadHtmlCacheBehavior [ RunTime:0.000517s ]
INFO: [ app_begin ] --END-- [ RunTime:0.000665s ]
SQL: select role_auth_ac from sw_manager a join sw_role b on a.mg_role_id=b.role_id where a.mg_id='1' [ RunTime:0.0004s ]
NOTIC: [8] Undefined offset: 0 D:\PHP\wamp\www\DE\Component\AdminController.class.php 第 24 行.
SQL: SHOW COLUMNS FROM `sw_role` [ RunTime:0.0107s ]
SQL: SELECT * FROM `sw_role`  [ RunTime:0.0003s ]
INFO: [ view_parse ] --START--
INFO: Run Behavior\ParseTemplateBehavior [ RunTime:0.014024s ]
INFO: [ view_parse ] --END-- [ RunTime:0.014290s ]
INFO: [ view_filter ] --START--
INFO: Run Behavior\WriteHtmlCacheBehavior [ RunTime:0.000855s ]
INFO: [ view_filter ] --END-- [ RunTime:0.001039s ]
INFO: [ app_end ] --START--
INFO: Run Behavior\ShowPageTraceBehavior [ RunTime:0.000947s ]
INFO: [ app_end ] --END-- [ RunTime:0.001107s ]

[ 2016-06-04T00:47:00+08:00 ] 127.0.0.1 /DE/index.php/Admin/Role/distribute/role_id/2
INFO: [ app_init ] --START--
INFO: Run Behavior\BuildLiteBehavior [ RunTime:0.000034s ]
INFO: [ app_init ] --END-- [ RunTime:0.000634s ]
INFO: [ app_begin ] --START--
INFO: Run Behavior\ReadHtmlCacheBehavior [ RunTime:0.000769s ]
INFO: [ app_begin ] --END-- [ RunTime:0.000942s ]
SQL: select role_auth_ac from sw_manager a join sw_role b on a.mg_role_id=b.role_id where a.mg_id='1' [ RunTime:0.0005s ]
NOTIC: [8] Undefined offset: 0 D:\PHP\wamp\www\DE\Component\AdminController.class.php 第 24 行.
SQL: SHOW COLUMNS FROM `sw_role` [ RunTime:0.0110s ]
SQL: SELECT * FROM `sw_role` WHERE `role_id` = '2' LIMIT 1   [ RunTime:0.0003s ]
SQL: SHOW COLUMNS FROM `sw_auth` [ RunTime:0.0080s ]
SQL: SELECT * FROM `sw_auth` WHERE ( auth_level=0 and auth_id!=10 )  [ RunTime:0.0005s ]
SQL: SELECT * FROM `sw_auth` WHERE ( auth_level=1 )  [ RunTime:0.0003s ]
SQL: SELECT * FROM `sw_auth` WHERE ( auth_level=2 )  [ RunTime:0.0002s ]
SQL: SHOW COLUMNS FROM `sw_role` [ RunTime:0.0060s ]
SQL: SELECT * FROM `sw_role` WHERE `role_id` = 2 LIMIT 1   [ RunTime:0.0004s ]
INFO: [ view_parse ] --START--
INFO: Run Behavior\ParseTemplateBehavior [ RunTime:0.014350s ]
INFO: [ view_parse ] --END-- [ RunTime:0.014600s ]
INFO: [ view_filter ] --START--
INFO: Run Behavior\WriteHtmlCacheBehavior [ RunTime:0.000596s ]
INFO: [ view_filter ] --END-- [ RunTime:0.000742s ]
INFO: [ app_end ] --START--
INFO: Run Behavior\ShowPageTraceBehavior [ RunTime:0.001480s ]
INFO: [ app_end ] --END-- [ RunTime:0.001801s ]

[ 2016-06-04T00:47:01+08:00 ] 127.0.0.1 /DE/index.php/Admin/Role/showlist
INFO: [ app_init ] --START--
INFO: Run Behavior\BuildLiteBehavior [ RunTime:0.000032s ]
INFO: [ app_init ] --END-- [ RunTime:0.000542s ]
INFO: [ app_begin ] --START--
INFO: Run Behavior\ReadHtmlCacheBehavior [ RunTime:0.000541s ]
INFO: [ app_begin ] --END-- [ RunTime:0.000693s ]
SQL: select role_auth_ac from sw_manager a join sw_role b on a.mg_role_id=b.role_id where a.mg_id='1' [ RunTime:0.0004s ]
NOTIC: [8] Undefined offset: 0 D:\PHP\wamp\www\DE\Component\AdminController.class.php 第 24 行.
SQL: SHOW COLUMNS FROM `sw_role` [ RunTime:0.0110s ]
SQL: SELECT * FROM `sw_role`  [ RunTime:0.0003s ]
INFO: [ view_parse ] --START--
INFO: Run Behavior\ParseTemplateBehavior [ RunTime:0.014479s ]
INFO: [ view_parse ] --END-- [ RunTime:0.014654s ]
INFO: [ view_filter ] --START--
INFO: Run Behavior\WriteHtmlCacheBehavior [ RunTime:0.000554s ]
INFO: [ view_filter ] --END-- [ RunTime:0.000689s ]
INFO: [ app_end ] --START--
INFO: Run Behavior\ShowPageTraceBehavior [ RunTime:0.000862s ]
INFO: [ app_end ] --END-- [ RunTime:0.001044s ]

[ 2016-06-04T00:47:03+08:00 ] 127.0.0.1 /DE/index.php/Admin/Role/del/role_id/2
INFO: [ app_init ] --START--
INFO: Run Behavior\BuildLiteBehavior [ RunTime:0.000033s ]
INFO: [ app_init ] --END-- [ RunTime:0.000539s ]
INFO: [ app_begin ] --START--
INFO: Run Behavior\ReadHtmlCacheBehavior [ RunTime:0.000585s ]
INFO: [ app_begin ] --END-- [ RunTime:0.000733s ]
SQL: select role_auth_ac from sw_manager a join sw_role b on a.mg_role_id=b.role_id where a.mg_id='1' [ RunTime:0.0004s ]
NOTIC: [8] Undefined offset: 0 D:\PHP\wamp\www\DE\Component\AdminController.class.php 第 24 行.
SQL: SHOW COLUMNS FROM `sw_role` [ RunTime:0.0125s ]
SQL: DELETE FROM `sw_role` WHERE ( role_id='2' ) [ RunTime:0.1293s ]

[ 2016-06-04T00:47:06+08:00 ] 127.0.0.1 /DE/index.php/Admin/Role/showlist.html
INFO: [ app_init ] --START--
INFO: Run Behavior\BuildLiteBehavior [ RunTime:0.000036s ]
INFO: [ app_init ] --END-- [ RunTime:0.000596s ]
INFO: [ app_begin ] --START--
INFO: Run Behavior\ReadHtmlCacheBehavior [ RunTime:0.000587s ]
INFO: [ app_begin ] --END-- [ RunTime:0.000750s ]
SQL: select role_auth_ac from sw_manager a join sw_role b on a.mg_role_id=b.role_id where a.mg_id='1' [ RunTime:0.0004s ]
NOTIC: [8] Undefined offset: 0 D:\PHP\wamp\www\DE\Component\AdminController.class.php 第 24 行.
SQL: SHOW COLUMNS FROM `sw_role` [ RunTime:0.0141s ]
SQL: SELECT * FROM `sw_role`  [ RunTime:0.0003s ]
INFO: [ view_parse ] --START--
INFO: Run Behavior\ParseTemplateBehavior [ RunTime:0.014855s ]
INFO: [ view_parse ] --END-- [ RunTime:0.015075s ]
INFO: [ view_filter ] --START--
INFO: Run Behavior\WriteHtmlCacheBehavior [ RunTime:0.000602s ]
INFO: [ view_filter ] --END-- [ RunTime:0.000752s ]
INFO: [ app_end ] --START--
INFO: Run Behavior\ShowPageTraceBehavior [ RunTime:0.000798s ]
INFO: [ app_end ] --END-- [ RunTime:0.000946s ]

[ 2016-06-04T00:47:08+08:00 ] 127.0.0.1 /DE/index.php/Admin/Role/del/role_id/1
INFO: [ app_init ] --START--
INFO: Run Behavior\BuildLiteBehavior [ RunTime:0.000037s ]
INFO: [ app_init ] --END-- [ RunTime:0.000625s ]
INFO: [ app_begin ] --START--
INFO: Run Behavior\ReadHtmlCacheBehavior [ RunTime:0.000919s ]
INFO: [ app_begin ] --END-- [ RunTime:0.001121s ]
SQL: select role_auth_ac from sw_manager a join sw_role b on a.mg_role_id=b.role_id where a.mg_id='1' [ RunTime:0.0003s ]
NOTIC: [8] Undefined offset: 0 D:\PHP\wamp\www\DE\Component\AdminController.class.php 第 24 行.
SQL: SHOW COLUMNS FROM `sw_role` [ RunTime:0.0107s ]
SQL: DELETE FROM `sw_role` WHERE ( role_id='1' ) [ RunTime:0.0707s ]

[ 2016-06-04T00:47:11+08:00 ] 127.0.0.1 /DE/index.php/Admin/Role/showlist.html
INFO: [ app_init ] --START--
INFO: Run Behavior\BuildLiteBehavior [ RunTime:0.000031s ]
INFO: [ app_init ] --END-- [ RunTime:0.000514s ]
INFO: [ app_begin ] --START--
INFO: Run Behavior\ReadHtmlCacheBehavior [ RunTime:0.000617s ]
INFO: [ app_begin ] --END-- [ RunTime:0.000796s ]
SQL: select role_auth_ac from sw_manager a join sw_role b on a.mg_role_id=b.role_id where a.mg_id='1' [ RunTime:0.0005s ]
NOTIC: [8] Undefined offset: 0 D:\PHP\wamp\www\DE\Component\AdminController.class.php 第 24 行.
SQL: SHOW COLUMNS FROM `sw_role` [ RunTime:0.0106s ]
SQL: SELECT * FROM `sw_role`  [ RunTime:0.0003s ]
INFO: [ view_parse ] --START--
INFO: Run Behavior\ParseTemplateBehavior [ RunTime:0.014418s ]
INFO: [ view_parse ] --END-- [ RunTime:0.014579s ]
INFO: [ view_filter ] --START--
INFO: Run Behavior\WriteHtmlCacheBehavior [ RunTime:0.000588s ]
INFO: [ view_filter ] --END-- [ RunTime:0.000733s ]
INFO: [ app_end ] --START--
INFO: Run Behavior\ShowPageTraceBehavior [ RunTime:0.000801s ]
INFO: [ app_end ] --END-- [ RunTime:0.000945s ]

[ 2016-06-04T00:47:12+08:00 ] 127.0.0.1 /DE/index.php/Admin/Role/add
INFO: [ app_init ] --START--
INFO: Run Behavior\BuildLiteBehavior [ RunTime:0.000033s ]
INFO: [ app_init ] --END-- [ RunTime:0.000499s ]
INFO: [ app_begin ] --START--
INFO: Run Behavior\ReadHtmlCacheBehavior [ RunTime:0.001181s ]
INFO: [ app_begin ] --END-- [ RunTime:0.001486s ]
SQL: select role_auth_ac from sw_manager a join sw_role b on a.mg_role_id=b.role_id where a.mg_id='1' [ RunTime:0.0005s ]
NOTIC: [8] Undefined offset: 0 D:\PHP\wamp\www\DE\Component\AdminController.class.php 第 24 行.
INFO: [ view_parse ] --START--
INFO: Run Behavior\ParseTemplateBehavior [ RunTime:0.017571s ]
INFO: [ view_parse ] --END-- [ RunTime:0.017852s ]
INFO: [ view_filter ] --START--
INFO: Run Behavior\WriteHtmlCacheBehavior [ RunTime:0.001152s ]
INFO: [ view_filter ] --END-- [ RunTime:0.001423s ]
INFO: [ app_end ] --START--
INFO: Run Behavior\ShowPageTraceBehavior [ RunTime:0.000854s ]
INFO: [ app_end ] --END-- [ RunTime:0.000997s ]

[ 2016-06-04T00:47:20+08:00 ] 127.0.0.1 /DE/index.php/Admin/Role/add
INFO: [ app_init ] --START--
INFO: Run Behavior\BuildLiteBehavior [ RunTime:0.000040s ]
INFO: [ app_init ] --END-- [ RunTime:0.000645s ]
INFO: [ app_begin ] --START--
INFO: Run Behavior\ReadHtmlCacheBehavior [ RunTime:0.000939s ]
INFO: [ app_begin ] --END-- [ RunTime:0.001266s ]
SQL: select role_auth_ac from sw_manager a join sw_role b on a.mg_role_id=b.role_id where a.mg_id='1' [ RunTime:0.0005s ]
NOTIC: [8] Undefined offset: 0 D:\PHP\wamp\www\DE\Component\AdminController.class.php 第 24 行.
SQL: SHOW COLUMNS FROM `sw_role` [ RunTime:0.0103s ]
SQL: INSERT INTO `sw_role` (`role_name`) VALUES ('111111') [ RunTime:0.0568s ]

[ 2016-06-04T00:47:23+08:00 ] 127.0.0.1 /DE/index.php/Admin/Role/showlist.html
INFO: [ app_init ] --START--
INFO: Run Behavior\BuildLiteBehavior [ RunTime:0.000036s ]
INFO: [ app_init ] --END-- [ RunTime:0.000553s ]
INFO: [ app_begin ] --START--
INFO: Run Behavior\ReadHtmlCacheBehavior [ RunTime:0.000627s ]
INFO: [ app_begin ] --END-- [ RunTime:0.000801s ]
SQL: select role_auth_ac from sw_manager a join sw_role b on a.mg_role_id=b.role_id where a.mg_id='1' [ RunTime:0.0004s ]
NOTIC: [8] Undefined offset: 0 D:\PHP\wamp\www\DE\Component\AdminController.class.php 第 24 行.
SQL: SHOW COLUMNS FROM `sw_role` [ RunTime:0.0108s ]
SQL: SELECT * FROM `sw_role`  [ RunTime:0.0003s ]
INFO: [ view_parse ] --START--
INFO: Run Behavior\ParseTemplateBehavior [ RunTime:0.014944s ]
INFO: [ view_parse ] --END-- [ RunTime:0.015100s ]
INFO: [ view_filter ] --START--
INFO: Run Behavior\WriteHtmlCacheBehavior [ RunTime:0.000570s ]
INFO: [ view_filter ] --END-- [ RunTime:0.000705s ]
INFO: [ app_end ] --START--
INFO: Run Behavior\ShowPageTraceBehavior [ RunTime:0.000788s ]
INFO: [ app_end ] --END-- [ RunTime:0.000926s ]

[ 2016-06-04T00:47:28+08:00 ] 127.0.0.1 /DE/index.php/Admin/Role/distribute/role_id/3
INFO: [ app_init ] --START--
INFO: Run Behavior\BuildLiteBehavior [ RunTime:0.000035s ]
INFO: [ app_init ] --END-- [ RunTime:0.000575s ]
INFO: [ app_begin ] --START--
INFO: Run Behavior\ReadHtmlCacheBehavior [ RunTime:0.000582s ]
INFO: [ app_begin ] --END-- [ RunTime:0.000743s ]
SQL: select role_auth_ac from sw_manager a join sw_role b on a.mg_role_id=b.role_id where a.mg_id='1' [ RunTime:0.0004s ]
NOTIC: [8] Undefined offset: 0 D:\PHP\wamp\www\DE\Component\AdminController.class.php 第 24 行.
SQL: SHOW COLUMNS FROM `sw_role` [ RunTime:0.0107s ]
SQL: SELECT * FROM `sw_role` WHERE `role_id` = '3' LIMIT 1   [ RunTime:0.0003s ]
SQL: SHOW COLUMNS FROM `sw_auth` [ RunTime:0.0083s ]
SQL: SELECT * FROM `sw_auth` WHERE ( auth_level=0 and auth_id!=10 )  [ RunTime:0.0004s ]
SQL: SELECT * FROM `sw_auth` WHERE ( auth_level=1 )  [ RunTime:0.0003s ]
SQL: SELECT * FROM `sw_auth` WHERE ( auth_level=2 )  [ RunTime:0.0004s ]
SQL: SHOW COLUMNS FROM `sw_role` [ RunTime:0.0053s ]
SQL: SELECT * FROM `sw_role` WHERE `role_id` = 3 LIMIT 1   [ RunTime:0.0003s ]
INFO: [ view_parse ] --START--
INFO: Run Behavior\ParseTemplateBehavior [ RunTime:0.015187s ]
INFO: [ view_parse ] --END-- [ RunTime:0.015346s ]
INFO: [ view_filter ] --START--
INFO: Run Behavior\WriteHtmlCacheBehavior [ RunTime:0.000618s ]
INFO: [ view_filter ] --END-- [ RunTime:0.000751s ]
INFO: [ app_end ] --START--
INFO: Run Behavior\ShowPageTraceBehavior [ RunTime:0.001145s ]
INFO: [ app_end ] --END-- [ RunTime:0.001395s ]

[ 2016-06-04T00:47:36+08:00 ] 127.0.0.1 /DE/index.php/Admin/Role/distribute/role_id/3
INFO: [ app_init ] --START--
INFO: Run Behavior\BuildLiteBehavior [ RunTime:0.000039s ]
INFO: [ app_init ] --END-- [ RunTime:0.000615s ]
INFO: [ app_begin ] --START--
INFO: Run Behavior\ReadHtmlCacheBehavior [ RunTime:0.000632s ]
INFO: [ app_begin ] --END-- [ RunTime:0.000820s ]
SQL: select role_auth_ac from sw_manager a join sw_role b on a.mg_role_id=b.role_id where a.mg_id='1' [ RunTime:0.0003s ]
NOTIC: [8] Undefined offset: 0 D:\PHP\wamp\www\DE\Component\AdminController.class.php 第 24 行.
SQL: SHOW COLUMNS FROM `sw_role` [ RunTime:0.0761s ]
SQL: SHOW COLUMNS FROM `sw_auth` [ RunTime:0.0087s ]
SQL: SELECT * FROM `sw_auth` WHERE `auth_id` IN ('1','3','4')  [ RunTime:0.0206s ]
SQL: UPDATE `sw_role` SET `role_auth_ids`='1,3,4',`role_auth_ac`='' WHERE `role_id` = 3 [ RunTime:0.0698s ]

[ 2016-06-04T00:47:37+08:00 ] 127.0.0.1 /DE/index.php/Admin/Role/showlist.html
INFO: [ app_init ] --START--
INFO: Run Behavior\BuildLiteBehavior [ RunTime:0.000038s ]
INFO: [ app_init ] --END-- [ RunTime:0.000625s ]
INFO: [ app_begin ] --START--
INFO: Run Behavior\ReadHtmlCacheBehavior [ RunTime:0.000653s ]
INFO: [ app_begin ] --END-- [ RunTime:0.000842s ]
SQL: select role_auth_ac from sw_manager a join sw_role b on a.mg_role_id=b.role_id where a.mg_id='1' [ RunTime:0.0003s ]
NOTIC: [8] Undefined offset: 0 D:\PHP\wamp\www\DE\Component\AdminController.class.php 第 24 行.
SQL: SHOW COLUMNS FROM `sw_role` [ RunTime:0.0112s ]
SQL: SELECT * FROM `sw_role`  [ RunTime:0.0003s ]
INFO: [ view_parse ] --START--
INFO: Run Behavior\ParseTemplateBehavior [ RunTime:0.014580s ]
INFO: [ view_parse ] --END-- [ RunTime:0.014760s ]
INFO: [ view_filter ] --START--
INFO: Run Behavior\WriteHtmlCacheBehavior [ RunTime:0.000572s ]
INFO: [ view_filter ] --END-- [ RunTime:0.000707s ]
INFO: [ app_end ] --START--
INFO: Run Behavior\ShowPageTraceBehavior [ RunTime:0.000808s ]
INFO: [ app_end ] --END-- [ RunTime:0.000994s ]

[ 2016-06-04T00:47:40+08:00 ] 127.0.0.1 /DE/index.php/Admin/Role/showlist
INFO: [ app_init ] --START--
INFO: Run Behavior\BuildLiteBehavior [ RunTime:0.000040s ]
INFO: [ app_init ] --END-- [ RunTime:0.000630s ]
INFO: [ app_begin ] --START--
INFO: Run Behavior\ReadHtmlCacheBehavior [ RunTime:0.000647s ]
INFO: [ app_begin ] --END-- [ RunTime:0.000835s ]
SQL: select role_auth_ac from sw_manager a join sw_role b on a.mg_role_id=b.role_id where a.mg_id='1' [ RunTime:0.0004s ]
NOTIC: [8] Undefined offset: 0 D:\PHP\wamp\www\DE\Component\AdminController.class.php 第 24 行.
SQL: SHOW COLUMNS FROM `sw_role` [ RunTime:0.0108s ]
SQL: SELECT * FROM `sw_role`  [ RunTime:0.0004s ]
INFO: [ view_parse ] --START--
INFO: Run Behavior\ParseTemplateBehavior [ RunTime:0.013782s ]
INFO: [ view_parse ] --END-- [ RunTime:0.013947s ]
INFO: [ view_filter ] --START--
INFO: Run Behavior\WriteHtmlCacheBehavior [ RunTime:0.000733s ]
INFO: [ view_filter ] --END-- [ RunTime:0.000948s ]
INFO: [ app_end ] --START--
INFO: Run Behavior\ShowPageTraceBehavior [ RunTime:0.001347s ]
INFO: [ app_end ] --END-- [ RunTime:0.001568s ]

[ 2016-06-04T00:47:43+08:00 ] 127.0.0.1 /DE/index.php/Admin/Auth/showlist
INFO: [ app_init ] --START--
INFO: Run Behavior\BuildLiteBehavior [ RunTime:0.000041s ]
INFO: [ app_init ] --END-- [ RunTime:0.000665s ]
INFO: [ app_begin ] --START--
INFO: Run Behavior\ReadHtmlCacheBehavior [ RunTime:0.000664s ]
INFO: [ app_begin ] --END-- [ RunTime:0.000854s ]
SQL: select role_auth_ac from sw_manager a join sw_role b on a.mg_role_id=b.role_id where a.mg_id='1' [ RunTime:0.0005s ]
NOTIC: [8] Undefined offset: 0 D:\PHP\wamp\www\DE\Component\AdminController.class.php 第 24 行.
SQL: SHOW COLUMNS FROM `sw_auth` [ RunTime:0.0568s ]
SQL: SHOW COLUMNS FROM `sw_auth` [ RunTime:0.0071s ]
SQL: SELECT * FROM `sw_auth` WHERE ( auth_level<2 ) ORDER BY auth_path asc  [ RunTime:0.0013s ]
INFO: [ view_parse ] --START--
INFO: Run Behavior\ParseTemplateBehavior [ RunTime:0.031530s ]
INFO: [ view_parse ] --END-- [ RunTime:0.031867s ]
INFO: [ view_filter ] --START--
INFO: Run Behavior\WriteHtmlCacheBehavior [ RunTime:0.000950s ]
INFO: [ view_filter ] --END-- [ RunTime:0.001099s ]
INFO: [ app_end ] --START--
INFO: Run Behavior\ShowPageTraceBehavior [ RunTime:0.001268s ]
INFO: [ app_end ] --END-- [ RunTime:0.001455s ]

[ 2016-06-04T00:47:45+08:00 ] 127.0.0.1 /DE/index.php/Admin/Goods/showlist
INFO: [ app_init ] --START--
INFO: Run Behavior\BuildLiteBehavior [ RunTime:0.000035s ]
INFO: [ app_init ] --END-- [ RunTime:0.000549s ]
INFO: [ app_begin ] --START--
INFO: Run Behavior\ReadHtmlCacheBehavior [ RunTime:0.000562s ]
INFO: [ app_begin ] --END-- [ RunTime:0.000722s ]
SQL: select role_auth_ac from sw_manager a join sw_role b on a.mg_role_id=b.role_id where a.mg_id='1' [ RunTime:0.0005s ]
NOTIC: [8] Undefined offset: 0 D:\PHP\wamp\www\DE\Component\AdminController.class.php 第 24 行.
SQL: SHOW COLUMNS FROM `sw_goods` [ RunTime:0.0780s ]
SQL: SELECT COUNT(*) AS tp_count FROM `sw_goods` LIMIT 1   [ RunTime:0.0004s ]
NOTIC: [8] Undefined index: REQUEST_url D:\PHP\wamp\www\DE\Component\page.class.php 第 36 行.
NOTIC: [8] Undefined index: REQUEST_url D:\PHP\wamp\www\DE\Component\page.class.php 第 36 行.
SQL: select * from sw_goods order by goods_create_time desc Limit 0, 5 [ RunTime:0.0006s ]
SQL: SHOW COLUMNS FROM `sw_category` [ RunTime:0.0516s ]
SQL: SELECT * FROM `sw_category`  [ RunTime:0.0004s ]
INFO: [ view_parse ] --START--
NOTIC: [8] Undefined index: catid D:\PHP\wamp\www\DE\Runtime\Cache\baca7902857d5f6e5791a18d44fea0da67c92754.file.showlist.html.php 第 93 行.
NOTIC: [8] Undefined index:  D:\PHP\wamp\www\DE\Runtime\Cache\baca7902857d5f6e5791a18d44fea0da67c92754.file.showlist.html.php 第 93 行.
NOTIC: [8] Undefined index: catid D:\PHP\wamp\www\DE\Runtime\Cache\baca7902857d5f6e5791a18d44fea0da67c92754.file.showlist.html.php 第 93 行.
NOTIC: [8] Undefined index:  D:\PHP\wamp\www\DE\Runtime\Cache\baca7902857d5f6e5791a18d44fea0da67c92754.file.showlist.html.php 第 93 行.
INFO: Run Behavior\ParseTemplateBehavior [ RunTime:0.015513s ]
INFO: [ view_parse ] --END-- [ RunTime:0.015663s ]
INFO: [ view_filter ] --START--
INFO: Run Behavior\WriteHtmlCacheBehavior [ RunTime:0.000681s ]
INFO: [ view_filter ] --END-- [ RunTime:0.000827s ]
INFO: [ app_end ] --START--
INFO: Run Behavior\ShowPageTraceBehavior [ RunTime:0.000907s ]
INFO: [ app_end ] --END-- [ RunTime:0.001064s ]

[ 2016-06-04T00:47:46+08:00 ] 127.0.0.1 /DE/index.php/Admin/User/showlist
INFO: [ app_init ] --START--
INFO: Run Behavior\BuildLiteBehavior [ RunTime:0.000040s ]
INFO: [ app_init ] --END-- [ RunTime:0.000629s ]
INFO: [ app_begin ] --START--
INFO: Run Behavior\ReadHtmlCacheBehavior [ RunTime:0.000682s ]
INFO: [ app_begin ] --END-- [ RunTime:0.000875s ]
SQL: select role_auth_ac from sw_manager a join sw_role b on a.mg_role_id=b.role_id where a.mg_id='1' [ RunTime:0.0005s ]
NOTIC: [8] Undefined offset: 0 D:\PHP\wamp\www\DE\Component\AdminController.class.php 第 24 行.
SQL: SHOW COLUMNS FROM `sw_user` [ RunTime:0.0139s ]
SQL: SELECT COUNT(*) AS tp_count FROM `sw_user` LIMIT 1   [ RunTime:0.0003s ]
NOTIC: [8] Undefined index: REQUEST_url D:\PHP\wamp\www\DE\Component\page.class.php 第 36 行.
NOTIC: [8] Undefined index: REQUEST_url D:\PHP\wamp\www\DE\Component\page.class.php 第 36 行.
SQL: select * from sw_user Limit 0, 15 [ RunTime:0.0004s ]
INFO: [ view_parse ] --START--
INFO: Run Behavior\ParseTemplateBehavior [ RunTime:0.015042s ]
INFO: [ view_parse ] --END-- [ RunTime:0.015260s ]
INFO: [ view_filter ] --START--
INFO: Run Behavior\WriteHtmlCacheBehavior [ RunTime:0.000566s ]
INFO: [ view_filter ] --END-- [ RunTime:0.000701s ]
INFO: [ app_end ] --START--
INFO: Run Behavior\ShowPageTraceBehavior [ RunTime:0.000779s ]
INFO: [ app_end ] --END-- [ RunTime:0.000937s ]

